[0.368s] Invoking command in '/home/taehwan/ros2_ws/build/ros_controller_pkg': CMAKE_PREFIX_PATH=${CMAKE_PREFIX_PATH}:/home/taehwan/ros2_ws/install/stm_controller:/home/taehwan/ros2_ws/install/plc_interface:/home/taehwan/ros2_humble/install/rqt_bag_plugins:/home/taehwan/ros2_humble/install/rqt_bag:/home/taehwan/ros2_humble/install/launch_testing_examples:/home/taehwan/ros2_humble/install/ros2bag:/home/taehwan/ros2_humble/install/tracetools_test:/home/taehwan/ros2_humble/install/tracetools_launch:/home/taehwan/ros2_humble/install/topic_monitor:/home/taehwan/ros2_humble/install/tf2_tools:/home/taehwan/ros2_humble/install/examples_tf2_py:/home/taehwan/ros2_humble/install/tf2_ros_py:/home/taehwan/ros2_humble/install/sros2:/home/taehwan/ros2_humble/install/rqt_topic:/home/taehwan/ros2_humble/install/rqt_srv:/home/taehwan/ros2_humble/install/rqt_shell:/home/taehwan/ros2_humble/install/rqt_service_caller:/home/taehwan/ros2_humble/install/rqt_reconfigure:/home/taehwan/ros2_humble/install/rqt_py_console:/home/taehwan/ros2_humble/install/rqt_publisher:/home/taehwan/ros2_humble/install/rqt_plot:/home/taehwan/ros2_humble/install/rqt_action:/home/taehwan/ros2_humble/install/rqt_msg:/home/taehwan/ros2_humble/install/rqt_console:/home/taehwan/ros2_humble/install/rqt:/home/taehwan/ros2_humble/install/rqt_graph:/home/taehwan/ros2_humble/install/rqt_gui_py:/home/taehwan/ros2_humble/install/rqt_gui:/home/taehwan/ros2_humble/install/ros2trace:/home/taehwan/ros2_humble/install/ros2topic:/home/taehwan/ros2_humble/install/ros2test:/home/taehwan/ros2_humble/install/ros2component:/home/taehwan/ros2_humble/install/ros2param:/home/taehwan/ros2_humble/install/ros2lifecycle:/home/taehwan/ros2_humble/install/ros2service:/home/taehwan/ros2_humble/install/ros2run:/home/taehwan/ros2_humble/install/ros2plugin:/home/taehwan/ros2_humble/install/ros2launch:/home/taehwan/ros2_humble/install/ros2pkg:/home/taehwan/ros2_humble/install/ros2node:/home/taehwan/ros2_humble/install/ros2multicast:/home/taehwan/ros2_humble/install/ros2interface:/home/taehwan/ros2_humble/install/ros2doctor:/home/taehwan/ros2_humble/install/ros2action:/home/taehwan/ros2_humble/install/ros2cli:/home/taehwan/ros2_humble/install/quality_of_service_demo_py:/home/taehwan/ros2_humble/install/lifecycle_py:/home/taehwan/ros2_humble/install/launch_testing_ros:/home/taehwan/ros2_humble/install/launch_ros:/home/taehwan/ros2_humble/install/examples_rclpy_pointcloud_publisher:/home/taehwan/ros2_humble/install/examples_rclpy_minimal_subscriber:/home/taehwan/ros2_humble/install/examples_rclpy_minimal_service:/home/taehwan/ros2_humble/install/examples_rclpy_minimal_publisher:/home/taehwan/ros2_humble/install/examples_rclpy_minimal_client:/home/taehwan/ros2_humble/install/examples_rclpy_minimal_action_server:/home/taehwan/ros2_humble/install/examples_rclpy_minimal_action_client:/home/taehwan/ros2_humble/install/examples_rclpy_guard_conditions:/home/taehwan/ros2_humble/install/examples_rclpy_executors:/home/taehwan/ros2_humble/install/demo_nodes_py:/home/taehwan/ros2_humble/install/camera_info_manager_py:/home/taehwan/ros2_humble/install/action_tutorials_py:/home/taehwan/ros2_humble/install/ament_uncrustify:/home/taehwan/ros2_humble/install/tracetools_trace:/home/taehwan/ros2_humble/install/tracetools_read:/home/taehwan/ros2_humble/install/test_tracetools_launch:/home/taehwan/ros2_humble/install/test_launch_ros:/home/taehwan/ros2_humble/install/sensor_msgs_py:/home/taehwan/ros2_humble/install/rpyutils:/home/taehwan/ros2_humble/install/rosidl_runtime_py:/home/taehwan/ros2_humble/install/rosidl_cli:/home/taehwan/ros2_humble/install/launch_pytest:/home/taehwan/ros2_humble/install/launch_testing:/home/taehwan/ros2_humble/install/launch_yaml:/home/taehwan/ros2_humble/install/launch_xml:/home/taehwan/ros2_humble/install/launch:/home/taehwan/ros2_humble/install/osrf_pycommon:/home/taehwan/ros2_humble/install/domain_coordinator:/home/taehwan/ros2_humble/install/ament_xmllint:/home/taehwan/ros2_humble/install/ament_pyflakes:/home/taehwan/ros2_humble/install/ament_pycodestyle:/home/taehwan/ros2_humble/install/ament_pep257:/home/taehwan/ros2_humble/install/ament_pclint:/home/taehwan/ros2_humble/install/ament_package:/home/taehwan/ros2_humble/install/ament_mypy:/home/taehwan/ros2_humble/install/ament_lint_cmake:/home/taehwan/ros2_humble/install/ament_flake8:/home/taehwan/ros2_humble/install/ament_copyright:/home/taehwan/ros2_humble/install/ament_lint:/home/taehwan/ros2_humble/install/ament_index_python:/home/taehwan/ros2_humble/install/ament_cpplint:/home/taehwan/ros2_humble/install/ament_cppcheck:/home/taehwan/ros2_humble/install/ament_clang_tidy:/home/taehwan/ros2_humble/install/ament_clang_format /usr/bin/cmake --build /home/taehwan/ros2_ws/build/ros_controller_pkg -- -j12 -l12
[0.424s] -- Found ament_cmake: 1.3.12 (/home/taehwan/ros2_humble/install/ament_cmake/share/ament_cmake/cmake)
[0.752s] -- Found rclpy: 3.3.19 (/home/taehwan/ros2_humble/install/rclpy/share/rclpy/cmake)
[0.752s] -- Found std_msgs: 4.9.0 (/home/taehwan/ros2_humble/install/std_msgs/share/std_msgs/cmake)
[0.784s] -- Found rosidl_generator_c: 3.1.7 (/home/taehwan/ros2_humble/install/rosidl_generator_c/share/rosidl_generator_c/cmake)
[0.786s] -- Found rosidl_adapter: 3.1.7 (/home/taehwan/ros2_humble/install/rosidl_adapter/share/rosidl_adapter/cmake)
[0.792s] -- Found rosidl_generator_cpp: 3.1.7 (/home/taehwan/ros2_humble/install/rosidl_generator_cpp/share/rosidl_generator_cpp/cmake)
[0.831s] -- Using all available rosidl_typesupport_c: rosidl_typesupport_introspection_c;rosidl_typesupport_fastrtps_c
[0.875s] -- Using all available rosidl_typesupport_cpp: rosidl_typesupport_introspection_cpp;rosidl_typesupport_fastrtps_cpp
[0.928s] -- Found std_srvs: 4.9.0 (/home/taehwan/ros2_humble/install/std_srvs/share/std_srvs/cmake)
[0.936s] -- Found rosidl_default_generators: 1.2.0 (/home/taehwan/ros2_humble/install/rosidl_default_generators/share/rosidl_default_generators/cmake)
[1.847s] -- Found ament_cmake_ros: 0.10.0 (/home/taehwan/ros2_humble/install/ament_cmake_ros/share/ament_cmake_ros/cmake)
[2.512s] -- Using all available rosidl_typesupport_c: rosidl_typesupport_introspection_c;rosidl_typesupport_fastrtps_c
[2.743s] -- Using all available rosidl_typesupport_cpp: rosidl_typesupport_introspection_cpp;rosidl_typesupport_fastrtps_cpp
[2.784s] -- Found python_cmake_module: 0.10.0 (/home/taehwan/ros2_humble/install/python_cmake_module/share/python_cmake_module/cmake)
[2.825s] -- Using PYTHON_EXECUTABLE: /usr/bin/python3
[2.825s] -- Using PYTHON_INCLUDE_DIRS: /usr/include/python3.10
[2.825s] -- Using PYTHON_LIBRARIES: /usr/lib/x86_64-linux-gnu/libpython3.10.so
[3.051s] -- Configuring done
[3.069s] -- Generating done
[3.077s] -- Build files have been written to: /home/taehwan/ros2_ws/build/ros_controller_pkg
[3.131s] [  3%] [34m[1mGenerating C code for ROS interfaces[0m
[3.164s] [  6%] [34m[1mGenerating C++ code for ROS interfaces[0m
[3.177s] [  6%] Built target ament_cmake_python_copy_ros_controller_pkg
[3.537s] [35m[1mConsolidate compiler generated dependencies of target ros_controller_pkg__rosidl_generator_c[0m
[3.568s] [  9%] [32mBuilding C object CMakeFiles/ros_controller_pkg__rosidl_generator_c.dir/rosidl_generator_c/ros_controller_pkg/msg/detail/plc_status__functions.c.o[0m
[3.582s] [  9%] Built target ros_controller_pkg__cpp
[3.626s] [ 12%] [34m[1mGenerating C++ type support for eProsima Fast-RTPS[0m
[3.628s] [ 16%] [34m[1mGenerating C++ type support dispatch for ROS interfaces[0m
[3.629s] [ 19%] [34m[1mGenerating C++ introspection for ROS interfaces[0m
[3.668s] [ 22%] [32m[1mLinking C shared library libros_controller_pkg__rosidl_generator_c.so[0m
[3.772s] [ 22%] Built target ros_controller_pkg__rosidl_generator_c
[3.773s] running egg_info
[3.774s] writing ros_controller_pkg.egg-info/PKG-INFO
[3.774s] writing dependency_links to ros_controller_pkg.egg-info/dependency_links.txt
[3.774s] writing top-level names to ros_controller_pkg.egg-info/top_level.txt
[3.781s] reading manifest file 'ros_controller_pkg.egg-info/SOURCES.txt'
[3.782s] writing manifest file 'ros_controller_pkg.egg-info/SOURCES.txt'
[3.818s] [ 32%] [34m[1mGenerating C introspection for ROS interfaces[0m
[3.818s] [ 32%] [34m[1mGenerating C type support for eProsima Fast-RTPS[0m
[3.819s] [ 32%] [34m[1mGenerating C type support dispatch for ROS interfaces[0m
[3.843s] [ 32%] Built target ament_cmake_python_build_ros_controller_pkg_egg
[4.084s] [35m[1mConsolidate compiler generated dependencies of target ros_controller_pkg__rosidl_typesupport_cpp[0m
[4.131s] [ 35%] [32mBuilding CXX object CMakeFiles/ros_controller_pkg__rosidl_typesupport_cpp.dir/rosidl_typesupport_cpp/ros_controller_pkg/msg/plc_status__type_support.cpp.o[0m
[4.196s] [35m[1mConsolidate compiler generated dependencies of target ros_controller_pkg__rosidl_typesupport_fastrtps_cpp[0m
[4.225s] [35m[1mConsolidate compiler generated dependencies of target ros_controller_pkg__rosidl_typesupport_introspection_c[0m
[4.237s] [ 38%] [32mBuilding CXX object CMakeFiles/ros_controller_pkg__rosidl_typesupport_fastrtps_cpp.dir/rosidl_typesupport_fastrtps_cpp/ros_controller_pkg/msg/detail/dds_fastrtps/plc_status__type_support.cpp.o[0m
[4.249s] [35m[1mConsolidate compiler generated dependencies of target ros_controller_pkg__rosidl_typesupport_introspection_cpp[0m
[4.256s] [ 41%] [32mBuilding C object CMakeFiles/ros_controller_pkg__rosidl_typesupport_introspection_c.dir/rosidl_typesupport_introspection_c/ros_controller_pkg/msg/detail/plc_status__type_support.c.o[0m
[4.292s] [ 45%] [32mBuilding CXX object CMakeFiles/ros_controller_pkg__rosidl_typesupport_introspection_cpp.dir/rosidl_typesupport_introspection_cpp/ros_controller_pkg/msg/detail/plc_status__type_support.cpp.o[0m
[4.333s] [ 48%] [32m[1mLinking C shared library libros_controller_pkg__rosidl_typesupport_introspection_c.so[0m
[4.414s] [ 48%] Built target ros_controller_pkg__rosidl_typesupport_introspection_c
[4.509s] [35m[1mConsolidate compiler generated dependencies of target ros_controller_pkg__rosidl_typesupport_c[0m
[4.546s] [35m[1mConsolidate compiler generated dependencies of target ros_controller_pkg__rosidl_typesupport_fastrtps_c[0m
[4.553s] [ 51%] [32mBuilding CXX object CMakeFiles/ros_controller_pkg__rosidl_typesupport_c.dir/rosidl_typesupport_c/ros_controller_pkg/msg/plc_status__type_support.cpp.o[0m
[4.591s] [ 54%] [32mBuilding CXX object CMakeFiles/ros_controller_pkg__rosidl_typesupport_fastrtps_c.dir/rosidl_typesupport_fastrtps_c/ros_controller_pkg/msg/detail/plc_status__type_support_c.cpp.o[0m
[4.641s] [ 58%] [32m[1mLinking CXX shared library libros_controller_pkg__rosidl_typesupport_c.so[0m
[4.690s] [ 61%] [32m[1mLinking CXX shared library libros_controller_pkg__rosidl_typesupport_fastrtps_cpp.so[0m
[4.705s] [ 64%] [32m[1mLinking CXX shared library libros_controller_pkg__rosidl_typesupport_cpp.so[0m
[4.739s] [ 64%] Built target ros_controller_pkg__rosidl_typesupport_c
[4.750s] [ 67%] [32m[1mLinking CXX shared library libros_controller_pkg__rosidl_typesupport_introspection_cpp.so[0m
[4.821s] [ 67%] Built target ros_controller_pkg__rosidl_typesupport_cpp
[4.822s] [ 67%] Built target ros_controller_pkg__rosidl_typesupport_fastrtps_cpp
[4.854s] [ 67%] Built target ros_controller_pkg__rosidl_typesupport_introspection_cpp
[5.000s] [ 70%] [32m[1mLinking CXX shared library libros_controller_pkg__rosidl_typesupport_fastrtps_c.so[0m
[5.091s] [ 70%] Built target ros_controller_pkg__rosidl_typesupport_fastrtps_c
[5.141s] [ 70%] Built target ros_controller_pkg
[5.192s] [ 74%] [34m[1mGenerating Python code for ROS interfaces[0m
[5.532s] [ 74%] Built target ros_controller_pkg__py
[5.558s] [35m[1mConsolidate compiler generated dependencies of target ros_controller_pkg__rosidl_generator_py[0m
[5.582s] [ 77%] [32mBuilding C object CMakeFiles/ros_controller_pkg__rosidl_generator_py.dir/rosidl_generator_py/ros_controller_pkg/msg/_plc_status_s.c.o[0m
[5.683s] [ 80%] [32m[1mLinking C shared library rosidl_generator_py/ros_controller_pkg/libros_controller_pkg__rosidl_generator_py.so[0m
[5.756s] [ 80%] Built target ros_controller_pkg__rosidl_generator_py
[5.784s] [35m[1mConsolidate compiler generated dependencies of target ros_controller_pkg__rosidl_typesupport_c__pyext[0m
[5.784s] [35m[1mConsolidate compiler generated dependencies of target ros_controller_pkg__rosidl_typesupport_introspection_c__pyext[0m
[5.790s] [35m[1mConsolidate compiler generated dependencies of target ros_controller_pkg__rosidl_typesupport_fastrtps_c__pyext[0m
[5.818s] [ 83%] [32mBuilding C object CMakeFiles/ros_controller_pkg__rosidl_typesupport_introspection_c__pyext.dir/rosidl_generator_py/ros_controller_pkg/_ros_controller_pkg_s.ep.rosidl_typesupport_introspection_c.c.o[0m
[5.823s] [ 87%] [32mBuilding C object CMakeFiles/ros_controller_pkg__rosidl_typesupport_c__pyext.dir/rosidl_generator_py/ros_controller_pkg/_ros_controller_pkg_s.ep.rosidl_typesupport_c.c.o[0m
[5.831s] [ 90%] [32mBuilding C object CMakeFiles/ros_controller_pkg__rosidl_typesupport_fastrtps_c__pyext.dir/rosidl_generator_py/ros_controller_pkg/_ros_controller_pkg_s.ep.rosidl_typesupport_fastrtps_c.c.o[0m
[5.943s] [ 93%] [32m[1mLinking C shared library rosidl_generator_py/ros_controller_pkg/ros_controller_pkg_s__rosidl_typesupport_introspection_c.cpython-310-x86_64-linux-gnu.so[0m
[5.961s] [ 96%] [32m[1mLinking C shared library rosidl_generator_py/ros_controller_pkg/ros_controller_pkg_s__rosidl_typesupport_fastrtps_c.cpython-310-x86_64-linux-gnu.so[0m
[5.980s] [100%] [32m[1mLinking C shared library rosidl_generator_py/ros_controller_pkg/ros_controller_pkg_s__rosidl_typesupport_c.cpython-310-x86_64-linux-gnu.so[0m
[6.023s] [100%] Built target ros_controller_pkg__rosidl_typesupport_introspection_c__pyext
[6.036s] [100%] Built target ros_controller_pkg__rosidl_typesupport_fastrtps_c__pyext
[6.066s] [100%] Built target ros_controller_pkg__rosidl_typesupport_c__pyext
[6.088s] Invoked command in '/home/taehwan/ros2_ws/build/ros_controller_pkg' returned '0': CMAKE_PREFIX_PATH=${CMAKE_PREFIX_PATH}:/home/taehwan/ros2_ws/install/stm_controller:/home/taehwan/ros2_ws/install/plc_interface:/home/taehwan/ros2_humble/install/rqt_bag_plugins:/home/taehwan/ros2_humble/install/rqt_bag:/home/taehwan/ros2_humble/install/launch_testing_examples:/home/taehwan/ros2_humble/install/ros2bag:/home/taehwan/ros2_humble/install/tracetools_test:/home/taehwan/ros2_humble/install/tracetools_launch:/home/taehwan/ros2_humble/install/topic_monitor:/home/taehwan/ros2_humble/install/tf2_tools:/home/taehwan/ros2_humble/install/examples_tf2_py:/home/taehwan/ros2_humble/install/tf2_ros_py:/home/taehwan/ros2_humble/install/sros2:/home/taehwan/ros2_humble/install/rqt_topic:/home/taehwan/ros2_humble/install/rqt_srv:/home/taehwan/ros2_humble/install/rqt_shell:/home/taehwan/ros2_humble/install/rqt_service_caller:/home/taehwan/ros2_humble/install/rqt_reconfigure:/home/taehwan/ros2_humble/install/rqt_py_console:/home/taehwan/ros2_humble/install/rqt_publisher:/home/taehwan/ros2_humble/install/rqt_plot:/home/taehwan/ros2_humble/install/rqt_action:/home/taehwan/ros2_humble/install/rqt_msg:/home/taehwan/ros2_humble/install/rqt_console:/home/taehwan/ros2_humble/install/rqt:/home/taehwan/ros2_humble/install/rqt_graph:/home/taehwan/ros2_humble/install/rqt_gui_py:/home/taehwan/ros2_humble/install/rqt_gui:/home/taehwan/ros2_humble/install/ros2trace:/home/taehwan/ros2_humble/install/ros2topic:/home/taehwan/ros2_humble/install/ros2test:/home/taehwan/ros2_humble/install/ros2component:/home/taehwan/ros2_humble/install/ros2param:/home/taehwan/ros2_humble/install/ros2lifecycle:/home/taehwan/ros2_humble/install/ros2service:/home/taehwan/ros2_humble/install/ros2run:/home/taehwan/ros2_humble/install/ros2plugin:/home/taehwan/ros2_humble/install/ros2launch:/home/taehwan/ros2_humble/install/ros2pkg:/home/taehwan/ros2_humble/install/ros2node:/home/taehwan/ros2_humble/install/ros2multicast:/home/taehwan/ros2_humble/install/ros2interface:/home/taehwan/ros2_humble/install/ros2doctor:/home/taehwan/ros2_humble/install/ros2action:/home/taehwan/ros2_humble/install/ros2cli:/home/taehwan/ros2_humble/install/quality_of_service_demo_py:/home/taehwan/ros2_humble/install/lifecycle_py:/home/taehwan/ros2_humble/install/launch_testing_ros:/home/taehwan/ros2_humble/install/launch_ros:/home/taehwan/ros2_humble/install/examples_rclpy_pointcloud_publisher:/home/taehwan/ros2_humble/install/examples_rclpy_minimal_subscriber:/home/taehwan/ros2_humble/install/examples_rclpy_minimal_service:/home/taehwan/ros2_humble/install/examples_rclpy_minimal_publisher:/home/taehwan/ros2_humble/install/examples_rclpy_minimal_client:/home/taehwan/ros2_humble/install/examples_rclpy_minimal_action_server:/home/taehwan/ros2_humble/install/examples_rclpy_minimal_action_client:/home/taehwan/ros2_humble/install/examples_rclpy_guard_conditions:/home/taehwan/ros2_humble/install/examples_rclpy_executors:/home/taehwan/ros2_humble/install/demo_nodes_py:/home/taehwan/ros2_humble/install/camera_info_manager_py:/home/taehwan/ros2_humble/install/action_tutorials_py:/home/taehwan/ros2_humble/install/ament_uncrustify:/home/taehwan/ros2_humble/install/tracetools_trace:/home/taehwan/ros2_humble/install/tracetools_read:/home/taehwan/ros2_humble/install/test_tracetools_launch:/home/taehwan/ros2_humble/install/test_launch_ros:/home/taehwan/ros2_humble/install/sensor_msgs_py:/home/taehwan/ros2_humble/install/rpyutils:/home/taehwan/ros2_humble/install/rosidl_runtime_py:/home/taehwan/ros2_humble/install/rosidl_cli:/home/taehwan/ros2_humble/install/launch_pytest:/home/taehwan/ros2_humble/install/launch_testing:/home/taehwan/ros2_humble/install/launch_yaml:/home/taehwan/ros2_humble/install/launch_xml:/home/taehwan/ros2_humble/install/launch:/home/taehwan/ros2_humble/install/osrf_pycommon:/home/taehwan/ros2_humble/install/domain_coordinator:/home/taehwan/ros2_humble/install/ament_xmllint:/home/taehwan/ros2_humble/install/ament_pyflakes:/home/taehwan/ros2_humble/install/ament_pycodestyle:/home/taehwan/ros2_humble/install/ament_pep257:/home/taehwan/ros2_humble/install/ament_pclint:/home/taehwan/ros2_humble/install/ament_package:/home/taehwan/ros2_humble/install/ament_mypy:/home/taehwan/ros2_humble/install/ament_lint_cmake:/home/taehwan/ros2_humble/install/ament_flake8:/home/taehwan/ros2_humble/install/ament_copyright:/home/taehwan/ros2_humble/install/ament_lint:/home/taehwan/ros2_humble/install/ament_index_python:/home/taehwan/ros2_humble/install/ament_cpplint:/home/taehwan/ros2_humble/install/ament_cppcheck:/home/taehwan/ros2_humble/install/ament_clang_tidy:/home/taehwan/ros2_humble/install/ament_clang_format /usr/bin/cmake --build /home/taehwan/ros2_ws/build/ros_controller_pkg -- -j12 -l12
[6.106s] Invoking command in '/home/taehwan/ros2_ws/build/ros_controller_pkg': CMAKE_PREFIX_PATH=${CMAKE_PREFIX_PATH}:/home/taehwan/ros2_ws/install/stm_controller:/home/taehwan/ros2_ws/install/plc_interface:/home/taehwan/ros2_humble/install/rqt_bag_plugins:/home/taehwan/ros2_humble/install/rqt_bag:/home/taehwan/ros2_humble/install/launch_testing_examples:/home/taehwan/ros2_humble/install/ros2bag:/home/taehwan/ros2_humble/install/tracetools_test:/home/taehwan/ros2_humble/install/tracetools_launch:/home/taehwan/ros2_humble/install/topic_monitor:/home/taehwan/ros2_humble/install/tf2_tools:/home/taehwan/ros2_humble/install/examples_tf2_py:/home/taehwan/ros2_humble/install/tf2_ros_py:/home/taehwan/ros2_humble/install/sros2:/home/taehwan/ros2_humble/install/rqt_topic:/home/taehwan/ros2_humble/install/rqt_srv:/home/taehwan/ros2_humble/install/rqt_shell:/home/taehwan/ros2_humble/install/rqt_service_caller:/home/taehwan/ros2_humble/install/rqt_reconfigure:/home/taehwan/ros2_humble/install/rqt_py_console:/home/taehwan/ros2_humble/install/rqt_publisher:/home/taehwan/ros2_humble/install/rqt_plot:/home/taehwan/ros2_humble/install/rqt_action:/home/taehwan/ros2_humble/install/rqt_msg:/home/taehwan/ros2_humble/install/rqt_console:/home/taehwan/ros2_humble/install/rqt:/home/taehwan/ros2_humble/install/rqt_graph:/home/taehwan/ros2_humble/install/rqt_gui_py:/home/taehwan/ros2_humble/install/rqt_gui:/home/taehwan/ros2_humble/install/ros2trace:/home/taehwan/ros2_humble/install/ros2topic:/home/taehwan/ros2_humble/install/ros2test:/home/taehwan/ros2_humble/install/ros2component:/home/taehwan/ros2_humble/install/ros2param:/home/taehwan/ros2_humble/install/ros2lifecycle:/home/taehwan/ros2_humble/install/ros2service:/home/taehwan/ros2_humble/install/ros2run:/home/taehwan/ros2_humble/install/ros2plugin:/home/taehwan/ros2_humble/install/ros2launch:/home/taehwan/ros2_humble/install/ros2pkg:/home/taehwan/ros2_humble/install/ros2node:/home/taehwan/ros2_humble/install/ros2multicast:/home/taehwan/ros2_humble/install/ros2interface:/home/taehwan/ros2_humble/install/ros2doctor:/home/taehwan/ros2_humble/install/ros2action:/home/taehwan/ros2_humble/install/ros2cli:/home/taehwan/ros2_humble/install/quality_of_service_demo_py:/home/taehwan/ros2_humble/install/lifecycle_py:/home/taehwan/ros2_humble/install/launch_testing_ros:/home/taehwan/ros2_humble/install/launch_ros:/home/taehwan/ros2_humble/install/examples_rclpy_pointcloud_publisher:/home/taehwan/ros2_humble/install/examples_rclpy_minimal_subscriber:/home/taehwan/ros2_humble/install/examples_rclpy_minimal_service:/home/taehwan/ros2_humble/install/examples_rclpy_minimal_publisher:/home/taehwan/ros2_humble/install/examples_rclpy_minimal_client:/home/taehwan/ros2_humble/install/examples_rclpy_minimal_action_server:/home/taehwan/ros2_humble/install/examples_rclpy_minimal_action_client:/home/taehwan/ros2_humble/install/examples_rclpy_guard_conditions:/home/taehwan/ros2_humble/install/examples_rclpy_executors:/home/taehwan/ros2_humble/install/demo_nodes_py:/home/taehwan/ros2_humble/install/camera_info_manager_py:/home/taehwan/ros2_humble/install/action_tutorials_py:/home/taehwan/ros2_humble/install/ament_uncrustify:/home/taehwan/ros2_humble/install/tracetools_trace:/home/taehwan/ros2_humble/install/tracetools_read:/home/taehwan/ros2_humble/install/test_tracetools_launch:/home/taehwan/ros2_humble/install/test_launch_ros:/home/taehwan/ros2_humble/install/sensor_msgs_py:/home/taehwan/ros2_humble/install/rpyutils:/home/taehwan/ros2_humble/install/rosidl_runtime_py:/home/taehwan/ros2_humble/install/rosidl_cli:/home/taehwan/ros2_humble/install/launch_pytest:/home/taehwan/ros2_humble/install/launch_testing:/home/taehwan/ros2_humble/install/launch_yaml:/home/taehwan/ros2_humble/install/launch_xml:/home/taehwan/ros2_humble/install/launch:/home/taehwan/ros2_humble/install/osrf_pycommon:/home/taehwan/ros2_humble/install/domain_coordinator:/home/taehwan/ros2_humble/install/ament_xmllint:/home/taehwan/ros2_humble/install/ament_pyflakes:/home/taehwan/ros2_humble/install/ament_pycodestyle:/home/taehwan/ros2_humble/install/ament_pep257:/home/taehwan/ros2_humble/install/ament_pclint:/home/taehwan/ros2_humble/install/ament_package:/home/taehwan/ros2_humble/install/ament_mypy:/home/taehwan/ros2_humble/install/ament_lint_cmake:/home/taehwan/ros2_humble/install/ament_flake8:/home/taehwan/ros2_humble/install/ament_copyright:/home/taehwan/ros2_humble/install/ament_lint:/home/taehwan/ros2_humble/install/ament_index_python:/home/taehwan/ros2_humble/install/ament_cpplint:/home/taehwan/ros2_humble/install/ament_cppcheck:/home/taehwan/ros2_humble/install/ament_clang_tidy:/home/taehwan/ros2_humble/install/ament_clang_format /usr/bin/cmake --install /home/taehwan/ros2_ws/build/ros_controller_pkg
[6.125s] -- Install configuration: ""
[6.125s] -- Up-to-date: /home/taehwan/ros2_ws/install/ros_controller_pkg/share/ament_index/resource_index/rosidl_interfaces/ros_controller_pkg
[6.125s] -- Up-to-date: /home/taehwan/ros2_ws/install/ros_controller_pkg/include/ros_controller_pkg/ros_controller_pkg
[6.126s] -- Up-to-date: /home/taehwan/ros2_ws/install/ros_controller_pkg/include/ros_controller_pkg/ros_controller_pkg/msg
[6.126s] -- Up-to-date: /home/taehwan/ros2_ws/install/ros_controller_pkg/include/ros_controller_pkg/ros_controller_pkg/msg/detail
[6.126s] -- Installing: /home/taehwan/ros2_ws/install/ros_controller_pkg/include/ros_controller_pkg/ros_controller_pkg/msg/detail/plc_status__functions.h
[6.126s] -- Installing: /home/taehwan/ros2_ws/install/ros_controller_pkg/include/ros_controller_pkg/ros_controller_pkg/msg/detail/plc_status__functions.c
[6.127s] -- Installing: /home/taehwan/ros2_ws/install/ros_controller_pkg/include/ros_controller_pkg/ros_controller_pkg/msg/detail/plc_status__type_support.h
[6.127s] -- Installing: /home/taehwan/ros2_ws/install/ros_controller_pkg/include/ros_controller_pkg/ros_controller_pkg/msg/detail/plc_status__struct.h
[6.127s] -- Installing: /home/taehwan/ros2_ws/install/ros_controller_pkg/include/ros_controller_pkg/ros_controller_pkg/msg/plc_status.h
[6.127s] -- Up-to-date: /home/taehwan/ros2_ws/install/ros_controller_pkg/include/ros_controller_pkg/ros_controller_pkg/msg/rosidl_generator_c__visibility_control.h
[6.127s] -- Up-to-date: /home/taehwan/ros2_ws/install/ros_controller_pkg/share/ros_controller_pkg/environment/library_path.sh
[6.128s] -- Installing: /home/taehwan/ros2_ws/install/ros_controller_pkg/share/ros_controller_pkg/environment/library_path.dsv
[6.129s] -- Installing: /home/taehwan/ros2_ws/install/ros_controller_pkg/lib/libros_controller_pkg__rosidl_generator_c.so
[6.129s] -- Set runtime path of "/home/taehwan/ros2_ws/install/ros_controller_pkg/lib/libros_controller_pkg__rosidl_generator_c.so" to ""
[6.130s] -- Up-to-date: /home/taehwan/ros2_ws/install/ros_controller_pkg/include/ros_controller_pkg/ros_controller_pkg
[6.130s] -- Up-to-date: /home/taehwan/ros2_ws/install/ros_controller_pkg/include/ros_controller_pkg/ros_controller_pkg/msg
[6.130s] -- Up-to-date: /home/taehwan/ros2_ws/install/ros_controller_pkg/include/ros_controller_pkg/ros_controller_pkg/msg/detail
[6.130s] -- Installing: /home/taehwan/ros2_ws/install/ros_controller_pkg/include/ros_controller_pkg/ros_controller_pkg/msg/detail/plc_status__rosidl_typesupport_fastrtps_c.h
[6.130s] -- Up-to-date: /home/taehwan/ros2_ws/install/ros_controller_pkg/include/ros_controller_pkg/ros_controller_pkg/msg/rosidl_typesupport_fastrtps_c__visibility_control.h
[6.130s] -- Installing: /home/taehwan/ros2_ws/install/ros_controller_pkg/lib/libros_controller_pkg__rosidl_typesupport_fastrtps_c.so
[6.130s] -- Set runtime path of "/home/taehwan/ros2_ws/install/ros_controller_pkg/lib/libros_controller_pkg__rosidl_typesupport_fastrtps_c.so" to ""
[6.131s] -- Up-to-date: /home/taehwan/ros2_ws/install/ros_controller_pkg/include/ros_controller_pkg/ros_controller_pkg
[6.131s] -- Up-to-date: /home/taehwan/ros2_ws/install/ros_controller_pkg/include/ros_controller_pkg/ros_controller_pkg/msg
[6.131s] -- Up-to-date: /home/taehwan/ros2_ws/install/ros_controller_pkg/include/ros_controller_pkg/ros_controller_pkg/msg/detail
[6.131s] -- Installing: /home/taehwan/ros2_ws/install/ros_controller_pkg/include/ros_controller_pkg/ros_controller_pkg/msg/detail/plc_status__traits.hpp
[6.131s] -- Installing: /home/taehwan/ros2_ws/install/ros_controller_pkg/include/ros_controller_pkg/ros_controller_pkg/msg/detail/plc_status__struct.hpp
[6.131s] -- Installing: /home/taehwan/ros2_ws/install/ros_controller_pkg/include/ros_controller_pkg/ros_controller_pkg/msg/detail/plc_status__builder.hpp
[6.131s] -- Installing: /home/taehwan/ros2_ws/install/ros_controller_pkg/include/ros_controller_pkg/ros_controller_pkg/msg/detail/plc_status__type_support.hpp
[6.132s] -- Installing: /home/taehwan/ros2_ws/install/ros_controller_pkg/include/ros_controller_pkg/ros_controller_pkg/msg/plc_status.hpp
[6.132s] -- Up-to-date: /home/taehwan/ros2_ws/install/ros_controller_pkg/include/ros_controller_pkg/ros_controller_pkg/msg/rosidl_generator_cpp__visibility_control.hpp
[6.132s] -- Up-to-date: /home/taehwan/ros2_ws/install/ros_controller_pkg/include/ros_controller_pkg/ros_controller_pkg
[6.132s] -- Up-to-date: /home/taehwan/ros2_ws/install/ros_controller_pkg/include/ros_controller_pkg/ros_controller_pkg/msg
[6.133s] -- Up-to-date: /home/taehwan/ros2_ws/install/ros_controller_pkg/include/ros_controller_pkg/ros_controller_pkg/msg/detail
[6.133s] -- Installing: /home/taehwan/ros2_ws/install/ros_controller_pkg/include/ros_controller_pkg/ros_controller_pkg/msg/detail/plc_status__rosidl_typesupport_fastrtps_cpp.hpp
[6.133s] -- Up-to-date: /home/taehwan/ros2_ws/install/ros_controller_pkg/include/ros_controller_pkg/ros_controller_pkg/msg/detail/dds_fastrtps
[6.133s] -- Up-to-date: /home/taehwan/ros2_ws/install/ros_controller_pkg/include/ros_controller_pkg/ros_controller_pkg/msg/rosidl_typesupport_fastrtps_cpp__visibility_control.h
[6.133s] -- Installing: /home/taehwan/ros2_ws/install/ros_controller_pkg/lib/libros_controller_pkg__rosidl_typesupport_fastrtps_cpp.so
[6.133s] -- Set runtime path of "/home/taehwan/ros2_ws/install/ros_controller_pkg/lib/libros_controller_pkg__rosidl_typesupport_fastrtps_cpp.so" to ""
[6.133s] -- Up-to-date: /home/taehwan/ros2_ws/install/ros_controller_pkg/include/ros_controller_pkg/ros_controller_pkg
[6.133s] -- Up-to-date: /home/taehwan/ros2_ws/install/ros_controller_pkg/include/ros_controller_pkg/ros_controller_pkg/msg
[6.134s] -- Up-to-date: /home/taehwan/ros2_ws/install/ros_controller_pkg/include/ros_controller_pkg/ros_controller_pkg/msg/detail
[6.134s] -- Installing: /home/taehwan/ros2_ws/install/ros_controller_pkg/include/ros_controller_pkg/ros_controller_pkg/msg/detail/plc_status__type_support.c
[6.134s] -- Installing: /home/taehwan/ros2_ws/install/ros_controller_pkg/include/ros_controller_pkg/ros_controller_pkg/msg/detail/plc_status__rosidl_typesupport_introspection_c.h
[6.134s] -- Up-to-date: /home/taehwan/ros2_ws/install/ros_controller_pkg/include/ros_controller_pkg/ros_controller_pkg/msg/rosidl_typesupport_introspection_c__visibility_control.h
[6.134s] -- Installing: /home/taehwan/ros2_ws/install/ros_controller_pkg/lib/libros_controller_pkg__rosidl_typesupport_introspection_c.so
[6.134s] -- Set runtime path of "/home/taehwan/ros2_ws/install/ros_controller_pkg/lib/libros_controller_pkg__rosidl_typesupport_introspection_c.so" to ""
[6.135s] -- Installing: /home/taehwan/ros2_ws/install/ros_controller_pkg/lib/libros_controller_pkg__rosidl_typesupport_c.so
[6.135s] -- Set runtime path of "/home/taehwan/ros2_ws/install/ros_controller_pkg/lib/libros_controller_pkg__rosidl_typesupport_c.so" to ""
[6.135s] -- Up-to-date: /home/taehwan/ros2_ws/install/ros_controller_pkg/include/ros_controller_pkg/ros_controller_pkg
[6.135s] -- Up-to-date: /home/taehwan/ros2_ws/install/ros_controller_pkg/include/ros_controller_pkg/ros_controller_pkg/msg
[6.135s] -- Up-to-date: /home/taehwan/ros2_ws/install/ros_controller_pkg/include/ros_controller_pkg/ros_controller_pkg/msg/detail
[6.135s] -- Installing: /home/taehwan/ros2_ws/install/ros_controller_pkg/include/ros_controller_pkg/ros_controller_pkg/msg/detail/plc_status__rosidl_typesupport_introspection_cpp.hpp
[6.135s] -- Installing: /home/taehwan/ros2_ws/install/ros_controller_pkg/include/ros_controller_pkg/ros_controller_pkg/msg/detail/plc_status__type_support.cpp
[6.135s] -- Installing: /home/taehwan/ros2_ws/install/ros_controller_pkg/lib/libros_controller_pkg__rosidl_typesupport_introspection_cpp.so
[6.136s] -- Set runtime path of "/home/taehwan/ros2_ws/install/ros_controller_pkg/lib/libros_controller_pkg__rosidl_typesupport_introspection_cpp.so" to ""
[6.136s] -- Installing: /home/taehwan/ros2_ws/install/ros_controller_pkg/lib/libros_controller_pkg__rosidl_typesupport_cpp.so
[6.136s] -- Set runtime path of "/home/taehwan/ros2_ws/install/ros_controller_pkg/lib/libros_controller_pkg__rosidl_typesupport_cpp.so" to ""
[6.136s] -- Up-to-date: /home/taehwan/ros2_ws/install/ros_controller_pkg/share/ros_controller_pkg/environment/pythonpath.sh
[6.136s] -- Installing: /home/taehwan/ros2_ws/install/ros_controller_pkg/share/ros_controller_pkg/environment/pythonpath.dsv
[6.136s] -- Up-to-date: /home/taehwan/ros2_ws/install/ros_controller_pkg/local/lib/python3.10/dist-packages/ros_controller_pkg-0.0.0-py3.10.egg-info
[6.136s] -- Installing: /home/taehwan/ros2_ws/install/ros_controller_pkg/local/lib/python3.10/dist-packages/ros_controller_pkg-0.0.0-py3.10.egg-info/PKG-INFO
[6.136s] -- Installing: /home/taehwan/ros2_ws/install/ros_controller_pkg/local/lib/python3.10/dist-packages/ros_controller_pkg-0.0.0-py3.10.egg-info/dependency_links.txt
[6.137s] -- Installing: /home/taehwan/ros2_ws/install/ros_controller_pkg/local/lib/python3.10/dist-packages/ros_controller_pkg-0.0.0-py3.10.egg-info/top_level.txt
[6.137s] -- Installing: /home/taehwan/ros2_ws/install/ros_controller_pkg/local/lib/python3.10/dist-packages/ros_controller_pkg-0.0.0-py3.10.egg-info/SOURCES.txt
[6.137s] -- Up-to-date: /home/taehwan/ros2_ws/install/ros_controller_pkg/local/lib/python3.10/dist-packages/ros_controller_pkg
[6.137s] -- Installing: /home/taehwan/ros2_ws/install/ros_controller_pkg/local/lib/python3.10/dist-packages/ros_controller_pkg/libros_controller_pkg__rosidl_generator_py.so
[6.137s] -- Installing: /home/taehwan/ros2_ws/install/ros_controller_pkg/local/lib/python3.10/dist-packages/ros_controller_pkg/ros_controller_pkg_s__rosidl_typesupport_fastrtps_c.cpython-310-x86_64-linux-gnu.so
[6.137s] -- Up-to-date: /home/taehwan/ros2_ws/install/ros_controller_pkg/local/lib/python3.10/dist-packages/ros_controller_pkg/msg
[6.138s] -- Installing: /home/taehwan/ros2_ws/install/ros_controller_pkg/local/lib/python3.10/dist-packages/ros_controller_pkg/msg/_plc_status.py
[6.138s] -- Installing: /home/taehwan/ros2_ws/install/ros_controller_pkg/local/lib/python3.10/dist-packages/ros_controller_pkg/msg/_plc_status_s.c
[6.138s] -- Installing: /home/taehwan/ros2_ws/install/ros_controller_pkg/local/lib/python3.10/dist-packages/ros_controller_pkg/msg/__init__.py
[6.138s] -- Installing: /home/taehwan/ros2_ws/install/ros_controller_pkg/local/lib/python3.10/dist-packages/ros_controller_pkg/ros_controller_pkg_s__rosidl_typesupport_introspection_c.cpython-310-x86_64-linux-gnu.so
[6.139s] -- Installing: /home/taehwan/ros2_ws/install/ros_controller_pkg/local/lib/python3.10/dist-packages/ros_controller_pkg/ros_controller_pkg_s__rosidl_typesupport_c.cpython-310-x86_64-linux-gnu.so
[6.139s] -- Installing: /home/taehwan/ros2_ws/install/ros_controller_pkg/local/lib/python3.10/dist-packages/ros_controller_pkg/_ros_controller_pkg_s.ep.rosidl_typesupport_c.c
[6.139s] -- Installing: /home/taehwan/ros2_ws/install/ros_controller_pkg/local/lib/python3.10/dist-packages/ros_controller_pkg/__init__.py
[6.139s] -- Installing: /home/taehwan/ros2_ws/install/ros_controller_pkg/local/lib/python3.10/dist-packages/ros_controller_pkg/_ros_controller_pkg_s.ep.rosidl_typesupport_introspection_c.c
[6.139s] -- Installing: /home/taehwan/ros2_ws/install/ros_controller_pkg/local/lib/python3.10/dist-packages/ros_controller_pkg/_ros_controller_pkg_s.ep.rosidl_typesupport_fastrtps_c.c
[6.211s] Listing '/home/taehwan/ros2_ws/install/ros_controller_pkg/local/lib/python3.10/dist-packages/ros_controller_pkg'...
[6.211s] Compiling '/home/taehwan/ros2_ws/install/ros_controller_pkg/local/lib/python3.10/dist-packages/ros_controller_pkg/__init__.py'...
[6.211s] Listing '/home/taehwan/ros2_ws/install/ros_controller_pkg/local/lib/python3.10/dist-packages/ros_controller_pkg/msg'...
[6.211s] Compiling '/home/taehwan/ros2_ws/install/ros_controller_pkg/local/lib/python3.10/dist-packages/ros_controller_pkg/msg/__init__.py'...
[6.211s] Compiling '/home/taehwan/ros2_ws/install/ros_controller_pkg/local/lib/python3.10/dist-packages/ros_controller_pkg/msg/_plc_status.py'...
[6.215s] -- Installing: /home/taehwan/ros2_ws/install/ros_controller_pkg/local/lib/python3.10/dist-packages/ros_controller_pkg/ros_controller_pkg_s__rosidl_typesupport_introspection_c.cpython-310-x86_64-linux-gnu.so
[6.215s] -- Set runtime path of "/home/taehwan/ros2_ws/install/ros_controller_pkg/local/lib/python3.10/dist-packages/ros_controller_pkg/ros_controller_pkg_s__rosidl_typesupport_introspection_c.cpython-310-x86_64-linux-gnu.so" to ""
[6.216s] -- Installing: /home/taehwan/ros2_ws/install/ros_controller_pkg/local/lib/python3.10/dist-packages/ros_controller_pkg/ros_controller_pkg_s__rosidl_typesupport_fastrtps_c.cpython-310-x86_64-linux-gnu.so
[6.216s] -- Set runtime path of "/home/taehwan/ros2_ws/install/ros_controller_pkg/local/lib/python3.10/dist-packages/ros_controller_pkg/ros_controller_pkg_s__rosidl_typesupport_fastrtps_c.cpython-310-x86_64-linux-gnu.so" to ""
[6.216s] -- Installing: /home/taehwan/ros2_ws/install/ros_controller_pkg/local/lib/python3.10/dist-packages/ros_controller_pkg/ros_controller_pkg_s__rosidl_typesupport_c.cpython-310-x86_64-linux-gnu.so
[6.216s] -- Set runtime path of "/home/taehwan/ros2_ws/install/ros_controller_pkg/local/lib/python3.10/dist-packages/ros_controller_pkg/ros_controller_pkg_s__rosidl_typesupport_c.cpython-310-x86_64-linux-gnu.so" to ""
[6.216s] -- Installing: /home/taehwan/ros2_ws/install/ros_controller_pkg/lib/libros_controller_pkg__rosidl_generator_py.so
[6.217s] -- Set runtime path of "/home/taehwan/ros2_ws/install/ros_controller_pkg/lib/libros_controller_pkg__rosidl_generator_py.so" to ""
[6.217s] -- Installing: /home/taehwan/ros2_ws/install/ros_controller_pkg/share/ros_controller_pkg/msg/PlcStatus.idl
[6.217s] -- Installing: /home/taehwan/ros2_ws/install/ros_controller_pkg/share/ros_controller_pkg/msg/PlcStatus.msg
[6.217s] -- Up-to-date: /home/taehwan/ros2_ws/install/ros_controller_pkg/lib/ros_controller_pkg/ros_controller.py
[6.217s] -- Up-to-date: /home/taehwan/ros2_ws/install/ros_controller_pkg/share/ament_index/resource_index/package_run_dependencies/ros_controller_pkg
[6.217s] -- Up-to-date: /home/taehwan/ros2_ws/install/ros_controller_pkg/share/ament_index/resource_index/parent_prefix_path/ros_controller_pkg
[6.217s] -- Installing: /home/taehwan/ros2_ws/install/ros_controller_pkg/share/ros_controller_pkg/environment/ament_prefix_path.dsv
[6.218s] -- Installing: /home/taehwan/ros2_ws/install/ros_controller_pkg/share/ros_controller_pkg/environment/path.dsv
[6.218s] -- Up-to-date: /home/taehwan/ros2_ws/install/ros_controller_pkg/share/ros_controller_pkg/local_setup.bash
[6.218s] -- Up-to-date: /home/taehwan/ros2_ws/install/ros_controller_pkg/share/ros_controller_pkg/local_setup.sh
[6.218s] -- Up-to-date: /home/taehwan/ros2_ws/install/ros_controller_pkg/share/ros_controller_pkg/local_setup.zsh
[6.218s] -- Installing: /home/taehwan/ros2_ws/install/ros_controller_pkg/share/ros_controller_pkg/local_setup.dsv
[6.218s] -- Installing: /home/taehwan/ros2_ws/install/ros_controller_pkg/share/ros_controller_pkg/package.dsv
[6.219s] -- Up-to-date: /home/taehwan/ros2_ws/install/ros_controller_pkg/share/ament_index/resource_index/packages/ros_controller_pkg
[6.219s] -- Up-to-date: /home/taehwan/ros2_ws/install/ros_controller_pkg/share/ros_controller_pkg/cmake/export_ros_controller_pkg__rosidl_generator_cExport.cmake
[6.219s] -- Up-to-date: /home/taehwan/ros2_ws/install/ros_controller_pkg/share/ros_controller_pkg/cmake/export_ros_controller_pkg__rosidl_generator_cExport-noconfig.cmake
[6.219s] -- Up-to-date: /home/taehwan/ros2_ws/install/ros_controller_pkg/share/ros_controller_pkg/cmake/export_ros_controller_pkg__rosidl_typesupport_fastrtps_cExport.cmake
[6.219s] -- Up-to-date: /home/taehwan/ros2_ws/install/ros_controller_pkg/share/ros_controller_pkg/cmake/export_ros_controller_pkg__rosidl_typesupport_fastrtps_cExport-noconfig.cmake
[6.219s] -- Up-to-date: /home/taehwan/ros2_ws/install/ros_controller_pkg/share/ros_controller_pkg/cmake/export_ros_controller_pkg__rosidl_generator_cppExport.cmake
[6.219s] -- Up-to-date: /home/taehwan/ros2_ws/install/ros_controller_pkg/share/ros_controller_pkg/cmake/export_ros_controller_pkg__rosidl_typesupport_fastrtps_cppExport.cmake
[6.219s] -- Up-to-date: /home/taehwan/ros2_ws/install/ros_controller_pkg/share/ros_controller_pkg/cmake/export_ros_controller_pkg__rosidl_typesupport_fastrtps_cppExport-noconfig.cmake
[6.220s] -- Up-to-date: /home/taehwan/ros2_ws/install/ros_controller_pkg/share/ros_controller_pkg/cmake/ros_controller_pkg__rosidl_typesupport_introspection_cExport.cmake
[6.220s] -- Up-to-date: /home/taehwan/ros2_ws/install/ros_controller_pkg/share/ros_controller_pkg/cmake/ros_controller_pkg__rosidl_typesupport_introspection_cExport-noconfig.cmake
[6.220s] -- Up-to-date: /home/taehwan/ros2_ws/install/ros_controller_pkg/share/ros_controller_pkg/cmake/ros_controller_pkg__rosidl_typesupport_cExport.cmake
[6.220s] -- Up-to-date: /home/taehwan/ros2_ws/install/ros_controller_pkg/share/ros_controller_pkg/cmake/ros_controller_pkg__rosidl_typesupport_cExport-noconfig.cmake
[6.220s] -- Up-to-date: /home/taehwan/ros2_ws/install/ros_controller_pkg/share/ros_controller_pkg/cmake/ros_controller_pkg__rosidl_typesupport_introspection_cppExport.cmake
[6.220s] -- Up-to-date: /home/taehwan/ros2_ws/install/ros_controller_pkg/share/ros_controller_pkg/cmake/ros_controller_pkg__rosidl_typesupport_introspection_cppExport-noconfig.cmake
[6.220s] -- Up-to-date: /home/taehwan/ros2_ws/install/ros_controller_pkg/share/ros_controller_pkg/cmake/ros_controller_pkg__rosidl_typesupport_cppExport.cmake
[6.220s] -- Up-to-date: /home/taehwan/ros2_ws/install/ros_controller_pkg/share/ros_controller_pkg/cmake/ros_controller_pkg__rosidl_typesupport_cppExport-noconfig.cmake
[6.221s] -- Up-to-date: /home/taehwan/ros2_ws/install/ros_controller_pkg/share/ros_controller_pkg/cmake/export_ros_controller_pkg__rosidl_generator_pyExport.cmake
[6.221s] -- Up-to-date: /home/taehwan/ros2_ws/install/ros_controller_pkg/share/ros_controller_pkg/cmake/export_ros_controller_pkg__rosidl_generator_pyExport-noconfig.cmake
[6.221s] -- Up-to-date: /home/taehwan/ros2_ws/install/ros_controller_pkg/share/ros_controller_pkg/cmake/rosidl_cmake-extras.cmake
[6.221s] -- Up-to-date: /home/taehwan/ros2_ws/install/ros_controller_pkg/share/ros_controller_pkg/cmake/ament_cmake_export_include_directories-extras.cmake
[6.221s] -- Up-to-date: /home/taehwan/ros2_ws/install/ros_controller_pkg/share/ros_controller_pkg/cmake/ament_cmake_export_libraries-extras.cmake
[6.221s] -- Up-to-date: /home/taehwan/ros2_ws/install/ros_controller_pkg/share/ros_controller_pkg/cmake/ament_cmake_export_targets-extras.cmake
[6.221s] -- Up-to-date: /home/taehwan/ros2_ws/install/ros_controller_pkg/share/ros_controller_pkg/cmake/rosidl_cmake_export_typesupport_targets-extras.cmake
[6.221s] -- Up-to-date: /home/taehwan/ros2_ws/install/ros_controller_pkg/share/ros_controller_pkg/cmake/ament_cmake_export_dependencies-extras.cmake
[6.222s] -- Up-to-date: /home/taehwan/ros2_ws/install/ros_controller_pkg/share/ros_controller_pkg/cmake/rosidl_cmake_export_typesupport_libraries-extras.cmake
[6.222s] -- Up-to-date: /home/taehwan/ros2_ws/install/ros_controller_pkg/share/ros_controller_pkg/cmake/ros_controller_pkgConfig.cmake
[6.222s] -- Up-to-date: /home/taehwan/ros2_ws/install/ros_controller_pkg/share/ros_controller_pkg/cmake/ros_controller_pkgConfig-version.cmake
[6.222s] -- Up-to-date: /home/taehwan/ros2_ws/install/ros_controller_pkg/share/ros_controller_pkg/package.xml
[6.224s] Invoked command in '/home/taehwan/ros2_ws/build/ros_controller_pkg' returned '0': CMAKE_PREFIX_PATH=${CMAKE_PREFIX_PATH}:/home/taehwan/ros2_ws/install/stm_controller:/home/taehwan/ros2_ws/install/plc_interface:/home/taehwan/ros2_humble/install/rqt_bag_plugins:/home/taehwan/ros2_humble/install/rqt_bag:/home/taehwan/ros2_humble/install/launch_testing_examples:/home/taehwan/ros2_humble/install/ros2bag:/home/taehwan/ros2_humble/install/tracetools_test:/home/taehwan/ros2_humble/install/tracetools_launch:/home/taehwan/ros2_humble/install/topic_monitor:/home/taehwan/ros2_humble/install/tf2_tools:/home/taehwan/ros2_humble/install/examples_tf2_py:/home/taehwan/ros2_humble/install/tf2_ros_py:/home/taehwan/ros2_humble/install/sros2:/home/taehwan/ros2_humble/install/rqt_topic:/home/taehwan/ros2_humble/install/rqt_srv:/home/taehwan/ros2_humble/install/rqt_shell:/home/taehwan/ros2_humble/install/rqt_service_caller:/home/taehwan/ros2_humble/install/rqt_reconfigure:/home/taehwan/ros2_humble/install/rqt_py_console:/home/taehwan/ros2_humble/install/rqt_publisher:/home/taehwan/ros2_humble/install/rqt_plot:/home/taehwan/ros2_humble/install/rqt_action:/home/taehwan/ros2_humble/install/rqt_msg:/home/taehwan/ros2_humble/install/rqt_console:/home/taehwan/ros2_humble/install/rqt:/home/taehwan/ros2_humble/install/rqt_graph:/home/taehwan/ros2_humble/install/rqt_gui_py:/home/taehwan/ros2_humble/install/rqt_gui:/home/taehwan/ros2_humble/install/ros2trace:/home/taehwan/ros2_humble/install/ros2topic:/home/taehwan/ros2_humble/install/ros2test:/home/taehwan/ros2_humble/install/ros2component:/home/taehwan/ros2_humble/install/ros2param:/home/taehwan/ros2_humble/install/ros2lifecycle:/home/taehwan/ros2_humble/install/ros2service:/home/taehwan/ros2_humble/install/ros2run:/home/taehwan/ros2_humble/install/ros2plugin:/home/taehwan/ros2_humble/install/ros2launch:/home/taehwan/ros2_humble/install/ros2pkg:/home/taehwan/ros2_humble/install/ros2node:/home/taehwan/ros2_humble/install/ros2multicast:/home/taehwan/ros2_humble/install/ros2interface:/home/taehwan/ros2_humble/install/ros2doctor:/home/taehwan/ros2_humble/install/ros2action:/home/taehwan/ros2_humble/install/ros2cli:/home/taehwan/ros2_humble/install/quality_of_service_demo_py:/home/taehwan/ros2_humble/install/lifecycle_py:/home/taehwan/ros2_humble/install/launch_testing_ros:/home/taehwan/ros2_humble/install/launch_ros:/home/taehwan/ros2_humble/install/examples_rclpy_pointcloud_publisher:/home/taehwan/ros2_humble/install/examples_rclpy_minimal_subscriber:/home/taehwan/ros2_humble/install/examples_rclpy_minimal_service:/home/taehwan/ros2_humble/install/examples_rclpy_minimal_publisher:/home/taehwan/ros2_humble/install/examples_rclpy_minimal_client:/home/taehwan/ros2_humble/install/examples_rclpy_minimal_action_server:/home/taehwan/ros2_humble/install/examples_rclpy_minimal_action_client:/home/taehwan/ros2_humble/install/examples_rclpy_guard_conditions:/home/taehwan/ros2_humble/install/examples_rclpy_executors:/home/taehwan/ros2_humble/install/demo_nodes_py:/home/taehwan/ros2_humble/install/camera_info_manager_py:/home/taehwan/ros2_humble/install/action_tutorials_py:/home/taehwan/ros2_humble/install/ament_uncrustify:/home/taehwan/ros2_humble/install/tracetools_trace:/home/taehwan/ros2_humble/install/tracetools_read:/home/taehwan/ros2_humble/install/test_tracetools_launch:/home/taehwan/ros2_humble/install/test_launch_ros:/home/taehwan/ros2_humble/install/sensor_msgs_py:/home/taehwan/ros2_humble/install/rpyutils:/home/taehwan/ros2_humble/install/rosidl_runtime_py:/home/taehwan/ros2_humble/install/rosidl_cli:/home/taehwan/ros2_humble/install/launch_pytest:/home/taehwan/ros2_humble/install/launch_testing:/home/taehwan/ros2_humble/install/launch_yaml:/home/taehwan/ros2_humble/install/launch_xml:/home/taehwan/ros2_humble/install/launch:/home/taehwan/ros2_humble/install/osrf_pycommon:/home/taehwan/ros2_humble/install/domain_coordinator:/home/taehwan/ros2_humble/install/ament_xmllint:/home/taehwan/ros2_humble/install/ament_pyflakes:/home/taehwan/ros2_humble/install/ament_pycodestyle:/home/taehwan/ros2_humble/install/ament_pep257:/home/taehwan/ros2_humble/install/ament_pclint:/home/taehwan/ros2_humble/install/ament_package:/home/taehwan/ros2_humble/install/ament_mypy:/home/taehwan/ros2_humble/install/ament_lint_cmake:/home/taehwan/ros2_humble/install/ament_flake8:/home/taehwan/ros2_humble/install/ament_copyright:/home/taehwan/ros2_humble/install/ament_lint:/home/taehwan/ros2_humble/install/ament_index_python:/home/taehwan/ros2_humble/install/ament_cpplint:/home/taehwan/ros2_humble/install/ament_cppcheck:/home/taehwan/ros2_humble/install/ament_clang_tidy:/home/taehwan/ros2_humble/install/ament_clang_format /usr/bin/cmake --install /home/taehwan/ros2_ws/build/ros_controller_pkg
