[0.065s] DEBUG:colcon:Command line arguments: ['/usr/bin/colcon', 'build']
[0.065s] DEBUG:colcon:Parsed command line arguments: Namespace(log_base=None, log_level=None, verb_name='build', build_base='build', install_base='install', merge_install=False, symlink_install=False, test_result_base=None, continue_on_error=False, executor='parallel', parallel_workers=12, event_handlers=None, ignore_user_meta=False, metas=['./colcon.meta'], base_paths=['.'], packages_ignore=None, packages_ignore_regex=None, paths=None, packages_up_to=None, packages_up_to_regex=None, packages_above=None, packages_above_and_dependencies=None, packages_above_depth=None, packages_select_by_dep=None, packages_skip_by_dep=None, packages_skip_up_to=None, packages_select_build_failed=False, packages_skip_build_finished=False, packages_select_test_failures=False, packages_skip_test_passed=False, packages_select=None, packages_skip=None, packages_select_regex=None, packages_skip_regex=None, packages_start=None, packages_end=None, allow_overriding=[], cmake_args=None, cmake_target=None, cmake_target_skip_unavailable=False, cmake_clean_cache=False, cmake_clean_first=False, cmake_force_configure=False, ament_cmake_args=None, catkin_cmake_args=None, catkin_skip_building_tests=False, mixin_files=None, mixin=None, verb_parser=<colcon_mixin.mixin.mixin_argument.MixinArgumentDecorator object at 0x754bbdd55d20>, verb_extension=<colcon_core.verb.build.BuildVerb object at 0x754bbdd55720>, main=<bound method BuildVerb.main of <colcon_core.verb.build.BuildVerb object at 0x754bbdd55720>>, mixin_verb=('build',))
[0.160s] Level 1:colcon.colcon_core.package_discovery:discover_packages(colcon_meta) check parameters
[0.160s] Level 1:colcon.colcon_core.package_discovery:discover_packages(recursive) check parameters
[0.160s] Level 1:colcon.colcon_core.package_discovery:discover_packages(ignore) check parameters
[0.160s] Level 1:colcon.colcon_core.package_discovery:discover_packages(path) check parameters
[0.160s] Level 1:colcon.colcon_core.package_discovery:discover_packages(colcon_meta) discover
[0.160s] Level 1:colcon.colcon_core.package_discovery:discover_packages(recursive) discover
[0.160s] INFO:colcon.colcon_core.package_discovery:Crawling recursively for packages in '/home/young/spacspec/juwanslave'
[0.160s] Level 1:colcon.colcon_core.package_identification:_identify(.) by extensions ['ignore', 'ignore_ament_install']
[0.160s] Level 1:colcon.colcon_core.package_identification:_identify(.) by extension 'ignore'
[0.160s] Level 1:colcon.colcon_core.package_identification:_identify(.) by extension 'ignore_ament_install'
[0.161s] Level 1:colcon.colcon_core.package_identification:_identify(.) by extensions ['colcon_pkg']
[0.161s] Level 1:colcon.colcon_core.package_identification:_identify(.) by extension 'colcon_pkg'
[0.161s] Level 1:colcon.colcon_core.package_identification:_identify(.) by extensions ['colcon_meta']
[0.161s] Level 1:colcon.colcon_core.package_identification:_identify(.) by extension 'colcon_meta'
[0.161s] Level 1:colcon.colcon_core.package_identification:_identify(.) by extensions ['ros']
[0.161s] Level 1:colcon.colcon_core.package_identification:_identify(.) by extension 'ros'
[0.167s] Level 1:colcon.colcon_core.package_identification:_identify(.) by extensions ['cmake', 'python']
[0.167s] Level 1:colcon.colcon_core.package_identification:_identify(.) by extension 'cmake'
[0.167s] Level 1:colcon.colcon_core.package_identification:_identify(.) by extension 'python'
[0.168s] Level 1:colcon.colcon_core.package_identification:_identify(.) by extensions ['python_setup_py']
[0.168s] Level 1:colcon.colcon_core.package_identification:_identify(.) by extension 'python_setup_py'
[0.168s] Level 1:colcon.colcon_core.package_identification:_identify(build) by extensions ['ignore', 'ignore_ament_install']
[0.168s] Level 1:colcon.colcon_core.package_identification:_identify(build) by extension 'ignore'
[0.168s] Level 1:colcon.colcon_core.package_identification:_identify(build) ignored
[0.168s] Level 1:colcon.colcon_core.package_identification:_identify(final_ws) by extensions ['ignore', 'ignore_ament_install']
[0.168s] Level 1:colcon.colcon_core.package_identification:_identify(final_ws) by extension 'ignore'
[0.168s] Level 1:colcon.colcon_core.package_identification:_identify(final_ws) by extension 'ignore_ament_install'
[0.168s] Level 1:colcon.colcon_core.package_identification:_identify(final_ws) by extensions ['colcon_pkg']
[0.168s] Level 1:colcon.colcon_core.package_identification:_identify(final_ws) by extension 'colcon_pkg'
[0.168s] Level 1:colcon.colcon_core.package_identification:_identify(final_ws) by extensions ['colcon_meta']
[0.168s] Level 1:colcon.colcon_core.package_identification:_identify(final_ws) by extension 'colcon_meta'
[0.168s] Level 1:colcon.colcon_core.package_identification:_identify(final_ws) by extensions ['ros']
[0.168s] Level 1:colcon.colcon_core.package_identification:_identify(final_ws) by extension 'ros'
[0.168s] Level 1:colcon.colcon_core.package_identification:_identify(final_ws) by extensions ['cmake', 'python']
[0.168s] Level 1:colcon.colcon_core.package_identification:_identify(final_ws) by extension 'cmake'
[0.168s] Level 1:colcon.colcon_core.package_identification:_identify(final_ws) by extension 'python'
[0.168s] Level 1:colcon.colcon_core.package_identification:_identify(final_ws) by extensions ['python_setup_py']
[0.168s] Level 1:colcon.colcon_core.package_identification:_identify(final_ws) by extension 'python_setup_py'
[0.168s] Level 1:colcon.colcon_core.package_identification:_identify(final_ws/src) by extensions ['ignore', 'ignore_ament_install']
[0.168s] Level 1:colcon.colcon_core.package_identification:_identify(final_ws/src) by extension 'ignore'
[0.168s] Level 1:colcon.colcon_core.package_identification:_identify(final_ws/src) by extension 'ignore_ament_install'
[0.168s] Level 1:colcon.colcon_core.package_identification:_identify(final_ws/src) by extensions ['colcon_pkg']
[0.168s] Level 1:colcon.colcon_core.package_identification:_identify(final_ws/src) by extension 'colcon_pkg'
[0.168s] Level 1:colcon.colcon_core.package_identification:_identify(final_ws/src) by extensions ['colcon_meta']
[0.168s] Level 1:colcon.colcon_core.package_identification:_identify(final_ws/src) by extension 'colcon_meta'
[0.168s] Level 1:colcon.colcon_core.package_identification:_identify(final_ws/src) by extensions ['ros']
[0.168s] Level 1:colcon.colcon_core.package_identification:_identify(final_ws/src) by extension 'ros'
[0.168s] Level 1:colcon.colcon_core.package_identification:_identify(final_ws/src) by extensions ['cmake', 'python']
[0.168s] Level 1:colcon.colcon_core.package_identification:_identify(final_ws/src) by extension 'cmake'
[0.168s] Level 1:colcon.colcon_core.package_identification:_identify(final_ws/src) by extension 'python'
[0.168s] Level 1:colcon.colcon_core.package_identification:_identify(final_ws/src) by extensions ['python_setup_py']
[0.168s] Level 1:colcon.colcon_core.package_identification:_identify(final_ws/src) by extension 'python_setup_py'
[0.168s] Level 1:colcon.colcon_core.package_identification:_identify(install) by extensions ['ignore', 'ignore_ament_install']
[0.168s] Level 1:colcon.colcon_core.package_identification:_identify(install) by extension 'ignore'
[0.169s] Level 1:colcon.colcon_core.package_identification:_identify(install) ignored
[0.169s] Level 1:colcon.colcon_core.package_identification:_identify(log) by extensions ['ignore', 'ignore_ament_install']
[0.169s] Level 1:colcon.colcon_core.package_identification:_identify(log) by extension 'ignore'
[0.169s] Level 1:colcon.colcon_core.package_identification:_identify(log) ignored
[0.169s] Level 1:colcon.colcon_core.package_identification:_identify(my_new_project_folder) by extensions ['ignore', 'ignore_ament_install']
[0.169s] Level 1:colcon.colcon_core.package_identification:_identify(my_new_project_folder) by extension 'ignore'
[0.169s] Level 1:colcon.colcon_core.package_identification:_identify(my_new_project_folder) by extension 'ignore_ament_install'
[0.169s] Level 1:colcon.colcon_core.package_identification:_identify(my_new_project_folder) by extensions ['colcon_pkg']
[0.169s] Level 1:colcon.colcon_core.package_identification:_identify(my_new_project_folder) by extension 'colcon_pkg'
[0.169s] Level 1:colcon.colcon_core.package_identification:_identify(my_new_project_folder) by extensions ['colcon_meta']
[0.169s] Level 1:colcon.colcon_core.package_identification:_identify(my_new_project_folder) by extension 'colcon_meta'
[0.169s] Level 1:colcon.colcon_core.package_identification:_identify(my_new_project_folder) by extensions ['ros']
[0.169s] Level 1:colcon.colcon_core.package_identification:_identify(my_new_project_folder) by extension 'ros'
[0.169s] Level 1:colcon.colcon_core.package_identification:_identify(my_new_project_folder) by extensions ['cmake', 'python']
[0.169s] Level 1:colcon.colcon_core.package_identification:_identify(my_new_project_folder) by extension 'cmake'
[0.169s] Level 1:colcon.colcon_core.package_identification:_identify(my_new_project_folder) by extension 'python'
[0.169s] Level 1:colcon.colcon_core.package_identification:_identify(my_new_project_folder) by extensions ['python_setup_py']
[0.169s] Level 1:colcon.colcon_core.package_identification:_identify(my_new_project_folder) by extension 'python_setup_py'
[0.169s] Level 1:colcon.colcon_core.package_identification:_identify(my_new_project_folder/myagv_navigation) by extensions ['ignore', 'ignore_ament_install']
[0.169s] Level 1:colcon.colcon_core.package_identification:_identify(my_new_project_folder/myagv_navigation) by extension 'ignore'
[0.169s] Level 1:colcon.colcon_core.package_identification:_identify(my_new_project_folder/myagv_navigation) by extension 'ignore_ament_install'
[0.169s] Level 1:colcon.colcon_core.package_identification:_identify(my_new_project_folder/myagv_navigation) by extensions ['colcon_pkg']
[0.169s] Level 1:colcon.colcon_core.package_identification:_identify(my_new_project_folder/myagv_navigation) by extension 'colcon_pkg'
[0.169s] Level 1:colcon.colcon_core.package_identification:_identify(my_new_project_folder/myagv_navigation) by extensions ['colcon_meta']
[0.169s] Level 1:colcon.colcon_core.package_identification:_identify(my_new_project_folder/myagv_navigation) by extension 'colcon_meta'
[0.169s] Level 1:colcon.colcon_core.package_identification:_identify(my_new_project_folder/myagv_navigation) by extensions ['ros']
[0.169s] Level 1:colcon.colcon_core.package_identification:_identify(my_new_project_folder/myagv_navigation) by extension 'ros'
[0.173s] DEBUG:colcon.colcon_core.package_identification:Package 'my_new_project_folder/myagv_navigation' with type 'ros.catkin' and name 'myagv_navigation'
[0.174s] Level 1:colcon.colcon_core.package_identification:_identify(my_new_project_folder/robotarm) by extensions ['ignore', 'ignore_ament_install']
[0.174s] Level 1:colcon.colcon_core.package_identification:_identify(my_new_project_folder/robotarm) by extension 'ignore'
[0.174s] Level 1:colcon.colcon_core.package_identification:_identify(my_new_project_folder/robotarm) by extension 'ignore_ament_install'
[0.174s] Level 1:colcon.colcon_core.package_identification:_identify(my_new_project_folder/robotarm) by extensions ['colcon_pkg']
[0.174s] Level 1:colcon.colcon_core.package_identification:_identify(my_new_project_folder/robotarm) by extension 'colcon_pkg'
[0.174s] Level 1:colcon.colcon_core.package_identification:_identify(my_new_project_folder/robotarm) by extensions ['colcon_meta']
[0.174s] Level 1:colcon.colcon_core.package_identification:_identify(my_new_project_folder/robotarm) by extension 'colcon_meta'
[0.174s] Level 1:colcon.colcon_core.package_identification:_identify(my_new_project_folder/robotarm) by extensions ['ros']
[0.174s] Level 1:colcon.colcon_core.package_identification:_identify(my_new_project_folder/robotarm) by extension 'ros'
[0.174s] Level 1:colcon.colcon_core.package_identification:_identify(my_new_project_folder/robotarm) by extensions ['cmake', 'python']
[0.174s] Level 1:colcon.colcon_core.package_identification:_identify(my_new_project_folder/robotarm) by extension 'cmake'
[0.174s] Level 1:colcon.colcon_core.package_identification:_identify(my_new_project_folder/robotarm) by extension 'python'
[0.174s] Level 1:colcon.colcon_core.package_identification:_identify(my_new_project_folder/robotarm) by extensions ['python_setup_py']
[0.174s] Level 1:colcon.colcon_core.package_identification:_identify(my_new_project_folder/robotarm) by extension 'python_setup_py'
[0.174s] Level 1:colcon.colcon_core.package_identification:_identify(my_new_project_folder/robotarm/calibration) by extensions ['ignore', 'ignore_ament_install']
[0.174s] Level 1:colcon.colcon_core.package_identification:_identify(my_new_project_folder/robotarm/calibration) by extension 'ignore'
[0.174s] Level 1:colcon.colcon_core.package_identification:_identify(my_new_project_folder/robotarm/calibration) by extension 'ignore_ament_install'
[0.174s] Level 1:colcon.colcon_core.package_identification:_identify(my_new_project_folder/robotarm/calibration) by extensions ['colcon_pkg']
[0.174s] Level 1:colcon.colcon_core.package_identification:_identify(my_new_project_folder/robotarm/calibration) by extension 'colcon_pkg'
[0.174s] Level 1:colcon.colcon_core.package_identification:_identify(my_new_project_folder/robotarm/calibration) by extensions ['colcon_meta']
[0.174s] Level 1:colcon.colcon_core.package_identification:_identify(my_new_project_folder/robotarm/calibration) by extension 'colcon_meta'
[0.174s] Level 1:colcon.colcon_core.package_identification:_identify(my_new_project_folder/robotarm/calibration) by extensions ['ros']
[0.174s] Level 1:colcon.colcon_core.package_identification:_identify(my_new_project_folder/robotarm/calibration) by extension 'ros'
[0.174s] Level 1:colcon.colcon_core.package_identification:_identify(my_new_project_folder/robotarm/calibration) by extensions ['cmake', 'python']
[0.174s] Level 1:colcon.colcon_core.package_identification:_identify(my_new_project_folder/robotarm/calibration) by extension 'cmake'
[0.174s] Level 1:colcon.colcon_core.package_identification:_identify(my_new_project_folder/robotarm/calibration) by extension 'python'
[0.174s] Level 1:colcon.colcon_core.package_identification:_identify(my_new_project_folder/robotarm/calibration) by extensions ['python_setup_py']
[0.174s] Level 1:colcon.colcon_core.package_identification:_identify(my_new_project_folder/robotarm/calibration) by extension 'python_setup_py'
[0.174s] Level 1:colcon.colcon_core.package_identification:_identify(my_new_project_folder/robotarm/myagv_navigation) by extensions ['ignore', 'ignore_ament_install']
[0.174s] Level 1:colcon.colcon_core.package_identification:_identify(my_new_project_folder/robotarm/myagv_navigation) by extension 'ignore'
[0.174s] Level 1:colcon.colcon_core.package_identification:_identify(my_new_project_folder/robotarm/myagv_navigation) by extension 'ignore_ament_install'
[0.174s] Level 1:colcon.colcon_core.package_identification:_identify(my_new_project_folder/robotarm/myagv_navigation) by extensions ['colcon_pkg']
[0.174s] Level 1:colcon.colcon_core.package_identification:_identify(my_new_project_folder/robotarm/myagv_navigation) by extension 'colcon_pkg'
[0.174s] Level 1:colcon.colcon_core.package_identification:_identify(my_new_project_folder/robotarm/myagv_navigation) by extensions ['colcon_meta']
[0.174s] Level 1:colcon.colcon_core.package_identification:_identify(my_new_project_folder/robotarm/myagv_navigation) by extension 'colcon_meta'
[0.175s] Level 1:colcon.colcon_core.package_identification:_identify(my_new_project_folder/robotarm/myagv_navigation) by extensions ['ros']
[0.175s] Level 1:colcon.colcon_core.package_identification:_identify(my_new_project_folder/robotarm/myagv_navigation) by extension 'ros'
[0.175s] DEBUG:colcon.colcon_core.package_identification:Package 'my_new_project_folder/robotarm/myagv_navigation' with type 'ros.catkin' and name 'myagv_navigation'
[0.175s] Level 1:colcon.colcon_core.package_identification:_identify(my_new_project_folder/robotarm/robotarm_py) by extensions ['ignore', 'ignore_ament_install']
[0.175s] Level 1:colcon.colcon_core.package_identification:_identify(my_new_project_folder/robotarm/robotarm_py) by extension 'ignore'
[0.175s] Level 1:colcon.colcon_core.package_identification:_identify(my_new_project_folder/robotarm/robotarm_py) by extension 'ignore_ament_install'
[0.175s] Level 1:colcon.colcon_core.package_identification:_identify(my_new_project_folder/robotarm/robotarm_py) by extensions ['colcon_pkg']
[0.175s] Level 1:colcon.colcon_core.package_identification:_identify(my_new_project_folder/robotarm/robotarm_py) by extension 'colcon_pkg'
[0.175s] Level 1:colcon.colcon_core.package_identification:_identify(my_new_project_folder/robotarm/robotarm_py) by extensions ['colcon_meta']
[0.175s] Level 1:colcon.colcon_core.package_identification:_identify(my_new_project_folder/robotarm/robotarm_py) by extension 'colcon_meta'
[0.175s] Level 1:colcon.colcon_core.package_identification:_identify(my_new_project_folder/robotarm/robotarm_py) by extensions ['ros']
[0.175s] Level 1:colcon.colcon_core.package_identification:_identify(my_new_project_folder/robotarm/robotarm_py) by extension 'ros'
[0.175s] Level 1:colcon.colcon_core.package_identification:_identify(my_new_project_folder/robotarm/robotarm_py) by extensions ['cmake', 'python']
[0.175s] Level 1:colcon.colcon_core.package_identification:_identify(my_new_project_folder/robotarm/robotarm_py) by extension 'cmake'
[0.175s] Level 1:colcon.colcon_core.package_identification:_identify(my_new_project_folder/robotarm/robotarm_py) by extension 'python'
[0.175s] Level 1:colcon.colcon_core.package_identification:_identify(my_new_project_folder/robotarm/robotarm_py) by extensions ['python_setup_py']
[0.175s] Level 1:colcon.colcon_core.package_identification:_identify(my_new_project_folder/robotarm/robotarm_py) by extension 'python_setup_py'
[0.176s] Level 1:colcon.colcon_core.package_identification:_identify(my_new_project_folder/robotarm_py) by extensions ['ignore', 'ignore_ament_install']
[0.176s] Level 1:colcon.colcon_core.package_identification:_identify(my_new_project_folder/robotarm_py) by extension 'ignore'
[0.176s] Level 1:colcon.colcon_core.package_identification:_identify(my_new_project_folder/robotarm_py) by extension 'ignore_ament_install'
[0.176s] Level 1:colcon.colcon_core.package_identification:_identify(my_new_project_folder/robotarm_py) by extensions ['colcon_pkg']
[0.176s] Level 1:colcon.colcon_core.package_identification:_identify(my_new_project_folder/robotarm_py) by extension 'colcon_pkg'
[0.176s] Level 1:colcon.colcon_core.package_identification:_identify(my_new_project_folder/robotarm_py) by extensions ['colcon_meta']
[0.176s] Level 1:colcon.colcon_core.package_identification:_identify(my_new_project_folder/robotarm_py) by extension 'colcon_meta'
[0.176s] Level 1:colcon.colcon_core.package_identification:_identify(my_new_project_folder/robotarm_py) by extensions ['ros']
[0.176s] Level 1:colcon.colcon_core.package_identification:_identify(my_new_project_folder/robotarm_py) by extension 'ros'
[0.176s] Level 1:colcon.colcon_core.package_identification:_identify(my_new_project_folder/robotarm_py) by extensions ['cmake', 'python']
[0.176s] Level 1:colcon.colcon_core.package_identification:_identify(my_new_project_folder/robotarm_py) by extension 'cmake'
[0.176s] Level 1:colcon.colcon_core.package_identification:_identify(my_new_project_folder/robotarm_py) by extension 'python'
[0.176s] Level 1:colcon.colcon_core.package_identification:_identify(my_new_project_folder/robotarm_py) by extensions ['python_setup_py']
[0.176s] Level 1:colcon.colcon_core.package_identification:_identify(my_new_project_folder/robotarm_py) by extension 'python_setup_py'
[0.176s] Level 1:colcon.colcon_core.package_identification:_identify(my_new_project_folder/robotttttt) by extensions ['ignore', 'ignore_ament_install']
[0.176s] Level 1:colcon.colcon_core.package_identification:_identify(my_new_project_folder/robotttttt) by extension 'ignore'
[0.176s] Level 1:colcon.colcon_core.package_identification:_identify(my_new_project_folder/robotttttt) by extension 'ignore_ament_install'
[0.176s] Level 1:colcon.colcon_core.package_identification:_identify(my_new_project_folder/robotttttt) by extensions ['colcon_pkg']
[0.176s] Level 1:colcon.colcon_core.package_identification:_identify(my_new_project_folder/robotttttt) by extension 'colcon_pkg'
[0.176s] Level 1:colcon.colcon_core.package_identification:_identify(my_new_project_folder/robotttttt) by extensions ['colcon_meta']
[0.176s] Level 1:colcon.colcon_core.package_identification:_identify(my_new_project_folder/robotttttt) by extension 'colcon_meta'
[0.176s] Level 1:colcon.colcon_core.package_identification:_identify(my_new_project_folder/robotttttt) by extensions ['ros']
[0.176s] Level 1:colcon.colcon_core.package_identification:_identify(my_new_project_folder/robotttttt) by extension 'ros'
[0.176s] Level 1:colcon.colcon_core.package_identification:_identify(my_new_project_folder/robotttttt) by extensions ['cmake', 'python']
[0.176s] Level 1:colcon.colcon_core.package_identification:_identify(my_new_project_folder/robotttttt) by extension 'cmake'
[0.176s] Level 1:colcon.colcon_core.package_identification:_identify(my_new_project_folder/robotttttt) by extension 'python'
[0.176s] Level 1:colcon.colcon_core.package_identification:_identify(my_new_project_folder/robotttttt) by extensions ['python_setup_py']
[0.176s] Level 1:colcon.colcon_core.package_identification:_identify(my_new_project_folder/robotttttt) by extension 'python_setup_py'
[0.176s] Level 1:colcon.colcon_core.package_identification:_identify(새 폴더) by extensions ['ignore', 'ignore_ament_install']
[0.176s] Level 1:colcon.colcon_core.package_identification:_identify(새 폴더) by extension 'ignore'
[0.176s] Level 1:colcon.colcon_core.package_identification:_identify(새 폴더) by extension 'ignore_ament_install'
[0.176s] Level 1:colcon.colcon_core.package_identification:_identify(새 폴더) by extensions ['colcon_pkg']
[0.176s] Level 1:colcon.colcon_core.package_identification:_identify(새 폴더) by extension 'colcon_pkg'
[0.176s] Level 1:colcon.colcon_core.package_identification:_identify(새 폴더) by extensions ['colcon_meta']
[0.176s] Level 1:colcon.colcon_core.package_identification:_identify(새 폴더) by extension 'colcon_meta'
[0.176s] Level 1:colcon.colcon_core.package_identification:_identify(새 폴더) by extensions ['ros']
[0.176s] Level 1:colcon.colcon_core.package_identification:_identify(새 폴더) by extension 'ros'
[0.176s] Level 1:colcon.colcon_core.package_identification:_identify(새 폴더) by extensions ['cmake', 'python']
[0.176s] Level 1:colcon.colcon_core.package_identification:_identify(새 폴더) by extension 'cmake'
[0.176s] Level 1:colcon.colcon_core.package_identification:_identify(새 폴더) by extension 'python'
[0.177s] Level 1:colcon.colcon_core.package_identification:_identify(새 폴더) by extensions ['python_setup_py']
[0.177s] Level 1:colcon.colcon_core.package_identification:_identify(새 폴더) by extension 'python_setup_py'
[0.177s] Level 1:colcon.colcon_core.package_discovery:discover_packages(recursive) using defaults
[0.177s] Level 1:colcon.colcon_core.package_discovery:discover_packages(ignore) discover
[0.177s] Level 1:colcon.colcon_core.package_discovery:discover_packages(ignore) using defaults
[0.177s] Level 1:colcon.colcon_core.package_discovery:discover_packages(path) discover
[0.177s] Level 1:colcon.colcon_core.package_discovery:discover_packages(path) using defaults
[0.196s] Level 1:colcon.colcon_core.package_discovery:discover_packages(prefix_path) check parameters
[0.196s] Level 1:colcon.colcon_core.package_discovery:discover_packages(prefix_path) discover
[0.197s] DEBUG:colcon.colcon_installed_package_information.package_discovery:Found 271 installed packages in /opt/ros/humble
[0.198s] Level 1:colcon.colcon_core.package_discovery:discover_packages(prefix_path) using defaults
[0.218s] ERROR:colcon:colcon build: Duplicate package names not supported:
- myagv_navigation:
  - my_new_project_folder/myagv_navigation
  - my_new_project_folder/robotarm/myagv_navigation
