[0.205s] DEBUG:colcon:Command line arguments: ['/usr/bin/colcon', 'build']
[0.205s] DEBUG:colcon:Parsed command line arguments: Namespace(log_base=None, log_level=None, verb_name='build', build_base='build', install_base='install', merge_install=False, symlink_install=False, test_result_base=None, continue_on_error=False, executor='parallel', parallel_workers=12, event_handlers=None, ignore_user_meta=False, metas=['./colcon.meta'], base_paths=['.'], packages_ignore=None, packages_ignore_regex=None, paths=None, packages_up_to=None, packages_up_to_regex=None, packages_above=None, packages_above_and_dependencies=None, packages_above_depth=None, packages_select_by_dep=None, packages_skip_by_dep=None, packages_skip_up_to=None, packages_select_build_failed=False, packages_skip_build_finished=False, packages_select_test_failures=False, packages_skip_test_passed=False, packages_select=None, packages_skip=None, packages_select_regex=None, packages_skip_regex=None, packages_start=None, packages_end=None, allow_overriding=[], cmake_args=None, cmake_target=None, cmake_target_skip_unavailable=False, cmake_clean_cache=False, cmake_clean_first=False, cmake_force_configure=False, ament_cmake_args=None, catkin_cmake_args=None, catkin_skip_building_tests=False, mixin_files=None, mixin=None, verb_parser=<colcon_mixin.mixin.mixin_argument.MixinArgumentDecorator object at 0x7b76eae848e0>, verb_extension=<colcon_core.verb.build.BuildVerb object at 0x7b76eae02230>, main=<bound method BuildVerb.main of <colcon_core.verb.build.BuildVerb object at 0x7b76eae02230>>, mixin_verb=('build',))
[0.449s] Level 1:colcon.colcon_core.package_discovery:discover_packages(colcon_meta) check parameters
[0.450s] Level 1:colcon.colcon_core.package_discovery:discover_packages(recursive) check parameters
[0.450s] Level 1:colcon.colcon_core.package_discovery:discover_packages(ignore) check parameters
[0.450s] Level 1:colcon.colcon_core.package_discovery:discover_packages(path) check parameters
[0.450s] Level 1:colcon.colcon_core.package_discovery:discover_packages(colcon_meta) discover
[0.450s] Level 1:colcon.colcon_core.package_discovery:discover_packages(recursive) discover
[0.450s] INFO:colcon.colcon_core.package_discovery:Crawling recursively for packages in '/home/taehwan/ros2_ws'
[0.450s] Level 1:colcon.colcon_core.package_identification:_identify(.) by extensions ['ignore', 'ignore_ament_install']
[0.450s] Level 1:colcon.colcon_core.package_identification:_identify(.) by extension 'ignore'
[0.450s] Level 1:colcon.colcon_core.package_identification:_identify(.) by extension 'ignore_ament_install'
[0.450s] Level 1:colcon.colcon_core.package_identification:_identify(.) by extensions ['colcon_pkg']
[0.450s] Level 1:colcon.colcon_core.package_identification:_identify(.) by extension 'colcon_pkg'
[0.450s] Level 1:colcon.colcon_core.package_identification:_identify(.) by extensions ['colcon_meta']
[0.450s] Level 1:colcon.colcon_core.package_identification:_identify(.) by extension 'colcon_meta'
[0.450s] Level 1:colcon.colcon_core.package_identification:_identify(.) by extensions ['ros']
[0.450s] Level 1:colcon.colcon_core.package_identification:_identify(.) by extension 'ros'
[0.463s] Level 1:colcon.colcon_core.package_identification:_identify(.) by extensions ['cmake', 'python']
[0.463s] Level 1:colcon.colcon_core.package_identification:_identify(.) by extension 'cmake'
[0.464s] Level 1:colcon.colcon_core.package_identification:_identify(.) by extension 'python'
[0.464s] Level 1:colcon.colcon_core.package_identification:_identify(.) by extensions ['python_setup_py']
[0.464s] Level 1:colcon.colcon_core.package_identification:_identify(.) by extension 'python_setup_py'
[0.464s] Level 1:colcon.colcon_core.package_identification:_identify(build) by extensions ['ignore', 'ignore_ament_install']
[0.464s] Level 1:colcon.colcon_core.package_identification:_identify(build) by extension 'ignore'
[0.464s] Level 1:colcon.colcon_core.package_identification:_identify(build) ignored
[0.464s] Level 1:colcon.colcon_core.package_identification:_identify(install) by extensions ['ignore', 'ignore_ament_install']
[0.464s] Level 1:colcon.colcon_core.package_identification:_identify(install) by extension 'ignore'
[0.464s] Level 1:colcon.colcon_core.package_identification:_identify(install) ignored
[0.464s] Level 1:colcon.colcon_core.package_identification:_identify(log) by extensions ['ignore', 'ignore_ament_install']
[0.464s] Level 1:colcon.colcon_core.package_identification:_identify(log) by extension 'ignore'
[0.464s] Level 1:colcon.colcon_core.package_identification:_identify(log) ignored
[0.464s] Level 1:colcon.colcon_core.package_identification:_identify(src) by extensions ['ignore', 'ignore_ament_install']
[0.465s] Level 1:colcon.colcon_core.package_identification:_identify(src) by extension 'ignore'
[0.465s] Level 1:colcon.colcon_core.package_identification:_identify(src) by extension 'ignore_ament_install'
[0.465s] Level 1:colcon.colcon_core.package_identification:_identify(src) by extensions ['colcon_pkg']
[0.465s] Level 1:colcon.colcon_core.package_identification:_identify(src) by extension 'colcon_pkg'
[0.465s] Level 1:colcon.colcon_core.package_identification:_identify(src) by extensions ['colcon_meta']
[0.465s] Level 1:colcon.colcon_core.package_identification:_identify(src) by extension 'colcon_meta'
[0.465s] Level 1:colcon.colcon_core.package_identification:_identify(src) by extensions ['ros']
[0.465s] Level 1:colcon.colcon_core.package_identification:_identify(src) by extension 'ros'
[0.465s] Level 1:colcon.colcon_core.package_identification:_identify(src) by extensions ['cmake', 'python']
[0.465s] Level 1:colcon.colcon_core.package_identification:_identify(src) by extension 'cmake'
[0.465s] Level 1:colcon.colcon_core.package_identification:_identify(src) by extension 'python'
[0.465s] Level 1:colcon.colcon_core.package_identification:_identify(src) by extensions ['python_setup_py']
[0.465s] Level 1:colcon.colcon_core.package_identification:_identify(src) by extension 'python_setup_py'
[0.465s] Level 1:colcon.colcon_core.package_identification:_identify(src/plc_interface) by extensions ['ignore', 'ignore_ament_install']
[0.465s] Level 1:colcon.colcon_core.package_identification:_identify(src/plc_interface) by extension 'ignore'
[0.465s] Level 1:colcon.colcon_core.package_identification:_identify(src/plc_interface) by extension 'ignore_ament_install'
[0.465s] Level 1:colcon.colcon_core.package_identification:_identify(src/plc_interface) by extensions ['colcon_pkg']
[0.465s] Level 1:colcon.colcon_core.package_identification:_identify(src/plc_interface) by extension 'colcon_pkg'
[0.465s] Level 1:colcon.colcon_core.package_identification:_identify(src/plc_interface) by extensions ['colcon_meta']
[0.465s] Level 1:colcon.colcon_core.package_identification:_identify(src/plc_interface) by extension 'colcon_meta'
[0.465s] Level 1:colcon.colcon_core.package_identification:_identify(src/plc_interface) by extensions ['ros']
[0.465s] Level 1:colcon.colcon_core.package_identification:_identify(src/plc_interface) by extension 'ros'
[0.468s] DEBUG:colcon.colcon_core.package_identification:Package 'src/plc_interface' with type 'ros.ament_python' and name 'plc_interface'
[0.468s] Level 1:colcon.colcon_core.package_identification:_identify(src/ros_controller_pkg) by extensions ['ignore', 'ignore_ament_install']
[0.468s] Level 1:colcon.colcon_core.package_identification:_identify(src/ros_controller_pkg) by extension 'ignore'
[0.469s] Level 1:colcon.colcon_core.package_identification:_identify(src/ros_controller_pkg) by extension 'ignore_ament_install'
[0.469s] Level 1:colcon.colcon_core.package_identification:_identify(src/ros_controller_pkg) by extensions ['colcon_pkg']
[0.469s] Level 1:colcon.colcon_core.package_identification:_identify(src/ros_controller_pkg) by extension 'colcon_pkg'
[0.469s] Level 1:colcon.colcon_core.package_identification:_identify(src/ros_controller_pkg) by extensions ['colcon_meta']
[0.469s] Level 1:colcon.colcon_core.package_identification:_identify(src/ros_controller_pkg) by extension 'colcon_meta'
[0.469s] Level 1:colcon.colcon_core.package_identification:_identify(src/ros_controller_pkg) by extensions ['ros']
[0.469s] Level 1:colcon.colcon_core.package_identification:_identify(src/ros_controller_pkg) by extension 'ros'
[0.469s] DEBUG:colcon.colcon_core.package_identification:Package 'src/ros_controller_pkg' with type 'ros.ament_cmake' and name 'ros_controller_pkg'
[0.470s] Level 1:colcon.colcon_core.package_identification:_identify(src/stm_controller) by extensions ['ignore', 'ignore_ament_install']
[0.470s] Level 1:colcon.colcon_core.package_identification:_identify(src/stm_controller) by extension 'ignore'
[0.470s] Level 1:colcon.colcon_core.package_identification:_identify(src/stm_controller) by extension 'ignore_ament_install'
[0.470s] Level 1:colcon.colcon_core.package_identification:_identify(src/stm_controller) by extensions ['colcon_pkg']
[0.470s] Level 1:colcon.colcon_core.package_identification:_identify(src/stm_controller) by extension 'colcon_pkg'
[0.470s] Level 1:colcon.colcon_core.package_identification:_identify(src/stm_controller) by extensions ['colcon_meta']
[0.470s] Level 1:colcon.colcon_core.package_identification:_identify(src/stm_controller) by extension 'colcon_meta'
[0.470s] Level 1:colcon.colcon_core.package_identification:_identify(src/stm_controller) by extensions ['ros']
[0.470s] Level 1:colcon.colcon_core.package_identification:_identify(src/stm_controller) by extension 'ros'
[0.471s] DEBUG:colcon.colcon_core.package_identification:Package 'src/stm_controller' with type 'ros.ament_python' and name 'stm_controller'
[0.471s] Level 1:colcon.colcon_core.package_discovery:discover_packages(recursive) using defaults
[0.471s] Level 1:colcon.colcon_core.package_discovery:discover_packages(ignore) discover
[0.471s] Level 1:colcon.colcon_core.package_discovery:discover_packages(ignore) using defaults
[0.471s] Level 1:colcon.colcon_core.package_discovery:discover_packages(path) discover
[0.471s] Level 1:colcon.colcon_core.package_discovery:discover_packages(path) using defaults
[0.516s] Level 1:colcon.colcon_core.package_discovery:discover_packages(prefix_path) check parameters
[0.516s] Level 1:colcon.colcon_core.package_discovery:discover_packages(prefix_path) discover
[0.527s] DEBUG:colcon.colcon_installed_package_information.package_discovery:Found 3 installed packages in /home/taehwan/ros2_ws/install
[0.537s] DEBUG:colcon.colcon_installed_package_information.package_discovery:Found 347 installed packages in /home/taehwan/ros2_humble/install
[0.539s] Level 1:colcon.colcon_core.package_discovery:discover_packages(prefix_path) using defaults
[0.566s] Level 5:colcon.colcon_core.verb:set package 'plc_interface' build argument 'cmake_args' from command line to 'None'
[0.566s] Level 5:colcon.colcon_core.verb:set package 'plc_interface' build argument 'cmake_target' from command line to 'None'
[0.566s] Level 5:colcon.colcon_core.verb:set package 'plc_interface' build argument 'cmake_target_skip_unavailable' from command line to 'False'
[0.566s] Level 5:colcon.colcon_core.verb:set package 'plc_interface' build argument 'cmake_clean_cache' from command line to 'False'
[0.566s] Level 5:colcon.colcon_core.verb:set package 'plc_interface' build argument 'cmake_clean_first' from command line to 'False'
[0.566s] Level 5:colcon.colcon_core.verb:set package 'plc_interface' build argument 'cmake_force_configure' from command line to 'False'
[0.566s] Level 5:colcon.colcon_core.verb:set package 'plc_interface' build argument 'ament_cmake_args' from command line to 'None'
[0.566s] Level 5:colcon.colcon_core.verb:set package 'plc_interface' build argument 'catkin_cmake_args' from command line to 'None'
[0.566s] Level 5:colcon.colcon_core.verb:set package 'plc_interface' build argument 'catkin_skip_building_tests' from command line to 'False'
[0.566s] DEBUG:colcon.colcon_core.verb:Building package 'plc_interface' with the following arguments: {'ament_cmake_args': None, 'build_base': '/home/taehwan/ros2_ws/build/plc_interface', 'catkin_cmake_args': None, 'catkin_skip_building_tests': False, 'cmake_args': None, 'cmake_clean_cache': False, 'cmake_clean_first': False, 'cmake_force_configure': False, 'cmake_target': None, 'cmake_target_skip_unavailable': False, 'install_base': '/home/taehwan/ros2_ws/install/plc_interface', 'merge_install': False, 'path': '/home/taehwan/ros2_ws/src/plc_interface', 'symlink_install': False, 'test_result_base': None}
[0.566s] Level 5:colcon.colcon_core.verb:set package 'ros_controller_pkg' build argument 'cmake_args' from command line to 'None'
[0.566s] Level 5:colcon.colcon_core.verb:set package 'ros_controller_pkg' build argument 'cmake_target' from command line to 'None'
[0.566s] Level 5:colcon.colcon_core.verb:set package 'ros_controller_pkg' build argument 'cmake_target_skip_unavailable' from command line to 'False'
[0.567s] Level 5:colcon.colcon_core.verb:set package 'ros_controller_pkg' build argument 'cmake_clean_cache' from command line to 'False'
[0.567s] Level 5:colcon.colcon_core.verb:set package 'ros_controller_pkg' build argument 'cmake_clean_first' from command line to 'False'
[0.567s] Level 5:colcon.colcon_core.verb:set package 'ros_controller_pkg' build argument 'cmake_force_configure' from command line to 'False'
[0.567s] Level 5:colcon.colcon_core.verb:set package 'ros_controller_pkg' build argument 'ament_cmake_args' from command line to 'None'
[0.567s] Level 5:colcon.colcon_core.verb:set package 'ros_controller_pkg' build argument 'catkin_cmake_args' from command line to 'None'
[0.567s] Level 5:colcon.colcon_core.verb:set package 'ros_controller_pkg' build argument 'catkin_skip_building_tests' from command line to 'False'
[0.567s] DEBUG:colcon.colcon_core.verb:Building package 'ros_controller_pkg' with the following arguments: {'ament_cmake_args': None, 'build_base': '/home/taehwan/ros2_ws/build/ros_controller_pkg', 'catkin_cmake_args': None, 'catkin_skip_building_tests': False, 'cmake_args': None, 'cmake_clean_cache': False, 'cmake_clean_first': False, 'cmake_force_configure': False, 'cmake_target': None, 'cmake_target_skip_unavailable': False, 'install_base': '/home/taehwan/ros2_ws/install/ros_controller_pkg', 'merge_install': False, 'path': '/home/taehwan/ros2_ws/src/ros_controller_pkg', 'symlink_install': False, 'test_result_base': None}
[0.567s] Level 5:colcon.colcon_core.verb:set package 'stm_controller' build argument 'cmake_args' from command line to 'None'
[0.567s] Level 5:colcon.colcon_core.verb:set package 'stm_controller' build argument 'cmake_target' from command line to 'None'
[0.567s] Level 5:colcon.colcon_core.verb:set package 'stm_controller' build argument 'cmake_target_skip_unavailable' from command line to 'False'
[0.567s] Level 5:colcon.colcon_core.verb:set package 'stm_controller' build argument 'cmake_clean_cache' from command line to 'False'
[0.567s] Level 5:colcon.colcon_core.verb:set package 'stm_controller' build argument 'cmake_clean_first' from command line to 'False'
[0.567s] Level 5:colcon.colcon_core.verb:set package 'stm_controller' build argument 'cmake_force_configure' from command line to 'False'
[0.567s] Level 5:colcon.colcon_core.verb:set package 'stm_controller' build argument 'ament_cmake_args' from command line to 'None'
[0.567s] Level 5:colcon.colcon_core.verb:set package 'stm_controller' build argument 'catkin_cmake_args' from command line to 'None'
[0.567s] Level 5:colcon.colcon_core.verb:set package 'stm_controller' build argument 'catkin_skip_building_tests' from command line to 'False'
[0.567s] DEBUG:colcon.colcon_core.verb:Building package 'stm_controller' with the following arguments: {'ament_cmake_args': None, 'build_base': '/home/taehwan/ros2_ws/build/stm_controller', 'catkin_cmake_args': None, 'catkin_skip_building_tests': False, 'cmake_args': None, 'cmake_clean_cache': False, 'cmake_clean_first': False, 'cmake_force_configure': False, 'cmake_target': None, 'cmake_target_skip_unavailable': False, 'install_base': '/home/taehwan/ros2_ws/install/stm_controller', 'merge_install': False, 'path': '/home/taehwan/ros2_ws/src/stm_controller', 'symlink_install': False, 'test_result_base': None}
[0.567s] INFO:colcon.colcon_core.executor:Executing jobs using 'parallel' executor
[0.569s] DEBUG:colcon.colcon_parallel_executor.executor.parallel:run_until_complete
[0.569s] INFO:colcon.colcon_ros.task.ament_python.build:Building ROS package in '/home/taehwan/ros2_ws/src/plc_interface' with build type 'ament_python'
[0.569s] Level 1:colcon.colcon_core.shell:create_environment_hook('plc_interface', 'ament_prefix_path')
[0.574s] INFO:colcon.colcon_core.plugin_system:Skipping extension 'colcon_core.shell.bat': Not used on non-Windows systems
[0.574s] INFO:colcon.colcon_core.shell:Creating environment hook '/home/taehwan/ros2_ws/install/plc_interface/share/plc_interface/hook/ament_prefix_path.ps1'
[0.575s] INFO:colcon.colcon_core.shell:Creating environment descriptor '/home/taehwan/ros2_ws/install/plc_interface/share/plc_interface/hook/ament_prefix_path.dsv'
[0.576s] INFO:colcon.colcon_core.shell:Creating environment hook '/home/taehwan/ros2_ws/install/plc_interface/share/plc_interface/hook/ament_prefix_path.sh'
[0.576s] INFO:colcon.colcon_core.shell:Skip shell extension 'powershell' for command environment: Not usable outside of PowerShell
[0.576s] DEBUG:colcon.colcon_core.shell:Skip shell extension 'dsv' for command environment
[0.599s] INFO:colcon.colcon_ros.task.ament_cmake.build:Building ROS package in '/home/taehwan/ros2_ws/src/ros_controller_pkg' with build type 'ament_cmake'
[0.599s] INFO:colcon.colcon_cmake.task.cmake.build:Building CMake package in '/home/taehwan/ros2_ws/src/ros_controller_pkg'
[0.600s] INFO:colcon.colcon_core.shell:Skip shell extension 'powershell' for command environment: Not usable outside of PowerShell
[0.600s] DEBUG:colcon.colcon_core.shell:Skip shell extension 'dsv' for command environment
[0.623s] INFO:colcon.colcon_ros.task.ament_python.build:Building ROS package in '/home/taehwan/ros2_ws/src/stm_controller' with build type 'ament_python'
[0.623s] Level 1:colcon.colcon_core.shell:create_environment_hook('stm_controller', 'ament_prefix_path')
[0.624s] INFO:colcon.colcon_core.shell:Creating environment hook '/home/taehwan/ros2_ws/install/stm_controller/share/stm_controller/hook/ament_prefix_path.ps1'
[0.625s] INFO:colcon.colcon_core.shell:Creating environment descriptor '/home/taehwan/ros2_ws/install/stm_controller/share/stm_controller/hook/ament_prefix_path.dsv'
[0.625s] INFO:colcon.colcon_core.shell:Creating environment hook '/home/taehwan/ros2_ws/install/stm_controller/share/stm_controller/hook/ament_prefix_path.sh'
[0.626s] INFO:colcon.colcon_core.shell:Skip shell extension 'powershell' for command environment: Not usable outside of PowerShell
[0.626s] DEBUG:colcon.colcon_core.shell:Skip shell extension 'dsv' for command environment
[1.104s] INFO:colcon.colcon_core.task.python.build:Building Python package in '/home/taehwan/ros2_ws/src/plc_interface'
[1.105s] INFO:colcon.colcon_core.shell:Skip shell extension 'powershell' for command environment: Not usable outside of PowerShell
[1.105s] DEBUG:colcon.colcon_core.shell:Skip shell extension 'dsv' for command environment
[1.133s] DEBUG:colcon.colcon_core.event_handler.log_command:Invoking command in '/home/taehwan/ros2_ws/build/ros_controller_pkg': CMAKE_PREFIX_PATH=${CMAKE_PREFIX_PATH}:/home/taehwan/ros2_ws/install/stm_controller:/home/taehwan/ros2_ws/install/plc_interface:/home/taehwan/ros2_humble/install/rqt_bag_plugins:/home/taehwan/ros2_humble/install/rqt_bag:/home/taehwan/ros2_humble/install/launch_testing_examples:/home/taehwan/ros2_humble/install/ros2bag:/home/taehwan/ros2_humble/install/tracetools_test:/home/taehwan/ros2_humble/install/tracetools_launch:/home/taehwan/ros2_humble/install/topic_monitor:/home/taehwan/ros2_humble/install/tf2_tools:/home/taehwan/ros2_humble/install/examples_tf2_py:/home/taehwan/ros2_humble/install/tf2_ros_py:/home/taehwan/ros2_humble/install/sros2:/home/taehwan/ros2_humble/install/rqt_topic:/home/taehwan/ros2_humble/install/rqt_srv:/home/taehwan/ros2_humble/install/rqt_shell:/home/taehwan/ros2_humble/install/rqt_service_caller:/home/taehwan/ros2_humble/install/rqt_reconfigure:/home/taehwan/ros2_humble/install/rqt_py_console:/home/taehwan/ros2_humble/install/rqt_publisher:/home/taehwan/ros2_humble/install/rqt_plot:/home/taehwan/ros2_humble/install/rqt_action:/home/taehwan/ros2_humble/install/rqt_msg:/home/taehwan/ros2_humble/install/rqt_console:/home/taehwan/ros2_humble/install/rqt:/home/taehwan/ros2_humble/install/rqt_graph:/home/taehwan/ros2_humble/install/rqt_gui_py:/home/taehwan/ros2_humble/install/rqt_gui:/home/taehwan/ros2_humble/install/ros2trace:/home/taehwan/ros2_humble/install/ros2topic:/home/taehwan/ros2_humble/install/ros2test:/home/taehwan/ros2_humble/install/ros2component:/home/taehwan/ros2_humble/install/ros2param:/home/taehwan/ros2_humble/install/ros2lifecycle:/home/taehwan/ros2_humble/install/ros2service:/home/taehwan/ros2_humble/install/ros2run:/home/taehwan/ros2_humble/install/ros2plugin:/home/taehwan/ros2_humble/install/ros2launch:/home/taehwan/ros2_humble/install/ros2pkg:/home/taehwan/ros2_humble/install/ros2node:/home/taehwan/ros2_humble/install/ros2multicast:/home/taehwan/ros2_humble/install/ros2interface:/home/taehwan/ros2_humble/install/ros2doctor:/home/taehwan/ros2_humble/install/ros2action:/home/taehwan/ros2_humble/install/ros2cli:/home/taehwan/ros2_humble/install/quality_of_service_demo_py:/home/taehwan/ros2_humble/install/lifecycle_py:/home/taehwan/ros2_humble/install/launch_testing_ros:/home/taehwan/ros2_humble/install/launch_ros:/home/taehwan/ros2_humble/install/examples_rclpy_pointcloud_publisher:/home/taehwan/ros2_humble/install/examples_rclpy_minimal_subscriber:/home/taehwan/ros2_humble/install/examples_rclpy_minimal_service:/home/taehwan/ros2_humble/install/examples_rclpy_minimal_publisher:/home/taehwan/ros2_humble/install/examples_rclpy_minimal_client:/home/taehwan/ros2_humble/install/examples_rclpy_minimal_action_server:/home/taehwan/ros2_humble/install/examples_rclpy_minimal_action_client:/home/taehwan/ros2_humble/install/examples_rclpy_guard_conditions:/home/taehwan/ros2_humble/install/examples_rclpy_executors:/home/taehwan/ros2_humble/install/demo_nodes_py:/home/taehwan/ros2_humble/install/camera_info_manager_py:/home/taehwan/ros2_humble/install/action_tutorials_py:/home/taehwan/ros2_humble/install/ament_uncrustify:/home/taehwan/ros2_humble/install/tracetools_trace:/home/taehwan/ros2_humble/install/tracetools_read:/home/taehwan/ros2_humble/install/test_tracetools_launch:/home/taehwan/ros2_humble/install/test_launch_ros:/home/taehwan/ros2_humble/install/sensor_msgs_py:/home/taehwan/ros2_humble/install/rpyutils:/home/taehwan/ros2_humble/install/rosidl_runtime_py:/home/taehwan/ros2_humble/install/rosidl_cli:/home/taehwan/ros2_humble/install/launch_pytest:/home/taehwan/ros2_humble/install/launch_testing:/home/taehwan/ros2_humble/install/launch_yaml:/home/taehwan/ros2_humble/install/launch_xml:/home/taehwan/ros2_humble/install/launch:/home/taehwan/ros2_humble/install/osrf_pycommon:/home/taehwan/ros2_humble/install/domain_coordinator:/home/taehwan/ros2_humble/install/ament_xmllint:/home/taehwan/ros2_humble/install/ament_pyflakes:/home/taehwan/ros2_humble/install/ament_pycodestyle:/home/taehwan/ros2_humble/install/ament_pep257:/home/taehwan/ros2_humble/install/ament_pclint:/home/taehwan/ros2_humble/install/ament_package:/home/taehwan/ros2_humble/install/ament_mypy:/home/taehwan/ros2_humble/install/ament_lint_cmake:/home/taehwan/ros2_humble/install/ament_flake8:/home/taehwan/ros2_humble/install/ament_copyright:/home/taehwan/ros2_humble/install/ament_lint:/home/taehwan/ros2_humble/install/ament_index_python:/home/taehwan/ros2_humble/install/ament_cpplint:/home/taehwan/ros2_humble/install/ament_cppcheck:/home/taehwan/ros2_humble/install/ament_clang_tidy:/home/taehwan/ros2_humble/install/ament_clang_format /usr/bin/cmake --build /home/taehwan/ros2_ws/build/ros_controller_pkg -- -j12 -l12
[1.657s] INFO:colcon.colcon_core.task.python.build:Building Python package in '/home/taehwan/ros2_ws/src/stm_controller'
[1.658s] INFO:colcon.colcon_core.shell:Skip shell extension 'powershell' for command environment: Not usable outside of PowerShell
[1.658s] DEBUG:colcon.colcon_core.shell:Skip shell extension 'dsv' for command environment
[2.419s] DEBUG:colcon.colcon_core.event_handler.log_command:Invoking command in '/home/taehwan/ros2_ws/src/stm_controller': PYTHONPATH=/home/taehwan/ros2_ws/build/stm_controller/prefix_override:/usr/lib/python3/dist-packages/colcon_core/task/python/colcon_distutils_commands:/home/taehwan/ros2_ws/install/stm_controller/lib/python3.10/site-packages:${PYTHONPATH} /usr/bin/python3 -W ignore:setup.py install is deprecated -W ignore:easy_install command is deprecated setup.py egg_info --egg-base ../../build/stm_controller build --build-base /home/taehwan/ros2_ws/build/stm_controller/build install --record /home/taehwan/ros2_ws/build/stm_controller/install.log --single-version-externally-managed install_data
[2.740s] DEBUG:colcon.colcon_core.event_handler.log_command:Invoking command in '/home/taehwan/ros2_ws/src/plc_interface': PYTHONPATH=/home/taehwan/ros2_ws/build/plc_interface/prefix_override:/usr/lib/python3/dist-packages/colcon_core/task/python/colcon_distutils_commands:/home/taehwan/ros2_ws/install/plc_interface/lib/python3.10/site-packages:${PYTHONPATH} /usr/bin/python3 -W ignore:setup.py install is deprecated -W ignore:easy_install command is deprecated setup.py egg_info --egg-base ../../build/plc_interface build --build-base /home/taehwan/ros2_ws/build/plc_interface/build install --record /home/taehwan/ros2_ws/build/plc_interface/install.log --single-version-externally-managed install_data
[3.049s] DEBUG:colcon.colcon_core.event_handler.log_command:Invoked command in '/home/taehwan/ros2_ws/src/stm_controller' returned '0': PYTHONPATH=/home/taehwan/ros2_ws/build/stm_controller/prefix_override:/usr/lib/python3/dist-packages/colcon_core/task/python/colcon_distutils_commands:/home/taehwan/ros2_ws/install/stm_controller/lib/python3.10/site-packages:${PYTHONPATH} /usr/bin/python3 -W ignore:setup.py install is deprecated -W ignore:easy_install command is deprecated setup.py egg_info --egg-base ../../build/stm_controller build --build-base /home/taehwan/ros2_ws/build/stm_controller/build install --record /home/taehwan/ros2_ws/build/stm_controller/install.log --single-version-externally-managed install_data
[3.058s] Level 1:colcon.colcon_core.environment:checking '/home/taehwan/ros2_ws/install/stm_controller' for CMake module files
[3.059s] Level 1:colcon.colcon_core.environment:checking '/home/taehwan/ros2_ws/install/stm_controller' for CMake config files
[3.061s] Level 1:colcon.colcon_core.environment:checking '/home/taehwan/ros2_ws/install/stm_controller/lib'
[3.061s] Level 1:colcon.colcon_core.environment:checking '/home/taehwan/ros2_ws/install/stm_controller/bin'
[3.061s] Level 1:colcon.colcon_core.environment:checking '/home/taehwan/ros2_ws/install/stm_controller/lib/pkgconfig/stm_controller.pc'
[3.062s] Level 1:colcon.colcon_core.environment:checking '/home/taehwan/ros2_ws/install/stm_controller/lib/python3.10/site-packages'
[3.062s] Level 1:colcon.colcon_core.shell:create_environment_hook('stm_controller', 'pythonpath')
[3.062s] INFO:colcon.colcon_core.shell:Creating environment hook '/home/taehwan/ros2_ws/install/stm_controller/share/stm_controller/hook/pythonpath.ps1'
[3.063s] INFO:colcon.colcon_core.shell:Creating environment descriptor '/home/taehwan/ros2_ws/install/stm_controller/share/stm_controller/hook/pythonpath.dsv'
[3.064s] INFO:colcon.colcon_core.shell:Creating environment hook '/home/taehwan/ros2_ws/install/stm_controller/share/stm_controller/hook/pythonpath.sh'
[3.065s] Level 1:colcon.colcon_core.environment:checking '/home/taehwan/ros2_ws/install/stm_controller/bin'
[3.065s] Level 1:colcon.colcon_core.environment:create_environment_scripts_only(stm_controller)
[3.066s] INFO:colcon.colcon_core.shell:Creating package script '/home/taehwan/ros2_ws/install/stm_controller/share/stm_controller/package.ps1'
[3.067s] INFO:colcon.colcon_core.shell:Creating package descriptor '/home/taehwan/ros2_ws/install/stm_controller/share/stm_controller/package.dsv'
[3.067s] INFO:colcon.colcon_core.shell:Creating package script '/home/taehwan/ros2_ws/install/stm_controller/share/stm_controller/package.sh'
[3.068s] INFO:colcon.colcon_core.shell:Creating package script '/home/taehwan/ros2_ws/install/stm_controller/share/stm_controller/package.bash'
[3.069s] INFO:colcon.colcon_core.shell:Creating package script '/home/taehwan/ros2_ws/install/stm_controller/share/stm_controller/package.zsh'
[3.070s] Level 1:colcon.colcon_core.environment:create_file_with_runtime_dependencies(/home/taehwan/ros2_ws/install/stm_controller/share/colcon-core/packages/stm_controller)
[3.379s] Level 1:colcon.colcon_core.environment:checking '/home/taehwan/ros2_ws/install/plc_interface' for CMake module files
[3.380s] DEBUG:colcon.colcon_core.event_handler.log_command:Invoked command in '/home/taehwan/ros2_ws/src/plc_interface' returned '0': PYTHONPATH=/home/taehwan/ros2_ws/build/plc_interface/prefix_override:/usr/lib/python3/dist-packages/colcon_core/task/python/colcon_distutils_commands:/home/taehwan/ros2_ws/install/plc_interface/lib/python3.10/site-packages:${PYTHONPATH} /usr/bin/python3 -W ignore:setup.py install is deprecated -W ignore:easy_install command is deprecated setup.py egg_info --egg-base ../../build/plc_interface build --build-base /home/taehwan/ros2_ws/build/plc_interface/build install --record /home/taehwan/ros2_ws/build/plc_interface/install.log --single-version-externally-managed install_data
[3.381s] Level 1:colcon.colcon_core.environment:checking '/home/taehwan/ros2_ws/install/plc_interface' for CMake config files
[3.381s] Level 1:colcon.colcon_core.environment:checking '/home/taehwan/ros2_ws/install/plc_interface/lib'
[3.381s] Level 1:colcon.colcon_core.environment:checking '/home/taehwan/ros2_ws/install/plc_interface/bin'
[3.381s] Level 1:colcon.colcon_core.environment:checking '/home/taehwan/ros2_ws/install/plc_interface/lib/pkgconfig/plc_interface.pc'
[3.382s] Level 1:colcon.colcon_core.environment:checking '/home/taehwan/ros2_ws/install/plc_interface/lib/python3.10/site-packages'
[3.382s] Level 1:colcon.colcon_core.shell:create_environment_hook('plc_interface', 'pythonpath')
[3.382s] INFO:colcon.colcon_core.shell:Creating environment hook '/home/taehwan/ros2_ws/install/plc_interface/share/plc_interface/hook/pythonpath.ps1'
[3.383s] INFO:colcon.colcon_core.shell:Creating environment descriptor '/home/taehwan/ros2_ws/install/plc_interface/share/plc_interface/hook/pythonpath.dsv'
[3.383s] INFO:colcon.colcon_core.shell:Creating environment hook '/home/taehwan/ros2_ws/install/plc_interface/share/plc_interface/hook/pythonpath.sh'
[3.384s] Level 1:colcon.colcon_core.environment:checking '/home/taehwan/ros2_ws/install/plc_interface/bin'
[3.384s] Level 1:colcon.colcon_core.environment:create_environment_scripts_only(plc_interface)
[3.384s] INFO:colcon.colcon_core.shell:Creating package script '/home/taehwan/ros2_ws/install/plc_interface/share/plc_interface/package.ps1'
[3.385s] INFO:colcon.colcon_core.shell:Creating package descriptor '/home/taehwan/ros2_ws/install/plc_interface/share/plc_interface/package.dsv'
[3.386s] INFO:colcon.colcon_core.shell:Creating package script '/home/taehwan/ros2_ws/install/plc_interface/share/plc_interface/package.sh'
[3.386s] INFO:colcon.colcon_core.shell:Creating package script '/home/taehwan/ros2_ws/install/plc_interface/share/plc_interface/package.bash'
[3.386s] INFO:colcon.colcon_core.shell:Creating package script '/home/taehwan/ros2_ws/install/plc_interface/share/plc_interface/package.zsh'
[3.387s] Level 1:colcon.colcon_core.environment:create_file_with_runtime_dependencies(/home/taehwan/ros2_ws/install/plc_interface/share/colcon-core/packages/plc_interface)
[5.543s] DEBUG:colcon.colcon_core.event_handler.log_command:Invoked command in '/home/taehwan/ros2_ws/build/ros_controller_pkg' returned '0': CMAKE_PREFIX_PATH=${CMAKE_PREFIX_PATH}:/home/taehwan/ros2_ws/install/stm_controller:/home/taehwan/ros2_ws/install/plc_interface:/home/taehwan/ros2_humble/install/rqt_bag_plugins:/home/taehwan/ros2_humble/install/rqt_bag:/home/taehwan/ros2_humble/install/launch_testing_examples:/home/taehwan/ros2_humble/install/ros2bag:/home/taehwan/ros2_humble/install/tracetools_test:/home/taehwan/ros2_humble/install/tracetools_launch:/home/taehwan/ros2_humble/install/topic_monitor:/home/taehwan/ros2_humble/install/tf2_tools:/home/taehwan/ros2_humble/install/examples_tf2_py:/home/taehwan/ros2_humble/install/tf2_ros_py:/home/taehwan/ros2_humble/install/sros2:/home/taehwan/ros2_humble/install/rqt_topic:/home/taehwan/ros2_humble/install/rqt_srv:/home/taehwan/ros2_humble/install/rqt_shell:/home/taehwan/ros2_humble/install/rqt_service_caller:/home/taehwan/ros2_humble/install/rqt_reconfigure:/home/taehwan/ros2_humble/install/rqt_py_console:/home/taehwan/ros2_humble/install/rqt_publisher:/home/taehwan/ros2_humble/install/rqt_plot:/home/taehwan/ros2_humble/install/rqt_action:/home/taehwan/ros2_humble/install/rqt_msg:/home/taehwan/ros2_humble/install/rqt_console:/home/taehwan/ros2_humble/install/rqt:/home/taehwan/ros2_humble/install/rqt_graph:/home/taehwan/ros2_humble/install/rqt_gui_py:/home/taehwan/ros2_humble/install/rqt_gui:/home/taehwan/ros2_humble/install/ros2trace:/home/taehwan/ros2_humble/install/ros2topic:/home/taehwan/ros2_humble/install/ros2test:/home/taehwan/ros2_humble/install/ros2component:/home/taehwan/ros2_humble/install/ros2param:/home/taehwan/ros2_humble/install/ros2lifecycle:/home/taehwan/ros2_humble/install/ros2service:/home/taehwan/ros2_humble/install/ros2run:/home/taehwan/ros2_humble/install/ros2plugin:/home/taehwan/ros2_humble/install/ros2launch:/home/taehwan/ros2_humble/install/ros2pkg:/home/taehwan/ros2_humble/install/ros2node:/home/taehwan/ros2_humble/install/ros2multicast:/home/taehwan/ros2_humble/install/ros2interface:/home/taehwan/ros2_humble/install/ros2doctor:/home/taehwan/ros2_humble/install/ros2action:/home/taehwan/ros2_humble/install/ros2cli:/home/taehwan/ros2_humble/install/quality_of_service_demo_py:/home/taehwan/ros2_humble/install/lifecycle_py:/home/taehwan/ros2_humble/install/launch_testing_ros:/home/taehwan/ros2_humble/install/launch_ros:/home/taehwan/ros2_humble/install/examples_rclpy_pointcloud_publisher:/home/taehwan/ros2_humble/install/examples_rclpy_minimal_subscriber:/home/taehwan/ros2_humble/install/examples_rclpy_minimal_service:/home/taehwan/ros2_humble/install/examples_rclpy_minimal_publisher:/home/taehwan/ros2_humble/install/examples_rclpy_minimal_client:/home/taehwan/ros2_humble/install/examples_rclpy_minimal_action_server:/home/taehwan/ros2_humble/install/examples_rclpy_minimal_action_client:/home/taehwan/ros2_humble/install/examples_rclpy_guard_conditions:/home/taehwan/ros2_humble/install/examples_rclpy_executors:/home/taehwan/ros2_humble/install/demo_nodes_py:/home/taehwan/ros2_humble/install/camera_info_manager_py:/home/taehwan/ros2_humble/install/action_tutorials_py:/home/taehwan/ros2_humble/install/ament_uncrustify:/home/taehwan/ros2_humble/install/tracetools_trace:/home/taehwan/ros2_humble/install/tracetools_read:/home/taehwan/ros2_humble/install/test_tracetools_launch:/home/taehwan/ros2_humble/install/test_launch_ros:/home/taehwan/ros2_humble/install/sensor_msgs_py:/home/taehwan/ros2_humble/install/rpyutils:/home/taehwan/ros2_humble/install/rosidl_runtime_py:/home/taehwan/ros2_humble/install/rosidl_cli:/home/taehwan/ros2_humble/install/launch_pytest:/home/taehwan/ros2_humble/install/launch_testing:/home/taehwan/ros2_humble/install/launch_yaml:/home/taehwan/ros2_humble/install/launch_xml:/home/taehwan/ros2_humble/install/launch:/home/taehwan/ros2_humble/install/osrf_pycommon:/home/taehwan/ros2_humble/install/domain_coordinator:/home/taehwan/ros2_humble/install/ament_xmllint:/home/taehwan/ros2_humble/install/ament_pyflakes:/home/taehwan/ros2_humble/install/ament_pycodestyle:/home/taehwan/ros2_humble/install/ament_pep257:/home/taehwan/ros2_humble/install/ament_pclint:/home/taehwan/ros2_humble/install/ament_package:/home/taehwan/ros2_humble/install/ament_mypy:/home/taehwan/ros2_humble/install/ament_lint_cmake:/home/taehwan/ros2_humble/install/ament_flake8:/home/taehwan/ros2_humble/install/ament_copyright:/home/taehwan/ros2_humble/install/ament_lint:/home/taehwan/ros2_humble/install/ament_index_python:/home/taehwan/ros2_humble/install/ament_cpplint:/home/taehwan/ros2_humble/install/ament_cppcheck:/home/taehwan/ros2_humble/install/ament_clang_tidy:/home/taehwan/ros2_humble/install/ament_clang_format /usr/bin/cmake --build /home/taehwan/ros2_ws/build/ros_controller_pkg -- -j12 -l12
[5.569s] DEBUG:colcon.colcon_core.event_handler.log_command:Invoking command in '/home/taehwan/ros2_ws/build/ros_controller_pkg': CMAKE_PREFIX_PATH=${CMAKE_PREFIX_PATH}:/home/taehwan/ros2_ws/install/stm_controller:/home/taehwan/ros2_ws/install/plc_interface:/home/taehwan/ros2_humble/install/rqt_bag_plugins:/home/taehwan/ros2_humble/install/rqt_bag:/home/taehwan/ros2_humble/install/launch_testing_examples:/home/taehwan/ros2_humble/install/ros2bag:/home/taehwan/ros2_humble/install/tracetools_test:/home/taehwan/ros2_humble/install/tracetools_launch:/home/taehwan/ros2_humble/install/topic_monitor:/home/taehwan/ros2_humble/install/tf2_tools:/home/taehwan/ros2_humble/install/examples_tf2_py:/home/taehwan/ros2_humble/install/tf2_ros_py:/home/taehwan/ros2_humble/install/sros2:/home/taehwan/ros2_humble/install/rqt_topic:/home/taehwan/ros2_humble/install/rqt_srv:/home/taehwan/ros2_humble/install/rqt_shell:/home/taehwan/ros2_humble/install/rqt_service_caller:/home/taehwan/ros2_humble/install/rqt_reconfigure:/home/taehwan/ros2_humble/install/rqt_py_console:/home/taehwan/ros2_humble/install/rqt_publisher:/home/taehwan/ros2_humble/install/rqt_plot:/home/taehwan/ros2_humble/install/rqt_action:/home/taehwan/ros2_humble/install/rqt_msg:/home/taehwan/ros2_humble/install/rqt_console:/home/taehwan/ros2_humble/install/rqt:/home/taehwan/ros2_humble/install/rqt_graph:/home/taehwan/ros2_humble/install/rqt_gui_py:/home/taehwan/ros2_humble/install/rqt_gui:/home/taehwan/ros2_humble/install/ros2trace:/home/taehwan/ros2_humble/install/ros2topic:/home/taehwan/ros2_humble/install/ros2test:/home/taehwan/ros2_humble/install/ros2component:/home/taehwan/ros2_humble/install/ros2param:/home/taehwan/ros2_humble/install/ros2lifecycle:/home/taehwan/ros2_humble/install/ros2service:/home/taehwan/ros2_humble/install/ros2run:/home/taehwan/ros2_humble/install/ros2plugin:/home/taehwan/ros2_humble/install/ros2launch:/home/taehwan/ros2_humble/install/ros2pkg:/home/taehwan/ros2_humble/install/ros2node:/home/taehwan/ros2_humble/install/ros2multicast:/home/taehwan/ros2_humble/install/ros2interface:/home/taehwan/ros2_humble/install/ros2doctor:/home/taehwan/ros2_humble/install/ros2action:/home/taehwan/ros2_humble/install/ros2cli:/home/taehwan/ros2_humble/install/quality_of_service_demo_py:/home/taehwan/ros2_humble/install/lifecycle_py:/home/taehwan/ros2_humble/install/launch_testing_ros:/home/taehwan/ros2_humble/install/launch_ros:/home/taehwan/ros2_humble/install/examples_rclpy_pointcloud_publisher:/home/taehwan/ros2_humble/install/examples_rclpy_minimal_subscriber:/home/taehwan/ros2_humble/install/examples_rclpy_minimal_service:/home/taehwan/ros2_humble/install/examples_rclpy_minimal_publisher:/home/taehwan/ros2_humble/install/examples_rclpy_minimal_client:/home/taehwan/ros2_humble/install/examples_rclpy_minimal_action_server:/home/taehwan/ros2_humble/install/examples_rclpy_minimal_action_client:/home/taehwan/ros2_humble/install/examples_rclpy_guard_conditions:/home/taehwan/ros2_humble/install/examples_rclpy_executors:/home/taehwan/ros2_humble/install/demo_nodes_py:/home/taehwan/ros2_humble/install/camera_info_manager_py:/home/taehwan/ros2_humble/install/action_tutorials_py:/home/taehwan/ros2_humble/install/ament_uncrustify:/home/taehwan/ros2_humble/install/tracetools_trace:/home/taehwan/ros2_humble/install/tracetools_read:/home/taehwan/ros2_humble/install/test_tracetools_launch:/home/taehwan/ros2_humble/install/test_launch_ros:/home/taehwan/ros2_humble/install/sensor_msgs_py:/home/taehwan/ros2_humble/install/rpyutils:/home/taehwan/ros2_humble/install/rosidl_runtime_py:/home/taehwan/ros2_humble/install/rosidl_cli:/home/taehwan/ros2_humble/install/launch_pytest:/home/taehwan/ros2_humble/install/launch_testing:/home/taehwan/ros2_humble/install/launch_yaml:/home/taehwan/ros2_humble/install/launch_xml:/home/taehwan/ros2_humble/install/launch:/home/taehwan/ros2_humble/install/osrf_pycommon:/home/taehwan/ros2_humble/install/domain_coordinator:/home/taehwan/ros2_humble/install/ament_xmllint:/home/taehwan/ros2_humble/install/ament_pyflakes:/home/taehwan/ros2_humble/install/ament_pycodestyle:/home/taehwan/ros2_humble/install/ament_pep257:/home/taehwan/ros2_humble/install/ament_pclint:/home/taehwan/ros2_humble/install/ament_package:/home/taehwan/ros2_humble/install/ament_mypy:/home/taehwan/ros2_humble/install/ament_lint_cmake:/home/taehwan/ros2_humble/install/ament_flake8:/home/taehwan/ros2_humble/install/ament_copyright:/home/taehwan/ros2_humble/install/ament_lint:/home/taehwan/ros2_humble/install/ament_index_python:/home/taehwan/ros2_humble/install/ament_cpplint:/home/taehwan/ros2_humble/install/ament_cppcheck:/home/taehwan/ros2_humble/install/ament_clang_tidy:/home/taehwan/ros2_humble/install/ament_clang_format /usr/bin/cmake --install /home/taehwan/ros2_ws/build/ros_controller_pkg
[5.733s] Level 1:colcon.colcon_core.environment:create_environment_scripts_only(ros_controller_pkg)
[5.734s] Level 1:colcon.colcon_core.environment:checking '/home/taehwan/ros2_ws/install/ros_controller_pkg' for CMake module files
[5.735s] DEBUG:colcon.colcon_core.event_handler.log_command:Invoked command in '/home/taehwan/ros2_ws/build/ros_controller_pkg' returned '0': CMAKE_PREFIX_PATH=${CMAKE_PREFIX_PATH}:/home/taehwan/ros2_ws/install/stm_controller:/home/taehwan/ros2_ws/install/plc_interface:/home/taehwan/ros2_humble/install/rqt_bag_plugins:/home/taehwan/ros2_humble/install/rqt_bag:/home/taehwan/ros2_humble/install/launch_testing_examples:/home/taehwan/ros2_humble/install/ros2bag:/home/taehwan/ros2_humble/install/tracetools_test:/home/taehwan/ros2_humble/install/tracetools_launch:/home/taehwan/ros2_humble/install/topic_monitor:/home/taehwan/ros2_humble/install/tf2_tools:/home/taehwan/ros2_humble/install/examples_tf2_py:/home/taehwan/ros2_humble/install/tf2_ros_py:/home/taehwan/ros2_humble/install/sros2:/home/taehwan/ros2_humble/install/rqt_topic:/home/taehwan/ros2_humble/install/rqt_srv:/home/taehwan/ros2_humble/install/rqt_shell:/home/taehwan/ros2_humble/install/rqt_service_caller:/home/taehwan/ros2_humble/install/rqt_reconfigure:/home/taehwan/ros2_humble/install/rqt_py_console:/home/taehwan/ros2_humble/install/rqt_publisher:/home/taehwan/ros2_humble/install/rqt_plot:/home/taehwan/ros2_humble/install/rqt_action:/home/taehwan/ros2_humble/install/rqt_msg:/home/taehwan/ros2_humble/install/rqt_console:/home/taehwan/ros2_humble/install/rqt:/home/taehwan/ros2_humble/install/rqt_graph:/home/taehwan/ros2_humble/install/rqt_gui_py:/home/taehwan/ros2_humble/install/rqt_gui:/home/taehwan/ros2_humble/install/ros2trace:/home/taehwan/ros2_humble/install/ros2topic:/home/taehwan/ros2_humble/install/ros2test:/home/taehwan/ros2_humble/install/ros2component:/home/taehwan/ros2_humble/install/ros2param:/home/taehwan/ros2_humble/install/ros2lifecycle:/home/taehwan/ros2_humble/install/ros2service:/home/taehwan/ros2_humble/install/ros2run:/home/taehwan/ros2_humble/install/ros2plugin:/home/taehwan/ros2_humble/install/ros2launch:/home/taehwan/ros2_humble/install/ros2pkg:/home/taehwan/ros2_humble/install/ros2node:/home/taehwan/ros2_humble/install/ros2multicast:/home/taehwan/ros2_humble/install/ros2interface:/home/taehwan/ros2_humble/install/ros2doctor:/home/taehwan/ros2_humble/install/ros2action:/home/taehwan/ros2_humble/install/ros2cli:/home/taehwan/ros2_humble/install/quality_of_service_demo_py:/home/taehwan/ros2_humble/install/lifecycle_py:/home/taehwan/ros2_humble/install/launch_testing_ros:/home/taehwan/ros2_humble/install/launch_ros:/home/taehwan/ros2_humble/install/examples_rclpy_pointcloud_publisher:/home/taehwan/ros2_humble/install/examples_rclpy_minimal_subscriber:/home/taehwan/ros2_humble/install/examples_rclpy_minimal_service:/home/taehwan/ros2_humble/install/examples_rclpy_minimal_publisher:/home/taehwan/ros2_humble/install/examples_rclpy_minimal_client:/home/taehwan/ros2_humble/install/examples_rclpy_minimal_action_server:/home/taehwan/ros2_humble/install/examples_rclpy_minimal_action_client:/home/taehwan/ros2_humble/install/examples_rclpy_guard_conditions:/home/taehwan/ros2_humble/install/examples_rclpy_executors:/home/taehwan/ros2_humble/install/demo_nodes_py:/home/taehwan/ros2_humble/install/camera_info_manager_py:/home/taehwan/ros2_humble/install/action_tutorials_py:/home/taehwan/ros2_humble/install/ament_uncrustify:/home/taehwan/ros2_humble/install/tracetools_trace:/home/taehwan/ros2_humble/install/tracetools_read:/home/taehwan/ros2_humble/install/test_tracetools_launch:/home/taehwan/ros2_humble/install/test_launch_ros:/home/taehwan/ros2_humble/install/sensor_msgs_py:/home/taehwan/ros2_humble/install/rpyutils:/home/taehwan/ros2_humble/install/rosidl_runtime_py:/home/taehwan/ros2_humble/install/rosidl_cli:/home/taehwan/ros2_humble/install/launch_pytest:/home/taehwan/ros2_humble/install/launch_testing:/home/taehwan/ros2_humble/install/launch_yaml:/home/taehwan/ros2_humble/install/launch_xml:/home/taehwan/ros2_humble/install/launch:/home/taehwan/ros2_humble/install/osrf_pycommon:/home/taehwan/ros2_humble/install/domain_coordinator:/home/taehwan/ros2_humble/install/ament_xmllint:/home/taehwan/ros2_humble/install/ament_pyflakes:/home/taehwan/ros2_humble/install/ament_pycodestyle:/home/taehwan/ros2_humble/install/ament_pep257:/home/taehwan/ros2_humble/install/ament_pclint:/home/taehwan/ros2_humble/install/ament_package:/home/taehwan/ros2_humble/install/ament_mypy:/home/taehwan/ros2_humble/install/ament_lint_cmake:/home/taehwan/ros2_humble/install/ament_flake8:/home/taehwan/ros2_humble/install/ament_copyright:/home/taehwan/ros2_humble/install/ament_lint:/home/taehwan/ros2_humble/install/ament_index_python:/home/taehwan/ros2_humble/install/ament_cpplint:/home/taehwan/ros2_humble/install/ament_cppcheck:/home/taehwan/ros2_humble/install/ament_clang_tidy:/home/taehwan/ros2_humble/install/ament_clang_format /usr/bin/cmake --install /home/taehwan/ros2_ws/build/ros_controller_pkg
[5.736s] Level 1:colcon.colcon_core.environment:checking '/home/taehwan/ros2_ws/install/ros_controller_pkg' for CMake config files
[5.737s] Level 1:colcon.colcon_core.shell:create_environment_hook('ros_controller_pkg', 'cmake_prefix_path')
[5.737s] INFO:colcon.colcon_core.shell:Creating environment hook '/home/taehwan/ros2_ws/install/ros_controller_pkg/share/ros_controller_pkg/hook/cmake_prefix_path.ps1'
[5.738s] INFO:colcon.colcon_core.shell:Creating environment descriptor '/home/taehwan/ros2_ws/install/ros_controller_pkg/share/ros_controller_pkg/hook/cmake_prefix_path.dsv'
[5.738s] INFO:colcon.colcon_core.shell:Creating environment hook '/home/taehwan/ros2_ws/install/ros_controller_pkg/share/ros_controller_pkg/hook/cmake_prefix_path.sh'
[5.740s] Level 1:colcon.colcon_core.environment:checking '/home/taehwan/ros2_ws/install/ros_controller_pkg/lib'
[5.740s] Level 1:colcon.colcon_core.shell:create_environment_hook('ros_controller_pkg', 'ld_library_path_lib')
[5.740s] INFO:colcon.colcon_core.shell:Creating environment hook '/home/taehwan/ros2_ws/install/ros_controller_pkg/share/ros_controller_pkg/hook/ld_library_path_lib.ps1'
[5.741s] INFO:colcon.colcon_core.shell:Creating environment descriptor '/home/taehwan/ros2_ws/install/ros_controller_pkg/share/ros_controller_pkg/hook/ld_library_path_lib.dsv'
[5.742s] INFO:colcon.colcon_core.shell:Creating environment hook '/home/taehwan/ros2_ws/install/ros_controller_pkg/share/ros_controller_pkg/hook/ld_library_path_lib.sh'
[5.743s] Level 1:colcon.colcon_core.environment:checking '/home/taehwan/ros2_ws/install/ros_controller_pkg/bin'
[5.743s] Level 1:colcon.colcon_core.environment:checking '/home/taehwan/ros2_ws/install/ros_controller_pkg/lib/pkgconfig/ros_controller_pkg.pc'
[5.743s] Level 1:colcon.colcon_core.environment:checking '/home/taehwan/ros2_ws/install/ros_controller_pkg/lib/python3.10/site-packages'
[5.744s] Level 1:colcon.colcon_core.environment:checking '/home/taehwan/ros2_ws/install/ros_controller_pkg/bin'
[5.744s] INFO:colcon.colcon_core.shell:Creating package script '/home/taehwan/ros2_ws/install/ros_controller_pkg/share/ros_controller_pkg/package.ps1'
[5.745s] INFO:colcon.colcon_core.shell:Creating package descriptor '/home/taehwan/ros2_ws/install/ros_controller_pkg/share/ros_controller_pkg/package.dsv'
[5.745s] INFO:colcon.colcon_core.shell:Creating package script '/home/taehwan/ros2_ws/install/ros_controller_pkg/share/ros_controller_pkg/package.sh'
[5.746s] INFO:colcon.colcon_core.shell:Creating package script '/home/taehwan/ros2_ws/install/ros_controller_pkg/share/ros_controller_pkg/package.bash'
[5.746s] INFO:colcon.colcon_core.shell:Creating package script '/home/taehwan/ros2_ws/install/ros_controller_pkg/share/ros_controller_pkg/package.zsh'
[5.747s] Level 1:colcon.colcon_core.environment:create_file_with_runtime_dependencies(/home/taehwan/ros2_ws/install/ros_controller_pkg/share/colcon-core/packages/ros_controller_pkg)
[5.747s] Level 1:colcon.colcon_core.environment:create_environment_scripts_only(ros_controller_pkg)
[5.748s] Level 1:colcon.colcon_core.environment:checking '/home/taehwan/ros2_ws/install/ros_controller_pkg' for CMake module files
[5.748s] Level 1:colcon.colcon_core.environment:checking '/home/taehwan/ros2_ws/install/ros_controller_pkg' for CMake config files
[5.749s] Level 1:colcon.colcon_core.shell:create_environment_hook('ros_controller_pkg', 'cmake_prefix_path')
[5.749s] INFO:colcon.colcon_core.shell:Creating environment hook '/home/taehwan/ros2_ws/install/ros_controller_pkg/share/ros_controller_pkg/hook/cmake_prefix_path.ps1'
[5.750s] INFO:colcon.colcon_core.shell:Creating environment descriptor '/home/taehwan/ros2_ws/install/ros_controller_pkg/share/ros_controller_pkg/hook/cmake_prefix_path.dsv'
[5.750s] INFO:colcon.colcon_core.shell:Creating environment hook '/home/taehwan/ros2_ws/install/ros_controller_pkg/share/ros_controller_pkg/hook/cmake_prefix_path.sh'
[5.751s] Level 1:colcon.colcon_core.environment:checking '/home/taehwan/ros2_ws/install/ros_controller_pkg/lib'
[5.751s] Level 1:colcon.colcon_core.shell:create_environment_hook('ros_controller_pkg', 'ld_library_path_lib')
[5.751s] INFO:colcon.colcon_core.shell:Creating environment hook '/home/taehwan/ros2_ws/install/ros_controller_pkg/share/ros_controller_pkg/hook/ld_library_path_lib.ps1'
[5.752s] INFO:colcon.colcon_core.shell:Creating environment descriptor '/home/taehwan/ros2_ws/install/ros_controller_pkg/share/ros_controller_pkg/hook/ld_library_path_lib.dsv'
[5.752s] INFO:colcon.colcon_core.shell:Creating environment hook '/home/taehwan/ros2_ws/install/ros_controller_pkg/share/ros_controller_pkg/hook/ld_library_path_lib.sh'
[5.752s] Level 1:colcon.colcon_core.environment:checking '/home/taehwan/ros2_ws/install/ros_controller_pkg/bin'
[5.753s] Level 1:colcon.colcon_core.environment:checking '/home/taehwan/ros2_ws/install/ros_controller_pkg/lib/pkgconfig/ros_controller_pkg.pc'
[5.753s] Level 1:colcon.colcon_core.environment:checking '/home/taehwan/ros2_ws/install/ros_controller_pkg/lib/python3.10/site-packages'
[5.753s] Level 1:colcon.colcon_core.environment:checking '/home/taehwan/ros2_ws/install/ros_controller_pkg/bin'
[5.754s] INFO:colcon.colcon_core.shell:Creating package script '/home/taehwan/ros2_ws/install/ros_controller_pkg/share/ros_controller_pkg/package.ps1'
[5.754s] INFO:colcon.colcon_core.shell:Creating package descriptor '/home/taehwan/ros2_ws/install/ros_controller_pkg/share/ros_controller_pkg/package.dsv'
[5.755s] INFO:colcon.colcon_core.shell:Creating package script '/home/taehwan/ros2_ws/install/ros_controller_pkg/share/ros_controller_pkg/package.sh'
[5.755s] INFO:colcon.colcon_core.shell:Creating package script '/home/taehwan/ros2_ws/install/ros_controller_pkg/share/ros_controller_pkg/package.bash'
[5.756s] INFO:colcon.colcon_core.shell:Creating package script '/home/taehwan/ros2_ws/install/ros_controller_pkg/share/ros_controller_pkg/package.zsh'
[5.757s] Level 1:colcon.colcon_core.environment:create_file_with_runtime_dependencies(/home/taehwan/ros2_ws/install/ros_controller_pkg/share/colcon-core/packages/ros_controller_pkg)
[5.757s] DEBUG:colcon.colcon_parallel_executor.executor.parallel:closing loop
[5.757s] DEBUG:colcon.colcon_parallel_executor.executor.parallel:loop closed
[5.758s] DEBUG:colcon.colcon_parallel_executor.executor.parallel:run_until_complete finished with '0'
[5.758s] DEBUG:colcon.colcon_core.event_reactor:joining thread
[5.773s] INFO:colcon.colcon_core.plugin_system:Skipping extension 'colcon_notification.desktop_notification.terminal_notifier': Not used on non-Darwin systems
[5.773s] INFO:colcon.colcon_core.plugin_system:Skipping extension 'colcon_notification.desktop_notification.win32': Not used on non-Windows systems
[5.773s] INFO:colcon.colcon_notification.desktop_notification:Sending desktop notification using 'notify2'
[5.788s] DEBUG:colcon.colcon_core.event_reactor:joined thread
[5.788s] INFO:colcon.colcon_core.shell:Creating prefix script '/home/taehwan/ros2_ws/install/local_setup.ps1'
[5.790s] INFO:colcon.colcon_core.shell:Creating prefix util module '/home/taehwan/ros2_ws/install/_local_setup_util_ps1.py'
[5.791s] INFO:colcon.colcon_core.shell:Creating prefix chain script '/home/taehwan/ros2_ws/install/setup.ps1'
[5.804s] INFO:colcon.colcon_core.shell:Creating prefix script '/home/taehwan/ros2_ws/install/local_setup.sh'
[5.805s] INFO:colcon.colcon_core.shell:Creating prefix util module '/home/taehwan/ros2_ws/install/_local_setup_util_sh.py'
[5.806s] INFO:colcon.colcon_core.shell:Creating prefix chain script '/home/taehwan/ros2_ws/install/setup.sh'
[5.818s] INFO:colcon.colcon_core.shell:Creating prefix script '/home/taehwan/ros2_ws/install/local_setup.bash'
[5.819s] INFO:colcon.colcon_core.shell:Creating prefix chain script '/home/taehwan/ros2_ws/install/setup.bash'
[5.831s] INFO:colcon.colcon_core.shell:Creating prefix script '/home/taehwan/ros2_ws/install/local_setup.zsh'
[5.831s] INFO:colcon.colcon_core.shell:Creating prefix chain script '/home/taehwan/ros2_ws/install/setup.zsh'
