[1.558s] Invoking command in '/home/taehwan/ros2_ws/src/plc_interface': PYTHONPATH=/home/taehwan/ros2_ws/build/plc_interface/prefix_override:/usr/lib/python3/dist-packages/colcon_core/task/python/colcon_distutils_commands:/home/taehwan/ros2_ws/install/plc_interface/lib/python3.10/site-packages:${PYTHONPATH} /usr/bin/python3 -W ignore:setup.py install is deprecated -W ignore:easy_install command is deprecated setup.py egg_info --egg-base ../../build/plc_interface build --build-base /home/taehwan/ros2_ws/build/plc_interface/build install --record /home/taehwan/ros2_ws/build/plc_interface/install.log --single-version-externally-managed install_data
[1.946s] running egg_info
[1.946s] writing ../../build/plc_interface/plc_interface.egg-info/PKG-INFO
[1.947s] writing dependency_links to ../../build/plc_interface/plc_interface.egg-info/dependency_links.txt
[1.947s] writing entry points to ../../build/plc_interface/plc_interface.egg-info/entry_points.txt
[1.947s] writing requirements to ../../build/plc_interface/plc_interface.egg-info/requires.txt
[1.947s] writing top-level names to ../../build/plc_interface/plc_interface.egg-info/top_level.txt
[1.952s] reading manifest file '../../build/plc_interface/plc_interface.egg-info/SOURCES.txt'
[1.953s] writing manifest file '../../build/plc_interface/plc_interface.egg-info/SOURCES.txt'
[1.953s] running build
[1.954s] running build_py
[1.954s] running install
[1.954s] running install_lib
[1.956s] running install_data
[1.956s] running install_egg_info
[1.959s] removing '/home/taehwan/ros2_ws/install/plc_interface/lib/python3.10/site-packages/plc_interface-0.0.1-py3.10.egg-info' (and everything under it)
[1.959s] Copying ../../build/plc_interface/plc_interface.egg-info to /home/taehwan/ros2_ws/install/plc_interface/lib/python3.10/site-packages/plc_interface-0.0.1-py3.10.egg-info
[1.959s] running install_scripts
[1.993s] Installing plc_node script to /home/taehwan/ros2_ws/install/plc_interface/lib/plc_interface
[1.993s] writing list of installed files to '/home/taehwan/ros2_ws/build/plc_interface/install.log'
[2.020s] Invoked command in '/home/taehwan/ros2_ws/src/plc_interface' returned '0': PYTHONPATH=/home/taehwan/ros2_ws/build/plc_interface/prefix_override:/usr/lib/python3/dist-packages/colcon_core/task/python/colcon_distutils_commands:/home/taehwan/ros2_ws/install/plc_interface/lib/python3.10/site-packages:${PYTHONPATH} /usr/bin/python3 -W ignore:setup.py install is deprecated -W ignore:easy_install command is deprecated setup.py egg_info --egg-base ../../build/plc_interface build --build-base /home/taehwan/ros2_ws/build/plc_interface/build install --record /home/taehwan/ros2_ws/build/plc_interface/install.log --single-version-externally-managed install_data
