[2.380s] Invoking command in '/home/taehwan/ros2_ws/src/plc_interface': PYTHONPATH=/home/taehwan/ros2_ws/build/plc_interface/prefix_override:/usr/lib/python3/dist-packages/colcon_core/task/python/colcon_distutils_commands:/home/taehwan/ros2_ws/install/plc_interface/lib/python3.10/site-packages:${PYTHONPATH} /usr/bin/python3 -W ignore:setup.py install is deprecated -W ignore:easy_install command is deprecated setup.py egg_info --egg-base ../../build/plc_interface build --build-base /home/taehwan/ros2_ws/build/plc_interface/build install --record /home/taehwan/ros2_ws/build/plc_interface/install.log --single-version-externally-managed install_data
[2.872s] running egg_info
[2.873s] writing ../../build/plc_interface/plc_interface.egg-info/PKG-INFO
[2.873s] writing dependency_links to ../../build/plc_interface/plc_interface.egg-info/dependency_links.txt
[2.874s] writing entry points to ../../build/plc_interface/plc_interface.egg-info/entry_points.txt
[2.874s] writing requirements to ../../build/plc_interface/plc_interface.egg-info/requires.txt
[2.875s] writing top-level names to ../../build/plc_interface/plc_interface.egg-info/top_level.txt
[2.884s] reading manifest file '../../build/plc_interface/plc_interface.egg-info/SOURCES.txt'
[2.886s] writing manifest file '../../build/plc_interface/plc_interface.egg-info/SOURCES.txt'
[2.887s] running build
[2.887s] running build_py
[2.888s] running install
[2.888s] running install_lib
[2.892s] running install_data
[2.892s] running install_egg_info
[2.896s] removing '/home/taehwan/ros2_ws/install/plc_interface/lib/python3.10/site-packages/plc_interface-0.0.1-py3.10.egg-info' (and everything under it)
[2.897s] Copying ../../build/plc_interface/plc_interface.egg-info to /home/taehwan/ros2_ws/install/plc_interface/lib/python3.10/site-packages/plc_interface-0.0.1-py3.10.egg-info
[2.898s] running install_scripts
[2.946s] Installing plc_node script to /home/taehwan/ros2_ws/install/plc_interface/lib/plc_interface
[2.946s] writing list of installed files to '/home/taehwan/ros2_ws/build/plc_interface/install.log'
[2.973s] Invoked command in '/home/taehwan/ros2_ws/src/plc_interface' returned '0': PYTHONPATH=/home/taehwan/ros2_ws/build/plc_interface/prefix_override:/usr/lib/python3/dist-packages/colcon_core/task/python/colcon_distutils_commands:/home/taehwan/ros2_ws/install/plc_interface/lib/python3.10/site-packages:${PYTHONPATH} /usr/bin/python3 -W ignore:setup.py install is deprecated -W ignore:easy_install command is deprecated setup.py egg_info --egg-base ../../build/plc_interface build --build-base /home/taehwan/ros2_ws/build/plc_interface/build install --record /home/taehwan/ros2_ws/build/plc_interface/install.log --single-version-externally-managed install_data
