running egg_info
writing ../../build/plc_interface/plc_interface.egg-info/PKG-INFO
writing dependency_links to ../../build/plc_interface/plc_interface.egg-info/dependency_links.txt
writing entry points to ../../build/plc_interface/plc_interface.egg-info/entry_points.txt
writing requirements to ../../build/plc_interface/plc_interface.egg-info/requires.txt
writing top-level names to ../../build/plc_interface/plc_interface.egg-info/top_level.txt
reading manifest file '../../build/plc_interface/plc_interface.egg-info/SOURCES.txt'
writing manifest file '../../build/plc_interface/plc_interface.egg-info/SOURCES.txt'
running build
running build_py
copying plc_interface/plc_node.py -> /home/taehwan/ros2_ws/build/plc_interface/build/lib/plc_interface
running install
running install_lib
copying /home/taehwan/ros2_ws/build/plc_interface/build/lib/plc_interface/plc_node.py -> /home/taehwan/ros2_ws/install/plc_interface/lib/python3.10/site-packages/plc_interface
running install_data
running install_egg_info
removing '/home/taehwan/ros2_ws/install/plc_interface/lib/python3.10/site-packages/plc_interface-0.0.1-py3.10.egg-info' (and everything under it)
Copying ../../build/plc_interface/plc_interface.egg-info to /home/taehwan/ros2_ws/install/plc_interface/lib/python3.10/site-packages/plc_interface-0.0.1-py3.10.egg-info
running install_scripts
Installing plc_node script to /home/taehwan/ros2_ws/install/plc_interface/lib/plc_interface
writing list of installed files to '/home/taehwan/ros2_ws/build/plc_interface/install.log'
