[1.595s] Invoking command in '/home/taehwan/ros2_ws/src/plc_interface': PYTHONPATH=/home/taehwan/ros2_ws/build/plc_interface/prefix_override:/usr/lib/python3/dist-packages/colcon_core/task/python/colcon_distutils_commands:/home/taehwan/ros2_ws/install/plc_interface/lib/python3.10/site-packages:${PYTHONPATH} /usr/bin/python3 -W ignore:setup.py install is deprecated -W ignore:easy_install command is deprecated setup.py egg_info --egg-base ../../build/plc_interface build --build-base /home/taehwan/ros2_ws/build/plc_interface/build install --record /home/taehwan/ros2_ws/build/plc_interface/install.log --single-version-externally-managed install_data
[1.973s] running egg_info
[1.973s] writing ../../build/plc_interface/plc_interface.egg-info/PKG-INFO
[1.974s] writing dependency_links to ../../build/plc_interface/plc_interface.egg-info/dependency_links.txt
[1.974s] writing entry points to ../../build/plc_interface/plc_interface.egg-info/entry_points.txt
[1.974s] writing requirements to ../../build/plc_interface/plc_interface.egg-info/requires.txt
[1.974s] writing top-level names to ../../build/plc_interface/plc_interface.egg-info/top_level.txt
[1.978s] reading manifest file '../../build/plc_interface/plc_interface.egg-info/SOURCES.txt'
[1.978s] writing manifest file '../../build/plc_interface/plc_interface.egg-info/SOURCES.txt'
[1.978s] running build
[1.978s] running build_py
[1.979s] running install
[1.979s] running install_lib
[1.980s] running install_data
[1.981s] running install_egg_info
[1.983s] removing '/home/taehwan/ros2_ws/install/plc_interface/lib/python3.10/site-packages/plc_interface-0.0.1-py3.10.egg-info' (and everything under it)
[1.983s] Copying ../../build/plc_interface/plc_interface.egg-info to /home/taehwan/ros2_ws/install/plc_interface/lib/python3.10/site-packages/plc_interface-0.0.1-py3.10.egg-info
[1.984s] running install_scripts
[2.014s] Installing plc_node script to /home/taehwan/ros2_ws/install/plc_interface/lib/plc_interface
[2.015s] writing list of installed files to '/home/taehwan/ros2_ws/build/plc_interface/install.log'
[2.035s] Invoked command in '/home/taehwan/ros2_ws/src/plc_interface' returned '0': PYTHONPATH=/home/taehwan/ros2_ws/build/plc_interface/prefix_override:/usr/lib/python3/dist-packages/colcon_core/task/python/colcon_distutils_commands:/home/taehwan/ros2_ws/install/plc_interface/lib/python3.10/site-packages:${PYTHONPATH} /usr/bin/python3 -W ignore:setup.py install is deprecated -W ignore:easy_install command is deprecated setup.py egg_info --egg-base ../../build/plc_interface build --build-base /home/taehwan/ros2_ws/build/plc_interface/build install --record /home/taehwan/ros2_ws/build/plc_interface/install.log --single-version-externally-managed install_data
