[0.761s] Invoking command in '/home/taehwan/ros2_ws/src/stm_controller': PYTHONPATH=/home/taehwan/ros2_ws/build/stm_controller/prefix_override:/usr/lib/python3/dist-packages/colcon_core/task/python/colcon_distutils_commands:/home/taehwan/ros2_ws/install/stm_controller/lib/python3.10/site-packages: /usr/bin/python3 -W ignore:setup.py install is deprecated -W ignore:easy_install command is deprecated setup.py egg_info --egg-base ../../build/stm_controller build --build-base /home/taehwan/ros2_ws/build/stm_controller/build install --record /home/taehwan/ros2_ws/build/stm_controller/install.log --single-version-externally-managed install_data
[0.938s] running egg_info
[0.938s] writing ../../build/stm_controller/stm_controller.egg-info/PKG-INFO
[0.938s] writing dependency_links to ../../build/stm_controller/stm_controller.egg-info/dependency_links.txt
[0.939s] writing entry points to ../../build/stm_controller/stm_controller.egg-info/entry_points.txt
[0.939s] writing requirements to ../../build/stm_controller/stm_controller.egg-info/requires.txt
[0.939s] writing top-level names to ../../build/stm_controller/stm_controller.egg-info/top_level.txt
[0.941s] reading manifest file '../../build/stm_controller/stm_controller.egg-info/SOURCES.txt'
[0.942s] writing manifest file '../../build/stm_controller/stm_controller.egg-info/SOURCES.txt'
[0.942s] running build
[0.942s] running build_py
[0.943s] running install
[0.943s] running install_lib
[0.944s] running install_data
[0.944s] running install_egg_info
[0.945s] removing '/home/taehwan/ros2_ws/install/stm_controller/lib/python3.10/site-packages/stm_controller-0.1.0-py3.10.egg-info' (and everything under it)
[0.945s] Copying ../../build/stm_controller/stm_controller.egg-info to /home/taehwan/ros2_ws/install/stm_controller/lib/python3.10/site-packages/stm_controller-0.1.0-py3.10.egg-info
[0.946s] running install_scripts
[0.963s] Installing stm_node script to /home/taehwan/ros2_ws/install/stm_controller/lib/stm_controller
[0.964s] writing list of installed files to '/home/taehwan/ros2_ws/build/stm_controller/install.log'
[0.985s] Invoked command in '/home/taehwan/ros2_ws/src/stm_controller' returned '0': PYTHONPATH=/home/taehwan/ros2_ws/build/stm_controller/prefix_override:/usr/lib/python3/dist-packages/colcon_core/task/python/colcon_distutils_commands:/home/taehwan/ros2_ws/install/stm_controller/lib/python3.10/site-packages: /usr/bin/python3 -W ignore:setup.py install is deprecated -W ignore:easy_install command is deprecated setup.py egg_info --egg-base ../../build/stm_controller build --build-base /home/taehwan/ros2_ws/build/stm_controller/build install --record /home/taehwan/ros2_ws/build/stm_controller/install.log --single-version-externally-managed install_data
