[0.365s] Invoking command in '/home/taehwan/ros2_ws/build/ros_controller_pkg': CMAKE_PREFIX_PATH=${CMAKE_PREFIX_PATH}:/home/taehwan/ros2_ws/install/stm_controller:/home/taehwan/ros2_ws/install/plc_interface:/home/taehwan/ros2_humble/install/rqt_bag_plugins:/home/taehwan/ros2_humble/install/rqt_bag:/home/taehwan/ros2_humble/install/launch_testing_examples:/home/taehwan/ros2_humble/install/ros2bag:/home/taehwan/ros2_humble/install/tracetools_test:/home/taehwan/ros2_humble/install/tracetools_launch:/home/taehwan/ros2_humble/install/topic_monitor:/home/taehwan/ros2_humble/install/tf2_tools:/home/taehwan/ros2_humble/install/examples_tf2_py:/home/taehwan/ros2_humble/install/tf2_ros_py:/home/taehwan/ros2_humble/install/sros2:/home/taehwan/ros2_humble/install/rqt_topic:/home/taehwan/ros2_humble/install/rqt_srv:/home/taehwan/ros2_humble/install/rqt_shell:/home/taehwan/ros2_humble/install/rqt_service_caller:/home/taehwan/ros2_humble/install/rqt_reconfigure:/home/taehwan/ros2_humble/install/rqt_py_console:/home/taehwan/ros2_humble/install/rqt_publisher:/home/taehwan/ros2_humble/install/rqt_plot:/home/taehwan/ros2_humble/install/rqt_action:/home/taehwan/ros2_humble/install/rqt_msg:/home/taehwan/ros2_humble/install/rqt_console:/home/taehwan/ros2_humble/install/rqt:/home/taehwan/ros2_humble/install/rqt_graph:/home/taehwan/ros2_humble/install/rqt_gui_py:/home/taehwan/ros2_humble/install/rqt_gui:/home/taehwan/ros2_humble/install/ros2trace:/home/taehwan/ros2_humble/install/ros2topic:/home/taehwan/ros2_humble/install/ros2test:/home/taehwan/ros2_humble/install/ros2component:/home/taehwan/ros2_humble/install/ros2param:/home/taehwan/ros2_humble/install/ros2lifecycle:/home/taehwan/ros2_humble/install/ros2service:/home/taehwan/ros2_humble/install/ros2run:/home/taehwan/ros2_humble/install/ros2plugin:/home/taehwan/ros2_humble/install/ros2launch:/home/taehwan/ros2_humble/install/ros2pkg:/home/taehwan/ros2_humble/install/ros2node:/home/taehwan/ros2_humble/install/ros2multicast:/home/taehwan/ros2_humble/install/ros2interface:/home/taehwan/ros2_humble/install/ros2doctor:/home/taehwan/ros2_humble/install/ros2action:/home/taehwan/ros2_humble/install/ros2cli:/home/taehwan/ros2_humble/install/quality_of_service_demo_py:/home/taehwan/ros2_humble/install/lifecycle_py:/home/taehwan/ros2_humble/install/launch_testing_ros:/home/taehwan/ros2_humble/install/launch_ros:/home/taehwan/ros2_humble/install/examples_rclpy_pointcloud_publisher:/home/taehwan/ros2_humble/install/examples_rclpy_minimal_subscriber:/home/taehwan/ros2_humble/install/examples_rclpy_minimal_service:/home/taehwan/ros2_humble/install/examples_rclpy_minimal_publisher:/home/taehwan/ros2_humble/install/examples_rclpy_minimal_client:/home/taehwan/ros2_humble/install/examples_rclpy_minimal_action_server:/home/taehwan/ros2_humble/install/examples_rclpy_minimal_action_client:/home/taehwan/ros2_humble/install/examples_rclpy_guard_conditions:/home/taehwan/ros2_humble/install/examples_rclpy_executors:/home/taehwan/ros2_humble/install/demo_nodes_py:/home/taehwan/ros2_humble/install/camera_info_manager_py:/home/taehwan/ros2_humble/install/action_tutorials_py:/home/taehwan/ros2_humble/install/ament_uncrustify:/home/taehwan/ros2_humble/install/tracetools_trace:/home/taehwan/ros2_humble/install/tracetools_read:/home/taehwan/ros2_humble/install/test_tracetools_launch:/home/taehwan/ros2_humble/install/test_launch_ros:/home/taehwan/ros2_humble/install/sensor_msgs_py:/home/taehwan/ros2_humble/install/rpyutils:/home/taehwan/ros2_humble/install/rosidl_runtime_py:/home/taehwan/ros2_humble/install/rosidl_cli:/home/taehwan/ros2_humble/install/launch_pytest:/home/taehwan/ros2_humble/install/launch_testing:/home/taehwan/ros2_humble/install/launch_yaml:/home/taehwan/ros2_humble/install/launch_xml:/home/taehwan/ros2_humble/install/launch:/home/taehwan/ros2_humble/install/osrf_pycommon:/home/taehwan/ros2_humble/install/domain_coordinator:/home/taehwan/ros2_humble/install/ament_xmllint:/home/taehwan/ros2_humble/install/ament_pyflakes:/home/taehwan/ros2_humble/install/ament_pycodestyle:/home/taehwan/ros2_humble/install/ament_pep257:/home/taehwan/ros2_humble/install/ament_pclint:/home/taehwan/ros2_humble/install/ament_package:/home/taehwan/ros2_humble/install/ament_mypy:/home/taehwan/ros2_humble/install/ament_lint_cmake:/home/taehwan/ros2_humble/install/ament_flake8:/home/taehwan/ros2_humble/install/ament_copyright:/home/taehwan/ros2_humble/install/ament_lint:/home/taehwan/ros2_humble/install/ament_index_python:/home/taehwan/ros2_humble/install/ament_cpplint:/home/taehwan/ros2_humble/install/ament_cppcheck:/home/taehwan/ros2_humble/install/ament_clang_tidy:/home/taehwan/ros2_humble/install/ament_clang_format /usr/bin/cmake --build /home/taehwan/ros2_ws/build/ros_controller_pkg -- -j12 -l12
[0.480s] [35m[1mConsolidate compiler generated dependencies of target ros_controller_pkg__rosidl_generator_c[0m
[0.514s] [  3%] Built target ros_controller_pkg__cpp
[0.516s] [ 12%] Built target ros_controller_pkg__rosidl_generator_c
[0.544s] [35m[1mConsolidate compiler generated dependencies of target ros_controller_pkg__rosidl_typesupport_fastrtps_cpp[0m
[0.550s] [ 12%] Built target ament_cmake_python_copy_ros_controller_pkg
[0.552s] [35m[1mConsolidate compiler generated dependencies of target ros_controller_pkg__rosidl_typesupport_fastrtps_c[0m
[0.564s] [35m[1mConsolidate compiler generated dependencies of target ros_controller_pkg__rosidl_typesupport_introspection_cpp[0m
[0.564s] [35m[1mConsolidate compiler generated dependencies of target ros_controller_pkg__rosidl_typesupport_cpp[0m
[0.565s] [35m[1mConsolidate compiler generated dependencies of target ros_controller_pkg__rosidl_typesupport_introspection_c[0m
[0.566s] [35m[1mConsolidate compiler generated dependencies of target ros_controller_pkg__rosidl_typesupport_c[0m
[0.586s] [ 22%] Built target ros_controller_pkg__rosidl_typesupport_fastrtps_c
[0.592s] [ 32%] Built target ros_controller_pkg__rosidl_typesupport_fastrtps_cpp
[0.599s] [ 41%] Built target ros_controller_pkg__rosidl_typesupport_introspection_c
[0.602s] [ 51%] Built target ros_controller_pkg__rosidl_typesupport_c
[0.609s] [ 61%] Built target ros_controller_pkg__rosidl_typesupport_cpp
[0.614s] [ 70%] Built target ros_controller_pkg__rosidl_typesupport_introspection_cpp
[0.673s] [ 70%] Built target ros_controller_pkg
[0.745s] [ 74%] Built target ros_controller_pkg__py
[0.782s] [35m[1mConsolidate compiler generated dependencies of target ros_controller_pkg__rosidl_generator_py[0m
[0.825s] [ 80%] Built target ros_controller_pkg__rosidl_generator_py
[0.868s] [35m[1mConsolidate compiler generated dependencies of target ros_controller_pkg__rosidl_typesupport_c__pyext[0m
[0.868s] [35m[1mConsolidate compiler generated dependencies of target ros_controller_pkg__rosidl_typesupport_introspection_c__pyext[0m
[0.868s] [35m[1mConsolidate compiler generated dependencies of target ros_controller_pkg__rosidl_typesupport_fastrtps_c__pyext[0m
[0.916s] [ 87%] Built target ros_controller_pkg__rosidl_typesupport_introspection_c__pyext
[0.921s] [ 93%] Built target ros_controller_pkg__rosidl_typesupport_fastrtps_c__pyext
[0.922s] [100%] Built target ros_controller_pkg__rosidl_typesupport_c__pyext
[1.006s] running egg_info
[1.007s] writing ros_controller_pkg.egg-info/PKG-INFO
[1.007s] writing dependency_links to ros_controller_pkg.egg-info/dependency_links.txt
[1.008s] writing top-level names to ros_controller_pkg.egg-info/top_level.txt
[1.014s] reading manifest file 'ros_controller_pkg.egg-info/SOURCES.txt'
[1.015s] writing manifest file 'ros_controller_pkg.egg-info/SOURCES.txt'
[1.055s] [100%] Built target ament_cmake_python_build_ros_controller_pkg_egg
[1.087s] Invoked command in '/home/taehwan/ros2_ws/build/ros_controller_pkg' returned '0': CMAKE_PREFIX_PATH=${CMAKE_PREFIX_PATH}:/home/taehwan/ros2_ws/install/stm_controller:/home/taehwan/ros2_ws/install/plc_interface:/home/taehwan/ros2_humble/install/rqt_bag_plugins:/home/taehwan/ros2_humble/install/rqt_bag:/home/taehwan/ros2_humble/install/launch_testing_examples:/home/taehwan/ros2_humble/install/ros2bag:/home/taehwan/ros2_humble/install/tracetools_test:/home/taehwan/ros2_humble/install/tracetools_launch:/home/taehwan/ros2_humble/install/topic_monitor:/home/taehwan/ros2_humble/install/tf2_tools:/home/taehwan/ros2_humble/install/examples_tf2_py:/home/taehwan/ros2_humble/install/tf2_ros_py:/home/taehwan/ros2_humble/install/sros2:/home/taehwan/ros2_humble/install/rqt_topic:/home/taehwan/ros2_humble/install/rqt_srv:/home/taehwan/ros2_humble/install/rqt_shell:/home/taehwan/ros2_humble/install/rqt_service_caller:/home/taehwan/ros2_humble/install/rqt_reconfigure:/home/taehwan/ros2_humble/install/rqt_py_console:/home/taehwan/ros2_humble/install/rqt_publisher:/home/taehwan/ros2_humble/install/rqt_plot:/home/taehwan/ros2_humble/install/rqt_action:/home/taehwan/ros2_humble/install/rqt_msg:/home/taehwan/ros2_humble/install/rqt_console:/home/taehwan/ros2_humble/install/rqt:/home/taehwan/ros2_humble/install/rqt_graph:/home/taehwan/ros2_humble/install/rqt_gui_py:/home/taehwan/ros2_humble/install/rqt_gui:/home/taehwan/ros2_humble/install/ros2trace:/home/taehwan/ros2_humble/install/ros2topic:/home/taehwan/ros2_humble/install/ros2test:/home/taehwan/ros2_humble/install/ros2component:/home/taehwan/ros2_humble/install/ros2param:/home/taehwan/ros2_humble/install/ros2lifecycle:/home/taehwan/ros2_humble/install/ros2service:/home/taehwan/ros2_humble/install/ros2run:/home/taehwan/ros2_humble/install/ros2plugin:/home/taehwan/ros2_humble/install/ros2launch:/home/taehwan/ros2_humble/install/ros2pkg:/home/taehwan/ros2_humble/install/ros2node:/home/taehwan/ros2_humble/install/ros2multicast:/home/taehwan/ros2_humble/install/ros2interface:/home/taehwan/ros2_humble/install/ros2doctor:/home/taehwan/ros2_humble/install/ros2action:/home/taehwan/ros2_humble/install/ros2cli:/home/taehwan/ros2_humble/install/quality_of_service_demo_py:/home/taehwan/ros2_humble/install/lifecycle_py:/home/taehwan/ros2_humble/install/launch_testing_ros:/home/taehwan/ros2_humble/install/launch_ros:/home/taehwan/ros2_humble/install/examples_rclpy_pointcloud_publisher:/home/taehwan/ros2_humble/install/examples_rclpy_minimal_subscriber:/home/taehwan/ros2_humble/install/examples_rclpy_minimal_service:/home/taehwan/ros2_humble/install/examples_rclpy_minimal_publisher:/home/taehwan/ros2_humble/install/examples_rclpy_minimal_client:/home/taehwan/ros2_humble/install/examples_rclpy_minimal_action_server:/home/taehwan/ros2_humble/install/examples_rclpy_minimal_action_client:/home/taehwan/ros2_humble/install/examples_rclpy_guard_conditions:/home/taehwan/ros2_humble/install/examples_rclpy_executors:/home/taehwan/ros2_humble/install/demo_nodes_py:/home/taehwan/ros2_humble/install/camera_info_manager_py:/home/taehwan/ros2_humble/install/action_tutorials_py:/home/taehwan/ros2_humble/install/ament_uncrustify:/home/taehwan/ros2_humble/install/tracetools_trace:/home/taehwan/ros2_humble/install/tracetools_read:/home/taehwan/ros2_humble/install/test_tracetools_launch:/home/taehwan/ros2_humble/install/test_launch_ros:/home/taehwan/ros2_humble/install/sensor_msgs_py:/home/taehwan/ros2_humble/install/rpyutils:/home/taehwan/ros2_humble/install/rosidl_runtime_py:/home/taehwan/ros2_humble/install/rosidl_cli:/home/taehwan/ros2_humble/install/launch_pytest:/home/taehwan/ros2_humble/install/launch_testing:/home/taehwan/ros2_humble/install/launch_yaml:/home/taehwan/ros2_humble/install/launch_xml:/home/taehwan/ros2_humble/install/launch:/home/taehwan/ros2_humble/install/osrf_pycommon:/home/taehwan/ros2_humble/install/domain_coordinator:/home/taehwan/ros2_humble/install/ament_xmllint:/home/taehwan/ros2_humble/install/ament_pyflakes:/home/taehwan/ros2_humble/install/ament_pycodestyle:/home/taehwan/ros2_humble/install/ament_pep257:/home/taehwan/ros2_humble/install/ament_pclint:/home/taehwan/ros2_humble/install/ament_package:/home/taehwan/ros2_humble/install/ament_mypy:/home/taehwan/ros2_humble/install/ament_lint_cmake:/home/taehwan/ros2_humble/install/ament_flake8:/home/taehwan/ros2_humble/install/ament_copyright:/home/taehwan/ros2_humble/install/ament_lint:/home/taehwan/ros2_humble/install/ament_index_python:/home/taehwan/ros2_humble/install/ament_cpplint:/home/taehwan/ros2_humble/install/ament_cppcheck:/home/taehwan/ros2_humble/install/ament_clang_tidy:/home/taehwan/ros2_humble/install/ament_clang_format /usr/bin/cmake --build /home/taehwan/ros2_ws/build/ros_controller_pkg -- -j12 -l12
[1.119s] Invoking command in '/home/taehwan/ros2_ws/build/ros_controller_pkg': CMAKE_PREFIX_PATH=${CMAKE_PREFIX_PATH}:/home/taehwan/ros2_ws/install/stm_controller:/home/taehwan/ros2_ws/install/plc_interface:/home/taehwan/ros2_humble/install/rqt_bag_plugins:/home/taehwan/ros2_humble/install/rqt_bag:/home/taehwan/ros2_humble/install/launch_testing_examples:/home/taehwan/ros2_humble/install/ros2bag:/home/taehwan/ros2_humble/install/tracetools_test:/home/taehwan/ros2_humble/install/tracetools_launch:/home/taehwan/ros2_humble/install/topic_monitor:/home/taehwan/ros2_humble/install/tf2_tools:/home/taehwan/ros2_humble/install/examples_tf2_py:/home/taehwan/ros2_humble/install/tf2_ros_py:/home/taehwan/ros2_humble/install/sros2:/home/taehwan/ros2_humble/install/rqt_topic:/home/taehwan/ros2_humble/install/rqt_srv:/home/taehwan/ros2_humble/install/rqt_shell:/home/taehwan/ros2_humble/install/rqt_service_caller:/home/taehwan/ros2_humble/install/rqt_reconfigure:/home/taehwan/ros2_humble/install/rqt_py_console:/home/taehwan/ros2_humble/install/rqt_publisher:/home/taehwan/ros2_humble/install/rqt_plot:/home/taehwan/ros2_humble/install/rqt_action:/home/taehwan/ros2_humble/install/rqt_msg:/home/taehwan/ros2_humble/install/rqt_console:/home/taehwan/ros2_humble/install/rqt:/home/taehwan/ros2_humble/install/rqt_graph:/home/taehwan/ros2_humble/install/rqt_gui_py:/home/taehwan/ros2_humble/install/rqt_gui:/home/taehwan/ros2_humble/install/ros2trace:/home/taehwan/ros2_humble/install/ros2topic:/home/taehwan/ros2_humble/install/ros2test:/home/taehwan/ros2_humble/install/ros2component:/home/taehwan/ros2_humble/install/ros2param:/home/taehwan/ros2_humble/install/ros2lifecycle:/home/taehwan/ros2_humble/install/ros2service:/home/taehwan/ros2_humble/install/ros2run:/home/taehwan/ros2_humble/install/ros2plugin:/home/taehwan/ros2_humble/install/ros2launch:/home/taehwan/ros2_humble/install/ros2pkg:/home/taehwan/ros2_humble/install/ros2node:/home/taehwan/ros2_humble/install/ros2multicast:/home/taehwan/ros2_humble/install/ros2interface:/home/taehwan/ros2_humble/install/ros2doctor:/home/taehwan/ros2_humble/install/ros2action:/home/taehwan/ros2_humble/install/ros2cli:/home/taehwan/ros2_humble/install/quality_of_service_demo_py:/home/taehwan/ros2_humble/install/lifecycle_py:/home/taehwan/ros2_humble/install/launch_testing_ros:/home/taehwan/ros2_humble/install/launch_ros:/home/taehwan/ros2_humble/install/examples_rclpy_pointcloud_publisher:/home/taehwan/ros2_humble/install/examples_rclpy_minimal_subscriber:/home/taehwan/ros2_humble/install/examples_rclpy_minimal_service:/home/taehwan/ros2_humble/install/examples_rclpy_minimal_publisher:/home/taehwan/ros2_humble/install/examples_rclpy_minimal_client:/home/taehwan/ros2_humble/install/examples_rclpy_minimal_action_server:/home/taehwan/ros2_humble/install/examples_rclpy_minimal_action_client:/home/taehwan/ros2_humble/install/examples_rclpy_guard_conditions:/home/taehwan/ros2_humble/install/examples_rclpy_executors:/home/taehwan/ros2_humble/install/demo_nodes_py:/home/taehwan/ros2_humble/install/camera_info_manager_py:/home/taehwan/ros2_humble/install/action_tutorials_py:/home/taehwan/ros2_humble/install/ament_uncrustify:/home/taehwan/ros2_humble/install/tracetools_trace:/home/taehwan/ros2_humble/install/tracetools_read:/home/taehwan/ros2_humble/install/test_tracetools_launch:/home/taehwan/ros2_humble/install/test_launch_ros:/home/taehwan/ros2_humble/install/sensor_msgs_py:/home/taehwan/ros2_humble/install/rpyutils:/home/taehwan/ros2_humble/install/rosidl_runtime_py:/home/taehwan/ros2_humble/install/rosidl_cli:/home/taehwan/ros2_humble/install/launch_pytest:/home/taehwan/ros2_humble/install/launch_testing:/home/taehwan/ros2_humble/install/launch_yaml:/home/taehwan/ros2_humble/install/launch_xml:/home/taehwan/ros2_humble/install/launch:/home/taehwan/ros2_humble/install/osrf_pycommon:/home/taehwan/ros2_humble/install/domain_coordinator:/home/taehwan/ros2_humble/install/ament_xmllint:/home/taehwan/ros2_humble/install/ament_pyflakes:/home/taehwan/ros2_humble/install/ament_pycodestyle:/home/taehwan/ros2_humble/install/ament_pep257:/home/taehwan/ros2_humble/install/ament_pclint:/home/taehwan/ros2_humble/install/ament_package:/home/taehwan/ros2_humble/install/ament_mypy:/home/taehwan/ros2_humble/install/ament_lint_cmake:/home/taehwan/ros2_humble/install/ament_flake8:/home/taehwan/ros2_humble/install/ament_copyright:/home/taehwan/ros2_humble/install/ament_lint:/home/taehwan/ros2_humble/install/ament_index_python:/home/taehwan/ros2_humble/install/ament_cpplint:/home/taehwan/ros2_humble/install/ament_cppcheck:/home/taehwan/ros2_humble/install/ament_clang_tidy:/home/taehwan/ros2_humble/install/ament_clang_format /usr/bin/cmake --install /home/taehwan/ros2_ws/build/ros_controller_pkg
[1.147s] -- Install configuration: ""
[1.147s] -- Up-to-date: /home/taehwan/ros2_ws/install/ros_controller_pkg/share/ament_index/resource_index/rosidl_interfaces/ros_controller_pkg
[1.147s] -- Up-to-date: /home/taehwan/ros2_ws/install/ros_controller_pkg/include/ros_controller_pkg/ros_controller_pkg
[1.148s] -- Up-to-date: /home/taehwan/ros2_ws/install/ros_controller_pkg/include/ros_controller_pkg/ros_controller_pkg/msg
[1.148s] -- Up-to-date: /home/taehwan/ros2_ws/install/ros_controller_pkg/include/ros_controller_pkg/ros_controller_pkg/msg/detail
[1.148s] -- Up-to-date: /home/taehwan/ros2_ws/install/ros_controller_pkg/include/ros_controller_pkg/ros_controller_pkg/msg/detail/plc_status__functions.h
[1.149s] -- Up-to-date: /home/taehwan/ros2_ws/install/ros_controller_pkg/include/ros_controller_pkg/ros_controller_pkg/msg/detail/plc_status__functions.c
[1.149s] -- Up-to-date: /home/taehwan/ros2_ws/install/ros_controller_pkg/include/ros_controller_pkg/ros_controller_pkg/msg/detail/plc_status__type_support.h
[1.149s] -- Up-to-date: /home/taehwan/ros2_ws/install/ros_controller_pkg/include/ros_controller_pkg/ros_controller_pkg/msg/detail/plc_status__struct.h
[1.150s] -- Up-to-date: /home/taehwan/ros2_ws/install/ros_controller_pkg/include/ros_controller_pkg/ros_controller_pkg/msg/plc_status.h
[1.150s] -- Up-to-date: /home/taehwan/ros2_ws/install/ros_controller_pkg/include/ros_controller_pkg/ros_controller_pkg/msg/rosidl_generator_c__visibility_control.h
[1.150s] -- Up-to-date: /home/taehwan/ros2_ws/install/ros_controller_pkg/share/ros_controller_pkg/environment/library_path.sh
[1.150s] -- Up-to-date: /home/taehwan/ros2_ws/install/ros_controller_pkg/share/ros_controller_pkg/environment/library_path.dsv
[1.150s] -- Up-to-date: /home/taehwan/ros2_ws/install/ros_controller_pkg/lib/libros_controller_pkg__rosidl_generator_c.so
[1.150s] -- Up-to-date: /home/taehwan/ros2_ws/install/ros_controller_pkg/include/ros_controller_pkg/ros_controller_pkg
[1.151s] -- Up-to-date: /home/taehwan/ros2_ws/install/ros_controller_pkg/include/ros_controller_pkg/ros_controller_pkg/msg
[1.151s] -- Up-to-date: /home/taehwan/ros2_ws/install/ros_controller_pkg/include/ros_controller_pkg/ros_controller_pkg/msg/detail
[1.151s] -- Up-to-date: /home/taehwan/ros2_ws/install/ros_controller_pkg/include/ros_controller_pkg/ros_controller_pkg/msg/detail/plc_status__rosidl_typesupport_fastrtps_c.h
[1.151s] -- Up-to-date: /home/taehwan/ros2_ws/install/ros_controller_pkg/include/ros_controller_pkg/ros_controller_pkg/msg/rosidl_typesupport_fastrtps_c__visibility_control.h
[1.151s] -- Up-to-date: /home/taehwan/ros2_ws/install/ros_controller_pkg/lib/libros_controller_pkg__rosidl_typesupport_fastrtps_c.so
[1.151s] -- Up-to-date: /home/taehwan/ros2_ws/install/ros_controller_pkg/include/ros_controller_pkg/ros_controller_pkg
[1.152s] -- Up-to-date: /home/taehwan/ros2_ws/install/ros_controller_pkg/include/ros_controller_pkg/ros_controller_pkg/msg
[1.152s] -- Up-to-date: /home/taehwan/ros2_ws/install/ros_controller_pkg/include/ros_controller_pkg/ros_controller_pkg/msg/detail
[1.152s] -- Up-to-date: /home/taehwan/ros2_ws/install/ros_controller_pkg/include/ros_controller_pkg/ros_controller_pkg/msg/detail/plc_status__traits.hpp
[1.152s] -- Up-to-date: /home/taehwan/ros2_ws/install/ros_controller_pkg/include/ros_controller_pkg/ros_controller_pkg/msg/detail/plc_status__struct.hpp
[1.152s] -- Up-to-date: /home/taehwan/ros2_ws/install/ros_controller_pkg/include/ros_controller_pkg/ros_controller_pkg/msg/detail/plc_status__builder.hpp
[1.153s] -- Up-to-date: /home/taehwan/ros2_ws/install/ros_controller_pkg/include/ros_controller_pkg/ros_controller_pkg/msg/detail/plc_status__type_support.hpp
[1.153s] -- Up-to-date: /home/taehwan/ros2_ws/install/ros_controller_pkg/include/ros_controller_pkg/ros_controller_pkg/msg/plc_status.hpp
[1.153s] -- Up-to-date: /home/taehwan/ros2_ws/install/ros_controller_pkg/include/ros_controller_pkg/ros_controller_pkg/msg/rosidl_generator_cpp__visibility_control.hpp
[1.153s] -- Up-to-date: /home/taehwan/ros2_ws/install/ros_controller_pkg/include/ros_controller_pkg/ros_controller_pkg
[1.153s] -- Up-to-date: /home/taehwan/ros2_ws/install/ros_controller_pkg/include/ros_controller_pkg/ros_controller_pkg/msg
[1.153s] -- Up-to-date: /home/taehwan/ros2_ws/install/ros_controller_pkg/include/ros_controller_pkg/ros_controller_pkg/msg/detail
[1.154s] -- Up-to-date: /home/taehwan/ros2_ws/install/ros_controller_pkg/include/ros_controller_pkg/ros_controller_pkg/msg/detail/plc_status__rosidl_typesupport_fastrtps_cpp.hpp
[1.154s] -- Up-to-date: /home/taehwan/ros2_ws/install/ros_controller_pkg/include/ros_controller_pkg/ros_controller_pkg/msg/detail/dds_fastrtps
[1.154s] -- Up-to-date: /home/taehwan/ros2_ws/install/ros_controller_pkg/include/ros_controller_pkg/ros_controller_pkg/msg/rosidl_typesupport_fastrtps_cpp__visibility_control.h
[1.154s] -- Up-to-date: /home/taehwan/ros2_ws/install/ros_controller_pkg/lib/libros_controller_pkg__rosidl_typesupport_fastrtps_cpp.so
[1.154s] -- Up-to-date: /home/taehwan/ros2_ws/install/ros_controller_pkg/include/ros_controller_pkg/ros_controller_pkg
[1.154s] -- Up-to-date: /home/taehwan/ros2_ws/install/ros_controller_pkg/include/ros_controller_pkg/ros_controller_pkg/msg
[1.155s] -- Up-to-date: /home/taehwan/ros2_ws/install/ros_controller_pkg/include/ros_controller_pkg/ros_controller_pkg/msg/detail
[1.155s] -- Up-to-date: /home/taehwan/ros2_ws/install/ros_controller_pkg/include/ros_controller_pkg/ros_controller_pkg/msg/detail/plc_status__type_support.c
[1.155s] -- Up-to-date: /home/taehwan/ros2_ws/install/ros_controller_pkg/include/ros_controller_pkg/ros_controller_pkg/msg/detail/plc_status__rosidl_typesupport_introspection_c.h
[1.155s] -- Up-to-date: /home/taehwan/ros2_ws/install/ros_controller_pkg/include/ros_controller_pkg/ros_controller_pkg/msg/rosidl_typesupport_introspection_c__visibility_control.h
[1.155s] -- Up-to-date: /home/taehwan/ros2_ws/install/ros_controller_pkg/lib/libros_controller_pkg__rosidl_typesupport_introspection_c.so
[1.156s] -- Up-to-date: /home/taehwan/ros2_ws/install/ros_controller_pkg/lib/libros_controller_pkg__rosidl_typesupport_c.so
[1.156s] -- Up-to-date: /home/taehwan/ros2_ws/install/ros_controller_pkg/include/ros_controller_pkg/ros_controller_pkg
[1.156s] -- Up-to-date: /home/taehwan/ros2_ws/install/ros_controller_pkg/include/ros_controller_pkg/ros_controller_pkg/msg
[1.156s] -- Up-to-date: /home/taehwan/ros2_ws/install/ros_controller_pkg/include/ros_controller_pkg/ros_controller_pkg/msg/detail
[1.156s] -- Up-to-date: /home/taehwan/ros2_ws/install/ros_controller_pkg/include/ros_controller_pkg/ros_controller_pkg/msg/detail/plc_status__rosidl_typesupport_introspection_cpp.hpp
[1.156s] -- Up-to-date: /home/taehwan/ros2_ws/install/ros_controller_pkg/include/ros_controller_pkg/ros_controller_pkg/msg/detail/plc_status__type_support.cpp
[1.156s] -- Up-to-date: /home/taehwan/ros2_ws/install/ros_controller_pkg/lib/libros_controller_pkg__rosidl_typesupport_introspection_cpp.so
[1.157s] -- Up-to-date: /home/taehwan/ros2_ws/install/ros_controller_pkg/lib/libros_controller_pkg__rosidl_typesupport_cpp.so
[1.157s] -- Up-to-date: /home/taehwan/ros2_ws/install/ros_controller_pkg/share/ros_controller_pkg/environment/pythonpath.sh
[1.157s] -- Up-to-date: /home/taehwan/ros2_ws/install/ros_controller_pkg/share/ros_controller_pkg/environment/pythonpath.dsv
[1.157s] -- Up-to-date: /home/taehwan/ros2_ws/install/ros_controller_pkg/local/lib/python3.10/dist-packages/ros_controller_pkg-0.0.0-py3.10.egg-info
[1.157s] -- Installing: /home/taehwan/ros2_ws/install/ros_controller_pkg/local/lib/python3.10/dist-packages/ros_controller_pkg-0.0.0-py3.10.egg-info/PKG-INFO
[1.157s] -- Installing: /home/taehwan/ros2_ws/install/ros_controller_pkg/local/lib/python3.10/dist-packages/ros_controller_pkg-0.0.0-py3.10.egg-info/dependency_links.txt
[1.157s] -- Installing: /home/taehwan/ros2_ws/install/ros_controller_pkg/local/lib/python3.10/dist-packages/ros_controller_pkg-0.0.0-py3.10.egg-info/top_level.txt
[1.158s] -- Installing: /home/taehwan/ros2_ws/install/ros_controller_pkg/local/lib/python3.10/dist-packages/ros_controller_pkg-0.0.0-py3.10.egg-info/SOURCES.txt
[1.158s] -- Up-to-date: /home/taehwan/ros2_ws/install/ros_controller_pkg/local/lib/python3.10/dist-packages/ros_controller_pkg
[1.158s] -- Up-to-date: /home/taehwan/ros2_ws/install/ros_controller_pkg/local/lib/python3.10/dist-packages/ros_controller_pkg/libros_controller_pkg__rosidl_generator_py.so
[1.158s] -- Up-to-date: /home/taehwan/ros2_ws/install/ros_controller_pkg/local/lib/python3.10/dist-packages/ros_controller_pkg/ros_controller_pkg_s__rosidl_typesupport_fastrtps_c.cpython-310-x86_64-linux-gnu.so
[1.158s] -- Up-to-date: /home/taehwan/ros2_ws/install/ros_controller_pkg/local/lib/python3.10/dist-packages/ros_controller_pkg/msg
[1.158s] -- Up-to-date: /home/taehwan/ros2_ws/install/ros_controller_pkg/local/lib/python3.10/dist-packages/ros_controller_pkg/msg/_plc_status.py
[1.159s] -- Up-to-date: /home/taehwan/ros2_ws/install/ros_controller_pkg/local/lib/python3.10/dist-packages/ros_controller_pkg/msg/_plc_status_s.c
[1.159s] -- Up-to-date: /home/taehwan/ros2_ws/install/ros_controller_pkg/local/lib/python3.10/dist-packages/ros_controller_pkg/msg/__init__.py
[1.159s] -- Up-to-date: /home/taehwan/ros2_ws/install/ros_controller_pkg/local/lib/python3.10/dist-packages/ros_controller_pkg/ros_controller_pkg_s__rosidl_typesupport_introspection_c.cpython-310-x86_64-linux-gnu.so
[1.159s] -- Up-to-date: /home/taehwan/ros2_ws/install/ros_controller_pkg/local/lib/python3.10/dist-packages/ros_controller_pkg/ros_controller_pkg_s__rosidl_typesupport_c.cpython-310-x86_64-linux-gnu.so
[1.159s] -- Up-to-date: /home/taehwan/ros2_ws/install/ros_controller_pkg/local/lib/python3.10/dist-packages/ros_controller_pkg/_ros_controller_pkg_s.ep.rosidl_typesupport_c.c
[1.159s] -- Up-to-date: /home/taehwan/ros2_ws/install/ros_controller_pkg/local/lib/python3.10/dist-packages/ros_controller_pkg/__init__.py
[1.159s] -- Up-to-date: /home/taehwan/ros2_ws/install/ros_controller_pkg/local/lib/python3.10/dist-packages/ros_controller_pkg/_ros_controller_pkg_s.ep.rosidl_typesupport_introspection_c.c
[1.160s] -- Up-to-date: /home/taehwan/ros2_ws/install/ros_controller_pkg/local/lib/python3.10/dist-packages/ros_controller_pkg/_ros_controller_pkg_s.ep.rosidl_typesupport_fastrtps_c.c
[1.345s] Listing '/home/taehwan/ros2_ws/install/ros_controller_pkg/local/lib/python3.10/dist-packages/ros_controller_pkg'...
[1.345s] Listing '/home/taehwan/ros2_ws/install/ros_controller_pkg/local/lib/python3.10/dist-packages/ros_controller_pkg/msg'...
[1.353s] -- Up-to-date: /home/taehwan/ros2_ws/install/ros_controller_pkg/local/lib/python3.10/dist-packages/ros_controller_pkg/ros_controller_pkg_s__rosidl_typesupport_introspection_c.cpython-310-x86_64-linux-gnu.so
[1.353s] -- Up-to-date: /home/taehwan/ros2_ws/install/ros_controller_pkg/local/lib/python3.10/dist-packages/ros_controller_pkg/ros_controller_pkg_s__rosidl_typesupport_fastrtps_c.cpython-310-x86_64-linux-gnu.so
[1.353s] -- Up-to-date: /home/taehwan/ros2_ws/install/ros_controller_pkg/local/lib/python3.10/dist-packages/ros_controller_pkg/ros_controller_pkg_s__rosidl_typesupport_c.cpython-310-x86_64-linux-gnu.so
[1.354s] -- Up-to-date: /home/taehwan/ros2_ws/install/ros_controller_pkg/lib/libros_controller_pkg__rosidl_generator_py.so
[1.354s] -- Up-to-date: /home/taehwan/ros2_ws/install/ros_controller_pkg/share/ros_controller_pkg/msg/PlcStatus.idl
[1.355s] -- Up-to-date: /home/taehwan/ros2_ws/install/ros_controller_pkg/share/ros_controller_pkg/msg/PlcStatus.msg
[1.355s] -- Up-to-date: /home/taehwan/ros2_ws/install/ros_controller_pkg/lib/ros_controller_pkg/ros_controller.py
[1.355s] -- Up-to-date: /home/taehwan/ros2_ws/install/ros_controller_pkg/lib/ros_controller_pkg/db_ros.py
[1.355s] -- Up-to-date: /home/taehwan/ros2_ws/install/ros_controller_pkg/share/ros_controller_pkg/launch
[1.356s] -- Up-to-date: /home/taehwan/ros2_ws/install/ros_controller_pkg/share/ros_controller_pkg/launch/system_bringup.launch.py
[1.356s] -- Up-to-date: /home/taehwan/ros2_ws/install/ros_controller_pkg/share/ament_index/resource_index/package_run_dependencies/ros_controller_pkg
[1.356s] -- Up-to-date: /home/taehwan/ros2_ws/install/ros_controller_pkg/share/ament_index/resource_index/parent_prefix_path/ros_controller_pkg
[1.356s] -- Up-to-date: /home/taehwan/ros2_ws/install/ros_controller_pkg/share/ros_controller_pkg/environment/ament_prefix_path.dsv
[1.356s] -- Up-to-date: /home/taehwan/ros2_ws/install/ros_controller_pkg/share/ros_controller_pkg/environment/path.dsv
[1.356s] -- Up-to-date: /home/taehwan/ros2_ws/install/ros_controller_pkg/share/ros_controller_pkg/local_setup.bash
[1.357s] -- Up-to-date: /home/taehwan/ros2_ws/install/ros_controller_pkg/share/ros_controller_pkg/local_setup.sh
[1.357s] -- Up-to-date: /home/taehwan/ros2_ws/install/ros_controller_pkg/share/ros_controller_pkg/local_setup.zsh
[1.357s] -- Up-to-date: /home/taehwan/ros2_ws/install/ros_controller_pkg/share/ros_controller_pkg/local_setup.dsv
[1.357s] -- Installing: /home/taehwan/ros2_ws/install/ros_controller_pkg/share/ros_controller_pkg/package.dsv
[1.357s] -- Up-to-date: /home/taehwan/ros2_ws/install/ros_controller_pkg/share/ament_index/resource_index/packages/ros_controller_pkg
[1.357s] -- Up-to-date: /home/taehwan/ros2_ws/install/ros_controller_pkg/share/ros_controller_pkg/cmake/export_ros_controller_pkg__rosidl_generator_cExport.cmake
[1.358s] -- Up-to-date: /home/taehwan/ros2_ws/install/ros_controller_pkg/share/ros_controller_pkg/cmake/export_ros_controller_pkg__rosidl_generator_cExport-noconfig.cmake
[1.358s] -- Up-to-date: /home/taehwan/ros2_ws/install/ros_controller_pkg/share/ros_controller_pkg/cmake/export_ros_controller_pkg__rosidl_typesupport_fastrtps_cExport.cmake
[1.358s] -- Up-to-date: /home/taehwan/ros2_ws/install/ros_controller_pkg/share/ros_controller_pkg/cmake/export_ros_controller_pkg__rosidl_typesupport_fastrtps_cExport-noconfig.cmake
[1.358s] -- Up-to-date: /home/taehwan/ros2_ws/install/ros_controller_pkg/share/ros_controller_pkg/cmake/export_ros_controller_pkg__rosidl_generator_cppExport.cmake
[1.358s] -- Up-to-date: /home/taehwan/ros2_ws/install/ros_controller_pkg/share/ros_controller_pkg/cmake/export_ros_controller_pkg__rosidl_typesupport_fastrtps_cppExport.cmake
[1.358s] -- Up-to-date: /home/taehwan/ros2_ws/install/ros_controller_pkg/share/ros_controller_pkg/cmake/export_ros_controller_pkg__rosidl_typesupport_fastrtps_cppExport-noconfig.cmake
[1.359s] -- Up-to-date: /home/taehwan/ros2_ws/install/ros_controller_pkg/share/ros_controller_pkg/cmake/ros_controller_pkg__rosidl_typesupport_introspection_cExport.cmake
[1.359s] -- Up-to-date: /home/taehwan/ros2_ws/install/ros_controller_pkg/share/ros_controller_pkg/cmake/ros_controller_pkg__rosidl_typesupport_introspection_cExport-noconfig.cmake
[1.359s] -- Up-to-date: /home/taehwan/ros2_ws/install/ros_controller_pkg/share/ros_controller_pkg/cmake/ros_controller_pkg__rosidl_typesupport_cExport.cmake
[1.359s] -- Up-to-date: /home/taehwan/ros2_ws/install/ros_controller_pkg/share/ros_controller_pkg/cmake/ros_controller_pkg__rosidl_typesupport_cExport-noconfig.cmake
[1.359s] -- Up-to-date: /home/taehwan/ros2_ws/install/ros_controller_pkg/share/ros_controller_pkg/cmake/ros_controller_pkg__rosidl_typesupport_introspection_cppExport.cmake
[1.359s] -- Up-to-date: /home/taehwan/ros2_ws/install/ros_controller_pkg/share/ros_controller_pkg/cmake/ros_controller_pkg__rosidl_typesupport_introspection_cppExport-noconfig.cmake
[1.359s] -- Up-to-date: /home/taehwan/ros2_ws/install/ros_controller_pkg/share/ros_controller_pkg/cmake/ros_controller_pkg__rosidl_typesupport_cppExport.cmake
[1.360s] -- Up-to-date: /home/taehwan/ros2_ws/install/ros_controller_pkg/share/ros_controller_pkg/cmake/ros_controller_pkg__rosidl_typesupport_cppExport-noconfig.cmake
[1.360s] -- Up-to-date: /home/taehwan/ros2_ws/install/ros_controller_pkg/share/ros_controller_pkg/cmake/export_ros_controller_pkg__rosidl_generator_pyExport.cmake
[1.360s] -- Up-to-date: /home/taehwan/ros2_ws/install/ros_controller_pkg/share/ros_controller_pkg/cmake/export_ros_controller_pkg__rosidl_generator_pyExport-noconfig.cmake
[1.360s] -- Up-to-date: /home/taehwan/ros2_ws/install/ros_controller_pkg/share/ros_controller_pkg/cmake/rosidl_cmake-extras.cmake
[1.360s] -- Up-to-date: /home/taehwan/ros2_ws/install/ros_controller_pkg/share/ros_controller_pkg/cmake/ament_cmake_export_include_directories-extras.cmake
[1.360s] -- Up-to-date: /home/taehwan/ros2_ws/install/ros_controller_pkg/share/ros_controller_pkg/cmake/ament_cmake_export_libraries-extras.cmake
[1.361s] -- Up-to-date: /home/taehwan/ros2_ws/install/ros_controller_pkg/share/ros_controller_pkg/cmake/ament_cmake_export_targets-extras.cmake
[1.361s] -- Up-to-date: /home/taehwan/ros2_ws/install/ros_controller_pkg/share/ros_controller_pkg/cmake/rosidl_cmake_export_typesupport_targets-extras.cmake
[1.361s] -- Up-to-date: /home/taehwan/ros2_ws/install/ros_controller_pkg/share/ros_controller_pkg/cmake/ament_cmake_export_dependencies-extras.cmake
[1.361s] -- Up-to-date: /home/taehwan/ros2_ws/install/ros_controller_pkg/share/ros_controller_pkg/cmake/rosidl_cmake_export_typesupport_libraries-extras.cmake
[1.361s] -- Up-to-date: /home/taehwan/ros2_ws/install/ros_controller_pkg/share/ros_controller_pkg/cmake/ros_controller_pkgConfig.cmake
[1.362s] -- Up-to-date: /home/taehwan/ros2_ws/install/ros_controller_pkg/share/ros_controller_pkg/cmake/ros_controller_pkgConfig-version.cmake
[1.362s] -- Up-to-date: /home/taehwan/ros2_ws/install/ros_controller_pkg/share/ros_controller_pkg/package.xml
[1.366s] Invoked command in '/home/taehwan/ros2_ws/build/ros_controller_pkg' returned '0': CMAKE_PREFIX_PATH=${CMAKE_PREFIX_PATH}:/home/taehwan/ros2_ws/install/stm_controller:/home/taehwan/ros2_ws/install/plc_interface:/home/taehwan/ros2_humble/install/rqt_bag_plugins:/home/taehwan/ros2_humble/install/rqt_bag:/home/taehwan/ros2_humble/install/launch_testing_examples:/home/taehwan/ros2_humble/install/ros2bag:/home/taehwan/ros2_humble/install/tracetools_test:/home/taehwan/ros2_humble/install/tracetools_launch:/home/taehwan/ros2_humble/install/topic_monitor:/home/taehwan/ros2_humble/install/tf2_tools:/home/taehwan/ros2_humble/install/examples_tf2_py:/home/taehwan/ros2_humble/install/tf2_ros_py:/home/taehwan/ros2_humble/install/sros2:/home/taehwan/ros2_humble/install/rqt_topic:/home/taehwan/ros2_humble/install/rqt_srv:/home/taehwan/ros2_humble/install/rqt_shell:/home/taehwan/ros2_humble/install/rqt_service_caller:/home/taehwan/ros2_humble/install/rqt_reconfigure:/home/taehwan/ros2_humble/install/rqt_py_console:/home/taehwan/ros2_humble/install/rqt_publisher:/home/taehwan/ros2_humble/install/rqt_plot:/home/taehwan/ros2_humble/install/rqt_action:/home/taehwan/ros2_humble/install/rqt_msg:/home/taehwan/ros2_humble/install/rqt_console:/home/taehwan/ros2_humble/install/rqt:/home/taehwan/ros2_humble/install/rqt_graph:/home/taehwan/ros2_humble/install/rqt_gui_py:/home/taehwan/ros2_humble/install/rqt_gui:/home/taehwan/ros2_humble/install/ros2trace:/home/taehwan/ros2_humble/install/ros2topic:/home/taehwan/ros2_humble/install/ros2test:/home/taehwan/ros2_humble/install/ros2component:/home/taehwan/ros2_humble/install/ros2param:/home/taehwan/ros2_humble/install/ros2lifecycle:/home/taehwan/ros2_humble/install/ros2service:/home/taehwan/ros2_humble/install/ros2run:/home/taehwan/ros2_humble/install/ros2plugin:/home/taehwan/ros2_humble/install/ros2launch:/home/taehwan/ros2_humble/install/ros2pkg:/home/taehwan/ros2_humble/install/ros2node:/home/taehwan/ros2_humble/install/ros2multicast:/home/taehwan/ros2_humble/install/ros2interface:/home/taehwan/ros2_humble/install/ros2doctor:/home/taehwan/ros2_humble/install/ros2action:/home/taehwan/ros2_humble/install/ros2cli:/home/taehwan/ros2_humble/install/quality_of_service_demo_py:/home/taehwan/ros2_humble/install/lifecycle_py:/home/taehwan/ros2_humble/install/launch_testing_ros:/home/taehwan/ros2_humble/install/launch_ros:/home/taehwan/ros2_humble/install/examples_rclpy_pointcloud_publisher:/home/taehwan/ros2_humble/install/examples_rclpy_minimal_subscriber:/home/taehwan/ros2_humble/install/examples_rclpy_minimal_service:/home/taehwan/ros2_humble/install/examples_rclpy_minimal_publisher:/home/taehwan/ros2_humble/install/examples_rclpy_minimal_client:/home/taehwan/ros2_humble/install/examples_rclpy_minimal_action_server:/home/taehwan/ros2_humble/install/examples_rclpy_minimal_action_client:/home/taehwan/ros2_humble/install/examples_rclpy_guard_conditions:/home/taehwan/ros2_humble/install/examples_rclpy_executors:/home/taehwan/ros2_humble/install/demo_nodes_py:/home/taehwan/ros2_humble/install/camera_info_manager_py:/home/taehwan/ros2_humble/install/action_tutorials_py:/home/taehwan/ros2_humble/install/ament_uncrustify:/home/taehwan/ros2_humble/install/tracetools_trace:/home/taehwan/ros2_humble/install/tracetools_read:/home/taehwan/ros2_humble/install/test_tracetools_launch:/home/taehwan/ros2_humble/install/test_launch_ros:/home/taehwan/ros2_humble/install/sensor_msgs_py:/home/taehwan/ros2_humble/install/rpyutils:/home/taehwan/ros2_humble/install/rosidl_runtime_py:/home/taehwan/ros2_humble/install/rosidl_cli:/home/taehwan/ros2_humble/install/launch_pytest:/home/taehwan/ros2_humble/install/launch_testing:/home/taehwan/ros2_humble/install/launch_yaml:/home/taehwan/ros2_humble/install/launch_xml:/home/taehwan/ros2_humble/install/launch:/home/taehwan/ros2_humble/install/osrf_pycommon:/home/taehwan/ros2_humble/install/domain_coordinator:/home/taehwan/ros2_humble/install/ament_xmllint:/home/taehwan/ros2_humble/install/ament_pyflakes:/home/taehwan/ros2_humble/install/ament_pycodestyle:/home/taehwan/ros2_humble/install/ament_pep257:/home/taehwan/ros2_humble/install/ament_pclint:/home/taehwan/ros2_humble/install/ament_package:/home/taehwan/ros2_humble/install/ament_mypy:/home/taehwan/ros2_humble/install/ament_lint_cmake:/home/taehwan/ros2_humble/install/ament_flake8:/home/taehwan/ros2_humble/install/ament_copyright:/home/taehwan/ros2_humble/install/ament_lint:/home/taehwan/ros2_humble/install/ament_index_python:/home/taehwan/ros2_humble/install/ament_cpplint:/home/taehwan/ros2_humble/install/ament_cppcheck:/home/taehwan/ros2_humble/install/ament_clang_tidy:/home/taehwan/ros2_humble/install/ament_clang_format /usr/bin/cmake --install /home/taehwan/ros2_ws/build/ros_controller_pkg
