[1.471s] Invoking command in '/home/taehwan/ros2_ws/src/stm_controller': PYTHONPATH=/home/taehwan/ros2_ws/build/stm_controller/prefix_override:/usr/lib/python3/dist-packages/colcon_core/task/python/colcon_distutils_commands:/home/taehwan/ros2_ws/install/stm_controller/lib/python3.10/site-packages:${PYTHONPATH} /usr/bin/python3 -W ignore:setup.py install is deprecated -W ignore:easy_install command is deprecated setup.py egg_info --egg-base ../../build/stm_controller build --build-base /home/taehwan/ros2_ws/build/stm_controller/build install --record /home/taehwan/ros2_ws/build/stm_controller/install.log --single-version-externally-managed install_data
[1.832s] running egg_info
[1.833s] writing ../../build/stm_controller/stm_controller.egg-info/PKG-INFO
[1.834s] writing dependency_links to ../../build/stm_controller/stm_controller.egg-info/dependency_links.txt
[1.834s] writing entry points to ../../build/stm_controller/stm_controller.egg-info/entry_points.txt
[1.834s] writing requirements to ../../build/stm_controller/stm_controller.egg-info/requires.txt
[1.834s] writing top-level names to ../../build/stm_controller/stm_controller.egg-info/top_level.txt
[1.839s] reading manifest file '../../build/stm_controller/stm_controller.egg-info/SOURCES.txt'
[1.840s] writing manifest file '../../build/stm_controller/stm_controller.egg-info/SOURCES.txt'
[1.840s] running build
[1.841s] running build_py
[1.841s] running install
[1.841s] running install_lib
[1.843s] running install_data
[1.844s] running install_egg_info
[1.847s] removing '/home/taehwan/ros2_ws/install/stm_controller/lib/python3.10/site-packages/stm_controller-0.1.0-py3.10.egg-info' (and everything under it)
[1.847s] Copying ../../build/stm_controller/stm_controller.egg-info to /home/taehwan/ros2_ws/install/stm_controller/lib/python3.10/site-packages/stm_controller-0.1.0-py3.10.egg-info
[1.847s] running install_scripts
[1.880s] Installing stm_node script to /home/taehwan/ros2_ws/install/stm_controller/lib/stm_controller
[1.880s] writing list of installed files to '/home/taehwan/ros2_ws/build/stm_controller/install.log'
[1.903s] Invoked command in '/home/taehwan/ros2_ws/src/stm_controller' returned '0': PYTHONPATH=/home/taehwan/ros2_ws/build/stm_controller/prefix_override:/usr/lib/python3/dist-packages/colcon_core/task/python/colcon_distutils_commands:/home/taehwan/ros2_ws/install/stm_controller/lib/python3.10/site-packages:${PYTHONPATH} /usr/bin/python3 -W ignore:setup.py install is deprecated -W ignore:easy_install command is deprecated setup.py egg_info --egg-base ../../build/stm_controller build --build-base /home/taehwan/ros2_ws/build/stm_controller/build install --record /home/taehwan/ros2_ws/build/stm_controller/install.log --single-version-externally-managed install_data
