[2.081s] Invoking command in '/home/taehwan/ros2_ws/src/plc_interface': PYTHONPATH=/home/taehwan/ros2_ws/build/plc_interface/prefix_override:/usr/lib/python3/dist-packages/colcon_core/task/python/colcon_distutils_commands:/home/taehwan/ros2_ws/install/plc_interface/lib/python3.10/site-packages:${PYTHONPATH} /usr/bin/python3 -W ignore:setup.py install is deprecated -W ignore:easy_install command is deprecated setup.py egg_info --egg-base ../../build/plc_interface build --build-base /home/taehwan/ros2_ws/build/plc_interface/build install --record /home/taehwan/ros2_ws/build/plc_interface/install.log --single-version-externally-managed install_data
[2.566s] running egg_info
[2.567s] writing ../../build/plc_interface/plc_interface.egg-info/PKG-INFO
[2.567s] writing dependency_links to ../../build/plc_interface/plc_interface.egg-info/dependency_links.txt
[2.567s] writing entry points to ../../build/plc_interface/plc_interface.egg-info/entry_points.txt
[2.568s] writing requirements to ../../build/plc_interface/plc_interface.egg-info/requires.txt
[2.568s] writing top-level names to ../../build/plc_interface/plc_interface.egg-info/top_level.txt
[2.573s] reading manifest file '../../build/plc_interface/plc_interface.egg-info/SOURCES.txt'
[2.574s] writing manifest file '../../build/plc_interface/plc_interface.egg-info/SOURCES.txt'
[2.574s] running build
[2.574s] running build_py
[2.575s] running install
[2.575s] running install_lib
[2.577s] running install_data
[2.578s] running install_egg_info
[2.581s] removing '/home/taehwan/ros2_ws/install/plc_interface/lib/python3.10/site-packages/plc_interface-0.0.1-py3.10.egg-info' (and everything under it)
[2.581s] Copying ../../build/plc_interface/plc_interface.egg-info to /home/taehwan/ros2_ws/install/plc_interface/lib/python3.10/site-packages/plc_interface-0.0.1-py3.10.egg-info
[2.582s] running install_scripts
[2.618s] Installing plc_node script to /home/taehwan/ros2_ws/install/plc_interface/lib/plc_interface
[2.618s] writing list of installed files to '/home/taehwan/ros2_ws/build/plc_interface/install.log'
[2.649s] Invoked command in '/home/taehwan/ros2_ws/src/plc_interface' returned '0': PYTHONPATH=/home/taehwan/ros2_ws/build/plc_interface/prefix_override:/usr/lib/python3/dist-packages/colcon_core/task/python/colcon_distutils_commands:/home/taehwan/ros2_ws/install/plc_interface/lib/python3.10/site-packages:${PYTHONPATH} /usr/bin/python3 -W ignore:setup.py install is deprecated -W ignore:easy_install command is deprecated setup.py egg_info --egg-base ../../build/plc_interface build --build-base /home/taehwan/ros2_ws/build/plc_interface/build install --record /home/taehwan/ros2_ws/build/plc_interface/install.log --single-version-externally-managed install_data
