[1.355s] Invoking command in '/home/taehwan/ros2_ws/src/stm_controller': PYTHONPATH=/home/taehwan/ros2_ws/build/stm_controller/prefix_override:/usr/lib/python3/dist-packages/colcon_core/task/python/colcon_distutils_commands:/home/taehwan/ros2_ws/install/stm_controller/lib/python3.10/site-packages:${PYTHONPATH} /usr/bin/python3 -W ignore:setup.py install is deprecated -W ignore:easy_install command is deprecated setup.py egg_info --egg-base ../../build/stm_controller build --build-base /home/taehwan/ros2_ws/build/stm_controller/build install --record /home/taehwan/ros2_ws/build/stm_controller/install.log --single-version-externally-managed install_data
[1.726s] running egg_info
[1.727s] creating ../../build/stm_controller/stm_controller.egg-info
[1.727s] writing ../../build/stm_controller/stm_controller.egg-info/PKG-INFO
[1.728s] writing dependency_links to ../../build/stm_controller/stm_controller.egg-info/dependency_links.txt
[1.728s] writing entry points to ../../build/stm_controller/stm_controller.egg-info/entry_points.txt
[1.728s] writing requirements to ../../build/stm_controller/stm_controller.egg-info/requires.txt
[1.728s] writing top-level names to ../../build/stm_controller/stm_controller.egg-info/top_level.txt
[1.732s] writing manifest file '../../build/stm_controller/stm_controller.egg-info/SOURCES.txt'
[1.734s] reading manifest file '../../build/stm_controller/stm_controller.egg-info/SOURCES.txt'
[1.734s] writing manifest file '../../build/stm_controller/stm_controller.egg-info/SOURCES.txt'
[1.735s] running build
[1.735s] running build_py
[1.735s] creating /home/taehwan/ros2_ws/build/stm_controller/build
[1.735s] creating /home/taehwan/ros2_ws/build/stm_controller/build/lib
[1.736s] creating /home/taehwan/ros2_ws/build/stm_controller/build/lib/stm_controller
[1.736s] copying stm_controller/__init__.py -> /home/taehwan/ros2_ws/build/stm_controller/build/lib/stm_controller
[1.736s] copying stm_controller/stm_node.py -> /home/taehwan/ros2_ws/build/stm_controller/build/lib/stm_controller
[1.736s] running install
[1.737s] running install_lib
[1.737s] creating /home/taehwan/ros2_ws/install/stm_controller/lib/python3.10/site-packages/stm_controller
[1.737s] copying /home/taehwan/ros2_ws/build/stm_controller/build/lib/stm_controller/__init__.py -> /home/taehwan/ros2_ws/install/stm_controller/lib/python3.10/site-packages/stm_controller
[1.737s] copying /home/taehwan/ros2_ws/build/stm_controller/build/lib/stm_controller/stm_node.py -> /home/taehwan/ros2_ws/install/stm_controller/lib/python3.10/site-packages/stm_controller
[1.739s] byte-compiling /home/taehwan/ros2_ws/install/stm_controller/lib/python3.10/site-packages/stm_controller/__init__.py to __init__.cpython-310.pyc
[1.739s] byte-compiling /home/taehwan/ros2_ws/install/stm_controller/lib/python3.10/site-packages/stm_controller/stm_node.py to stm_node.cpython-310.pyc
[1.740s] running install_data
[1.740s] creating /home/taehwan/ros2_ws/install/stm_controller/share/ament_index
[1.740s] creating /home/taehwan/ros2_ws/install/stm_controller/share/ament_index/resource_index
[1.740s] creating /home/taehwan/ros2_ws/install/stm_controller/share/ament_index/resource_index/packages
[1.741s] copying resource/stm_controller -> /home/taehwan/ros2_ws/install/stm_controller/share/ament_index/resource_index/packages
[1.741s] copying package.xml -> /home/taehwan/ros2_ws/install/stm_controller/share/stm_controller
[1.741s] running install_egg_info
[1.744s] Copying ../../build/stm_controller/stm_controller.egg-info to /home/taehwan/ros2_ws/install/stm_controller/lib/python3.10/site-packages/stm_controller-0.1.0-py3.10.egg-info
[1.745s] running install_scripts
[1.779s] Installing stm_node script to /home/taehwan/ros2_ws/install/stm_controller/lib/stm_controller
[1.779s] writing list of installed files to '/home/taehwan/ros2_ws/build/stm_controller/install.log'
[1.804s] Invoked command in '/home/taehwan/ros2_ws/src/stm_controller' returned '0': PYTHONPATH=/home/taehwan/ros2_ws/build/stm_controller/prefix_override:/usr/lib/python3/dist-packages/colcon_core/task/python/colcon_distutils_commands:/home/taehwan/ros2_ws/install/stm_controller/lib/python3.10/site-packages:${PYTHONPATH} /usr/bin/python3 -W ignore:setup.py install is deprecated -W ignore:easy_install command is deprecated setup.py egg_info --egg-base ../../build/stm_controller build --build-base /home/taehwan/ros2_ws/build/stm_controller/build install --record /home/taehwan/ros2_ws/build/stm_controller/install.log --single-version-externally-managed install_data
