[0.304s] Invoking command in '/home/taehwan/ros2_ws/build/ros_controller_pkg': CMAKE_PREFIX_PATH=${CMAKE_PREFIX_PATH}:/home/taehwan/ros2_ws/install/stm_controller:/home/taehwan/ros2_ws/install/plc_interface:/home/taehwan/ros2_humble/install/rqt_bag_plugins:/home/taehwan/ros2_humble/install/rqt_bag:/home/taehwan/ros2_humble/install/launch_testing_examples:/home/taehwan/ros2_humble/install/ros2bag:/home/taehwan/ros2_humble/install/tracetools_test:/home/taehwan/ros2_humble/install/tracetools_launch:/home/taehwan/ros2_humble/install/topic_monitor:/home/taehwan/ros2_humble/install/tf2_tools:/home/taehwan/ros2_humble/install/examples_tf2_py:/home/taehwan/ros2_humble/install/tf2_ros_py:/home/taehwan/ros2_humble/install/sros2:/home/taehwan/ros2_humble/install/rqt_topic:/home/taehwan/ros2_humble/install/rqt_srv:/home/taehwan/ros2_humble/install/rqt_shell:/home/taehwan/ros2_humble/install/rqt_service_caller:/home/taehwan/ros2_humble/install/rqt_reconfigure:/home/taehwan/ros2_humble/install/rqt_py_console:/home/taehwan/ros2_humble/install/rqt_publisher:/home/taehwan/ros2_humble/install/rqt_plot:/home/taehwan/ros2_humble/install/rqt_action:/home/taehwan/ros2_humble/install/rqt_msg:/home/taehwan/ros2_humble/install/rqt_console:/home/taehwan/ros2_humble/install/rqt:/home/taehwan/ros2_humble/install/rqt_graph:/home/taehwan/ros2_humble/install/rqt_gui_py:/home/taehwan/ros2_humble/install/rqt_gui:/home/taehwan/ros2_humble/install/ros2trace:/home/taehwan/ros2_humble/install/ros2topic:/home/taehwan/ros2_humble/install/ros2test:/home/taehwan/ros2_humble/install/ros2component:/home/taehwan/ros2_humble/install/ros2param:/home/taehwan/ros2_humble/install/ros2lifecycle:/home/taehwan/ros2_humble/install/ros2service:/home/taehwan/ros2_humble/install/ros2run:/home/taehwan/ros2_humble/install/ros2plugin:/home/taehwan/ros2_humble/install/ros2launch:/home/taehwan/ros2_humble/install/ros2pkg:/home/taehwan/ros2_humble/install/ros2node:/home/taehwan/ros2_humble/install/ros2multicast:/home/taehwan/ros2_humble/install/ros2interface:/home/taehwan/ros2_humble/install/ros2doctor:/home/taehwan/ros2_humble/install/ros2action:/home/taehwan/ros2_humble/install/ros2cli:/home/taehwan/ros2_humble/install/quality_of_service_demo_py:/home/taehwan/ros2_humble/install/lifecycle_py:/home/taehwan/ros2_humble/install/launch_testing_ros:/home/taehwan/ros2_humble/install/launch_ros:/home/taehwan/ros2_humble/install/examples_rclpy_pointcloud_publisher:/home/taehwan/ros2_humble/install/examples_rclpy_minimal_subscriber:/home/taehwan/ros2_humble/install/examples_rclpy_minimal_service:/home/taehwan/ros2_humble/install/examples_rclpy_minimal_publisher:/home/taehwan/ros2_humble/install/examples_rclpy_minimal_client:/home/taehwan/ros2_humble/install/examples_rclpy_minimal_action_server:/home/taehwan/ros2_humble/install/examples_rclpy_minimal_action_client:/home/taehwan/ros2_humble/install/examples_rclpy_guard_conditions:/home/taehwan/ros2_humble/install/examples_rclpy_executors:/home/taehwan/ros2_humble/install/demo_nodes_py:/home/taehwan/ros2_humble/install/camera_info_manager_py:/home/taehwan/ros2_humble/install/action_tutorials_py:/home/taehwan/ros2_humble/install/ament_uncrustify:/home/taehwan/ros2_humble/install/tracetools_trace:/home/taehwan/ros2_humble/install/tracetools_read:/home/taehwan/ros2_humble/install/test_tracetools_launch:/home/taehwan/ros2_humble/install/test_launch_ros:/home/taehwan/ros2_humble/install/sensor_msgs_py:/home/taehwan/ros2_humble/install/rpyutils:/home/taehwan/ros2_humble/install/rosidl_runtime_py:/home/taehwan/ros2_humble/install/rosidl_cli:/home/taehwan/ros2_humble/install/launch_pytest:/home/taehwan/ros2_humble/install/launch_testing:/home/taehwan/ros2_humble/install/launch_yaml:/home/taehwan/ros2_humble/install/launch_xml:/home/taehwan/ros2_humble/install/launch:/home/taehwan/ros2_humble/install/osrf_pycommon:/home/taehwan/ros2_humble/install/domain_coordinator:/home/taehwan/ros2_humble/install/ament_xmllint:/home/taehwan/ros2_humble/install/ament_pyflakes:/home/taehwan/ros2_humble/install/ament_pycodestyle:/home/taehwan/ros2_humble/install/ament_pep257:/home/taehwan/ros2_humble/install/ament_pclint:/home/taehwan/ros2_humble/install/ament_package:/home/taehwan/ros2_humble/install/ament_mypy:/home/taehwan/ros2_humble/install/ament_lint_cmake:/home/taehwan/ros2_humble/install/ament_flake8:/home/taehwan/ros2_humble/install/ament_copyright:/home/taehwan/ros2_humble/install/ament_lint:/home/taehwan/ros2_humble/install/ament_index_python:/home/taehwan/ros2_humble/install/ament_cpplint:/home/taehwan/ros2_humble/install/ament_cppcheck:/home/taehwan/ros2_humble/install/ament_clang_tidy:/home/taehwan/ros2_humble/install/ament_clang_format /usr/bin/cmake --build /home/taehwan/ros2_ws/build/ros_controller_pkg -- -j12 -l12
[0.424s] -- Found ament_cmake: 1.3.12 (/home/taehwan/ros2_humble/install/ament_cmake/share/ament_cmake/cmake)
[0.663s] -- Found rclpy: 3.3.19 (/home/taehwan/ros2_humble/install/rclpy/share/rclpy/cmake)
[0.663s] -- Found std_msgs: 4.9.0 (/home/taehwan/ros2_humble/install/std_msgs/share/std_msgs/cmake)
[0.712s] -- Found rosidl_generator_c: 3.1.7 (/home/taehwan/ros2_humble/install/rosidl_generator_c/share/rosidl_generator_c/cmake)
[0.716s] -- Found rosidl_adapter: 3.1.7 (/home/taehwan/ros2_humble/install/rosidl_adapter/share/rosidl_adapter/cmake)
[0.725s] -- Found rosidl_generator_cpp: 3.1.7 (/home/taehwan/ros2_humble/install/rosidl_generator_cpp/share/rosidl_generator_cpp/cmake)
[0.779s] -- Using all available rosidl_typesupport_c: rosidl_typesupport_introspection_c;rosidl_typesupport_fastrtps_c
[0.835s] -- Using all available rosidl_typesupport_cpp: rosidl_typesupport_introspection_cpp;rosidl_typesupport_fastrtps_cpp
[0.892s] -- Found std_srvs: 4.9.0 (/home/taehwan/ros2_humble/install/std_srvs/share/std_srvs/cmake)
[0.906s] -- Found rosidl_default_generators: 1.2.0 (/home/taehwan/ros2_humble/install/rosidl_default_generators/share/rosidl_default_generators/cmake)
[1.510s] -- Found ament_cmake_ros: 0.10.0 (/home/taehwan/ros2_humble/install/ament_cmake_ros/share/ament_cmake_ros/cmake)
[2.049s] -- Using all available rosidl_typesupport_c: rosidl_typesupport_introspection_c;rosidl_typesupport_fastrtps_c
[2.270s] -- Using all available rosidl_typesupport_cpp: rosidl_typesupport_introspection_cpp;rosidl_typesupport_fastrtps_cpp
[2.316s] -- Found python_cmake_module: 0.10.0 (/home/taehwan/ros2_humble/install/python_cmake_module/share/python_cmake_module/cmake)
[2.358s] -- Using PYTHON_EXECUTABLE: /usr/bin/python3
[2.358s] -- Using PYTHON_INCLUDE_DIRS: /usr/include/python3.10
[2.358s] -- Using PYTHON_LIBRARIES: /usr/lib/x86_64-linux-gnu/libpython3.10.so
[2.566s] -- Configuring done
[2.594s] -- Generating done
[2.601s] -- Build files have been written to: /home/taehwan/ros2_ws/build/ros_controller_pkg
[2.643s] [35m[1mConsolidate compiler generated dependencies of target ros_controller_pkg__rosidl_generator_c[0m
[2.664s] [  3%] Built target ros_controller_pkg__cpp
[2.670s] [ 12%] Built target ros_controller_pkg__rosidl_generator_c
[2.688s] [ 12%] Built target ament_cmake_python_copy_ros_controller_pkg
[2.701s] [35m[1mConsolidate compiler generated dependencies of target ros_controller_pkg__rosidl_typesupport_c[0m
[2.702s] [35m[1mConsolidate compiler generated dependencies of target ros_controller_pkg__rosidl_typesupport_fastrtps_cpp[0m
[2.702s] [35m[1mConsolidate compiler generated dependencies of target ros_controller_pkg__rosidl_typesupport_cpp[0m
[2.703s] [35m[1mConsolidate compiler generated dependencies of target ros_controller_pkg__rosidl_typesupport_fastrtps_c[0m
[2.703s] [35m[1mConsolidate compiler generated dependencies of target ros_controller_pkg__rosidl_typesupport_introspection_cpp[0m
[2.710s] [35m[1mConsolidate compiler generated dependencies of target ros_controller_pkg__rosidl_typesupport_introspection_c[0m
[2.728s] [ 32%] Built target ros_controller_pkg__rosidl_typesupport_cpp
[2.728s] [ 32%] Built target ros_controller_pkg__rosidl_typesupport_c
[2.734s] [ 41%] Built target ros_controller_pkg__rosidl_typesupport_fastrtps_c
[2.736s] [ 51%] Built target ros_controller_pkg__rosidl_typesupport_fastrtps_cpp
[2.737s] [ 61%] Built target ros_controller_pkg__rosidl_typesupport_introspection_cpp
[2.740s] [ 70%] Built target ros_controller_pkg__rosidl_typesupport_introspection_c
[2.780s] [ 70%] Built target ros_controller_pkg
[2.826s] [ 74%] Built target ros_controller_pkg__py
[2.848s] [35m[1mConsolidate compiler generated dependencies of target ros_controller_pkg__rosidl_generator_py[0m
[2.873s] [ 80%] Built target ros_controller_pkg__rosidl_generator_py
[2.895s] [35m[1mConsolidate compiler generated dependencies of target ros_controller_pkg__rosidl_typesupport_c__pyext[0m
[2.899s] [35m[1mConsolidate compiler generated dependencies of target ros_controller_pkg__rosidl_typesupport_introspection_c__pyext[0m
[2.899s] [35m[1mConsolidate compiler generated dependencies of target ros_controller_pkg__rosidl_typesupport_fastrtps_c__pyext[0m
[2.920s] [ 87%] Built target ros_controller_pkg__rosidl_typesupport_introspection_c__pyext
[2.922s] [ 93%] Built target ros_controller_pkg__rosidl_typesupport_c__pyext
[2.926s] [100%] Built target ros_controller_pkg__rosidl_typesupport_fastrtps_c__pyext
[2.971s] running egg_info
[2.971s] writing ros_controller_pkg.egg-info/PKG-INFO
[2.971s] writing dependency_links to ros_controller_pkg.egg-info/dependency_links.txt
[2.971s] writing top-level names to ros_controller_pkg.egg-info/top_level.txt
[2.975s] reading manifest file 'ros_controller_pkg.egg-info/SOURCES.txt'
[2.975s] writing manifest file 'ros_controller_pkg.egg-info/SOURCES.txt'
[3.008s] [100%] Built target ament_cmake_python_build_ros_controller_pkg_egg
[3.023s] Invoked command in '/home/taehwan/ros2_ws/build/ros_controller_pkg' returned '0': CMAKE_PREFIX_PATH=${CMAKE_PREFIX_PATH}:/home/taehwan/ros2_ws/install/stm_controller:/home/taehwan/ros2_ws/install/plc_interface:/home/taehwan/ros2_humble/install/rqt_bag_plugins:/home/taehwan/ros2_humble/install/rqt_bag:/home/taehwan/ros2_humble/install/launch_testing_examples:/home/taehwan/ros2_humble/install/ros2bag:/home/taehwan/ros2_humble/install/tracetools_test:/home/taehwan/ros2_humble/install/tracetools_launch:/home/taehwan/ros2_humble/install/topic_monitor:/home/taehwan/ros2_humble/install/tf2_tools:/home/taehwan/ros2_humble/install/examples_tf2_py:/home/taehwan/ros2_humble/install/tf2_ros_py:/home/taehwan/ros2_humble/install/sros2:/home/taehwan/ros2_humble/install/rqt_topic:/home/taehwan/ros2_humble/install/rqt_srv:/home/taehwan/ros2_humble/install/rqt_shell:/home/taehwan/ros2_humble/install/rqt_service_caller:/home/taehwan/ros2_humble/install/rqt_reconfigure:/home/taehwan/ros2_humble/install/rqt_py_console:/home/taehwan/ros2_humble/install/rqt_publisher:/home/taehwan/ros2_humble/install/rqt_plot:/home/taehwan/ros2_humble/install/rqt_action:/home/taehwan/ros2_humble/install/rqt_msg:/home/taehwan/ros2_humble/install/rqt_console:/home/taehwan/ros2_humble/install/rqt:/home/taehwan/ros2_humble/install/rqt_graph:/home/taehwan/ros2_humble/install/rqt_gui_py:/home/taehwan/ros2_humble/install/rqt_gui:/home/taehwan/ros2_humble/install/ros2trace:/home/taehwan/ros2_humble/install/ros2topic:/home/taehwan/ros2_humble/install/ros2test:/home/taehwan/ros2_humble/install/ros2component:/home/taehwan/ros2_humble/install/ros2param:/home/taehwan/ros2_humble/install/ros2lifecycle:/home/taehwan/ros2_humble/install/ros2service:/home/taehwan/ros2_humble/install/ros2run:/home/taehwan/ros2_humble/install/ros2plugin:/home/taehwan/ros2_humble/install/ros2launch:/home/taehwan/ros2_humble/install/ros2pkg:/home/taehwan/ros2_humble/install/ros2node:/home/taehwan/ros2_humble/install/ros2multicast:/home/taehwan/ros2_humble/install/ros2interface:/home/taehwan/ros2_humble/install/ros2doctor:/home/taehwan/ros2_humble/install/ros2action:/home/taehwan/ros2_humble/install/ros2cli:/home/taehwan/ros2_humble/install/quality_of_service_demo_py:/home/taehwan/ros2_humble/install/lifecycle_py:/home/taehwan/ros2_humble/install/launch_testing_ros:/home/taehwan/ros2_humble/install/launch_ros:/home/taehwan/ros2_humble/install/examples_rclpy_pointcloud_publisher:/home/taehwan/ros2_humble/install/examples_rclpy_minimal_subscriber:/home/taehwan/ros2_humble/install/examples_rclpy_minimal_service:/home/taehwan/ros2_humble/install/examples_rclpy_minimal_publisher:/home/taehwan/ros2_humble/install/examples_rclpy_minimal_client:/home/taehwan/ros2_humble/install/examples_rclpy_minimal_action_server:/home/taehwan/ros2_humble/install/examples_rclpy_minimal_action_client:/home/taehwan/ros2_humble/install/examples_rclpy_guard_conditions:/home/taehwan/ros2_humble/install/examples_rclpy_executors:/home/taehwan/ros2_humble/install/demo_nodes_py:/home/taehwan/ros2_humble/install/camera_info_manager_py:/home/taehwan/ros2_humble/install/action_tutorials_py:/home/taehwan/ros2_humble/install/ament_uncrustify:/home/taehwan/ros2_humble/install/tracetools_trace:/home/taehwan/ros2_humble/install/tracetools_read:/home/taehwan/ros2_humble/install/test_tracetools_launch:/home/taehwan/ros2_humble/install/test_launch_ros:/home/taehwan/ros2_humble/install/sensor_msgs_py:/home/taehwan/ros2_humble/install/rpyutils:/home/taehwan/ros2_humble/install/rosidl_runtime_py:/home/taehwan/ros2_humble/install/rosidl_cli:/home/taehwan/ros2_humble/install/launch_pytest:/home/taehwan/ros2_humble/install/launch_testing:/home/taehwan/ros2_humble/install/launch_yaml:/home/taehwan/ros2_humble/install/launch_xml:/home/taehwan/ros2_humble/install/launch:/home/taehwan/ros2_humble/install/osrf_pycommon:/home/taehwan/ros2_humble/install/domain_coordinator:/home/taehwan/ros2_humble/install/ament_xmllint:/home/taehwan/ros2_humble/install/ament_pyflakes:/home/taehwan/ros2_humble/install/ament_pycodestyle:/home/taehwan/ros2_humble/install/ament_pep257:/home/taehwan/ros2_humble/install/ament_pclint:/home/taehwan/ros2_humble/install/ament_package:/home/taehwan/ros2_humble/install/ament_mypy:/home/taehwan/ros2_humble/install/ament_lint_cmake:/home/taehwan/ros2_humble/install/ament_flake8:/home/taehwan/ros2_humble/install/ament_copyright:/home/taehwan/ros2_humble/install/ament_lint:/home/taehwan/ros2_humble/install/ament_index_python:/home/taehwan/ros2_humble/install/ament_cpplint:/home/taehwan/ros2_humble/install/ament_cppcheck:/home/taehwan/ros2_humble/install/ament_clang_tidy:/home/taehwan/ros2_humble/install/ament_clang_format /usr/bin/cmake --build /home/taehwan/ros2_ws/build/ros_controller_pkg -- -j12 -l12
[3.041s] Invoking command in '/home/taehwan/ros2_ws/build/ros_controller_pkg': CMAKE_PREFIX_PATH=${CMAKE_PREFIX_PATH}:/home/taehwan/ros2_ws/install/stm_controller:/home/taehwan/ros2_ws/install/plc_interface:/home/taehwan/ros2_humble/install/rqt_bag_plugins:/home/taehwan/ros2_humble/install/rqt_bag:/home/taehwan/ros2_humble/install/launch_testing_examples:/home/taehwan/ros2_humble/install/ros2bag:/home/taehwan/ros2_humble/install/tracetools_test:/home/taehwan/ros2_humble/install/tracetools_launch:/home/taehwan/ros2_humble/install/topic_monitor:/home/taehwan/ros2_humble/install/tf2_tools:/home/taehwan/ros2_humble/install/examples_tf2_py:/home/taehwan/ros2_humble/install/tf2_ros_py:/home/taehwan/ros2_humble/install/sros2:/home/taehwan/ros2_humble/install/rqt_topic:/home/taehwan/ros2_humble/install/rqt_srv:/home/taehwan/ros2_humble/install/rqt_shell:/home/taehwan/ros2_humble/install/rqt_service_caller:/home/taehwan/ros2_humble/install/rqt_reconfigure:/home/taehwan/ros2_humble/install/rqt_py_console:/home/taehwan/ros2_humble/install/rqt_publisher:/home/taehwan/ros2_humble/install/rqt_plot:/home/taehwan/ros2_humble/install/rqt_action:/home/taehwan/ros2_humble/install/rqt_msg:/home/taehwan/ros2_humble/install/rqt_console:/home/taehwan/ros2_humble/install/rqt:/home/taehwan/ros2_humble/install/rqt_graph:/home/taehwan/ros2_humble/install/rqt_gui_py:/home/taehwan/ros2_humble/install/rqt_gui:/home/taehwan/ros2_humble/install/ros2trace:/home/taehwan/ros2_humble/install/ros2topic:/home/taehwan/ros2_humble/install/ros2test:/home/taehwan/ros2_humble/install/ros2component:/home/taehwan/ros2_humble/install/ros2param:/home/taehwan/ros2_humble/install/ros2lifecycle:/home/taehwan/ros2_humble/install/ros2service:/home/taehwan/ros2_humble/install/ros2run:/home/taehwan/ros2_humble/install/ros2plugin:/home/taehwan/ros2_humble/install/ros2launch:/home/taehwan/ros2_humble/install/ros2pkg:/home/taehwan/ros2_humble/install/ros2node:/home/taehwan/ros2_humble/install/ros2multicast:/home/taehwan/ros2_humble/install/ros2interface:/home/taehwan/ros2_humble/install/ros2doctor:/home/taehwan/ros2_humble/install/ros2action:/home/taehwan/ros2_humble/install/ros2cli:/home/taehwan/ros2_humble/install/quality_of_service_demo_py:/home/taehwan/ros2_humble/install/lifecycle_py:/home/taehwan/ros2_humble/install/launch_testing_ros:/home/taehwan/ros2_humble/install/launch_ros:/home/taehwan/ros2_humble/install/examples_rclpy_pointcloud_publisher:/home/taehwan/ros2_humble/install/examples_rclpy_minimal_subscriber:/home/taehwan/ros2_humble/install/examples_rclpy_minimal_service:/home/taehwan/ros2_humble/install/examples_rclpy_minimal_publisher:/home/taehwan/ros2_humble/install/examples_rclpy_minimal_client:/home/taehwan/ros2_humble/install/examples_rclpy_minimal_action_server:/home/taehwan/ros2_humble/install/examples_rclpy_minimal_action_client:/home/taehwan/ros2_humble/install/examples_rclpy_guard_conditions:/home/taehwan/ros2_humble/install/examples_rclpy_executors:/home/taehwan/ros2_humble/install/demo_nodes_py:/home/taehwan/ros2_humble/install/camera_info_manager_py:/home/taehwan/ros2_humble/install/action_tutorials_py:/home/taehwan/ros2_humble/install/ament_uncrustify:/home/taehwan/ros2_humble/install/tracetools_trace:/home/taehwan/ros2_humble/install/tracetools_read:/home/taehwan/ros2_humble/install/test_tracetools_launch:/home/taehwan/ros2_humble/install/test_launch_ros:/home/taehwan/ros2_humble/install/sensor_msgs_py:/home/taehwan/ros2_humble/install/rpyutils:/home/taehwan/ros2_humble/install/rosidl_runtime_py:/home/taehwan/ros2_humble/install/rosidl_cli:/home/taehwan/ros2_humble/install/launch_pytest:/home/taehwan/ros2_humble/install/launch_testing:/home/taehwan/ros2_humble/install/launch_yaml:/home/taehwan/ros2_humble/install/launch_xml:/home/taehwan/ros2_humble/install/launch:/home/taehwan/ros2_humble/install/osrf_pycommon:/home/taehwan/ros2_humble/install/domain_coordinator:/home/taehwan/ros2_humble/install/ament_xmllint:/home/taehwan/ros2_humble/install/ament_pyflakes:/home/taehwan/ros2_humble/install/ament_pycodestyle:/home/taehwan/ros2_humble/install/ament_pep257:/home/taehwan/ros2_humble/install/ament_pclint:/home/taehwan/ros2_humble/install/ament_package:/home/taehwan/ros2_humble/install/ament_mypy:/home/taehwan/ros2_humble/install/ament_lint_cmake:/home/taehwan/ros2_humble/install/ament_flake8:/home/taehwan/ros2_humble/install/ament_copyright:/home/taehwan/ros2_humble/install/ament_lint:/home/taehwan/ros2_humble/install/ament_index_python:/home/taehwan/ros2_humble/install/ament_cpplint:/home/taehwan/ros2_humble/install/ament_cppcheck:/home/taehwan/ros2_humble/install/ament_clang_tidy:/home/taehwan/ros2_humble/install/ament_clang_format /usr/bin/cmake --install /home/taehwan/ros2_ws/build/ros_controller_pkg
[3.059s] -- Install configuration: ""
[3.060s] -- Up-to-date: /home/taehwan/ros2_ws/install/ros_controller_pkg/share/ament_index/resource_index/rosidl_interfaces/ros_controller_pkg
[3.060s] -- Up-to-date: /home/taehwan/ros2_ws/install/ros_controller_pkg/include/ros_controller_pkg/ros_controller_pkg
[3.060s] -- Up-to-date: /home/taehwan/ros2_ws/install/ros_controller_pkg/include/ros_controller_pkg/ros_controller_pkg/msg
[3.061s] -- Up-to-date: /home/taehwan/ros2_ws/install/ros_controller_pkg/include/ros_controller_pkg/ros_controller_pkg/msg/detail
[3.061s] -- Up-to-date: /home/taehwan/ros2_ws/install/ros_controller_pkg/include/ros_controller_pkg/ros_controller_pkg/msg/detail/plc_status__functions.h
[3.061s] -- Up-to-date: /home/taehwan/ros2_ws/install/ros_controller_pkg/include/ros_controller_pkg/ros_controller_pkg/msg/detail/plc_status__functions.c
[3.061s] -- Up-to-date: /home/taehwan/ros2_ws/install/ros_controller_pkg/include/ros_controller_pkg/ros_controller_pkg/msg/detail/plc_status__type_support.h
[3.061s] -- Up-to-date: /home/taehwan/ros2_ws/install/ros_controller_pkg/include/ros_controller_pkg/ros_controller_pkg/msg/detail/plc_status__struct.h
[3.061s] -- Up-to-date: /home/taehwan/ros2_ws/install/ros_controller_pkg/include/ros_controller_pkg/ros_controller_pkg/msg/plc_status.h
[3.061s] -- Up-to-date: /home/taehwan/ros2_ws/install/ros_controller_pkg/include/ros_controller_pkg/ros_controller_pkg/msg/rosidl_generator_c__visibility_control.h
[3.061s] -- Up-to-date: /home/taehwan/ros2_ws/install/ros_controller_pkg/share/ros_controller_pkg/environment/library_path.sh
[3.061s] -- Installing: /home/taehwan/ros2_ws/install/ros_controller_pkg/share/ros_controller_pkg/environment/library_path.dsv
[3.061s] -- Up-to-date: /home/taehwan/ros2_ws/install/ros_controller_pkg/lib/libros_controller_pkg__rosidl_generator_c.so
[3.062s] -- Up-to-date: /home/taehwan/ros2_ws/install/ros_controller_pkg/include/ros_controller_pkg/ros_controller_pkg
[3.062s] -- Up-to-date: /home/taehwan/ros2_ws/install/ros_controller_pkg/include/ros_controller_pkg/ros_controller_pkg/msg
[3.062s] -- Up-to-date: /home/taehwan/ros2_ws/install/ros_controller_pkg/include/ros_controller_pkg/ros_controller_pkg/msg/detail
[3.062s] -- Up-to-date: /home/taehwan/ros2_ws/install/ros_controller_pkg/include/ros_controller_pkg/ros_controller_pkg/msg/detail/plc_status__rosidl_typesupport_fastrtps_c.h
[3.062s] -- Up-to-date: /home/taehwan/ros2_ws/install/ros_controller_pkg/include/ros_controller_pkg/ros_controller_pkg/msg/rosidl_typesupport_fastrtps_c__visibility_control.h
[3.062s] -- Up-to-date: /home/taehwan/ros2_ws/install/ros_controller_pkg/lib/libros_controller_pkg__rosidl_typesupport_fastrtps_c.so
[3.062s] -- Up-to-date: /home/taehwan/ros2_ws/install/ros_controller_pkg/include/ros_controller_pkg/ros_controller_pkg
[3.062s] -- Up-to-date: /home/taehwan/ros2_ws/install/ros_controller_pkg/include/ros_controller_pkg/ros_controller_pkg/msg
[3.063s] -- Up-to-date: /home/taehwan/ros2_ws/install/ros_controller_pkg/include/ros_controller_pkg/ros_controller_pkg/msg/detail
[3.063s] -- Up-to-date: /home/taehwan/ros2_ws/install/ros_controller_pkg/include/ros_controller_pkg/ros_controller_pkg/msg/detail/plc_status__traits.hpp
[3.063s] -- Up-to-date: /home/taehwan/ros2_ws/install/ros_controller_pkg/include/ros_controller_pkg/ros_controller_pkg/msg/detail/plc_status__struct.hpp
[3.063s] -- Up-to-date: /home/taehwan/ros2_ws/install/ros_controller_pkg/include/ros_controller_pkg/ros_controller_pkg/msg/detail/plc_status__builder.hpp
[3.063s] -- Up-to-date: /home/taehwan/ros2_ws/install/ros_controller_pkg/include/ros_controller_pkg/ros_controller_pkg/msg/detail/plc_status__type_support.hpp
[3.063s] -- Up-to-date: /home/taehwan/ros2_ws/install/ros_controller_pkg/include/ros_controller_pkg/ros_controller_pkg/msg/plc_status.hpp
[3.063s] -- Up-to-date: /home/taehwan/ros2_ws/install/ros_controller_pkg/include/ros_controller_pkg/ros_controller_pkg/msg/rosidl_generator_cpp__visibility_control.hpp
[3.063s] -- Up-to-date: /home/taehwan/ros2_ws/install/ros_controller_pkg/include/ros_controller_pkg/ros_controller_pkg
[3.064s] -- Up-to-date: /home/taehwan/ros2_ws/install/ros_controller_pkg/include/ros_controller_pkg/ros_controller_pkg/msg
[3.064s] -- Up-to-date: /home/taehwan/ros2_ws/install/ros_controller_pkg/include/ros_controller_pkg/ros_controller_pkg/msg/detail
[3.064s] -- Up-to-date: /home/taehwan/ros2_ws/install/ros_controller_pkg/include/ros_controller_pkg/ros_controller_pkg/msg/detail/plc_status__rosidl_typesupport_fastrtps_cpp.hpp
[3.064s] -- Up-to-date: /home/taehwan/ros2_ws/install/ros_controller_pkg/include/ros_controller_pkg/ros_controller_pkg/msg/detail/dds_fastrtps
[3.064s] -- Up-to-date: /home/taehwan/ros2_ws/install/ros_controller_pkg/include/ros_controller_pkg/ros_controller_pkg/msg/rosidl_typesupport_fastrtps_cpp__visibility_control.h
[3.064s] -- Up-to-date: /home/taehwan/ros2_ws/install/ros_controller_pkg/lib/libros_controller_pkg__rosidl_typesupport_fastrtps_cpp.so
[3.064s] -- Up-to-date: /home/taehwan/ros2_ws/install/ros_controller_pkg/include/ros_controller_pkg/ros_controller_pkg
[3.064s] -- Up-to-date: /home/taehwan/ros2_ws/install/ros_controller_pkg/include/ros_controller_pkg/ros_controller_pkg/msg
[3.064s] -- Up-to-date: /home/taehwan/ros2_ws/install/ros_controller_pkg/include/ros_controller_pkg/ros_controller_pkg/msg/detail
[3.064s] -- Up-to-date: /home/taehwan/ros2_ws/install/ros_controller_pkg/include/ros_controller_pkg/ros_controller_pkg/msg/detail/plc_status__type_support.c
[3.065s] -- Up-to-date: /home/taehwan/ros2_ws/install/ros_controller_pkg/include/ros_controller_pkg/ros_controller_pkg/msg/detail/plc_status__rosidl_typesupport_introspection_c.h
[3.065s] -- Up-to-date: /home/taehwan/ros2_ws/install/ros_controller_pkg/include/ros_controller_pkg/ros_controller_pkg/msg/rosidl_typesupport_introspection_c__visibility_control.h
[3.065s] -- Up-to-date: /home/taehwan/ros2_ws/install/ros_controller_pkg/lib/libros_controller_pkg__rosidl_typesupport_introspection_c.so
[3.065s] -- Up-to-date: /home/taehwan/ros2_ws/install/ros_controller_pkg/lib/libros_controller_pkg__rosidl_typesupport_c.so
[3.065s] -- Up-to-date: /home/taehwan/ros2_ws/install/ros_controller_pkg/include/ros_controller_pkg/ros_controller_pkg
[3.065s] -- Up-to-date: /home/taehwan/ros2_ws/install/ros_controller_pkg/include/ros_controller_pkg/ros_controller_pkg/msg
[3.065s] -- Up-to-date: /home/taehwan/ros2_ws/install/ros_controller_pkg/include/ros_controller_pkg/ros_controller_pkg/msg/detail
[3.065s] -- Up-to-date: /home/taehwan/ros2_ws/install/ros_controller_pkg/include/ros_controller_pkg/ros_controller_pkg/msg/detail/plc_status__rosidl_typesupport_introspection_cpp.hpp
[3.065s] -- Up-to-date: /home/taehwan/ros2_ws/install/ros_controller_pkg/include/ros_controller_pkg/ros_controller_pkg/msg/detail/plc_status__type_support.cpp
[3.065s] -- Up-to-date: /home/taehwan/ros2_ws/install/ros_controller_pkg/lib/libros_controller_pkg__rosidl_typesupport_introspection_cpp.so
[3.065s] -- Up-to-date: /home/taehwan/ros2_ws/install/ros_controller_pkg/lib/libros_controller_pkg__rosidl_typesupport_cpp.so
[3.065s] -- Up-to-date: /home/taehwan/ros2_ws/install/ros_controller_pkg/share/ros_controller_pkg/environment/pythonpath.sh
[3.065s] -- Installing: /home/taehwan/ros2_ws/install/ros_controller_pkg/share/ros_controller_pkg/environment/pythonpath.dsv
[3.065s] -- Up-to-date: /home/taehwan/ros2_ws/install/ros_controller_pkg/local/lib/python3.10/dist-packages/ros_controller_pkg-0.0.0-py3.10.egg-info
[3.065s] -- Installing: /home/taehwan/ros2_ws/install/ros_controller_pkg/local/lib/python3.10/dist-packages/ros_controller_pkg-0.0.0-py3.10.egg-info/PKG-INFO
[3.065s] -- Installing: /home/taehwan/ros2_ws/install/ros_controller_pkg/local/lib/python3.10/dist-packages/ros_controller_pkg-0.0.0-py3.10.egg-info/dependency_links.txt
[3.065s] -- Installing: /home/taehwan/ros2_ws/install/ros_controller_pkg/local/lib/python3.10/dist-packages/ros_controller_pkg-0.0.0-py3.10.egg-info/top_level.txt
[3.065s] -- Installing: /home/taehwan/ros2_ws/install/ros_controller_pkg/local/lib/python3.10/dist-packages/ros_controller_pkg-0.0.0-py3.10.egg-info/SOURCES.txt
[3.065s] -- Up-to-date: /home/taehwan/ros2_ws/install/ros_controller_pkg/local/lib/python3.10/dist-packages/ros_controller_pkg
[3.065s] -- Up-to-date: /home/taehwan/ros2_ws/install/ros_controller_pkg/local/lib/python3.10/dist-packages/ros_controller_pkg/libros_controller_pkg__rosidl_generator_py.so
[3.066s] -- Up-to-date: /home/taehwan/ros2_ws/install/ros_controller_pkg/local/lib/python3.10/dist-packages/ros_controller_pkg/ros_controller_pkg_s__rosidl_typesupport_fastrtps_c.cpython-310-x86_64-linux-gnu.so
[3.066s] -- Up-to-date: /home/taehwan/ros2_ws/install/ros_controller_pkg/local/lib/python3.10/dist-packages/ros_controller_pkg/msg
[3.066s] -- Up-to-date: /home/taehwan/ros2_ws/install/ros_controller_pkg/local/lib/python3.10/dist-packages/ros_controller_pkg/msg/_plc_status.py
[3.066s] -- Up-to-date: /home/taehwan/ros2_ws/install/ros_controller_pkg/local/lib/python3.10/dist-packages/ros_controller_pkg/msg/_plc_status_s.c
[3.066s] -- Up-to-date: /home/taehwan/ros2_ws/install/ros_controller_pkg/local/lib/python3.10/dist-packages/ros_controller_pkg/msg/__init__.py
[3.066s] -- Up-to-date: /home/taehwan/ros2_ws/install/ros_controller_pkg/local/lib/python3.10/dist-packages/ros_controller_pkg/ros_controller_pkg_s__rosidl_typesupport_introspection_c.cpython-310-x86_64-linux-gnu.so
[3.066s] -- Up-to-date: /home/taehwan/ros2_ws/install/ros_controller_pkg/local/lib/python3.10/dist-packages/ros_controller_pkg/ros_controller_pkg_s__rosidl_typesupport_c.cpython-310-x86_64-linux-gnu.so
[3.066s] -- Up-to-date: /home/taehwan/ros2_ws/install/ros_controller_pkg/local/lib/python3.10/dist-packages/ros_controller_pkg/_ros_controller_pkg_s.ep.rosidl_typesupport_c.c
[3.066s] -- Installing: /home/taehwan/ros2_ws/install/ros_controller_pkg/local/lib/python3.10/dist-packages/ros_controller_pkg/__init__.py
[3.066s] -- Up-to-date: /home/taehwan/ros2_ws/install/ros_controller_pkg/local/lib/python3.10/dist-packages/ros_controller_pkg/_ros_controller_pkg_s.ep.rosidl_typesupport_introspection_c.c
[3.066s] -- Up-to-date: /home/taehwan/ros2_ws/install/ros_controller_pkg/local/lib/python3.10/dist-packages/ros_controller_pkg/_ros_controller_pkg_s.ep.rosidl_typesupport_fastrtps_c.c
[3.144s] Listing '/home/taehwan/ros2_ws/install/ros_controller_pkg/local/lib/python3.10/dist-packages/ros_controller_pkg'...
[3.144s] Compiling '/home/taehwan/ros2_ws/install/ros_controller_pkg/local/lib/python3.10/dist-packages/ros_controller_pkg/__init__.py'...
[3.144s] Listing '/home/taehwan/ros2_ws/install/ros_controller_pkg/local/lib/python3.10/dist-packages/ros_controller_pkg/msg'...
[3.147s] -- Up-to-date: /home/taehwan/ros2_ws/install/ros_controller_pkg/local/lib/python3.10/dist-packages/ros_controller_pkg/ros_controller_pkg_s__rosidl_typesupport_introspection_c.cpython-310-x86_64-linux-gnu.so
[3.148s] -- Up-to-date: /home/taehwan/ros2_ws/install/ros_controller_pkg/local/lib/python3.10/dist-packages/ros_controller_pkg/ros_controller_pkg_s__rosidl_typesupport_fastrtps_c.cpython-310-x86_64-linux-gnu.so
[3.148s] -- Up-to-date: /home/taehwan/ros2_ws/install/ros_controller_pkg/local/lib/python3.10/dist-packages/ros_controller_pkg/ros_controller_pkg_s__rosidl_typesupport_c.cpython-310-x86_64-linux-gnu.so
[3.148s] -- Up-to-date: /home/taehwan/ros2_ws/install/ros_controller_pkg/lib/libros_controller_pkg__rosidl_generator_py.so
[3.148s] -- Up-to-date: /home/taehwan/ros2_ws/install/ros_controller_pkg/share/ros_controller_pkg/msg/PlcStatus.idl
[3.148s] -- Installing: /home/taehwan/ros2_ws/install/ros_controller_pkg/share/ros_controller_pkg/msg/PlcStatus.msg
[3.148s] -- Installing: /home/taehwan/ros2_ws/install/ros_controller_pkg/lib/ros_controller_pkg/ros_controller.py
[3.148s] -- Up-to-date: /home/taehwan/ros2_ws/install/ros_controller_pkg/share/ros_controller_pkg/launch
[3.148s] -- Installing: /home/taehwan/ros2_ws/install/ros_controller_pkg/share/ros_controller_pkg/launch/system_bringup.launch.py
[3.148s] -- Up-to-date: /home/taehwan/ros2_ws/install/ros_controller_pkg/share/ament_index/resource_index/package_run_dependencies/ros_controller_pkg
[3.149s] -- Up-to-date: /home/taehwan/ros2_ws/install/ros_controller_pkg/share/ament_index/resource_index/parent_prefix_path/ros_controller_pkg
[3.149s] -- Installing: /home/taehwan/ros2_ws/install/ros_controller_pkg/share/ros_controller_pkg/environment/ament_prefix_path.dsv
[3.149s] -- Installing: /home/taehwan/ros2_ws/install/ros_controller_pkg/share/ros_controller_pkg/environment/path.dsv
[3.149s] -- Up-to-date: /home/taehwan/ros2_ws/install/ros_controller_pkg/share/ros_controller_pkg/local_setup.bash
[3.149s] -- Up-to-date: /home/taehwan/ros2_ws/install/ros_controller_pkg/share/ros_controller_pkg/local_setup.sh
[3.149s] -- Up-to-date: /home/taehwan/ros2_ws/install/ros_controller_pkg/share/ros_controller_pkg/local_setup.zsh
[3.149s] -- Installing: /home/taehwan/ros2_ws/install/ros_controller_pkg/share/ros_controller_pkg/local_setup.dsv
[3.149s] -- Installing: /home/taehwan/ros2_ws/install/ros_controller_pkg/share/ros_controller_pkg/package.dsv
[3.149s] -- Up-to-date: /home/taehwan/ros2_ws/install/ros_controller_pkg/share/ament_index/resource_index/packages/ros_controller_pkg
[3.149s] -- Up-to-date: /home/taehwan/ros2_ws/install/ros_controller_pkg/share/ros_controller_pkg/cmake/export_ros_controller_pkg__rosidl_generator_cExport.cmake
[3.149s] -- Up-to-date: /home/taehwan/ros2_ws/install/ros_controller_pkg/share/ros_controller_pkg/cmake/export_ros_controller_pkg__rosidl_generator_cExport-noconfig.cmake
[3.149s] -- Up-to-date: /home/taehwan/ros2_ws/install/ros_controller_pkg/share/ros_controller_pkg/cmake/export_ros_controller_pkg__rosidl_typesupport_fastrtps_cExport.cmake
[3.149s] -- Up-to-date: /home/taehwan/ros2_ws/install/ros_controller_pkg/share/ros_controller_pkg/cmake/export_ros_controller_pkg__rosidl_typesupport_fastrtps_cExport-noconfig.cmake
[3.149s] -- Up-to-date: /home/taehwan/ros2_ws/install/ros_controller_pkg/share/ros_controller_pkg/cmake/export_ros_controller_pkg__rosidl_generator_cppExport.cmake
[3.150s] -- Up-to-date: /home/taehwan/ros2_ws/install/ros_controller_pkg/share/ros_controller_pkg/cmake/export_ros_controller_pkg__rosidl_typesupport_fastrtps_cppExport.cmake
[3.150s] -- Up-to-date: /home/taehwan/ros2_ws/install/ros_controller_pkg/share/ros_controller_pkg/cmake/export_ros_controller_pkg__rosidl_typesupport_fastrtps_cppExport-noconfig.cmake
[3.150s] -- Up-to-date: /home/taehwan/ros2_ws/install/ros_controller_pkg/share/ros_controller_pkg/cmake/ros_controller_pkg__rosidl_typesupport_introspection_cExport.cmake
[3.150s] -- Up-to-date: /home/taehwan/ros2_ws/install/ros_controller_pkg/share/ros_controller_pkg/cmake/ros_controller_pkg__rosidl_typesupport_introspection_cExport-noconfig.cmake
[3.150s] -- Up-to-date: /home/taehwan/ros2_ws/install/ros_controller_pkg/share/ros_controller_pkg/cmake/ros_controller_pkg__rosidl_typesupport_cExport.cmake
[3.150s] -- Up-to-date: /home/taehwan/ros2_ws/install/ros_controller_pkg/share/ros_controller_pkg/cmake/ros_controller_pkg__rosidl_typesupport_cExport-noconfig.cmake
[3.150s] -- Up-to-date: /home/taehwan/ros2_ws/install/ros_controller_pkg/share/ros_controller_pkg/cmake/ros_controller_pkg__rosidl_typesupport_introspection_cppExport.cmake
[3.150s] -- Up-to-date: /home/taehwan/ros2_ws/install/ros_controller_pkg/share/ros_controller_pkg/cmake/ros_controller_pkg__rosidl_typesupport_introspection_cppExport-noconfig.cmake
[3.150s] -- Up-to-date: /home/taehwan/ros2_ws/install/ros_controller_pkg/share/ros_controller_pkg/cmake/ros_controller_pkg__rosidl_typesupport_cppExport.cmake
[3.150s] -- Up-to-date: /home/taehwan/ros2_ws/install/ros_controller_pkg/share/ros_controller_pkg/cmake/ros_controller_pkg__rosidl_typesupport_cppExport-noconfig.cmake
[3.150s] -- Up-to-date: /home/taehwan/ros2_ws/install/ros_controller_pkg/share/ros_controller_pkg/cmake/export_ros_controller_pkg__rosidl_generator_pyExport.cmake
[3.150s] -- Up-to-date: /home/taehwan/ros2_ws/install/ros_controller_pkg/share/ros_controller_pkg/cmake/export_ros_controller_pkg__rosidl_generator_pyExport-noconfig.cmake
[3.150s] -- Up-to-date: /home/taehwan/ros2_ws/install/ros_controller_pkg/share/ros_controller_pkg/cmake/rosidl_cmake-extras.cmake
[3.151s] -- Up-to-date: /home/taehwan/ros2_ws/install/ros_controller_pkg/share/ros_controller_pkg/cmake/ament_cmake_export_include_directories-extras.cmake
[3.151s] -- Up-to-date: /home/taehwan/ros2_ws/install/ros_controller_pkg/share/ros_controller_pkg/cmake/ament_cmake_export_libraries-extras.cmake
[3.151s] -- Up-to-date: /home/taehwan/ros2_ws/install/ros_controller_pkg/share/ros_controller_pkg/cmake/ament_cmake_export_targets-extras.cmake
[3.151s] -- Up-to-date: /home/taehwan/ros2_ws/install/ros_controller_pkg/share/ros_controller_pkg/cmake/rosidl_cmake_export_typesupport_targets-extras.cmake
[3.151s] -- Up-to-date: /home/taehwan/ros2_ws/install/ros_controller_pkg/share/ros_controller_pkg/cmake/ament_cmake_export_dependencies-extras.cmake
[3.151s] -- Up-to-date: /home/taehwan/ros2_ws/install/ros_controller_pkg/share/ros_controller_pkg/cmake/rosidl_cmake_export_typesupport_libraries-extras.cmake
[3.151s] -- Up-to-date: /home/taehwan/ros2_ws/install/ros_controller_pkg/share/ros_controller_pkg/cmake/ros_controller_pkgConfig.cmake
[3.151s] -- Up-to-date: /home/taehwan/ros2_ws/install/ros_controller_pkg/share/ros_controller_pkg/cmake/ros_controller_pkgConfig-version.cmake
[3.151s] -- Up-to-date: /home/taehwan/ros2_ws/install/ros_controller_pkg/share/ros_controller_pkg/package.xml
[3.153s] Invoked command in '/home/taehwan/ros2_ws/build/ros_controller_pkg' returned '0': CMAKE_PREFIX_PATH=${CMAKE_PREFIX_PATH}:/home/taehwan/ros2_ws/install/stm_controller:/home/taehwan/ros2_ws/install/plc_interface:/home/taehwan/ros2_humble/install/rqt_bag_plugins:/home/taehwan/ros2_humble/install/rqt_bag:/home/taehwan/ros2_humble/install/launch_testing_examples:/home/taehwan/ros2_humble/install/ros2bag:/home/taehwan/ros2_humble/install/tracetools_test:/home/taehwan/ros2_humble/install/tracetools_launch:/home/taehwan/ros2_humble/install/topic_monitor:/home/taehwan/ros2_humble/install/tf2_tools:/home/taehwan/ros2_humble/install/examples_tf2_py:/home/taehwan/ros2_humble/install/tf2_ros_py:/home/taehwan/ros2_humble/install/sros2:/home/taehwan/ros2_humble/install/rqt_topic:/home/taehwan/ros2_humble/install/rqt_srv:/home/taehwan/ros2_humble/install/rqt_shell:/home/taehwan/ros2_humble/install/rqt_service_caller:/home/taehwan/ros2_humble/install/rqt_reconfigure:/home/taehwan/ros2_humble/install/rqt_py_console:/home/taehwan/ros2_humble/install/rqt_publisher:/home/taehwan/ros2_humble/install/rqt_plot:/home/taehwan/ros2_humble/install/rqt_action:/home/taehwan/ros2_humble/install/rqt_msg:/home/taehwan/ros2_humble/install/rqt_console:/home/taehwan/ros2_humble/install/rqt:/home/taehwan/ros2_humble/install/rqt_graph:/home/taehwan/ros2_humble/install/rqt_gui_py:/home/taehwan/ros2_humble/install/rqt_gui:/home/taehwan/ros2_humble/install/ros2trace:/home/taehwan/ros2_humble/install/ros2topic:/home/taehwan/ros2_humble/install/ros2test:/home/taehwan/ros2_humble/install/ros2component:/home/taehwan/ros2_humble/install/ros2param:/home/taehwan/ros2_humble/install/ros2lifecycle:/home/taehwan/ros2_humble/install/ros2service:/home/taehwan/ros2_humble/install/ros2run:/home/taehwan/ros2_humble/install/ros2plugin:/home/taehwan/ros2_humble/install/ros2launch:/home/taehwan/ros2_humble/install/ros2pkg:/home/taehwan/ros2_humble/install/ros2node:/home/taehwan/ros2_humble/install/ros2multicast:/home/taehwan/ros2_humble/install/ros2interface:/home/taehwan/ros2_humble/install/ros2doctor:/home/taehwan/ros2_humble/install/ros2action:/home/taehwan/ros2_humble/install/ros2cli:/home/taehwan/ros2_humble/install/quality_of_service_demo_py:/home/taehwan/ros2_humble/install/lifecycle_py:/home/taehwan/ros2_humble/install/launch_testing_ros:/home/taehwan/ros2_humble/install/launch_ros:/home/taehwan/ros2_humble/install/examples_rclpy_pointcloud_publisher:/home/taehwan/ros2_humble/install/examples_rclpy_minimal_subscriber:/home/taehwan/ros2_humble/install/examples_rclpy_minimal_service:/home/taehwan/ros2_humble/install/examples_rclpy_minimal_publisher:/home/taehwan/ros2_humble/install/examples_rclpy_minimal_client:/home/taehwan/ros2_humble/install/examples_rclpy_minimal_action_server:/home/taehwan/ros2_humble/install/examples_rclpy_minimal_action_client:/home/taehwan/ros2_humble/install/examples_rclpy_guard_conditions:/home/taehwan/ros2_humble/install/examples_rclpy_executors:/home/taehwan/ros2_humble/install/demo_nodes_py:/home/taehwan/ros2_humble/install/camera_info_manager_py:/home/taehwan/ros2_humble/install/action_tutorials_py:/home/taehwan/ros2_humble/install/ament_uncrustify:/home/taehwan/ros2_humble/install/tracetools_trace:/home/taehwan/ros2_humble/install/tracetools_read:/home/taehwan/ros2_humble/install/test_tracetools_launch:/home/taehwan/ros2_humble/install/test_launch_ros:/home/taehwan/ros2_humble/install/sensor_msgs_py:/home/taehwan/ros2_humble/install/rpyutils:/home/taehwan/ros2_humble/install/rosidl_runtime_py:/home/taehwan/ros2_humble/install/rosidl_cli:/home/taehwan/ros2_humble/install/launch_pytest:/home/taehwan/ros2_humble/install/launch_testing:/home/taehwan/ros2_humble/install/launch_yaml:/home/taehwan/ros2_humble/install/launch_xml:/home/taehwan/ros2_humble/install/launch:/home/taehwan/ros2_humble/install/osrf_pycommon:/home/taehwan/ros2_humble/install/domain_coordinator:/home/taehwan/ros2_humble/install/ament_xmllint:/home/taehwan/ros2_humble/install/ament_pyflakes:/home/taehwan/ros2_humble/install/ament_pycodestyle:/home/taehwan/ros2_humble/install/ament_pep257:/home/taehwan/ros2_humble/install/ament_pclint:/home/taehwan/ros2_humble/install/ament_package:/home/taehwan/ros2_humble/install/ament_mypy:/home/taehwan/ros2_humble/install/ament_lint_cmake:/home/taehwan/ros2_humble/install/ament_flake8:/home/taehwan/ros2_humble/install/ament_copyright:/home/taehwan/ros2_humble/install/ament_lint:/home/taehwan/ros2_humble/install/ament_index_python:/home/taehwan/ros2_humble/install/ament_cpplint:/home/taehwan/ros2_humble/install/ament_cppcheck:/home/taehwan/ros2_humble/install/ament_clang_tidy:/home/taehwan/ros2_humble/install/ament_clang_format /usr/bin/cmake --install /home/taehwan/ros2_ws/build/ros_controller_pkg
