running egg_info
writing ../../build/stm_controller/stm_controller.egg-info/PKG-INFO
writing dependency_links to ../../build/stm_controller/stm_controller.egg-info/dependency_links.txt
writing entry points to ../../build/stm_controller/stm_controller.egg-info/entry_points.txt
writing requirements to ../../build/stm_controller/stm_controller.egg-info/requires.txt
writing top-level names to ../../build/stm_controller/stm_controller.egg-info/top_level.txt
reading manifest file '../../build/stm_controller/stm_controller.egg-info/SOURCES.txt'
writing manifest file '../../build/stm_controller/stm_controller.egg-info/SOURCES.txt'
running build
running build_py
copying stm_controller/stm_node.py -> /home/taehwan/ros2_ws/build/stm_controller/build/lib/stm_controller
running install
running install_lib
copying /home/taehwan/ros2_ws/build/stm_controller/build/lib/stm_controller/stm_node.py -> /home/taehwan/ros2_ws/install/stm_controller/lib/python3.10/site-packages/stm_controller
byte-compiling /home/taehwan/ros2_ws/install/stm_controller/lib/python3.10/site-packages/stm_controller/stm_node.py to stm_node.cpython-310.pyc
running install_data
running install_egg_info
removing '/home/taehwan/ros2_ws/install/stm_controller/lib/python3.10/site-packages/stm_controller-0.1.0-py3.10.egg-info' (and everything under it)
Copying ../../build/stm_controller/stm_controller.egg-info to /home/taehwan/ros2_ws/install/stm_controller/lib/python3.10/site-packages/stm_controller-0.1.0-py3.10.egg-info
running install_scripts
Installing stm_node script to /home/taehwan/ros2_ws/install/stm_controller/lib/stm_controller
writing list of installed files to '/home/taehwan/ros2_ws/build/stm_controller/install.log'
