[1.696s] Invoking command in '/home/taehwan/ros2_ws/src/stm_controller': PYTHONPATH=/home/taehwan/ros2_ws/build/stm_controller/prefix_override:/usr/lib/python3/dist-packages/colcon_core/task/python/colcon_distutils_commands:/home/taehwan/ros2_ws/install/stm_controller/lib/python3.10/site-packages:${PYTHONPATH} /usr/bin/python3 -W ignore:setup.py install is deprecated -W ignore:easy_install command is deprecated setup.py egg_info --egg-base ../../build/stm_controller build --build-base /home/taehwan/ros2_ws/build/stm_controller/build install --record /home/taehwan/ros2_ws/build/stm_controller/install.log --single-version-externally-managed install_data
[2.048s] running egg_info
[2.049s] writing ../../build/stm_controller/stm_controller.egg-info/PKG-INFO
[2.050s] writing dependency_links to ../../build/stm_controller/stm_controller.egg-info/dependency_links.txt
[2.050s] writing entry points to ../../build/stm_controller/stm_controller.egg-info/entry_points.txt
[2.050s] writing requirements to ../../build/stm_controller/stm_controller.egg-info/requires.txt
[2.050s] writing top-level names to ../../build/stm_controller/stm_controller.egg-info/top_level.txt
[2.054s] reading manifest file '../../build/stm_controller/stm_controller.egg-info/SOURCES.txt'
[2.054s] writing manifest file '../../build/stm_controller/stm_controller.egg-info/SOURCES.txt'
[2.055s] running build
[2.055s] running build_py
[2.055s] running install
[2.055s] running install_lib
[2.057s] running install_data
[2.057s] running install_egg_info
[2.060s] removing '/home/taehwan/ros2_ws/install/stm_controller/lib/python3.10/site-packages/stm_controller-0.1.0-py3.10.egg-info' (and everything under it)
[2.060s] Copying ../../build/stm_controller/stm_controller.egg-info to /home/taehwan/ros2_ws/install/stm_controller/lib/python3.10/site-packages/stm_controller-0.1.0-py3.10.egg-info
[2.060s] running install_scripts
[2.093s] Installing stm_node script to /home/taehwan/ros2_ws/install/stm_controller/lib/stm_controller
[2.093s] writing list of installed files to '/home/taehwan/ros2_ws/build/stm_controller/install.log'
[2.112s] Invoked command in '/home/taehwan/ros2_ws/src/stm_controller' returned '0': PYTHONPATH=/home/taehwan/ros2_ws/build/stm_controller/prefix_override:/usr/lib/python3/dist-packages/colcon_core/task/python/colcon_distutils_commands:/home/taehwan/ros2_ws/install/stm_controller/lib/python3.10/site-packages:${PYTHONPATH} /usr/bin/python3 -W ignore:setup.py install is deprecated -W ignore:easy_install command is deprecated setup.py egg_info --egg-base ../../build/stm_controller build --build-base /home/taehwan/ros2_ws/build/stm_controller/build install --record /home/taehwan/ros2_ws/build/stm_controller/install.log --single-version-externally-managed install_data
