running develop
running egg_info
creating ros_controller_pkg.egg-info
writing ros_controller_pkg.egg-info/PKG-INFO
writing dependency_links to ros_controller_pkg.egg-info/dependency_links.txt
writing entry points to ros_controller_pkg.egg-info/entry_points.txt
writing requirements to ros_controller_pkg.egg-info/requires.txt
writing top-level names to ros_controller_pkg.egg-info/top_level.txt
writing manifest file 'ros_controller_pkg.egg-info/SOURCES.txt'
reading manifest file 'ros_controller_pkg.egg-info/SOURCES.txt'
writing manifest file 'ros_controller_pkg.egg-info/SOURCES.txt'
running build_ext
Creating /home/taehwan/ros2_ws/install/ros_controller_pkg/lib/python3.10/site-packages/ros-controller-pkg.egg-link (link to .)

Installed /home/taehwan/ros2_ws/build/ros_controller_pkg
running symlink_data
creating /home/taehwan/ros2_ws/install/ros_controller_pkg/share/ament_index
creating /home/taehwan/ros2_ws/install/ros_controller_pkg/share/ament_index/resource_index
creating /home/taehwan/ros2_ws/install/ros_controller_pkg/share/ament_index/resource_index/packages
symbolically linking /home/taehwan/ros2_ws/build/ros_controller_pkg/resource/ros_controller_pkg -> /home/taehwan/ros2_ws/install/ros_controller_pkg/share/ament_index/resource_index/packages
symbolically linking /home/taehwan/ros2_ws/build/ros_controller_pkg/package.xml -> /home/taehwan/ros2_ws/install/ros_controller_pkg/share/ros_controller_pkg
