[0.640s] Invoking command in '/home/taehwan/ros2_ws/build/ros_controller_pkg': PYTHONPATH=/home/taehwan/ros2_ws/build/ros_controller_pkg/prefix_override:/usr/lib/python3/dist-packages/colcon_core/task/python/colcon_distutils_commands:/home/taehwan/ros2_ws/install/ros_controller_pkg/lib/python3.10/site-packages:${PYTHONPATH} /usr/bin/python3 -W ignore:setup.py install is deprecated -W ignore:easy_install command is deprecated setup.py develop --editable --build-directory /home/taehwan/ros2_ws/build/ros_controller_pkg/build --no-deps symlink_data
[0.905s] running develop
[1.014s] running egg_info
[1.014s] creating ros_controller_pkg.egg-info
[1.014s] writing ros_controller_pkg.egg-info/PKG-INFO
[1.014s] writing dependency_links to ros_controller_pkg.egg-info/dependency_links.txt
[1.014s] writing entry points to ros_controller_pkg.egg-info/entry_points.txt
[1.014s] writing requirements to ros_controller_pkg.egg-info/requires.txt
[1.014s] writing top-level names to ros_controller_pkg.egg-info/top_level.txt
[1.016s] writing manifest file 'ros_controller_pkg.egg-info/SOURCES.txt'
[1.017s] reading manifest file 'ros_controller_pkg.egg-info/SOURCES.txt'
[1.017s] writing manifest file 'ros_controller_pkg.egg-info/SOURCES.txt'
[1.020s] running build_ext
[1.020s] Creating /home/taehwan/ros2_ws/install/ros_controller_pkg/lib/python3.10/site-packages/ros-controller-pkg.egg-link (link to .)
[1.020s] 
[1.020s] Installed /home/taehwan/ros2_ws/build/ros_controller_pkg
[1.020s] running symlink_data
[1.021s] creating /home/taehwan/ros2_ws/install/ros_controller_pkg/share/ament_index
[1.021s] creating /home/taehwan/ros2_ws/install/ros_controller_pkg/share/ament_index/resource_index
[1.021s] creating /home/taehwan/ros2_ws/install/ros_controller_pkg/share/ament_index/resource_index/packages
[1.021s] symbolically linking /home/taehwan/ros2_ws/build/ros_controller_pkg/resource/ros_controller_pkg -> /home/taehwan/ros2_ws/install/ros_controller_pkg/share/ament_index/resource_index/packages
[1.021s] symbolically linking /home/taehwan/ros2_ws/build/ros_controller_pkg/package.xml -> /home/taehwan/ros2_ws/install/ros_controller_pkg/share/ros_controller_pkg
[1.038s] Invoked command in '/home/taehwan/ros2_ws/build/ros_controller_pkg' returned '0': PYTHONPATH=/home/taehwan/ros2_ws/build/ros_controller_pkg/prefix_override:/usr/lib/python3/dist-packages/colcon_core/task/python/colcon_distutils_commands:/home/taehwan/ros2_ws/install/ros_controller_pkg/lib/python3.10/site-packages:${PYTHONPATH} /usr/bin/python3 -W ignore:setup.py install is deprecated -W ignore:easy_install command is deprecated setup.py develop --editable --build-directory /home/taehwan/ros2_ws/build/ros_controller_pkg/build --no-deps symlink_data
