[2.146s] Invoking command in '/home/taehwan/ros2_ws/src/plc_interface': PYTHONPATH=/home/taehwan/ros2_ws/build/plc_interface/prefix_override:/usr/lib/python3/dist-packages/colcon_core/task/python/colcon_distutils_commands:/home/taehwan/ros2_ws/install/plc_interface/lib/python3.10/site-packages:${PYTHONPATH} /usr/bin/python3 -W ignore:setup.py install is deprecated -W ignore:easy_install command is deprecated setup.py egg_info --egg-base ../../build/plc_interface build --build-base /home/taehwan/ros2_ws/build/plc_interface/build install --record /home/taehwan/ros2_ws/build/plc_interface/install.log --single-version-externally-managed install_data
[2.651s] running egg_info
[2.651s] writing ../../build/plc_interface/plc_interface.egg-info/PKG-INFO
[2.652s] writing dependency_links to ../../build/plc_interface/plc_interface.egg-info/dependency_links.txt
[2.652s] writing entry points to ../../build/plc_interface/plc_interface.egg-info/entry_points.txt
[2.652s] writing requirements to ../../build/plc_interface/plc_interface.egg-info/requires.txt
[2.652s] writing top-level names to ../../build/plc_interface/plc_interface.egg-info/top_level.txt
[2.660s] reading manifest file '../../build/plc_interface/plc_interface.egg-info/SOURCES.txt'
[2.661s] writing manifest file '../../build/plc_interface/plc_interface.egg-info/SOURCES.txt'
[2.661s] running build
[2.661s] running build_py
[2.661s] copying plc_interface/db.py -> /home/taehwan/ros2_ws/build/plc_interface/build/lib/plc_interface
[2.661s] running install
[2.662s] running install_lib
[2.663s] copying /home/taehwan/ros2_ws/build/plc_interface/build/lib/plc_interface/db.py -> /home/taehwan/ros2_ws/install/plc_interface/lib/python3.10/site-packages/plc_interface
[2.665s] byte-compiling /home/taehwan/ros2_ws/install/plc_interface/lib/python3.10/site-packages/plc_interface/db.py to db.cpython-310.pyc
[2.667s] running install_data
[2.668s] running install_egg_info
[2.672s] removing '/home/taehwan/ros2_ws/install/plc_interface/lib/python3.10/site-packages/plc_interface-0.0.1-py3.10.egg-info' (and everything under it)
[2.672s] Copying ../../build/plc_interface/plc_interface.egg-info to /home/taehwan/ros2_ws/install/plc_interface/lib/python3.10/site-packages/plc_interface-0.0.1-py3.10.egg-info
[2.673s] running install_scripts
[2.717s] Installing db script to /home/taehwan/ros2_ws/install/plc_interface/lib/plc_interface
[2.718s] Installing plc_node script to /home/taehwan/ros2_ws/install/plc_interface/lib/plc_interface
[2.718s] writing list of installed files to '/home/taehwan/ros2_ws/build/plc_interface/install.log'
[2.753s] Invoked command in '/home/taehwan/ros2_ws/src/plc_interface' returned '0': PYTHONPATH=/home/taehwan/ros2_ws/build/plc_interface/prefix_override:/usr/lib/python3/dist-packages/colcon_core/task/python/colcon_distutils_commands:/home/taehwan/ros2_ws/install/plc_interface/lib/python3.10/site-packages:${PYTHONPATH} /usr/bin/python3 -W ignore:setup.py install is deprecated -W ignore:easy_install command is deprecated setup.py egg_info --egg-base ../../build/plc_interface build --build-base /home/taehwan/ros2_ws/build/plc_interface/build install --record /home/taehwan/ros2_ws/build/plc_interface/install.log --single-version-externally-managed install_data
