[0.162s] DEBUG:colcon:Command line arguments: ['/usr/bin/colcon', 'build']
[0.163s] DEBUG:colcon:Parsed command line arguments: Namespace(log_base=None, log_level=None, verb_name='build', build_base='build', install_base='install', merge_install=False, symlink_install=False, test_result_base=None, continue_on_error=False, executor='parallel', parallel_workers=12, event_handlers=None, ignore_user_meta=False, metas=['./colcon.meta'], base_paths=['.'], packages_ignore=None, packages_ignore_regex=None, paths=None, packages_up_to=None, packages_up_to_regex=None, packages_above=None, packages_above_and_dependencies=None, packages_above_depth=None, packages_select_by_dep=None, packages_skip_by_dep=None, packages_skip_up_to=None, packages_select_build_failed=False, packages_skip_build_finished=False, packages_select_test_failures=False, packages_skip_test_passed=False, packages_select=None, packages_skip=None, packages_select_regex=None, packages_skip_regex=None, packages_start=None, packages_end=None, allow_overriding=[], cmake_args=None, cmake_target=None, cmake_target_skip_unavailable=False, cmake_clean_cache=False, cmake_clean_first=False, cmake_force_configure=False, ament_cmake_args=None, catkin_cmake_args=None, catkin_skip_building_tests=False, mixin_files=None, mixin=None, verb_parser=<colcon_mixin.mixin.mixin_argument.MixinArgumentDecorator object at 0x750e2ed888e0>, verb_extension=<colcon_core.verb.build.BuildVerb object at 0x750e2ed06230>, main=<bound method BuildVerb.main of <colcon_core.verb.build.BuildVerb object at 0x750e2ed06230>>, mixin_verb=('build',))
[0.430s] Level 1:colcon.colcon_core.package_discovery:discover_packages(colcon_meta) check parameters
[0.430s] Level 1:colcon.colcon_core.package_discovery:discover_packages(recursive) check parameters
[0.430s] Level 1:colcon.colcon_core.package_discovery:discover_packages(ignore) check parameters
[0.430s] Level 1:colcon.colcon_core.package_discovery:discover_packages(path) check parameters
[0.430s] Level 1:colcon.colcon_core.package_discovery:discover_packages(colcon_meta) discover
[0.431s] Level 1:colcon.colcon_core.package_discovery:discover_packages(recursive) discover
[0.431s] INFO:colcon.colcon_core.package_discovery:Crawling recursively for packages in '/home/taehwan/ros2_ws'
[0.431s] Level 1:colcon.colcon_core.package_identification:_identify(.) by extensions ['ignore', 'ignore_ament_install']
[0.431s] Level 1:colcon.colcon_core.package_identification:_identify(.) by extension 'ignore'
[0.431s] Level 1:colcon.colcon_core.package_identification:_identify(.) by extension 'ignore_ament_install'
[0.431s] Level 1:colcon.colcon_core.package_identification:_identify(.) by extensions ['colcon_pkg']
[0.431s] Level 1:colcon.colcon_core.package_identification:_identify(.) by extension 'colcon_pkg'
[0.431s] Level 1:colcon.colcon_core.package_identification:_identify(.) by extensions ['colcon_meta']
[0.431s] Level 1:colcon.colcon_core.package_identification:_identify(.) by extension 'colcon_meta'
[0.431s] Level 1:colcon.colcon_core.package_identification:_identify(.) by extensions ['ros']
[0.431s] Level 1:colcon.colcon_core.package_identification:_identify(.) by extension 'ros'
[0.443s] Level 1:colcon.colcon_core.package_identification:_identify(.) by extensions ['cmake', 'python']
[0.443s] Level 1:colcon.colcon_core.package_identification:_identify(.) by extension 'cmake'
[0.443s] Level 1:colcon.colcon_core.package_identification:_identify(.) by extension 'python'
[0.443s] Level 1:colcon.colcon_core.package_identification:_identify(.) by extensions ['python_setup_py']
[0.443s] Level 1:colcon.colcon_core.package_identification:_identify(.) by extension 'python_setup_py'
[0.443s] Level 1:colcon.colcon_core.package_identification:_identify(build) by extensions ['ignore', 'ignore_ament_install']
[0.444s] Level 1:colcon.colcon_core.package_identification:_identify(build) by extension 'ignore'
[0.444s] Level 1:colcon.colcon_core.package_identification:_identify(build) ignored
[0.444s] Level 1:colcon.colcon_core.package_identification:_identify(install) by extensions ['ignore', 'ignore_ament_install']
[0.444s] Level 1:colcon.colcon_core.package_identification:_identify(install) by extension 'ignore'
[0.444s] Level 1:colcon.colcon_core.package_identification:_identify(install) ignored
[0.444s] Level 1:colcon.colcon_core.package_identification:_identify(log) by extensions ['ignore', 'ignore_ament_install']
[0.444s] Level 1:colcon.colcon_core.package_identification:_identify(log) by extension 'ignore'
[0.444s] Level 1:colcon.colcon_core.package_identification:_identify(log) ignored
[0.444s] Level 1:colcon.colcon_core.package_identification:_identify(src) by extensions ['ignore', 'ignore_ament_install']
[0.444s] Level 1:colcon.colcon_core.package_identification:_identify(src) by extension 'ignore'
[0.444s] Level 1:colcon.colcon_core.package_identification:_identify(src) by extension 'ignore_ament_install'
[0.444s] Level 1:colcon.colcon_core.package_identification:_identify(src) by extensions ['colcon_pkg']
[0.444s] Level 1:colcon.colcon_core.package_identification:_identify(src) by extension 'colcon_pkg'
[0.444s] Level 1:colcon.colcon_core.package_identification:_identify(src) by extensions ['colcon_meta']
[0.444s] Level 1:colcon.colcon_core.package_identification:_identify(src) by extension 'colcon_meta'
[0.444s] Level 1:colcon.colcon_core.package_identification:_identify(src) by extensions ['ros']
[0.444s] Level 1:colcon.colcon_core.package_identification:_identify(src) by extension 'ros'
[0.444s] Level 1:colcon.colcon_core.package_identification:_identify(src) by extensions ['cmake', 'python']
[0.444s] Level 1:colcon.colcon_core.package_identification:_identify(src) by extension 'cmake'
[0.444s] Level 1:colcon.colcon_core.package_identification:_identify(src) by extension 'python'
[0.444s] Level 1:colcon.colcon_core.package_identification:_identify(src) by extensions ['python_setup_py']
[0.444s] Level 1:colcon.colcon_core.package_identification:_identify(src) by extension 'python_setup_py'
[0.444s] Level 1:colcon.colcon_core.package_identification:_identify(src/plc_interface) by extensions ['ignore', 'ignore_ament_install']
[0.445s] Level 1:colcon.colcon_core.package_identification:_identify(src/plc_interface) by extension 'ignore'
[0.445s] Level 1:colcon.colcon_core.package_identification:_identify(src/plc_interface) by extension 'ignore_ament_install'
[0.445s] Level 1:colcon.colcon_core.package_identification:_identify(src/plc_interface) by extensions ['colcon_pkg']
[0.445s] Level 1:colcon.colcon_core.package_identification:_identify(src/plc_interface) by extension 'colcon_pkg'
[0.445s] Level 1:colcon.colcon_core.package_identification:_identify(src/plc_interface) by extensions ['colcon_meta']
[0.445s] Level 1:colcon.colcon_core.package_identification:_identify(src/plc_interface) by extension 'colcon_meta'
[0.445s] Level 1:colcon.colcon_core.package_identification:_identify(src/plc_interface) by extensions ['ros']
[0.445s] Level 1:colcon.colcon_core.package_identification:_identify(src/plc_interface) by extension 'ros'
[0.447s] DEBUG:colcon.colcon_core.package_identification:Package 'src/plc_interface' with type 'ros.ament_python' and name 'plc_interface'
[0.447s] Level 1:colcon.colcon_core.package_identification:_identify(src/ros_controller_pkg) by extensions ['ignore', 'ignore_ament_install']
[0.448s] Level 1:colcon.colcon_core.package_identification:_identify(src/ros_controller_pkg) by extension 'ignore'
[0.448s] Level 1:colcon.colcon_core.package_identification:_identify(src/ros_controller_pkg) by extension 'ignore_ament_install'
[0.448s] Level 1:colcon.colcon_core.package_identification:_identify(src/ros_controller_pkg) by extensions ['colcon_pkg']
[0.448s] Level 1:colcon.colcon_core.package_identification:_identify(src/ros_controller_pkg) by extension 'colcon_pkg'
[0.448s] Level 1:colcon.colcon_core.package_identification:_identify(src/ros_controller_pkg) by extensions ['colcon_meta']
[0.448s] Level 1:colcon.colcon_core.package_identification:_identify(src/ros_controller_pkg) by extension 'colcon_meta'
[0.448s] Level 1:colcon.colcon_core.package_identification:_identify(src/ros_controller_pkg) by extensions ['ros']
[0.448s] Level 1:colcon.colcon_core.package_identification:_identify(src/ros_controller_pkg) by extension 'ros'
[0.449s] DEBUG:colcon.colcon_core.package_identification:Package 'src/ros_controller_pkg' with type 'ros.ament_cmake' and name 'ros_controller_pkg'
[0.449s] Level 1:colcon.colcon_core.package_identification:_identify(src/stm_controller) by extensions ['ignore', 'ignore_ament_install']
[0.449s] Level 1:colcon.colcon_core.package_identification:_identify(src/stm_controller) by extension 'ignore'
[0.449s] Level 1:colcon.colcon_core.package_identification:_identify(src/stm_controller) by extension 'ignore_ament_install'
[0.449s] Level 1:colcon.colcon_core.package_identification:_identify(src/stm_controller) by extensions ['colcon_pkg']
[0.449s] Level 1:colcon.colcon_core.package_identification:_identify(src/stm_controller) by extension 'colcon_pkg'
[0.449s] Level 1:colcon.colcon_core.package_identification:_identify(src/stm_controller) by extensions ['colcon_meta']
[0.449s] Level 1:colcon.colcon_core.package_identification:_identify(src/stm_controller) by extension 'colcon_meta'
[0.449s] Level 1:colcon.colcon_core.package_identification:_identify(src/stm_controller) by extensions ['ros']
[0.449s] Level 1:colcon.colcon_core.package_identification:_identify(src/stm_controller) by extension 'ros'
[0.450s] DEBUG:colcon.colcon_core.package_identification:Package 'src/stm_controller' with type 'ros.ament_python' and name 'stm_controller'
[0.450s] Level 1:colcon.colcon_core.package_discovery:discover_packages(recursive) using defaults
[0.450s] Level 1:colcon.colcon_core.package_discovery:discover_packages(ignore) discover
[0.450s] Level 1:colcon.colcon_core.package_discovery:discover_packages(ignore) using defaults
[0.450s] Level 1:colcon.colcon_core.package_discovery:discover_packages(path) discover
[0.450s] Level 1:colcon.colcon_core.package_discovery:discover_packages(path) using defaults
[0.492s] Level 1:colcon.colcon_core.package_discovery:discover_packages(prefix_path) check parameters
[0.492s] Level 1:colcon.colcon_core.package_discovery:discover_packages(prefix_path) discover
[0.501s] DEBUG:colcon.colcon_installed_package_information.package_discovery:Found 3 installed packages in /home/taehwan/ros2_ws/install
[0.512s] DEBUG:colcon.colcon_installed_package_information.package_discovery:Found 347 installed packages in /home/taehwan/ros2_humble/install
[0.515s] Level 1:colcon.colcon_core.package_discovery:discover_packages(prefix_path) using defaults
[0.542s] Level 5:colcon.colcon_core.verb:set package 'plc_interface' build argument 'cmake_args' from command line to 'None'
[0.542s] Level 5:colcon.colcon_core.verb:set package 'plc_interface' build argument 'cmake_target' from command line to 'None'
[0.542s] Level 5:colcon.colcon_core.verb:set package 'plc_interface' build argument 'cmake_target_skip_unavailable' from command line to 'False'
[0.542s] Level 5:colcon.colcon_core.verb:set package 'plc_interface' build argument 'cmake_clean_cache' from command line to 'False'
[0.542s] Level 5:colcon.colcon_core.verb:set package 'plc_interface' build argument 'cmake_clean_first' from command line to 'False'
[0.542s] Level 5:colcon.colcon_core.verb:set package 'plc_interface' build argument 'cmake_force_configure' from command line to 'False'
[0.542s] Level 5:colcon.colcon_core.verb:set package 'plc_interface' build argument 'ament_cmake_args' from command line to 'None'
[0.542s] Level 5:colcon.colcon_core.verb:set package 'plc_interface' build argument 'catkin_cmake_args' from command line to 'None'
[0.542s] Level 5:colcon.colcon_core.verb:set package 'plc_interface' build argument 'catkin_skip_building_tests' from command line to 'False'
[0.542s] DEBUG:colcon.colcon_core.verb:Building package 'plc_interface' with the following arguments: {'ament_cmake_args': None, 'build_base': '/home/taehwan/ros2_ws/build/plc_interface', 'catkin_cmake_args': None, 'catkin_skip_building_tests': False, 'cmake_args': None, 'cmake_clean_cache': False, 'cmake_clean_first': False, 'cmake_force_configure': False, 'cmake_target': None, 'cmake_target_skip_unavailable': False, 'install_base': '/home/taehwan/ros2_ws/install/plc_interface', 'merge_install': False, 'path': '/home/taehwan/ros2_ws/src/plc_interface', 'symlink_install': False, 'test_result_base': None}
[0.542s] Level 5:colcon.colcon_core.verb:set package 'ros_controller_pkg' build argument 'cmake_args' from command line to 'None'
[0.542s] Level 5:colcon.colcon_core.verb:set package 'ros_controller_pkg' build argument 'cmake_target' from command line to 'None'
[0.542s] Level 5:colcon.colcon_core.verb:set package 'ros_controller_pkg' build argument 'cmake_target_skip_unavailable' from command line to 'False'
[0.542s] Level 5:colcon.colcon_core.verb:set package 'ros_controller_pkg' build argument 'cmake_clean_cache' from command line to 'False'
[0.542s] Level 5:colcon.colcon_core.verb:set package 'ros_controller_pkg' build argument 'cmake_clean_first' from command line to 'False'
[0.543s] Level 5:colcon.colcon_core.verb:set package 'ros_controller_pkg' build argument 'cmake_force_configure' from command line to 'False'
[0.543s] Level 5:colcon.colcon_core.verb:set package 'ros_controller_pkg' build argument 'ament_cmake_args' from command line to 'None'
[0.543s] Level 5:colcon.colcon_core.verb:set package 'ros_controller_pkg' build argument 'catkin_cmake_args' from command line to 'None'
[0.543s] Level 5:colcon.colcon_core.verb:set package 'ros_controller_pkg' build argument 'catkin_skip_building_tests' from command line to 'False'
[0.543s] DEBUG:colcon.colcon_core.verb:Building package 'ros_controller_pkg' with the following arguments: {'ament_cmake_args': None, 'build_base': '/home/taehwan/ros2_ws/build/ros_controller_pkg', 'catkin_cmake_args': None, 'catkin_skip_building_tests': False, 'cmake_args': None, 'cmake_clean_cache': False, 'cmake_clean_first': False, 'cmake_force_configure': False, 'cmake_target': None, 'cmake_target_skip_unavailable': False, 'install_base': '/home/taehwan/ros2_ws/install/ros_controller_pkg', 'merge_install': False, 'path': '/home/taehwan/ros2_ws/src/ros_controller_pkg', 'symlink_install': False, 'test_result_base': None}
[0.543s] Level 5:colcon.colcon_core.verb:set package 'stm_controller' build argument 'cmake_args' from command line to 'None'
[0.543s] Level 5:colcon.colcon_core.verb:set package 'stm_controller' build argument 'cmake_target' from command line to 'None'
[0.543s] Level 5:colcon.colcon_core.verb:set package 'stm_controller' build argument 'cmake_target_skip_unavailable' from command line to 'False'
[0.543s] Level 5:colcon.colcon_core.verb:set package 'stm_controller' build argument 'cmake_clean_cache' from command line to 'False'
[0.543s] Level 5:colcon.colcon_core.verb:set package 'stm_controller' build argument 'cmake_clean_first' from command line to 'False'
[0.543s] Level 5:colcon.colcon_core.verb:set package 'stm_controller' build argument 'cmake_force_configure' from command line to 'False'
[0.543s] Level 5:colcon.colcon_core.verb:set package 'stm_controller' build argument 'ament_cmake_args' from command line to 'None'
[0.543s] Level 5:colcon.colcon_core.verb:set package 'stm_controller' build argument 'catkin_cmake_args' from command line to 'None'
[0.543s] Level 5:colcon.colcon_core.verb:set package 'stm_controller' build argument 'catkin_skip_building_tests' from command line to 'False'
[0.543s] DEBUG:colcon.colcon_core.verb:Building package 'stm_controller' with the following arguments: {'ament_cmake_args': None, 'build_base': '/home/taehwan/ros2_ws/build/stm_controller', 'catkin_cmake_args': None, 'catkin_skip_building_tests': False, 'cmake_args': None, 'cmake_clean_cache': False, 'cmake_clean_first': False, 'cmake_force_configure': False, 'cmake_target': None, 'cmake_target_skip_unavailable': False, 'install_base': '/home/taehwan/ros2_ws/install/stm_controller', 'merge_install': False, 'path': '/home/taehwan/ros2_ws/src/stm_controller', 'symlink_install': False, 'test_result_base': None}
[0.543s] INFO:colcon.colcon_core.executor:Executing jobs using 'parallel' executor
[0.544s] DEBUG:colcon.colcon_parallel_executor.executor.parallel:run_until_complete
[0.545s] INFO:colcon.colcon_ros.task.ament_python.build:Building ROS package in '/home/taehwan/ros2_ws/src/plc_interface' with build type 'ament_python'
[0.545s] Level 1:colcon.colcon_core.shell:create_environment_hook('plc_interface', 'ament_prefix_path')
[0.552s] INFO:colcon.colcon_core.plugin_system:Skipping extension 'colcon_core.shell.bat': Not used on non-Windows systems
[0.553s] INFO:colcon.colcon_core.shell:Creating environment hook '/home/taehwan/ros2_ws/install/plc_interface/share/plc_interface/hook/ament_prefix_path.ps1'
[0.554s] INFO:colcon.colcon_core.shell:Creating environment descriptor '/home/taehwan/ros2_ws/install/plc_interface/share/plc_interface/hook/ament_prefix_path.dsv'
[0.554s] INFO:colcon.colcon_core.shell:Creating environment hook '/home/taehwan/ros2_ws/install/plc_interface/share/plc_interface/hook/ament_prefix_path.sh'
[0.555s] INFO:colcon.colcon_core.shell:Skip shell extension 'powershell' for command environment: Not usable outside of PowerShell
[0.555s] DEBUG:colcon.colcon_core.shell:Skip shell extension 'dsv' for command environment
[0.578s] INFO:colcon.colcon_ros.task.ament_cmake.build:Building ROS package in '/home/taehwan/ros2_ws/src/ros_controller_pkg' with build type 'ament_cmake'
[0.578s] INFO:colcon.colcon_cmake.task.cmake.build:Building CMake package in '/home/taehwan/ros2_ws/src/ros_controller_pkg'
[0.579s] INFO:colcon.colcon_core.shell:Skip shell extension 'powershell' for command environment: Not usable outside of PowerShell
[0.579s] DEBUG:colcon.colcon_core.shell:Skip shell extension 'dsv' for command environment
[0.601s] INFO:colcon.colcon_ros.task.ament_python.build:Building ROS package in '/home/taehwan/ros2_ws/src/stm_controller' with build type 'ament_python'
[0.602s] Level 1:colcon.colcon_core.shell:create_environment_hook('stm_controller', 'ament_prefix_path')
[0.603s] INFO:colcon.colcon_core.shell:Creating environment hook '/home/taehwan/ros2_ws/install/stm_controller/share/stm_controller/hook/ament_prefix_path.ps1'
[0.604s] INFO:colcon.colcon_core.shell:Creating environment descriptor '/home/taehwan/ros2_ws/install/stm_controller/share/stm_controller/hook/ament_prefix_path.dsv'
[0.605s] INFO:colcon.colcon_core.shell:Creating environment hook '/home/taehwan/ros2_ws/install/stm_controller/share/stm_controller/hook/ament_prefix_path.sh'
[0.606s] INFO:colcon.colcon_core.shell:Skip shell extension 'powershell' for command environment: Not usable outside of PowerShell
[0.606s] DEBUG:colcon.colcon_core.shell:Skip shell extension 'dsv' for command environment
[1.387s] INFO:colcon.colcon_core.task.python.build:Building Python package in '/home/taehwan/ros2_ws/src/plc_interface'
[1.387s] INFO:colcon.colcon_core.shell:Skip shell extension 'powershell' for command environment: Not usable outside of PowerShell
[1.387s] DEBUG:colcon.colcon_core.shell:Skip shell extension 'dsv' for command environment
[1.438s] DEBUG:colcon.colcon_core.event_handler.log_command:Invoking command in '/home/taehwan/ros2_ws/build/ros_controller_pkg': CMAKE_PREFIX_PATH=${CMAKE_PREFIX_PATH}:/home/taehwan/ros2_ws/install/stm_controller:/home/taehwan/ros2_ws/install/plc_interface:/home/taehwan/ros2_humble/install/rqt_bag_plugins:/home/taehwan/ros2_humble/install/rqt_bag:/home/taehwan/ros2_humble/install/launch_testing_examples:/home/taehwan/ros2_humble/install/ros2bag:/home/taehwan/ros2_humble/install/tracetools_test:/home/taehwan/ros2_humble/install/tracetools_launch:/home/taehwan/ros2_humble/install/topic_monitor:/home/taehwan/ros2_humble/install/tf2_tools:/home/taehwan/ros2_humble/install/examples_tf2_py:/home/taehwan/ros2_humble/install/tf2_ros_py:/home/taehwan/ros2_humble/install/sros2:/home/taehwan/ros2_humble/install/rqt_topic:/home/taehwan/ros2_humble/install/rqt_srv:/home/taehwan/ros2_humble/install/rqt_shell:/home/taehwan/ros2_humble/install/rqt_service_caller:/home/taehwan/ros2_humble/install/rqt_reconfigure:/home/taehwan/ros2_humble/install/rqt_py_console:/home/taehwan/ros2_humble/install/rqt_publisher:/home/taehwan/ros2_humble/install/rqt_plot:/home/taehwan/ros2_humble/install/rqt_action:/home/taehwan/ros2_humble/install/rqt_msg:/home/taehwan/ros2_humble/install/rqt_console:/home/taehwan/ros2_humble/install/rqt:/home/taehwan/ros2_humble/install/rqt_graph:/home/taehwan/ros2_humble/install/rqt_gui_py:/home/taehwan/ros2_humble/install/rqt_gui:/home/taehwan/ros2_humble/install/ros2trace:/home/taehwan/ros2_humble/install/ros2topic:/home/taehwan/ros2_humble/install/ros2test:/home/taehwan/ros2_humble/install/ros2component:/home/taehwan/ros2_humble/install/ros2param:/home/taehwan/ros2_humble/install/ros2lifecycle:/home/taehwan/ros2_humble/install/ros2service:/home/taehwan/ros2_humble/install/ros2run:/home/taehwan/ros2_humble/install/ros2plugin:/home/taehwan/ros2_humble/install/ros2launch:/home/taehwan/ros2_humble/install/ros2pkg:/home/taehwan/ros2_humble/install/ros2node:/home/taehwan/ros2_humble/install/ros2multicast:/home/taehwan/ros2_humble/install/ros2interface:/home/taehwan/ros2_humble/install/ros2doctor:/home/taehwan/ros2_humble/install/ros2action:/home/taehwan/ros2_humble/install/ros2cli:/home/taehwan/ros2_humble/install/quality_of_service_demo_py:/home/taehwan/ros2_humble/install/lifecycle_py:/home/taehwan/ros2_humble/install/launch_testing_ros:/home/taehwan/ros2_humble/install/launch_ros:/home/taehwan/ros2_humble/install/examples_rclpy_pointcloud_publisher:/home/taehwan/ros2_humble/install/examples_rclpy_minimal_subscriber:/home/taehwan/ros2_humble/install/examples_rclpy_minimal_service:/home/taehwan/ros2_humble/install/examples_rclpy_minimal_publisher:/home/taehwan/ros2_humble/install/examples_rclpy_minimal_client:/home/taehwan/ros2_humble/install/examples_rclpy_minimal_action_server:/home/taehwan/ros2_humble/install/examples_rclpy_minimal_action_client:/home/taehwan/ros2_humble/install/examples_rclpy_guard_conditions:/home/taehwan/ros2_humble/install/examples_rclpy_executors:/home/taehwan/ros2_humble/install/demo_nodes_py:/home/taehwan/ros2_humble/install/camera_info_manager_py:/home/taehwan/ros2_humble/install/action_tutorials_py:/home/taehwan/ros2_humble/install/ament_uncrustify:/home/taehwan/ros2_humble/install/tracetools_trace:/home/taehwan/ros2_humble/install/tracetools_read:/home/taehwan/ros2_humble/install/test_tracetools_launch:/home/taehwan/ros2_humble/install/test_launch_ros:/home/taehwan/ros2_humble/install/sensor_msgs_py:/home/taehwan/ros2_humble/install/rpyutils:/home/taehwan/ros2_humble/install/rosidl_runtime_py:/home/taehwan/ros2_humble/install/rosidl_cli:/home/taehwan/ros2_humble/install/launch_pytest:/home/taehwan/ros2_humble/install/launch_testing:/home/taehwan/ros2_humble/install/launch_yaml:/home/taehwan/ros2_humble/install/launch_xml:/home/taehwan/ros2_humble/install/launch:/home/taehwan/ros2_humble/install/osrf_pycommon:/home/taehwan/ros2_humble/install/domain_coordinator:/home/taehwan/ros2_humble/install/ament_xmllint:/home/taehwan/ros2_humble/install/ament_pyflakes:/home/taehwan/ros2_humble/install/ament_pycodestyle:/home/taehwan/ros2_humble/install/ament_pep257:/home/taehwan/ros2_humble/install/ament_pclint:/home/taehwan/ros2_humble/install/ament_package:/home/taehwan/ros2_humble/install/ament_mypy:/home/taehwan/ros2_humble/install/ament_lint_cmake:/home/taehwan/ros2_humble/install/ament_flake8:/home/taehwan/ros2_humble/install/ament_copyright:/home/taehwan/ros2_humble/install/ament_lint:/home/taehwan/ros2_humble/install/ament_index_python:/home/taehwan/ros2_humble/install/ament_cpplint:/home/taehwan/ros2_humble/install/ament_cppcheck:/home/taehwan/ros2_humble/install/ament_clang_tidy:/home/taehwan/ros2_humble/install/ament_clang_format /usr/bin/cmake --build /home/taehwan/ros2_ws/build/ros_controller_pkg -- -j12 -l12
[2.143s] INFO:colcon.colcon_core.task.python.build:Building Python package in '/home/taehwan/ros2_ws/src/stm_controller'
[2.144s] INFO:colcon.colcon_core.shell:Skip shell extension 'powershell' for command environment: Not usable outside of PowerShell
[2.144s] DEBUG:colcon.colcon_core.shell:Skip shell extension 'dsv' for command environment
[2.928s] DEBUG:colcon.colcon_core.event_handler.log_command:Invoking command in '/home/taehwan/ros2_ws/src/plc_interface': PYTHONPATH=/home/taehwan/ros2_ws/build/plc_interface/prefix_override:/usr/lib/python3/dist-packages/colcon_core/task/python/colcon_distutils_commands:/home/taehwan/ros2_ws/install/plc_interface/lib/python3.10/site-packages:${PYTHONPATH} /usr/bin/python3 -W ignore:setup.py install is deprecated -W ignore:easy_install command is deprecated setup.py egg_info --egg-base ../../build/plc_interface build --build-base /home/taehwan/ros2_ws/build/plc_interface/build install --record /home/taehwan/ros2_ws/build/plc_interface/install.log --single-version-externally-managed install_data
[2.940s] DEBUG:colcon.colcon_core.event_handler.log_command:Invoking command in '/home/taehwan/ros2_ws/src/stm_controller': PYTHONPATH=/home/taehwan/ros2_ws/build/stm_controller/prefix_override:/usr/lib/python3/dist-packages/colcon_core/task/python/colcon_distutils_commands:/home/taehwan/ros2_ws/install/stm_controller/lib/python3.10/site-packages:${PYTHONPATH} /usr/bin/python3 -W ignore:setup.py install is deprecated -W ignore:easy_install command is deprecated setup.py egg_info --egg-base ../../build/stm_controller build --build-base /home/taehwan/ros2_ws/build/stm_controller/build install --record /home/taehwan/ros2_ws/build/stm_controller/install.log --single-version-externally-managed install_data
[2.941s] DEBUG:colcon.colcon_core.event_handler.log_command:Invoked command in '/home/taehwan/ros2_ws/build/ros_controller_pkg' returned '0': CMAKE_PREFIX_PATH=${CMAKE_PREFIX_PATH}:/home/taehwan/ros2_ws/install/stm_controller:/home/taehwan/ros2_ws/install/plc_interface:/home/taehwan/ros2_humble/install/rqt_bag_plugins:/home/taehwan/ros2_humble/install/rqt_bag:/home/taehwan/ros2_humble/install/launch_testing_examples:/home/taehwan/ros2_humble/install/ros2bag:/home/taehwan/ros2_humble/install/tracetools_test:/home/taehwan/ros2_humble/install/tracetools_launch:/home/taehwan/ros2_humble/install/topic_monitor:/home/taehwan/ros2_humble/install/tf2_tools:/home/taehwan/ros2_humble/install/examples_tf2_py:/home/taehwan/ros2_humble/install/tf2_ros_py:/home/taehwan/ros2_humble/install/sros2:/home/taehwan/ros2_humble/install/rqt_topic:/home/taehwan/ros2_humble/install/rqt_srv:/home/taehwan/ros2_humble/install/rqt_shell:/home/taehwan/ros2_humble/install/rqt_service_caller:/home/taehwan/ros2_humble/install/rqt_reconfigure:/home/taehwan/ros2_humble/install/rqt_py_console:/home/taehwan/ros2_humble/install/rqt_publisher:/home/taehwan/ros2_humble/install/rqt_plot:/home/taehwan/ros2_humble/install/rqt_action:/home/taehwan/ros2_humble/install/rqt_msg:/home/taehwan/ros2_humble/install/rqt_console:/home/taehwan/ros2_humble/install/rqt:/home/taehwan/ros2_humble/install/rqt_graph:/home/taehwan/ros2_humble/install/rqt_gui_py:/home/taehwan/ros2_humble/install/rqt_gui:/home/taehwan/ros2_humble/install/ros2trace:/home/taehwan/ros2_humble/install/ros2topic:/home/taehwan/ros2_humble/install/ros2test:/home/taehwan/ros2_humble/install/ros2component:/home/taehwan/ros2_humble/install/ros2param:/home/taehwan/ros2_humble/install/ros2lifecycle:/home/taehwan/ros2_humble/install/ros2service:/home/taehwan/ros2_humble/install/ros2run:/home/taehwan/ros2_humble/install/ros2plugin:/home/taehwan/ros2_humble/install/ros2launch:/home/taehwan/ros2_humble/install/ros2pkg:/home/taehwan/ros2_humble/install/ros2node:/home/taehwan/ros2_humble/install/ros2multicast:/home/taehwan/ros2_humble/install/ros2interface:/home/taehwan/ros2_humble/install/ros2doctor:/home/taehwan/ros2_humble/install/ros2action:/home/taehwan/ros2_humble/install/ros2cli:/home/taehwan/ros2_humble/install/quality_of_service_demo_py:/home/taehwan/ros2_humble/install/lifecycle_py:/home/taehwan/ros2_humble/install/launch_testing_ros:/home/taehwan/ros2_humble/install/launch_ros:/home/taehwan/ros2_humble/install/examples_rclpy_pointcloud_publisher:/home/taehwan/ros2_humble/install/examples_rclpy_minimal_subscriber:/home/taehwan/ros2_humble/install/examples_rclpy_minimal_service:/home/taehwan/ros2_humble/install/examples_rclpy_minimal_publisher:/home/taehwan/ros2_humble/install/examples_rclpy_minimal_client:/home/taehwan/ros2_humble/install/examples_rclpy_minimal_action_server:/home/taehwan/ros2_humble/install/examples_rclpy_minimal_action_client:/home/taehwan/ros2_humble/install/examples_rclpy_guard_conditions:/home/taehwan/ros2_humble/install/examples_rclpy_executors:/home/taehwan/ros2_humble/install/demo_nodes_py:/home/taehwan/ros2_humble/install/camera_info_manager_py:/home/taehwan/ros2_humble/install/action_tutorials_py:/home/taehwan/ros2_humble/install/ament_uncrustify:/home/taehwan/ros2_humble/install/tracetools_trace:/home/taehwan/ros2_humble/install/tracetools_read:/home/taehwan/ros2_humble/install/test_tracetools_launch:/home/taehwan/ros2_humble/install/test_launch_ros:/home/taehwan/ros2_humble/install/sensor_msgs_py:/home/taehwan/ros2_humble/install/rpyutils:/home/taehwan/ros2_humble/install/rosidl_runtime_py:/home/taehwan/ros2_humble/install/rosidl_cli:/home/taehwan/ros2_humble/install/launch_pytest:/home/taehwan/ros2_humble/install/launch_testing:/home/taehwan/ros2_humble/install/launch_yaml:/home/taehwan/ros2_humble/install/launch_xml:/home/taehwan/ros2_humble/install/launch:/home/taehwan/ros2_humble/install/osrf_pycommon:/home/taehwan/ros2_humble/install/domain_coordinator:/home/taehwan/ros2_humble/install/ament_xmllint:/home/taehwan/ros2_humble/install/ament_pyflakes:/home/taehwan/ros2_humble/install/ament_pycodestyle:/home/taehwan/ros2_humble/install/ament_pep257:/home/taehwan/ros2_humble/install/ament_pclint:/home/taehwan/ros2_humble/install/ament_package:/home/taehwan/ros2_humble/install/ament_mypy:/home/taehwan/ros2_humble/install/ament_lint_cmake:/home/taehwan/ros2_humble/install/ament_flake8:/home/taehwan/ros2_humble/install/ament_copyright:/home/taehwan/ros2_humble/install/ament_lint:/home/taehwan/ros2_humble/install/ament_index_python:/home/taehwan/ros2_humble/install/ament_cpplint:/home/taehwan/ros2_humble/install/ament_cppcheck:/home/taehwan/ros2_humble/install/ament_clang_tidy:/home/taehwan/ros2_humble/install/ament_clang_format /usr/bin/cmake --build /home/taehwan/ros2_ws/build/ros_controller_pkg -- -j12 -l12
[2.977s] DEBUG:colcon.colcon_core.event_handler.log_command:Invoking command in '/home/taehwan/ros2_ws/build/ros_controller_pkg': CMAKE_PREFIX_PATH=${CMAKE_PREFIX_PATH}:/home/taehwan/ros2_ws/install/stm_controller:/home/taehwan/ros2_ws/install/plc_interface:/home/taehwan/ros2_humble/install/rqt_bag_plugins:/home/taehwan/ros2_humble/install/rqt_bag:/home/taehwan/ros2_humble/install/launch_testing_examples:/home/taehwan/ros2_humble/install/ros2bag:/home/taehwan/ros2_humble/install/tracetools_test:/home/taehwan/ros2_humble/install/tracetools_launch:/home/taehwan/ros2_humble/install/topic_monitor:/home/taehwan/ros2_humble/install/tf2_tools:/home/taehwan/ros2_humble/install/examples_tf2_py:/home/taehwan/ros2_humble/install/tf2_ros_py:/home/taehwan/ros2_humble/install/sros2:/home/taehwan/ros2_humble/install/rqt_topic:/home/taehwan/ros2_humble/install/rqt_srv:/home/taehwan/ros2_humble/install/rqt_shell:/home/taehwan/ros2_humble/install/rqt_service_caller:/home/taehwan/ros2_humble/install/rqt_reconfigure:/home/taehwan/ros2_humble/install/rqt_py_console:/home/taehwan/ros2_humble/install/rqt_publisher:/home/taehwan/ros2_humble/install/rqt_plot:/home/taehwan/ros2_humble/install/rqt_action:/home/taehwan/ros2_humble/install/rqt_msg:/home/taehwan/ros2_humble/install/rqt_console:/home/taehwan/ros2_humble/install/rqt:/home/taehwan/ros2_humble/install/rqt_graph:/home/taehwan/ros2_humble/install/rqt_gui_py:/home/taehwan/ros2_humble/install/rqt_gui:/home/taehwan/ros2_humble/install/ros2trace:/home/taehwan/ros2_humble/install/ros2topic:/home/taehwan/ros2_humble/install/ros2test:/home/taehwan/ros2_humble/install/ros2component:/home/taehwan/ros2_humble/install/ros2param:/home/taehwan/ros2_humble/install/ros2lifecycle:/home/taehwan/ros2_humble/install/ros2service:/home/taehwan/ros2_humble/install/ros2run:/home/taehwan/ros2_humble/install/ros2plugin:/home/taehwan/ros2_humble/install/ros2launch:/home/taehwan/ros2_humble/install/ros2pkg:/home/taehwan/ros2_humble/install/ros2node:/home/taehwan/ros2_humble/install/ros2multicast:/home/taehwan/ros2_humble/install/ros2interface:/home/taehwan/ros2_humble/install/ros2doctor:/home/taehwan/ros2_humble/install/ros2action:/home/taehwan/ros2_humble/install/ros2cli:/home/taehwan/ros2_humble/install/quality_of_service_demo_py:/home/taehwan/ros2_humble/install/lifecycle_py:/home/taehwan/ros2_humble/install/launch_testing_ros:/home/taehwan/ros2_humble/install/launch_ros:/home/taehwan/ros2_humble/install/examples_rclpy_pointcloud_publisher:/home/taehwan/ros2_humble/install/examples_rclpy_minimal_subscriber:/home/taehwan/ros2_humble/install/examples_rclpy_minimal_service:/home/taehwan/ros2_humble/install/examples_rclpy_minimal_publisher:/home/taehwan/ros2_humble/install/examples_rclpy_minimal_client:/home/taehwan/ros2_humble/install/examples_rclpy_minimal_action_server:/home/taehwan/ros2_humble/install/examples_rclpy_minimal_action_client:/home/taehwan/ros2_humble/install/examples_rclpy_guard_conditions:/home/taehwan/ros2_humble/install/examples_rclpy_executors:/home/taehwan/ros2_humble/install/demo_nodes_py:/home/taehwan/ros2_humble/install/camera_info_manager_py:/home/taehwan/ros2_humble/install/action_tutorials_py:/home/taehwan/ros2_humble/install/ament_uncrustify:/home/taehwan/ros2_humble/install/tracetools_trace:/home/taehwan/ros2_humble/install/tracetools_read:/home/taehwan/ros2_humble/install/test_tracetools_launch:/home/taehwan/ros2_humble/install/test_launch_ros:/home/taehwan/ros2_humble/install/sensor_msgs_py:/home/taehwan/ros2_humble/install/rpyutils:/home/taehwan/ros2_humble/install/rosidl_runtime_py:/home/taehwan/ros2_humble/install/rosidl_cli:/home/taehwan/ros2_humble/install/launch_pytest:/home/taehwan/ros2_humble/install/launch_testing:/home/taehwan/ros2_humble/install/launch_yaml:/home/taehwan/ros2_humble/install/launch_xml:/home/taehwan/ros2_humble/install/launch:/home/taehwan/ros2_humble/install/osrf_pycommon:/home/taehwan/ros2_humble/install/domain_coordinator:/home/taehwan/ros2_humble/install/ament_xmllint:/home/taehwan/ros2_humble/install/ament_pyflakes:/home/taehwan/ros2_humble/install/ament_pycodestyle:/home/taehwan/ros2_humble/install/ament_pep257:/home/taehwan/ros2_humble/install/ament_pclint:/home/taehwan/ros2_humble/install/ament_package:/home/taehwan/ros2_humble/install/ament_mypy:/home/taehwan/ros2_humble/install/ament_lint_cmake:/home/taehwan/ros2_humble/install/ament_flake8:/home/taehwan/ros2_humble/install/ament_copyright:/home/taehwan/ros2_humble/install/ament_lint:/home/taehwan/ros2_humble/install/ament_index_python:/home/taehwan/ros2_humble/install/ament_cpplint:/home/taehwan/ros2_humble/install/ament_cppcheck:/home/taehwan/ros2_humble/install/ament_clang_tidy:/home/taehwan/ros2_humble/install/ament_clang_format /usr/bin/cmake --install /home/taehwan/ros2_ws/build/ros_controller_pkg
[3.297s] Level 1:colcon.colcon_core.environment:create_environment_scripts_only(ros_controller_pkg)
[3.308s] DEBUG:colcon.colcon_core.event_handler.log_command:Invoked command in '/home/taehwan/ros2_ws/build/ros_controller_pkg' returned '0': CMAKE_PREFIX_PATH=${CMAKE_PREFIX_PATH}:/home/taehwan/ros2_ws/install/stm_controller:/home/taehwan/ros2_ws/install/plc_interface:/home/taehwan/ros2_humble/install/rqt_bag_plugins:/home/taehwan/ros2_humble/install/rqt_bag:/home/taehwan/ros2_humble/install/launch_testing_examples:/home/taehwan/ros2_humble/install/ros2bag:/home/taehwan/ros2_humble/install/tracetools_test:/home/taehwan/ros2_humble/install/tracetools_launch:/home/taehwan/ros2_humble/install/topic_monitor:/home/taehwan/ros2_humble/install/tf2_tools:/home/taehwan/ros2_humble/install/examples_tf2_py:/home/taehwan/ros2_humble/install/tf2_ros_py:/home/taehwan/ros2_humble/install/sros2:/home/taehwan/ros2_humble/install/rqt_topic:/home/taehwan/ros2_humble/install/rqt_srv:/home/taehwan/ros2_humble/install/rqt_shell:/home/taehwan/ros2_humble/install/rqt_service_caller:/home/taehwan/ros2_humble/install/rqt_reconfigure:/home/taehwan/ros2_humble/install/rqt_py_console:/home/taehwan/ros2_humble/install/rqt_publisher:/home/taehwan/ros2_humble/install/rqt_plot:/home/taehwan/ros2_humble/install/rqt_action:/home/taehwan/ros2_humble/install/rqt_msg:/home/taehwan/ros2_humble/install/rqt_console:/home/taehwan/ros2_humble/install/rqt:/home/taehwan/ros2_humble/install/rqt_graph:/home/taehwan/ros2_humble/install/rqt_gui_py:/home/taehwan/ros2_humble/install/rqt_gui:/home/taehwan/ros2_humble/install/ros2trace:/home/taehwan/ros2_humble/install/ros2topic:/home/taehwan/ros2_humble/install/ros2test:/home/taehwan/ros2_humble/install/ros2component:/home/taehwan/ros2_humble/install/ros2param:/home/taehwan/ros2_humble/install/ros2lifecycle:/home/taehwan/ros2_humble/install/ros2service:/home/taehwan/ros2_humble/install/ros2run:/home/taehwan/ros2_humble/install/ros2plugin:/home/taehwan/ros2_humble/install/ros2launch:/home/taehwan/ros2_humble/install/ros2pkg:/home/taehwan/ros2_humble/install/ros2node:/home/taehwan/ros2_humble/install/ros2multicast:/home/taehwan/ros2_humble/install/ros2interface:/home/taehwan/ros2_humble/install/ros2doctor:/home/taehwan/ros2_humble/install/ros2action:/home/taehwan/ros2_humble/install/ros2cli:/home/taehwan/ros2_humble/install/quality_of_service_demo_py:/home/taehwan/ros2_humble/install/lifecycle_py:/home/taehwan/ros2_humble/install/launch_testing_ros:/home/taehwan/ros2_humble/install/launch_ros:/home/taehwan/ros2_humble/install/examples_rclpy_pointcloud_publisher:/home/taehwan/ros2_humble/install/examples_rclpy_minimal_subscriber:/home/taehwan/ros2_humble/install/examples_rclpy_minimal_service:/home/taehwan/ros2_humble/install/examples_rclpy_minimal_publisher:/home/taehwan/ros2_humble/install/examples_rclpy_minimal_client:/home/taehwan/ros2_humble/install/examples_rclpy_minimal_action_server:/home/taehwan/ros2_humble/install/examples_rclpy_minimal_action_client:/home/taehwan/ros2_humble/install/examples_rclpy_guard_conditions:/home/taehwan/ros2_humble/install/examples_rclpy_executors:/home/taehwan/ros2_humble/install/demo_nodes_py:/home/taehwan/ros2_humble/install/camera_info_manager_py:/home/taehwan/ros2_humble/install/action_tutorials_py:/home/taehwan/ros2_humble/install/ament_uncrustify:/home/taehwan/ros2_humble/install/tracetools_trace:/home/taehwan/ros2_humble/install/tracetools_read:/home/taehwan/ros2_humble/install/test_tracetools_launch:/home/taehwan/ros2_humble/install/test_launch_ros:/home/taehwan/ros2_humble/install/sensor_msgs_py:/home/taehwan/ros2_humble/install/rpyutils:/home/taehwan/ros2_humble/install/rosidl_runtime_py:/home/taehwan/ros2_humble/install/rosidl_cli:/home/taehwan/ros2_humble/install/launch_pytest:/home/taehwan/ros2_humble/install/launch_testing:/home/taehwan/ros2_humble/install/launch_yaml:/home/taehwan/ros2_humble/install/launch_xml:/home/taehwan/ros2_humble/install/launch:/home/taehwan/ros2_humble/install/osrf_pycommon:/home/taehwan/ros2_humble/install/domain_coordinator:/home/taehwan/ros2_humble/install/ament_xmllint:/home/taehwan/ros2_humble/install/ament_pyflakes:/home/taehwan/ros2_humble/install/ament_pycodestyle:/home/taehwan/ros2_humble/install/ament_pep257:/home/taehwan/ros2_humble/install/ament_pclint:/home/taehwan/ros2_humble/install/ament_package:/home/taehwan/ros2_humble/install/ament_mypy:/home/taehwan/ros2_humble/install/ament_lint_cmake:/home/taehwan/ros2_humble/install/ament_flake8:/home/taehwan/ros2_humble/install/ament_copyright:/home/taehwan/ros2_humble/install/ament_lint:/home/taehwan/ros2_humble/install/ament_index_python:/home/taehwan/ros2_humble/install/ament_cpplint:/home/taehwan/ros2_humble/install/ament_cppcheck:/home/taehwan/ros2_humble/install/ament_clang_tidy:/home/taehwan/ros2_humble/install/ament_clang_format /usr/bin/cmake --install /home/taehwan/ros2_ws/build/ros_controller_pkg
[3.314s] Level 1:colcon.colcon_core.environment:checking '/home/taehwan/ros2_ws/install/ros_controller_pkg' for CMake module files
[3.315s] Level 1:colcon.colcon_core.environment:checking '/home/taehwan/ros2_ws/install/ros_controller_pkg' for CMake config files
[3.317s] Level 1:colcon.colcon_core.shell:create_environment_hook('ros_controller_pkg', 'cmake_prefix_path')
[3.318s] INFO:colcon.colcon_core.shell:Creating environment hook '/home/taehwan/ros2_ws/install/ros_controller_pkg/share/ros_controller_pkg/hook/cmake_prefix_path.ps1'
[3.319s] INFO:colcon.colcon_core.shell:Creating environment descriptor '/home/taehwan/ros2_ws/install/ros_controller_pkg/share/ros_controller_pkg/hook/cmake_prefix_path.dsv'
[3.319s] INFO:colcon.colcon_core.shell:Creating environment hook '/home/taehwan/ros2_ws/install/ros_controller_pkg/share/ros_controller_pkg/hook/cmake_prefix_path.sh'
[3.321s] Level 1:colcon.colcon_core.environment:checking '/home/taehwan/ros2_ws/install/ros_controller_pkg/lib'
[3.321s] Level 1:colcon.colcon_core.shell:create_environment_hook('ros_controller_pkg', 'ld_library_path_lib')
[3.321s] INFO:colcon.colcon_core.shell:Creating environment hook '/home/taehwan/ros2_ws/install/ros_controller_pkg/share/ros_controller_pkg/hook/ld_library_path_lib.ps1'
[3.322s] INFO:colcon.colcon_core.shell:Creating environment descriptor '/home/taehwan/ros2_ws/install/ros_controller_pkg/share/ros_controller_pkg/hook/ld_library_path_lib.dsv'
[3.323s] INFO:colcon.colcon_core.shell:Creating environment hook '/home/taehwan/ros2_ws/install/ros_controller_pkg/share/ros_controller_pkg/hook/ld_library_path_lib.sh'
[3.324s] Level 1:colcon.colcon_core.environment:checking '/home/taehwan/ros2_ws/install/ros_controller_pkg/bin'
[3.324s] Level 1:colcon.colcon_core.environment:checking '/home/taehwan/ros2_ws/install/ros_controller_pkg/lib/pkgconfig/ros_controller_pkg.pc'
[3.324s] Level 1:colcon.colcon_core.environment:checking '/home/taehwan/ros2_ws/install/ros_controller_pkg/lib/python3.10/site-packages'
[3.325s] Level 1:colcon.colcon_core.environment:checking '/home/taehwan/ros2_ws/install/ros_controller_pkg/bin'
[3.326s] INFO:colcon.colcon_core.shell:Creating package script '/home/taehwan/ros2_ws/install/ros_controller_pkg/share/ros_controller_pkg/package.ps1'
[3.328s] INFO:colcon.colcon_core.shell:Creating package descriptor '/home/taehwan/ros2_ws/install/ros_controller_pkg/share/ros_controller_pkg/package.dsv'
[3.329s] INFO:colcon.colcon_core.shell:Creating package script '/home/taehwan/ros2_ws/install/ros_controller_pkg/share/ros_controller_pkg/package.sh'
[3.330s] INFO:colcon.colcon_core.shell:Creating package script '/home/taehwan/ros2_ws/install/ros_controller_pkg/share/ros_controller_pkg/package.bash'
[3.332s] INFO:colcon.colcon_core.shell:Creating package script '/home/taehwan/ros2_ws/install/ros_controller_pkg/share/ros_controller_pkg/package.zsh'
[3.334s] Level 1:colcon.colcon_core.environment:create_file_with_runtime_dependencies(/home/taehwan/ros2_ws/install/ros_controller_pkg/share/colcon-core/packages/ros_controller_pkg)
[3.336s] Level 1:colcon.colcon_core.environment:create_environment_scripts_only(ros_controller_pkg)
[3.336s] Level 1:colcon.colcon_core.environment:checking '/home/taehwan/ros2_ws/install/ros_controller_pkg' for CMake module files
[3.339s] Level 1:colcon.colcon_core.environment:checking '/home/taehwan/ros2_ws/install/ros_controller_pkg' for CMake config files
[3.340s] Level 1:colcon.colcon_core.shell:create_environment_hook('ros_controller_pkg', 'cmake_prefix_path')
[3.341s] INFO:colcon.colcon_core.shell:Creating environment hook '/home/taehwan/ros2_ws/install/ros_controller_pkg/share/ros_controller_pkg/hook/cmake_prefix_path.ps1'
[3.341s] INFO:colcon.colcon_core.shell:Creating environment descriptor '/home/taehwan/ros2_ws/install/ros_controller_pkg/share/ros_controller_pkg/hook/cmake_prefix_path.dsv'
[3.342s] INFO:colcon.colcon_core.shell:Creating environment hook '/home/taehwan/ros2_ws/install/ros_controller_pkg/share/ros_controller_pkg/hook/cmake_prefix_path.sh'
[3.343s] Level 1:colcon.colcon_core.environment:checking '/home/taehwan/ros2_ws/install/ros_controller_pkg/lib'
[3.343s] Level 1:colcon.colcon_core.shell:create_environment_hook('ros_controller_pkg', 'ld_library_path_lib')
[3.343s] INFO:colcon.colcon_core.shell:Creating environment hook '/home/taehwan/ros2_ws/install/ros_controller_pkg/share/ros_controller_pkg/hook/ld_library_path_lib.ps1'
[3.344s] INFO:colcon.colcon_core.shell:Creating environment descriptor '/home/taehwan/ros2_ws/install/ros_controller_pkg/share/ros_controller_pkg/hook/ld_library_path_lib.dsv'
[3.344s] INFO:colcon.colcon_core.shell:Creating environment hook '/home/taehwan/ros2_ws/install/ros_controller_pkg/share/ros_controller_pkg/hook/ld_library_path_lib.sh'
[3.345s] Level 1:colcon.colcon_core.environment:checking '/home/taehwan/ros2_ws/install/ros_controller_pkg/bin'
[3.345s] Level 1:colcon.colcon_core.environment:checking '/home/taehwan/ros2_ws/install/ros_controller_pkg/lib/pkgconfig/ros_controller_pkg.pc'
[3.345s] Level 1:colcon.colcon_core.environment:checking '/home/taehwan/ros2_ws/install/ros_controller_pkg/lib/python3.10/site-packages'
[3.346s] Level 1:colcon.colcon_core.environment:checking '/home/taehwan/ros2_ws/install/ros_controller_pkg/bin'
[3.346s] INFO:colcon.colcon_core.shell:Creating package script '/home/taehwan/ros2_ws/install/ros_controller_pkg/share/ros_controller_pkg/package.ps1'
[3.347s] INFO:colcon.colcon_core.shell:Creating package descriptor '/home/taehwan/ros2_ws/install/ros_controller_pkg/share/ros_controller_pkg/package.dsv'
[3.348s] INFO:colcon.colcon_core.shell:Creating package script '/home/taehwan/ros2_ws/install/ros_controller_pkg/share/ros_controller_pkg/package.sh'
[3.348s] INFO:colcon.colcon_core.shell:Creating package script '/home/taehwan/ros2_ws/install/ros_controller_pkg/share/ros_controller_pkg/package.bash'
[3.349s] INFO:colcon.colcon_core.shell:Creating package script '/home/taehwan/ros2_ws/install/ros_controller_pkg/share/ros_controller_pkg/package.zsh'
[3.351s] Level 1:colcon.colcon_core.environment:create_file_with_runtime_dependencies(/home/taehwan/ros2_ws/install/ros_controller_pkg/share/colcon-core/packages/ros_controller_pkg)
[3.504s] Level 1:colcon.colcon_core.environment:checking '/home/taehwan/ros2_ws/install/stm_controller' for CMake module files
[3.505s] DEBUG:colcon.colcon_core.event_handler.log_command:Invoked command in '/home/taehwan/ros2_ws/src/stm_controller' returned '0': PYTHONPATH=/home/taehwan/ros2_ws/build/stm_controller/prefix_override:/usr/lib/python3/dist-packages/colcon_core/task/python/colcon_distutils_commands:/home/taehwan/ros2_ws/install/stm_controller/lib/python3.10/site-packages:${PYTHONPATH} /usr/bin/python3 -W ignore:setup.py install is deprecated -W ignore:easy_install command is deprecated setup.py egg_info --egg-base ../../build/stm_controller build --build-base /home/taehwan/ros2_ws/build/stm_controller/build install --record /home/taehwan/ros2_ws/build/stm_controller/install.log --single-version-externally-managed install_data
[3.506s] Level 1:colcon.colcon_core.environment:checking '/home/taehwan/ros2_ws/install/stm_controller' for CMake config files
[3.506s] Level 1:colcon.colcon_core.environment:checking '/home/taehwan/ros2_ws/install/stm_controller/lib'
[3.506s] Level 1:colcon.colcon_core.environment:checking '/home/taehwan/ros2_ws/install/stm_controller/bin'
[3.506s] Level 1:colcon.colcon_core.environment:checking '/home/taehwan/ros2_ws/install/stm_controller/lib/pkgconfig/stm_controller.pc'
[3.507s] Level 1:colcon.colcon_core.environment:checking '/home/taehwan/ros2_ws/install/stm_controller/lib/python3.10/site-packages'
[3.507s] Level 1:colcon.colcon_core.shell:create_environment_hook('stm_controller', 'pythonpath')
[3.507s] INFO:colcon.colcon_core.shell:Creating environment hook '/home/taehwan/ros2_ws/install/stm_controller/share/stm_controller/hook/pythonpath.ps1'
[3.508s] INFO:colcon.colcon_core.shell:Creating environment descriptor '/home/taehwan/ros2_ws/install/stm_controller/share/stm_controller/hook/pythonpath.dsv'
[3.508s] INFO:colcon.colcon_core.shell:Creating environment hook '/home/taehwan/ros2_ws/install/stm_controller/share/stm_controller/hook/pythonpath.sh'
[3.510s] Level 1:colcon.colcon_core.environment:checking '/home/taehwan/ros2_ws/install/stm_controller/bin'
[3.510s] Level 1:colcon.colcon_core.environment:create_environment_scripts_only(stm_controller)
[3.510s] INFO:colcon.colcon_core.shell:Creating package script '/home/taehwan/ros2_ws/install/stm_controller/share/stm_controller/package.ps1'
[3.511s] INFO:colcon.colcon_core.shell:Creating package descriptor '/home/taehwan/ros2_ws/install/stm_controller/share/stm_controller/package.dsv'
[3.512s] INFO:colcon.colcon_core.shell:Creating package script '/home/taehwan/ros2_ws/install/stm_controller/share/stm_controller/package.sh'
[3.512s] INFO:colcon.colcon_core.shell:Creating package script '/home/taehwan/ros2_ws/install/stm_controller/share/stm_controller/package.bash'
[3.513s] INFO:colcon.colcon_core.shell:Creating package script '/home/taehwan/ros2_ws/install/stm_controller/share/stm_controller/package.zsh'
[3.513s] Level 1:colcon.colcon_core.environment:create_file_with_runtime_dependencies(/home/taehwan/ros2_ws/install/stm_controller/share/colcon-core/packages/stm_controller)
[3.520s] Level 1:colcon.colcon_core.environment:checking '/home/taehwan/ros2_ws/install/plc_interface' for CMake module files
[3.520s] DEBUG:colcon.colcon_core.event_handler.log_command:Invoked command in '/home/taehwan/ros2_ws/src/plc_interface' returned '0': PYTHONPATH=/home/taehwan/ros2_ws/build/plc_interface/prefix_override:/usr/lib/python3/dist-packages/colcon_core/task/python/colcon_distutils_commands:/home/taehwan/ros2_ws/install/plc_interface/lib/python3.10/site-packages:${PYTHONPATH} /usr/bin/python3 -W ignore:setup.py install is deprecated -W ignore:easy_install command is deprecated setup.py egg_info --egg-base ../../build/plc_interface build --build-base /home/taehwan/ros2_ws/build/plc_interface/build install --record /home/taehwan/ros2_ws/build/plc_interface/install.log --single-version-externally-managed install_data
[3.521s] Level 1:colcon.colcon_core.environment:checking '/home/taehwan/ros2_ws/install/plc_interface' for CMake config files
[3.521s] Level 1:colcon.colcon_core.environment:checking '/home/taehwan/ros2_ws/install/plc_interface/lib'
[3.522s] Level 1:colcon.colcon_core.environment:checking '/home/taehwan/ros2_ws/install/plc_interface/bin'
[3.522s] Level 1:colcon.colcon_core.environment:checking '/home/taehwan/ros2_ws/install/plc_interface/lib/pkgconfig/plc_interface.pc'
[3.522s] Level 1:colcon.colcon_core.environment:checking '/home/taehwan/ros2_ws/install/plc_interface/lib/python3.10/site-packages'
[3.522s] Level 1:colcon.colcon_core.shell:create_environment_hook('plc_interface', 'pythonpath')
[3.522s] INFO:colcon.colcon_core.shell:Creating environment hook '/home/taehwan/ros2_ws/install/plc_interface/share/plc_interface/hook/pythonpath.ps1'
[3.523s] INFO:colcon.colcon_core.shell:Creating environment descriptor '/home/taehwan/ros2_ws/install/plc_interface/share/plc_interface/hook/pythonpath.dsv'
[3.524s] INFO:colcon.colcon_core.shell:Creating environment hook '/home/taehwan/ros2_ws/install/plc_interface/share/plc_interface/hook/pythonpath.sh'
[3.525s] Level 1:colcon.colcon_core.environment:checking '/home/taehwan/ros2_ws/install/plc_interface/bin'
[3.525s] Level 1:colcon.colcon_core.environment:create_environment_scripts_only(plc_interface)
[3.525s] INFO:colcon.colcon_core.shell:Creating package script '/home/taehwan/ros2_ws/install/plc_interface/share/plc_interface/package.ps1'
[3.526s] INFO:colcon.colcon_core.shell:Creating package descriptor '/home/taehwan/ros2_ws/install/plc_interface/share/plc_interface/package.dsv'
[3.527s] INFO:colcon.colcon_core.shell:Creating package script '/home/taehwan/ros2_ws/install/plc_interface/share/plc_interface/package.sh'
[3.527s] INFO:colcon.colcon_core.shell:Creating package script '/home/taehwan/ros2_ws/install/plc_interface/share/plc_interface/package.bash'
[3.528s] INFO:colcon.colcon_core.shell:Creating package script '/home/taehwan/ros2_ws/install/plc_interface/share/plc_interface/package.zsh'
[3.528s] Level 1:colcon.colcon_core.environment:create_file_with_runtime_dependencies(/home/taehwan/ros2_ws/install/plc_interface/share/colcon-core/packages/plc_interface)
[3.529s] DEBUG:colcon.colcon_parallel_executor.executor.parallel:closing loop
[3.529s] DEBUG:colcon.colcon_parallel_executor.executor.parallel:loop closed
[3.529s] DEBUG:colcon.colcon_parallel_executor.executor.parallel:run_until_complete finished with '0'
[3.529s] DEBUG:colcon.colcon_core.event_reactor:joining thread
[3.542s] INFO:colcon.colcon_core.plugin_system:Skipping extension 'colcon_notification.desktop_notification.terminal_notifier': Not used on non-Darwin systems
[3.543s] INFO:colcon.colcon_core.plugin_system:Skipping extension 'colcon_notification.desktop_notification.win32': Not used on non-Windows systems
[3.543s] INFO:colcon.colcon_notification.desktop_notification:Sending desktop notification using 'notify2'
[3.561s] DEBUG:colcon.colcon_core.event_reactor:joined thread
[3.562s] INFO:colcon.colcon_core.shell:Creating prefix script '/home/taehwan/ros2_ws/install/local_setup.ps1'
[3.564s] INFO:colcon.colcon_core.shell:Creating prefix util module '/home/taehwan/ros2_ws/install/_local_setup_util_ps1.py'
[3.567s] INFO:colcon.colcon_core.shell:Creating prefix chain script '/home/taehwan/ros2_ws/install/setup.ps1'
[3.585s] INFO:colcon.colcon_core.shell:Creating prefix script '/home/taehwan/ros2_ws/install/local_setup.sh'
[3.586s] INFO:colcon.colcon_core.shell:Creating prefix util module '/home/taehwan/ros2_ws/install/_local_setup_util_sh.py'
[3.587s] INFO:colcon.colcon_core.shell:Creating prefix chain script '/home/taehwan/ros2_ws/install/setup.sh'
[3.602s] INFO:colcon.colcon_core.shell:Creating prefix script '/home/taehwan/ros2_ws/install/local_setup.bash'
[3.603s] INFO:colcon.colcon_core.shell:Creating prefix chain script '/home/taehwan/ros2_ws/install/setup.bash'
[3.620s] INFO:colcon.colcon_core.shell:Creating prefix script '/home/taehwan/ros2_ws/install/local_setup.zsh'
[3.622s] INFO:colcon.colcon_core.shell:Creating prefix chain script '/home/taehwan/ros2_ws/install/setup.zsh'
