[0.519s] Invoking command in '/home/taehwan/ros2_ws/build/ros_controller_pkg': CMAKE_PREFIX_PATH=${CMAKE_PREFIX_PATH}:/home/taehwan/ros2_ws/install/stm_controller:/home/taehwan/ros2_ws/install/plc_interface:/home/taehwan/ros2_humble/install/rqt_bag_plugins:/home/taehwan/ros2_humble/install/rqt_bag:/home/taehwan/ros2_humble/install/launch_testing_examples:/home/taehwan/ros2_humble/install/ros2bag:/home/taehwan/ros2_humble/install/tracetools_test:/home/taehwan/ros2_humble/install/tracetools_launch:/home/taehwan/ros2_humble/install/topic_monitor:/home/taehwan/ros2_humble/install/tf2_tools:/home/taehwan/ros2_humble/install/examples_tf2_py:/home/taehwan/ros2_humble/install/tf2_ros_py:/home/taehwan/ros2_humble/install/sros2:/home/taehwan/ros2_humble/install/rqt_topic:/home/taehwan/ros2_humble/install/rqt_srv:/home/taehwan/ros2_humble/install/rqt_shell:/home/taehwan/ros2_humble/install/rqt_service_caller:/home/taehwan/ros2_humble/install/rqt_reconfigure:/home/taehwan/ros2_humble/install/rqt_py_console:/home/taehwan/ros2_humble/install/rqt_publisher:/home/taehwan/ros2_humble/install/rqt_plot:/home/taehwan/ros2_humble/install/rqt_action:/home/taehwan/ros2_humble/install/rqt_msg:/home/taehwan/ros2_humble/install/rqt_console:/home/taehwan/ros2_humble/install/rqt:/home/taehwan/ros2_humble/install/rqt_graph:/home/taehwan/ros2_humble/install/rqt_gui_py:/home/taehwan/ros2_humble/install/rqt_gui:/home/taehwan/ros2_humble/install/ros2trace:/home/taehwan/ros2_humble/install/ros2topic:/home/taehwan/ros2_humble/install/ros2test:/home/taehwan/ros2_humble/install/ros2component:/home/taehwan/ros2_humble/install/ros2param:/home/taehwan/ros2_humble/install/ros2lifecycle:/home/taehwan/ros2_humble/install/ros2service:/home/taehwan/ros2_humble/install/ros2run:/home/taehwan/ros2_humble/install/ros2plugin:/home/taehwan/ros2_humble/install/ros2launch:/home/taehwan/ros2_humble/install/ros2pkg:/home/taehwan/ros2_humble/install/ros2node:/home/taehwan/ros2_humble/install/ros2multicast:/home/taehwan/ros2_humble/install/ros2interface:/home/taehwan/ros2_humble/install/ros2doctor:/home/taehwan/ros2_humble/install/ros2action:/home/taehwan/ros2_humble/install/ros2cli:/home/taehwan/ros2_humble/install/quality_of_service_demo_py:/home/taehwan/ros2_humble/install/lifecycle_py:/home/taehwan/ros2_humble/install/launch_testing_ros:/home/taehwan/ros2_humble/install/launch_ros:/home/taehwan/ros2_humble/install/examples_rclpy_pointcloud_publisher:/home/taehwan/ros2_humble/install/examples_rclpy_minimal_subscriber:/home/taehwan/ros2_humble/install/examples_rclpy_minimal_service:/home/taehwan/ros2_humble/install/examples_rclpy_minimal_publisher:/home/taehwan/ros2_humble/install/examples_rclpy_minimal_client:/home/taehwan/ros2_humble/install/examples_rclpy_minimal_action_server:/home/taehwan/ros2_humble/install/examples_rclpy_minimal_action_client:/home/taehwan/ros2_humble/install/examples_rclpy_guard_conditions:/home/taehwan/ros2_humble/install/examples_rclpy_executors:/home/taehwan/ros2_humble/install/demo_nodes_py:/home/taehwan/ros2_humble/install/camera_info_manager_py:/home/taehwan/ros2_humble/install/action_tutorials_py:/home/taehwan/ros2_humble/install/ament_uncrustify:/home/taehwan/ros2_humble/install/tracetools_trace:/home/taehwan/ros2_humble/install/tracetools_read:/home/taehwan/ros2_humble/install/test_tracetools_launch:/home/taehwan/ros2_humble/install/test_launch_ros:/home/taehwan/ros2_humble/install/sensor_msgs_py:/home/taehwan/ros2_humble/install/rpyutils:/home/taehwan/ros2_humble/install/rosidl_runtime_py:/home/taehwan/ros2_humble/install/rosidl_cli:/home/taehwan/ros2_humble/install/launch_pytest:/home/taehwan/ros2_humble/install/launch_testing:/home/taehwan/ros2_humble/install/launch_yaml:/home/taehwan/ros2_humble/install/launch_xml:/home/taehwan/ros2_humble/install/launch:/home/taehwan/ros2_humble/install/osrf_pycommon:/home/taehwan/ros2_humble/install/domain_coordinator:/home/taehwan/ros2_humble/install/ament_xmllint:/home/taehwan/ros2_humble/install/ament_pyflakes:/home/taehwan/ros2_humble/install/ament_pycodestyle:/home/taehwan/ros2_humble/install/ament_pep257:/home/taehwan/ros2_humble/install/ament_pclint:/home/taehwan/ros2_humble/install/ament_package:/home/taehwan/ros2_humble/install/ament_mypy:/home/taehwan/ros2_humble/install/ament_lint_cmake:/home/taehwan/ros2_humble/install/ament_flake8:/home/taehwan/ros2_humble/install/ament_copyright:/home/taehwan/ros2_humble/install/ament_lint:/home/taehwan/ros2_humble/install/ament_index_python:/home/taehwan/ros2_humble/install/ament_cpplint:/home/taehwan/ros2_humble/install/ament_cppcheck:/home/taehwan/ros2_humble/install/ament_clang_tidy:/home/taehwan/ros2_humble/install/ament_clang_format /usr/bin/cmake --build /home/taehwan/ros2_ws/build/ros_controller_pkg -- -j12 -l12
[0.579s] -- Found ament_cmake: 1.3.12 (/home/taehwan/ros2_humble/install/ament_cmake/share/ament_cmake/cmake)
[0.992s] -- Found rclpy: 3.3.19 (/home/taehwan/ros2_humble/install/rclpy/share/rclpy/cmake)
[0.992s] -- Found std_msgs: 4.9.0 (/home/taehwan/ros2_humble/install/std_msgs/share/std_msgs/cmake)
[1.055s] -- Found rosidl_generator_c: 3.1.7 (/home/taehwan/ros2_humble/install/rosidl_generator_c/share/rosidl_generator_c/cmake)
[1.057s] -- Found rosidl_adapter: 3.1.7 (/home/taehwan/ros2_humble/install/rosidl_adapter/share/rosidl_adapter/cmake)
[1.066s] -- Found rosidl_generator_cpp: 3.1.7 (/home/taehwan/ros2_humble/install/rosidl_generator_cpp/share/rosidl_generator_cpp/cmake)
[1.126s] -- Using all available rosidl_typesupport_c: rosidl_typesupport_introspection_c;rosidl_typesupport_fastrtps_c
[1.210s] -- Using all available rosidl_typesupport_cpp: rosidl_typesupport_introspection_cpp;rosidl_typesupport_fastrtps_cpp
[1.318s] -- Found std_srvs: 4.9.0 (/home/taehwan/ros2_humble/install/std_srvs/share/std_srvs/cmake)
[1.339s] -- Found rosidl_default_generators: 1.2.0 (/home/taehwan/ros2_humble/install/rosidl_default_generators/share/rosidl_default_generators/cmake)
[2.504s] -- Found ament_cmake_ros: 0.10.0 (/home/taehwan/ros2_humble/install/ament_cmake_ros/share/ament_cmake_ros/cmake)
[3.358s] -- Using all available rosidl_typesupport_c: rosidl_typesupport_introspection_c;rosidl_typesupport_fastrtps_c
[3.710s] -- Using all available rosidl_typesupport_cpp: rosidl_typesupport_introspection_cpp;rosidl_typesupport_fastrtps_cpp
[3.780s] -- Found python_cmake_module: 0.10.0 (/home/taehwan/ros2_humble/install/python_cmake_module/share/python_cmake_module/cmake)
[3.855s] -- Using PYTHON_EXECUTABLE: /usr/bin/python3
[3.855s] -- Using PYTHON_INCLUDE_DIRS: /usr/include/python3.10
[3.855s] -- Using PYTHON_LIBRARIES: /usr/lib/x86_64-linux-gnu/libpython3.10.so
[4.205s] -- Configuring done
[4.243s] -- Generating done
[4.255s] -- Build files have been written to: /home/taehwan/ros2_ws/build/ros_controller_pkg
[4.317s] [  3%] [34m[1mGenerating C code for ROS interfaces[0m
[4.358s] [  6%] [34m[1mGenerating C++ code for ROS interfaces[0m
[4.375s] [  6%] Built target ament_cmake_python_copy_ros_controller_pkg
[4.820s] [35m[1mConsolidate compiler generated dependencies of target ros_controller_pkg__rosidl_generator_c[0m
[4.863s] [  9%] [32mBuilding C object CMakeFiles/ros_controller_pkg__rosidl_generator_c.dir/rosidl_generator_c/ros_controller_pkg/msg/detail/plc_status__functions.c.o[0m
[4.878s] [  9%] Built target ros_controller_pkg__cpp
[4.912s] [ 12%] [34m[1mGenerating C++ type support dispatch for ROS interfaces[0m
[4.921s] [ 19%] [34m[1mGenerating C++ type support for eProsima Fast-RTPS[0m
[4.922s] [ 19%] [34m[1mGenerating C++ introspection for ROS interfaces[0m
[5.030s] [ 22%] [32m[1mLinking C shared library libros_controller_pkg__rosidl_generator_c.so[0m
[5.088s] running egg_info
[5.089s] writing ros_controller_pkg.egg-info/PKG-INFO
[5.089s] writing dependency_links to ros_controller_pkg.egg-info/dependency_links.txt
[5.090s] writing top-level names to ros_controller_pkg.egg-info/top_level.txt
[5.099s] reading manifest file 'ros_controller_pkg.egg-info/SOURCES.txt'
[5.100s] writing manifest file 'ros_controller_pkg.egg-info/SOURCES.txt'
[5.154s] [ 22%] Built target ros_controller_pkg__rosidl_generator_c
[5.164s] [ 22%] Built target ament_cmake_python_build_ros_controller_pkg_egg
[5.194s] [ 25%] [34m[1mGenerating C introspection for ROS interfaces[0m
[5.202s] [ 32%] [34m[1mGenerating C type support dispatch for ROS interfaces[0m
[5.202s] [ 32%] [34m[1mGenerating C type support for eProsima Fast-RTPS[0m
[5.579s] [35m[1mConsolidate compiler generated dependencies of target ros_controller_pkg__rosidl_typesupport_introspection_cpp[0m
[5.609s] [35m[1mConsolidate compiler generated dependencies of target ros_controller_pkg__rosidl_typesupport_cpp[0m
[5.634s] [ 35%] [32mBuilding CXX object CMakeFiles/ros_controller_pkg__rosidl_typesupport_introspection_cpp.dir/rosidl_typesupport_introspection_cpp/ros_controller_pkg/msg/detail/plc_status__type_support.cpp.o[0m
[5.664s] [ 38%] [32mBuilding CXX object CMakeFiles/ros_controller_pkg__rosidl_typesupport_cpp.dir/rosidl_typesupport_cpp/ros_controller_pkg/msg/plc_status__type_support.cpp.o[0m
[5.713s] [35m[1mConsolidate compiler generated dependencies of target ros_controller_pkg__rosidl_typesupport_fastrtps_cpp[0m
[5.760s] [ 41%] [32mBuilding CXX object CMakeFiles/ros_controller_pkg__rosidl_typesupport_fastrtps_cpp.dir/rosidl_typesupport_fastrtps_cpp/ros_controller_pkg/msg/detail/dds_fastrtps/plc_status__type_support.cpp.o[0m
[5.832s] [35m[1mConsolidate compiler generated dependencies of target ros_controller_pkg__rosidl_typesupport_fastrtps_c[0m
[5.857s] [35m[1mConsolidate compiler generated dependencies of target ros_controller_pkg__rosidl_typesupport_introspection_c[0m
[5.878s] [ 45%] [32mBuilding CXX object CMakeFiles/ros_controller_pkg__rosidl_typesupport_fastrtps_c.dir/rosidl_typesupport_fastrtps_c/ros_controller_pkg/msg/detail/plc_status__type_support_c.cpp.o[0m
[5.898s] [ 48%] [32mBuilding C object CMakeFiles/ros_controller_pkg__rosidl_typesupport_introspection_c.dir/rosidl_typesupport_introspection_c/ros_controller_pkg/msg/detail/plc_status__type_support.c.o[0m
[5.968s] [35m[1mConsolidate compiler generated dependencies of target ros_controller_pkg__rosidl_typesupport_c[0m
[6.005s] [ 51%] [32m[1mLinking C shared library libros_controller_pkg__rosidl_typesupport_introspection_c.so[0m
[6.014s] [ 54%] [32mBuilding CXX object CMakeFiles/ros_controller_pkg__rosidl_typesupport_c.dir/rosidl_typesupport_c/ros_controller_pkg/msg/plc_status__type_support.cpp.o[0m
[6.115s] [ 58%] [32m[1mLinking CXX shared library libros_controller_pkg__rosidl_typesupport_c.so[0m
[6.121s] [ 58%] Built target ros_controller_pkg__rosidl_typesupport_introspection_c
[6.253s] [ 58%] Built target ros_controller_pkg__rosidl_typesupport_c
[6.320s] [ 61%] [32m[1mLinking CXX shared library libros_controller_pkg__rosidl_typesupport_cpp.so[0m
[6.441s] [ 61%] Built target ros_controller_pkg__rosidl_typesupport_cpp
[6.449s] [ 64%] [32m[1mLinking CXX shared library libros_controller_pkg__rosidl_typesupport_fastrtps_cpp.so[0m
[6.479s] [ 67%] [32m[1mLinking CXX shared library libros_controller_pkg__rosidl_typesupport_fastrtps_c.so[0m
[6.513s] [ 70%] [32m[1mLinking CXX shared library libros_controller_pkg__rosidl_typesupport_introspection_cpp.so[0m
[6.602s] [ 70%] Built target ros_controller_pkg__rosidl_typesupport_fastrtps_cpp
[6.627s] [ 70%] Built target ros_controller_pkg__rosidl_typesupport_introspection_cpp
[6.633s] [ 70%] Built target ros_controller_pkg__rosidl_typesupport_fastrtps_c
[6.688s] [ 70%] Built target ros_controller_pkg
[6.743s] [ 74%] [34m[1mGenerating Python code for ROS interfaces[0m
[7.183s] [ 74%] Built target ros_controller_pkg__py
[7.212s] [35m[1mConsolidate compiler generated dependencies of target ros_controller_pkg__rosidl_generator_py[0m
[7.245s] [ 77%] [32mBuilding C object CMakeFiles/ros_controller_pkg__rosidl_generator_py.dir/rosidl_generator_py/ros_controller_pkg/msg/_plc_status_s.c.o[0m
[7.409s] [ 80%] [32m[1mLinking C shared library rosidl_generator_py/ros_controller_pkg/libros_controller_pkg__rosidl_generator_py.so[0m
[7.487s] [ 80%] Built target ros_controller_pkg__rosidl_generator_py
[7.520s] [35m[1mConsolidate compiler generated dependencies of target ros_controller_pkg__rosidl_typesupport_fastrtps_c__pyext[0m
[7.521s] [35m[1mConsolidate compiler generated dependencies of target ros_controller_pkg__rosidl_typesupport_c__pyext[0m
[7.522s] [35m[1mConsolidate compiler generated dependencies of target ros_controller_pkg__rosidl_typesupport_introspection_c__pyext[0m
[7.555s] [ 83%] [32mBuilding C object CMakeFiles/ros_controller_pkg__rosidl_typesupport_c__pyext.dir/rosidl_generator_py/ros_controller_pkg/_ros_controller_pkg_s.ep.rosidl_typesupport_c.c.o[0m
[7.558s] [ 87%] [32mBuilding C object CMakeFiles/ros_controller_pkg__rosidl_typesupport_introspection_c__pyext.dir/rosidl_generator_py/ros_controller_pkg/_ros_controller_pkg_s.ep.rosidl_typesupport_introspection_c.c.o[0m
[7.562s] [ 90%] [32mBuilding C object CMakeFiles/ros_controller_pkg__rosidl_typesupport_fastrtps_c__pyext.dir/rosidl_generator_py/ros_controller_pkg/_ros_controller_pkg_s.ep.rosidl_typesupport_fastrtps_c.c.o[0m
[7.702s] [ 93%] [32m[1mLinking C shared library rosidl_generator_py/ros_controller_pkg/ros_controller_pkg_s__rosidl_typesupport_c.cpython-310-x86_64-linux-gnu.so[0m
[7.713s] [ 96%] [32m[1mLinking C shared library rosidl_generator_py/ros_controller_pkg/ros_controller_pkg_s__rosidl_typesupport_fastrtps_c.cpython-310-x86_64-linux-gnu.so[0m
[7.725s] [100%] [32m[1mLinking C shared library rosidl_generator_py/ros_controller_pkg/ros_controller_pkg_s__rosidl_typesupport_introspection_c.cpython-310-x86_64-linux-gnu.so[0m
[7.784s] [100%] Built target ros_controller_pkg__rosidl_typesupport_c__pyext
[7.812s] [100%] Built target ros_controller_pkg__rosidl_typesupport_fastrtps_c__pyext
[7.815s] [100%] Built target ros_controller_pkg__rosidl_typesupport_introspection_c__pyext
[7.842s] Invoked command in '/home/taehwan/ros2_ws/build/ros_controller_pkg' returned '0': CMAKE_PREFIX_PATH=${CMAKE_PREFIX_PATH}:/home/taehwan/ros2_ws/install/stm_controller:/home/taehwan/ros2_ws/install/plc_interface:/home/taehwan/ros2_humble/install/rqt_bag_plugins:/home/taehwan/ros2_humble/install/rqt_bag:/home/taehwan/ros2_humble/install/launch_testing_examples:/home/taehwan/ros2_humble/install/ros2bag:/home/taehwan/ros2_humble/install/tracetools_test:/home/taehwan/ros2_humble/install/tracetools_launch:/home/taehwan/ros2_humble/install/topic_monitor:/home/taehwan/ros2_humble/install/tf2_tools:/home/taehwan/ros2_humble/install/examples_tf2_py:/home/taehwan/ros2_humble/install/tf2_ros_py:/home/taehwan/ros2_humble/install/sros2:/home/taehwan/ros2_humble/install/rqt_topic:/home/taehwan/ros2_humble/install/rqt_srv:/home/taehwan/ros2_humble/install/rqt_shell:/home/taehwan/ros2_humble/install/rqt_service_caller:/home/taehwan/ros2_humble/install/rqt_reconfigure:/home/taehwan/ros2_humble/install/rqt_py_console:/home/taehwan/ros2_humble/install/rqt_publisher:/home/taehwan/ros2_humble/install/rqt_plot:/home/taehwan/ros2_humble/install/rqt_action:/home/taehwan/ros2_humble/install/rqt_msg:/home/taehwan/ros2_humble/install/rqt_console:/home/taehwan/ros2_humble/install/rqt:/home/taehwan/ros2_humble/install/rqt_graph:/home/taehwan/ros2_humble/install/rqt_gui_py:/home/taehwan/ros2_humble/install/rqt_gui:/home/taehwan/ros2_humble/install/ros2trace:/home/taehwan/ros2_humble/install/ros2topic:/home/taehwan/ros2_humble/install/ros2test:/home/taehwan/ros2_humble/install/ros2component:/home/taehwan/ros2_humble/install/ros2param:/home/taehwan/ros2_humble/install/ros2lifecycle:/home/taehwan/ros2_humble/install/ros2service:/home/taehwan/ros2_humble/install/ros2run:/home/taehwan/ros2_humble/install/ros2plugin:/home/taehwan/ros2_humble/install/ros2launch:/home/taehwan/ros2_humble/install/ros2pkg:/home/taehwan/ros2_humble/install/ros2node:/home/taehwan/ros2_humble/install/ros2multicast:/home/taehwan/ros2_humble/install/ros2interface:/home/taehwan/ros2_humble/install/ros2doctor:/home/taehwan/ros2_humble/install/ros2action:/home/taehwan/ros2_humble/install/ros2cli:/home/taehwan/ros2_humble/install/quality_of_service_demo_py:/home/taehwan/ros2_humble/install/lifecycle_py:/home/taehwan/ros2_humble/install/launch_testing_ros:/home/taehwan/ros2_humble/install/launch_ros:/home/taehwan/ros2_humble/install/examples_rclpy_pointcloud_publisher:/home/taehwan/ros2_humble/install/examples_rclpy_minimal_subscriber:/home/taehwan/ros2_humble/install/examples_rclpy_minimal_service:/home/taehwan/ros2_humble/install/examples_rclpy_minimal_publisher:/home/taehwan/ros2_humble/install/examples_rclpy_minimal_client:/home/taehwan/ros2_humble/install/examples_rclpy_minimal_action_server:/home/taehwan/ros2_humble/install/examples_rclpy_minimal_action_client:/home/taehwan/ros2_humble/install/examples_rclpy_guard_conditions:/home/taehwan/ros2_humble/install/examples_rclpy_executors:/home/taehwan/ros2_humble/install/demo_nodes_py:/home/taehwan/ros2_humble/install/camera_info_manager_py:/home/taehwan/ros2_humble/install/action_tutorials_py:/home/taehwan/ros2_humble/install/ament_uncrustify:/home/taehwan/ros2_humble/install/tracetools_trace:/home/taehwan/ros2_humble/install/tracetools_read:/home/taehwan/ros2_humble/install/test_tracetools_launch:/home/taehwan/ros2_humble/install/test_launch_ros:/home/taehwan/ros2_humble/install/sensor_msgs_py:/home/taehwan/ros2_humble/install/rpyutils:/home/taehwan/ros2_humble/install/rosidl_runtime_py:/home/taehwan/ros2_humble/install/rosidl_cli:/home/taehwan/ros2_humble/install/launch_pytest:/home/taehwan/ros2_humble/install/launch_testing:/home/taehwan/ros2_humble/install/launch_yaml:/home/taehwan/ros2_humble/install/launch_xml:/home/taehwan/ros2_humble/install/launch:/home/taehwan/ros2_humble/install/osrf_pycommon:/home/taehwan/ros2_humble/install/domain_coordinator:/home/taehwan/ros2_humble/install/ament_xmllint:/home/taehwan/ros2_humble/install/ament_pyflakes:/home/taehwan/ros2_humble/install/ament_pycodestyle:/home/taehwan/ros2_humble/install/ament_pep257:/home/taehwan/ros2_humble/install/ament_pclint:/home/taehwan/ros2_humble/install/ament_package:/home/taehwan/ros2_humble/install/ament_mypy:/home/taehwan/ros2_humble/install/ament_lint_cmake:/home/taehwan/ros2_humble/install/ament_flake8:/home/taehwan/ros2_humble/install/ament_copyright:/home/taehwan/ros2_humble/install/ament_lint:/home/taehwan/ros2_humble/install/ament_index_python:/home/taehwan/ros2_humble/install/ament_cpplint:/home/taehwan/ros2_humble/install/ament_cppcheck:/home/taehwan/ros2_humble/install/ament_clang_tidy:/home/taehwan/ros2_humble/install/ament_clang_format /usr/bin/cmake --build /home/taehwan/ros2_ws/build/ros_controller_pkg -- -j12 -l12
[7.864s] Invoking command in '/home/taehwan/ros2_ws/build/ros_controller_pkg': CMAKE_PREFIX_PATH=${CMAKE_PREFIX_PATH}:/home/taehwan/ros2_ws/install/stm_controller:/home/taehwan/ros2_ws/install/plc_interface:/home/taehwan/ros2_humble/install/rqt_bag_plugins:/home/taehwan/ros2_humble/install/rqt_bag:/home/taehwan/ros2_humble/install/launch_testing_examples:/home/taehwan/ros2_humble/install/ros2bag:/home/taehwan/ros2_humble/install/tracetools_test:/home/taehwan/ros2_humble/install/tracetools_launch:/home/taehwan/ros2_humble/install/topic_monitor:/home/taehwan/ros2_humble/install/tf2_tools:/home/taehwan/ros2_humble/install/examples_tf2_py:/home/taehwan/ros2_humble/install/tf2_ros_py:/home/taehwan/ros2_humble/install/sros2:/home/taehwan/ros2_humble/install/rqt_topic:/home/taehwan/ros2_humble/install/rqt_srv:/home/taehwan/ros2_humble/install/rqt_shell:/home/taehwan/ros2_humble/install/rqt_service_caller:/home/taehwan/ros2_humble/install/rqt_reconfigure:/home/taehwan/ros2_humble/install/rqt_py_console:/home/taehwan/ros2_humble/install/rqt_publisher:/home/taehwan/ros2_humble/install/rqt_plot:/home/taehwan/ros2_humble/install/rqt_action:/home/taehwan/ros2_humble/install/rqt_msg:/home/taehwan/ros2_humble/install/rqt_console:/home/taehwan/ros2_humble/install/rqt:/home/taehwan/ros2_humble/install/rqt_graph:/home/taehwan/ros2_humble/install/rqt_gui_py:/home/taehwan/ros2_humble/install/rqt_gui:/home/taehwan/ros2_humble/install/ros2trace:/home/taehwan/ros2_humble/install/ros2topic:/home/taehwan/ros2_humble/install/ros2test:/home/taehwan/ros2_humble/install/ros2component:/home/taehwan/ros2_humble/install/ros2param:/home/taehwan/ros2_humble/install/ros2lifecycle:/home/taehwan/ros2_humble/install/ros2service:/home/taehwan/ros2_humble/install/ros2run:/home/taehwan/ros2_humble/install/ros2plugin:/home/taehwan/ros2_humble/install/ros2launch:/home/taehwan/ros2_humble/install/ros2pkg:/home/taehwan/ros2_humble/install/ros2node:/home/taehwan/ros2_humble/install/ros2multicast:/home/taehwan/ros2_humble/install/ros2interface:/home/taehwan/ros2_humble/install/ros2doctor:/home/taehwan/ros2_humble/install/ros2action:/home/taehwan/ros2_humble/install/ros2cli:/home/taehwan/ros2_humble/install/quality_of_service_demo_py:/home/taehwan/ros2_humble/install/lifecycle_py:/home/taehwan/ros2_humble/install/launch_testing_ros:/home/taehwan/ros2_humble/install/launch_ros:/home/taehwan/ros2_humble/install/examples_rclpy_pointcloud_publisher:/home/taehwan/ros2_humble/install/examples_rclpy_minimal_subscriber:/home/taehwan/ros2_humble/install/examples_rclpy_minimal_service:/home/taehwan/ros2_humble/install/examples_rclpy_minimal_publisher:/home/taehwan/ros2_humble/install/examples_rclpy_minimal_client:/home/taehwan/ros2_humble/install/examples_rclpy_minimal_action_server:/home/taehwan/ros2_humble/install/examples_rclpy_minimal_action_client:/home/taehwan/ros2_humble/install/examples_rclpy_guard_conditions:/home/taehwan/ros2_humble/install/examples_rclpy_executors:/home/taehwan/ros2_humble/install/demo_nodes_py:/home/taehwan/ros2_humble/install/camera_info_manager_py:/home/taehwan/ros2_humble/install/action_tutorials_py:/home/taehwan/ros2_humble/install/ament_uncrustify:/home/taehwan/ros2_humble/install/tracetools_trace:/home/taehwan/ros2_humble/install/tracetools_read:/home/taehwan/ros2_humble/install/test_tracetools_launch:/home/taehwan/ros2_humble/install/test_launch_ros:/home/taehwan/ros2_humble/install/sensor_msgs_py:/home/taehwan/ros2_humble/install/rpyutils:/home/taehwan/ros2_humble/install/rosidl_runtime_py:/home/taehwan/ros2_humble/install/rosidl_cli:/home/taehwan/ros2_humble/install/launch_pytest:/home/taehwan/ros2_humble/install/launch_testing:/home/taehwan/ros2_humble/install/launch_yaml:/home/taehwan/ros2_humble/install/launch_xml:/home/taehwan/ros2_humble/install/launch:/home/taehwan/ros2_humble/install/osrf_pycommon:/home/taehwan/ros2_humble/install/domain_coordinator:/home/taehwan/ros2_humble/install/ament_xmllint:/home/taehwan/ros2_humble/install/ament_pyflakes:/home/taehwan/ros2_humble/install/ament_pycodestyle:/home/taehwan/ros2_humble/install/ament_pep257:/home/taehwan/ros2_humble/install/ament_pclint:/home/taehwan/ros2_humble/install/ament_package:/home/taehwan/ros2_humble/install/ament_mypy:/home/taehwan/ros2_humble/install/ament_lint_cmake:/home/taehwan/ros2_humble/install/ament_flake8:/home/taehwan/ros2_humble/install/ament_copyright:/home/taehwan/ros2_humble/install/ament_lint:/home/taehwan/ros2_humble/install/ament_index_python:/home/taehwan/ros2_humble/install/ament_cpplint:/home/taehwan/ros2_humble/install/ament_cppcheck:/home/taehwan/ros2_humble/install/ament_clang_tidy:/home/taehwan/ros2_humble/install/ament_clang_format /usr/bin/cmake --install /home/taehwan/ros2_ws/build/ros_controller_pkg
[7.882s] -- Install configuration: ""
[7.882s] -- Up-to-date: /home/taehwan/ros2_ws/install/ros_controller_pkg/share/ament_index/resource_index/rosidl_interfaces/ros_controller_pkg
[7.882s] -- Up-to-date: /home/taehwan/ros2_ws/install/ros_controller_pkg/include/ros_controller_pkg/ros_controller_pkg
[7.882s] -- Up-to-date: /home/taehwan/ros2_ws/install/ros_controller_pkg/include/ros_controller_pkg/ros_controller_pkg/msg
[7.882s] -- Up-to-date: /home/taehwan/ros2_ws/install/ros_controller_pkg/include/ros_controller_pkg/ros_controller_pkg/msg/detail
[7.882s] -- Installing: /home/taehwan/ros2_ws/install/ros_controller_pkg/include/ros_controller_pkg/ros_controller_pkg/msg/detail/plc_status__functions.h
[7.883s] -- Installing: /home/taehwan/ros2_ws/install/ros_controller_pkg/include/ros_controller_pkg/ros_controller_pkg/msg/detail/plc_status__functions.c
[7.883s] -- Installing: /home/taehwan/ros2_ws/install/ros_controller_pkg/include/ros_controller_pkg/ros_controller_pkg/msg/detail/plc_status__type_support.h
[7.883s] -- Installing: /home/taehwan/ros2_ws/install/ros_controller_pkg/include/ros_controller_pkg/ros_controller_pkg/msg/detail/plc_status__struct.h
[7.883s] -- Installing: /home/taehwan/ros2_ws/install/ros_controller_pkg/include/ros_controller_pkg/ros_controller_pkg/msg/plc_status.h
[7.883s] -- Up-to-date: /home/taehwan/ros2_ws/install/ros_controller_pkg/include/ros_controller_pkg/ros_controller_pkg/msg/rosidl_generator_c__visibility_control.h
[7.883s] -- Up-to-date: /home/taehwan/ros2_ws/install/ros_controller_pkg/share/ros_controller_pkg/environment/library_path.sh
[7.883s] -- Installing: /home/taehwan/ros2_ws/install/ros_controller_pkg/share/ros_controller_pkg/environment/library_path.dsv
[7.883s] -- Installing: /home/taehwan/ros2_ws/install/ros_controller_pkg/lib/libros_controller_pkg__rosidl_generator_c.so
[7.883s] -- Set runtime path of "/home/taehwan/ros2_ws/install/ros_controller_pkg/lib/libros_controller_pkg__rosidl_generator_c.so" to ""
[7.884s] -- Up-to-date: /home/taehwan/ros2_ws/install/ros_controller_pkg/include/ros_controller_pkg/ros_controller_pkg
[7.884s] -- Up-to-date: /home/taehwan/ros2_ws/install/ros_controller_pkg/include/ros_controller_pkg/ros_controller_pkg/msg
[7.884s] -- Up-to-date: /home/taehwan/ros2_ws/install/ros_controller_pkg/include/ros_controller_pkg/ros_controller_pkg/msg/detail
[7.884s] -- Installing: /home/taehwan/ros2_ws/install/ros_controller_pkg/include/ros_controller_pkg/ros_controller_pkg/msg/detail/plc_status__rosidl_typesupport_fastrtps_c.h
[7.884s] -- Up-to-date: /home/taehwan/ros2_ws/install/ros_controller_pkg/include/ros_controller_pkg/ros_controller_pkg/msg/rosidl_typesupport_fastrtps_c__visibility_control.h
[7.884s] -- Installing: /home/taehwan/ros2_ws/install/ros_controller_pkg/lib/libros_controller_pkg__rosidl_typesupport_fastrtps_c.so
[7.884s] -- Set runtime path of "/home/taehwan/ros2_ws/install/ros_controller_pkg/lib/libros_controller_pkg__rosidl_typesupport_fastrtps_c.so" to ""
[7.884s] -- Up-to-date: /home/taehwan/ros2_ws/install/ros_controller_pkg/include/ros_controller_pkg/ros_controller_pkg
[7.884s] -- Up-to-date: /home/taehwan/ros2_ws/install/ros_controller_pkg/include/ros_controller_pkg/ros_controller_pkg/msg
[7.884s] -- Up-to-date: /home/taehwan/ros2_ws/install/ros_controller_pkg/include/ros_controller_pkg/ros_controller_pkg/msg/detail
[7.884s] -- Installing: /home/taehwan/ros2_ws/install/ros_controller_pkg/include/ros_controller_pkg/ros_controller_pkg/msg/detail/plc_status__traits.hpp
[7.884s] -- Installing: /home/taehwan/ros2_ws/install/ros_controller_pkg/include/ros_controller_pkg/ros_controller_pkg/msg/detail/plc_status__struct.hpp
[7.884s] -- Installing: /home/taehwan/ros2_ws/install/ros_controller_pkg/include/ros_controller_pkg/ros_controller_pkg/msg/detail/plc_status__builder.hpp
[7.884s] -- Installing: /home/taehwan/ros2_ws/install/ros_controller_pkg/include/ros_controller_pkg/ros_controller_pkg/msg/detail/plc_status__type_support.hpp
[7.884s] -- Installing: /home/taehwan/ros2_ws/install/ros_controller_pkg/include/ros_controller_pkg/ros_controller_pkg/msg/plc_status.hpp
[7.885s] -- Up-to-date: /home/taehwan/ros2_ws/install/ros_controller_pkg/include/ros_controller_pkg/ros_controller_pkg/msg/rosidl_generator_cpp__visibility_control.hpp
[7.885s] -- Up-to-date: /home/taehwan/ros2_ws/install/ros_controller_pkg/include/ros_controller_pkg/ros_controller_pkg
[7.885s] -- Up-to-date: /home/taehwan/ros2_ws/install/ros_controller_pkg/include/ros_controller_pkg/ros_controller_pkg/msg
[7.885s] -- Up-to-date: /home/taehwan/ros2_ws/install/ros_controller_pkg/include/ros_controller_pkg/ros_controller_pkg/msg/detail
[7.885s] -- Installing: /home/taehwan/ros2_ws/install/ros_controller_pkg/include/ros_controller_pkg/ros_controller_pkg/msg/detail/plc_status__rosidl_typesupport_fastrtps_cpp.hpp
[7.885s] -- Up-to-date: /home/taehwan/ros2_ws/install/ros_controller_pkg/include/ros_controller_pkg/ros_controller_pkg/msg/detail/dds_fastrtps
[7.885s] -- Up-to-date: /home/taehwan/ros2_ws/install/ros_controller_pkg/include/ros_controller_pkg/ros_controller_pkg/msg/rosidl_typesupport_fastrtps_cpp__visibility_control.h
[7.885s] -- Installing: /home/taehwan/ros2_ws/install/ros_controller_pkg/lib/libros_controller_pkg__rosidl_typesupport_fastrtps_cpp.so
[7.885s] -- Set runtime path of "/home/taehwan/ros2_ws/install/ros_controller_pkg/lib/libros_controller_pkg__rosidl_typesupport_fastrtps_cpp.so" to ""
[7.885s] -- Up-to-date: /home/taehwan/ros2_ws/install/ros_controller_pkg/include/ros_controller_pkg/ros_controller_pkg
[7.885s] -- Up-to-date: /home/taehwan/ros2_ws/install/ros_controller_pkg/include/ros_controller_pkg/ros_controller_pkg/msg
[7.885s] -- Up-to-date: /home/taehwan/ros2_ws/install/ros_controller_pkg/include/ros_controller_pkg/ros_controller_pkg/msg/detail
[7.885s] -- Installing: /home/taehwan/ros2_ws/install/ros_controller_pkg/include/ros_controller_pkg/ros_controller_pkg/msg/detail/plc_status__type_support.c
[7.885s] -- Installing: /home/taehwan/ros2_ws/install/ros_controller_pkg/include/ros_controller_pkg/ros_controller_pkg/msg/detail/plc_status__rosidl_typesupport_introspection_c.h
[7.885s] -- Up-to-date: /home/taehwan/ros2_ws/install/ros_controller_pkg/include/ros_controller_pkg/ros_controller_pkg/msg/rosidl_typesupport_introspection_c__visibility_control.h
[7.885s] -- Installing: /home/taehwan/ros2_ws/install/ros_controller_pkg/lib/libros_controller_pkg__rosidl_typesupport_introspection_c.so
[7.886s] -- Set runtime path of "/home/taehwan/ros2_ws/install/ros_controller_pkg/lib/libros_controller_pkg__rosidl_typesupport_introspection_c.so" to ""
[7.886s] -- Installing: /home/taehwan/ros2_ws/install/ros_controller_pkg/lib/libros_controller_pkg__rosidl_typesupport_c.so
[7.886s] -- Set runtime path of "/home/taehwan/ros2_ws/install/ros_controller_pkg/lib/libros_controller_pkg__rosidl_typesupport_c.so" to ""
[7.886s] -- Up-to-date: /home/taehwan/ros2_ws/install/ros_controller_pkg/include/ros_controller_pkg/ros_controller_pkg
[7.886s] -- Up-to-date: /home/taehwan/ros2_ws/install/ros_controller_pkg/include/ros_controller_pkg/ros_controller_pkg/msg
[7.886s] -- Up-to-date: /home/taehwan/ros2_ws/install/ros_controller_pkg/include/ros_controller_pkg/ros_controller_pkg/msg/detail
[7.886s] -- Installing: /home/taehwan/ros2_ws/install/ros_controller_pkg/include/ros_controller_pkg/ros_controller_pkg/msg/detail/plc_status__rosidl_typesupport_introspection_cpp.hpp
[7.886s] -- Installing: /home/taehwan/ros2_ws/install/ros_controller_pkg/include/ros_controller_pkg/ros_controller_pkg/msg/detail/plc_status__type_support.cpp
[7.886s] -- Installing: /home/taehwan/ros2_ws/install/ros_controller_pkg/lib/libros_controller_pkg__rosidl_typesupport_introspection_cpp.so
[7.886s] -- Set runtime path of "/home/taehwan/ros2_ws/install/ros_controller_pkg/lib/libros_controller_pkg__rosidl_typesupport_introspection_cpp.so" to ""
[7.886s] -- Installing: /home/taehwan/ros2_ws/install/ros_controller_pkg/lib/libros_controller_pkg__rosidl_typesupport_cpp.so
[7.887s] -- Set runtime path of "/home/taehwan/ros2_ws/install/ros_controller_pkg/lib/libros_controller_pkg__rosidl_typesupport_cpp.so" to ""
[7.887s] -- Up-to-date: /home/taehwan/ros2_ws/install/ros_controller_pkg/share/ros_controller_pkg/environment/pythonpath.sh
[7.887s] -- Installing: /home/taehwan/ros2_ws/install/ros_controller_pkg/share/ros_controller_pkg/environment/pythonpath.dsv
[7.887s] -- Up-to-date: /home/taehwan/ros2_ws/install/ros_controller_pkg/local/lib/python3.10/dist-packages/ros_controller_pkg-0.0.0-py3.10.egg-info
[7.887s] -- Installing: /home/taehwan/ros2_ws/install/ros_controller_pkg/local/lib/python3.10/dist-packages/ros_controller_pkg-0.0.0-py3.10.egg-info/PKG-INFO
[7.887s] -- Installing: /home/taehwan/ros2_ws/install/ros_controller_pkg/local/lib/python3.10/dist-packages/ros_controller_pkg-0.0.0-py3.10.egg-info/dependency_links.txt
[7.887s] -- Installing: /home/taehwan/ros2_ws/install/ros_controller_pkg/local/lib/python3.10/dist-packages/ros_controller_pkg-0.0.0-py3.10.egg-info/top_level.txt
[7.887s] -- Installing: /home/taehwan/ros2_ws/install/ros_controller_pkg/local/lib/python3.10/dist-packages/ros_controller_pkg-0.0.0-py3.10.egg-info/SOURCES.txt
[7.887s] -- Up-to-date: /home/taehwan/ros2_ws/install/ros_controller_pkg/local/lib/python3.10/dist-packages/ros_controller_pkg
[7.887s] -- Installing: /home/taehwan/ros2_ws/install/ros_controller_pkg/local/lib/python3.10/dist-packages/ros_controller_pkg/libros_controller_pkg__rosidl_generator_py.so
[7.887s] -- Installing: /home/taehwan/ros2_ws/install/ros_controller_pkg/local/lib/python3.10/dist-packages/ros_controller_pkg/ros_controller_pkg_s__rosidl_typesupport_fastrtps_c.cpython-310-x86_64-linux-gnu.so
[7.887s] -- Up-to-date: /home/taehwan/ros2_ws/install/ros_controller_pkg/local/lib/python3.10/dist-packages/ros_controller_pkg/msg
[7.888s] -- Installing: /home/taehwan/ros2_ws/install/ros_controller_pkg/local/lib/python3.10/dist-packages/ros_controller_pkg/msg/_plc_status.py
[7.888s] -- Installing: /home/taehwan/ros2_ws/install/ros_controller_pkg/local/lib/python3.10/dist-packages/ros_controller_pkg/msg/_plc_status_s.c
[7.888s] -- Installing: /home/taehwan/ros2_ws/install/ros_controller_pkg/local/lib/python3.10/dist-packages/ros_controller_pkg/msg/__init__.py
[7.888s] -- Installing: /home/taehwan/ros2_ws/install/ros_controller_pkg/local/lib/python3.10/dist-packages/ros_controller_pkg/ros_controller_pkg_s__rosidl_typesupport_introspection_c.cpython-310-x86_64-linux-gnu.so
[7.888s] -- Installing: /home/taehwan/ros2_ws/install/ros_controller_pkg/local/lib/python3.10/dist-packages/ros_controller_pkg/ros_controller_pkg_s__rosidl_typesupport_c.cpython-310-x86_64-linux-gnu.so
[7.888s] -- Installing: /home/taehwan/ros2_ws/install/ros_controller_pkg/local/lib/python3.10/dist-packages/ros_controller_pkg/_ros_controller_pkg_s.ep.rosidl_typesupport_c.c
[7.888s] -- Installing: /home/taehwan/ros2_ws/install/ros_controller_pkg/local/lib/python3.10/dist-packages/ros_controller_pkg/__init__.py
[7.888s] -- Installing: /home/taehwan/ros2_ws/install/ros_controller_pkg/local/lib/python3.10/dist-packages/ros_controller_pkg/_ros_controller_pkg_s.ep.rosidl_typesupport_introspection_c.c
[7.888s] -- Installing: /home/taehwan/ros2_ws/install/ros_controller_pkg/local/lib/python3.10/dist-packages/ros_controller_pkg/_ros_controller_pkg_s.ep.rosidl_typesupport_fastrtps_c.c
[8.004s] Listing '/home/taehwan/ros2_ws/install/ros_controller_pkg/local/lib/python3.10/dist-packages/ros_controller_pkg'...
[8.004s] Compiling '/home/taehwan/ros2_ws/install/ros_controller_pkg/local/lib/python3.10/dist-packages/ros_controller_pkg/__init__.py'...
[8.004s] Listing '/home/taehwan/ros2_ws/install/ros_controller_pkg/local/lib/python3.10/dist-packages/ros_controller_pkg/msg'...
[8.004s] Compiling '/home/taehwan/ros2_ws/install/ros_controller_pkg/local/lib/python3.10/dist-packages/ros_controller_pkg/msg/__init__.py'...
[8.004s] Compiling '/home/taehwan/ros2_ws/install/ros_controller_pkg/local/lib/python3.10/dist-packages/ros_controller_pkg/msg/_plc_status.py'...
[8.010s] -- Installing: /home/taehwan/ros2_ws/install/ros_controller_pkg/local/lib/python3.10/dist-packages/ros_controller_pkg/ros_controller_pkg_s__rosidl_typesupport_introspection_c.cpython-310-x86_64-linux-gnu.so
[8.010s] -- Set runtime path of "/home/taehwan/ros2_ws/install/ros_controller_pkg/local/lib/python3.10/dist-packages/ros_controller_pkg/ros_controller_pkg_s__rosidl_typesupport_introspection_c.cpython-310-x86_64-linux-gnu.so" to ""
[8.011s] -- Installing: /home/taehwan/ros2_ws/install/ros_controller_pkg/local/lib/python3.10/dist-packages/ros_controller_pkg/ros_controller_pkg_s__rosidl_typesupport_fastrtps_c.cpython-310-x86_64-linux-gnu.so
[8.011s] -- Set runtime path of "/home/taehwan/ros2_ws/install/ros_controller_pkg/local/lib/python3.10/dist-packages/ros_controller_pkg/ros_controller_pkg_s__rosidl_typesupport_fastrtps_c.cpython-310-x86_64-linux-gnu.so" to ""
[8.011s] -- Installing: /home/taehwan/ros2_ws/install/ros_controller_pkg/local/lib/python3.10/dist-packages/ros_controller_pkg/ros_controller_pkg_s__rosidl_typesupport_c.cpython-310-x86_64-linux-gnu.so
[8.011s] -- Set runtime path of "/home/taehwan/ros2_ws/install/ros_controller_pkg/local/lib/python3.10/dist-packages/ros_controller_pkg/ros_controller_pkg_s__rosidl_typesupport_c.cpython-310-x86_64-linux-gnu.so" to ""
[8.011s] -- Installing: /home/taehwan/ros2_ws/install/ros_controller_pkg/lib/libros_controller_pkg__rosidl_generator_py.so
[8.012s] -- Set runtime path of "/home/taehwan/ros2_ws/install/ros_controller_pkg/lib/libros_controller_pkg__rosidl_generator_py.so" to ""
[8.012s] -- Installing: /home/taehwan/ros2_ws/install/ros_controller_pkg/share/ros_controller_pkg/msg/PlcStatus.idl
[8.012s] -- Installing: /home/taehwan/ros2_ws/install/ros_controller_pkg/share/ros_controller_pkg/msg/PlcStatus.msg
[8.012s] -- Installing: /home/taehwan/ros2_ws/install/ros_controller_pkg/lib/ros_controller_pkg/ros_controller.py
[8.012s] -- Up-to-date: /home/taehwan/ros2_ws/install/ros_controller_pkg/share/ros_controller_pkg/launch
[8.012s] -- Up-to-date: /home/taehwan/ros2_ws/install/ros_controller_pkg/share/ros_controller_pkg/launch/system_bringup.launch.py
[8.012s] -- Up-to-date: /home/taehwan/ros2_ws/install/ros_controller_pkg/share/ament_index/resource_index/package_run_dependencies/ros_controller_pkg
[8.012s] -- Up-to-date: /home/taehwan/ros2_ws/install/ros_controller_pkg/share/ament_index/resource_index/parent_prefix_path/ros_controller_pkg
[8.012s] -- Installing: /home/taehwan/ros2_ws/install/ros_controller_pkg/share/ros_controller_pkg/environment/ament_prefix_path.dsv
[8.012s] -- Installing: /home/taehwan/ros2_ws/install/ros_controller_pkg/share/ros_controller_pkg/environment/path.dsv
[8.012s] -- Up-to-date: /home/taehwan/ros2_ws/install/ros_controller_pkg/share/ros_controller_pkg/local_setup.bash
[8.012s] -- Up-to-date: /home/taehwan/ros2_ws/install/ros_controller_pkg/share/ros_controller_pkg/local_setup.sh
[8.012s] -- Up-to-date: /home/taehwan/ros2_ws/install/ros_controller_pkg/share/ros_controller_pkg/local_setup.zsh
[8.012s] -- Installing: /home/taehwan/ros2_ws/install/ros_controller_pkg/share/ros_controller_pkg/local_setup.dsv
[8.013s] -- Installing: /home/taehwan/ros2_ws/install/ros_controller_pkg/share/ros_controller_pkg/package.dsv
[8.013s] -- Up-to-date: /home/taehwan/ros2_ws/install/ros_controller_pkg/share/ament_index/resource_index/packages/ros_controller_pkg
[8.013s] -- Up-to-date: /home/taehwan/ros2_ws/install/ros_controller_pkg/share/ros_controller_pkg/cmake/export_ros_controller_pkg__rosidl_generator_cExport.cmake
[8.013s] -- Up-to-date: /home/taehwan/ros2_ws/install/ros_controller_pkg/share/ros_controller_pkg/cmake/export_ros_controller_pkg__rosidl_generator_cExport-noconfig.cmake
[8.013s] -- Up-to-date: /home/taehwan/ros2_ws/install/ros_controller_pkg/share/ros_controller_pkg/cmake/export_ros_controller_pkg__rosidl_typesupport_fastrtps_cExport.cmake
[8.013s] -- Up-to-date: /home/taehwan/ros2_ws/install/ros_controller_pkg/share/ros_controller_pkg/cmake/export_ros_controller_pkg__rosidl_typesupport_fastrtps_cExport-noconfig.cmake
[8.013s] -- Up-to-date: /home/taehwan/ros2_ws/install/ros_controller_pkg/share/ros_controller_pkg/cmake/export_ros_controller_pkg__rosidl_generator_cppExport.cmake
[8.013s] -- Up-to-date: /home/taehwan/ros2_ws/install/ros_controller_pkg/share/ros_controller_pkg/cmake/export_ros_controller_pkg__rosidl_typesupport_fastrtps_cppExport.cmake
[8.013s] -- Up-to-date: /home/taehwan/ros2_ws/install/ros_controller_pkg/share/ros_controller_pkg/cmake/export_ros_controller_pkg__rosidl_typesupport_fastrtps_cppExport-noconfig.cmake
[8.013s] -- Up-to-date: /home/taehwan/ros2_ws/install/ros_controller_pkg/share/ros_controller_pkg/cmake/ros_controller_pkg__rosidl_typesupport_introspection_cExport.cmake
[8.013s] -- Up-to-date: /home/taehwan/ros2_ws/install/ros_controller_pkg/share/ros_controller_pkg/cmake/ros_controller_pkg__rosidl_typesupport_introspection_cExport-noconfig.cmake
[8.013s] -- Up-to-date: /home/taehwan/ros2_ws/install/ros_controller_pkg/share/ros_controller_pkg/cmake/ros_controller_pkg__rosidl_typesupport_cExport.cmake
[8.013s] -- Up-to-date: /home/taehwan/ros2_ws/install/ros_controller_pkg/share/ros_controller_pkg/cmake/ros_controller_pkg__rosidl_typesupport_cExport-noconfig.cmake
[8.013s] -- Up-to-date: /home/taehwan/ros2_ws/install/ros_controller_pkg/share/ros_controller_pkg/cmake/ros_controller_pkg__rosidl_typesupport_introspection_cppExport.cmake
[8.013s] -- Up-to-date: /home/taehwan/ros2_ws/install/ros_controller_pkg/share/ros_controller_pkg/cmake/ros_controller_pkg__rosidl_typesupport_introspection_cppExport-noconfig.cmake
[8.014s] -- Up-to-date: /home/taehwan/ros2_ws/install/ros_controller_pkg/share/ros_controller_pkg/cmake/ros_controller_pkg__rosidl_typesupport_cppExport.cmake
[8.014s] -- Up-to-date: /home/taehwan/ros2_ws/install/ros_controller_pkg/share/ros_controller_pkg/cmake/ros_controller_pkg__rosidl_typesupport_cppExport-noconfig.cmake
[8.014s] -- Up-to-date: /home/taehwan/ros2_ws/install/ros_controller_pkg/share/ros_controller_pkg/cmake/export_ros_controller_pkg__rosidl_generator_pyExport.cmake
[8.014s] -- Up-to-date: /home/taehwan/ros2_ws/install/ros_controller_pkg/share/ros_controller_pkg/cmake/export_ros_controller_pkg__rosidl_generator_pyExport-noconfig.cmake
[8.014s] -- Up-to-date: /home/taehwan/ros2_ws/install/ros_controller_pkg/share/ros_controller_pkg/cmake/rosidl_cmake-extras.cmake
[8.014s] -- Up-to-date: /home/taehwan/ros2_ws/install/ros_controller_pkg/share/ros_controller_pkg/cmake/ament_cmake_export_include_directories-extras.cmake
[8.014s] -- Up-to-date: /home/taehwan/ros2_ws/install/ros_controller_pkg/share/ros_controller_pkg/cmake/ament_cmake_export_libraries-extras.cmake
[8.014s] -- Up-to-date: /home/taehwan/ros2_ws/install/ros_controller_pkg/share/ros_controller_pkg/cmake/ament_cmake_export_targets-extras.cmake
[8.014s] -- Up-to-date: /home/taehwan/ros2_ws/install/ros_controller_pkg/share/ros_controller_pkg/cmake/rosidl_cmake_export_typesupport_targets-extras.cmake
[8.014s] -- Up-to-date: /home/taehwan/ros2_ws/install/ros_controller_pkg/share/ros_controller_pkg/cmake/ament_cmake_export_dependencies-extras.cmake
[8.014s] -- Up-to-date: /home/taehwan/ros2_ws/install/ros_controller_pkg/share/ros_controller_pkg/cmake/rosidl_cmake_export_typesupport_libraries-extras.cmake
[8.014s] -- Up-to-date: /home/taehwan/ros2_ws/install/ros_controller_pkg/share/ros_controller_pkg/cmake/ros_controller_pkgConfig.cmake
[8.014s] -- Up-to-date: /home/taehwan/ros2_ws/install/ros_controller_pkg/share/ros_controller_pkg/cmake/ros_controller_pkgConfig-version.cmake
[8.014s] -- Up-to-date: /home/taehwan/ros2_ws/install/ros_controller_pkg/share/ros_controller_pkg/package.xml
[8.017s] Invoked command in '/home/taehwan/ros2_ws/build/ros_controller_pkg' returned '0': CMAKE_PREFIX_PATH=${CMAKE_PREFIX_PATH}:/home/taehwan/ros2_ws/install/stm_controller:/home/taehwan/ros2_ws/install/plc_interface:/home/taehwan/ros2_humble/install/rqt_bag_plugins:/home/taehwan/ros2_humble/install/rqt_bag:/home/taehwan/ros2_humble/install/launch_testing_examples:/home/taehwan/ros2_humble/install/ros2bag:/home/taehwan/ros2_humble/install/tracetools_test:/home/taehwan/ros2_humble/install/tracetools_launch:/home/taehwan/ros2_humble/install/topic_monitor:/home/taehwan/ros2_humble/install/tf2_tools:/home/taehwan/ros2_humble/install/examples_tf2_py:/home/taehwan/ros2_humble/install/tf2_ros_py:/home/taehwan/ros2_humble/install/sros2:/home/taehwan/ros2_humble/install/rqt_topic:/home/taehwan/ros2_humble/install/rqt_srv:/home/taehwan/ros2_humble/install/rqt_shell:/home/taehwan/ros2_humble/install/rqt_service_caller:/home/taehwan/ros2_humble/install/rqt_reconfigure:/home/taehwan/ros2_humble/install/rqt_py_console:/home/taehwan/ros2_humble/install/rqt_publisher:/home/taehwan/ros2_humble/install/rqt_plot:/home/taehwan/ros2_humble/install/rqt_action:/home/taehwan/ros2_humble/install/rqt_msg:/home/taehwan/ros2_humble/install/rqt_console:/home/taehwan/ros2_humble/install/rqt:/home/taehwan/ros2_humble/install/rqt_graph:/home/taehwan/ros2_humble/install/rqt_gui_py:/home/taehwan/ros2_humble/install/rqt_gui:/home/taehwan/ros2_humble/install/ros2trace:/home/taehwan/ros2_humble/install/ros2topic:/home/taehwan/ros2_humble/install/ros2test:/home/taehwan/ros2_humble/install/ros2component:/home/taehwan/ros2_humble/install/ros2param:/home/taehwan/ros2_humble/install/ros2lifecycle:/home/taehwan/ros2_humble/install/ros2service:/home/taehwan/ros2_humble/install/ros2run:/home/taehwan/ros2_humble/install/ros2plugin:/home/taehwan/ros2_humble/install/ros2launch:/home/taehwan/ros2_humble/install/ros2pkg:/home/taehwan/ros2_humble/install/ros2node:/home/taehwan/ros2_humble/install/ros2multicast:/home/taehwan/ros2_humble/install/ros2interface:/home/taehwan/ros2_humble/install/ros2doctor:/home/taehwan/ros2_humble/install/ros2action:/home/taehwan/ros2_humble/install/ros2cli:/home/taehwan/ros2_humble/install/quality_of_service_demo_py:/home/taehwan/ros2_humble/install/lifecycle_py:/home/taehwan/ros2_humble/install/launch_testing_ros:/home/taehwan/ros2_humble/install/launch_ros:/home/taehwan/ros2_humble/install/examples_rclpy_pointcloud_publisher:/home/taehwan/ros2_humble/install/examples_rclpy_minimal_subscriber:/home/taehwan/ros2_humble/install/examples_rclpy_minimal_service:/home/taehwan/ros2_humble/install/examples_rclpy_minimal_publisher:/home/taehwan/ros2_humble/install/examples_rclpy_minimal_client:/home/taehwan/ros2_humble/install/examples_rclpy_minimal_action_server:/home/taehwan/ros2_humble/install/examples_rclpy_minimal_action_client:/home/taehwan/ros2_humble/install/examples_rclpy_guard_conditions:/home/taehwan/ros2_humble/install/examples_rclpy_executors:/home/taehwan/ros2_humble/install/demo_nodes_py:/home/taehwan/ros2_humble/install/camera_info_manager_py:/home/taehwan/ros2_humble/install/action_tutorials_py:/home/taehwan/ros2_humble/install/ament_uncrustify:/home/taehwan/ros2_humble/install/tracetools_trace:/home/taehwan/ros2_humble/install/tracetools_read:/home/taehwan/ros2_humble/install/test_tracetools_launch:/home/taehwan/ros2_humble/install/test_launch_ros:/home/taehwan/ros2_humble/install/sensor_msgs_py:/home/taehwan/ros2_humble/install/rpyutils:/home/taehwan/ros2_humble/install/rosidl_runtime_py:/home/taehwan/ros2_humble/install/rosidl_cli:/home/taehwan/ros2_humble/install/launch_pytest:/home/taehwan/ros2_humble/install/launch_testing:/home/taehwan/ros2_humble/install/launch_yaml:/home/taehwan/ros2_humble/install/launch_xml:/home/taehwan/ros2_humble/install/launch:/home/taehwan/ros2_humble/install/osrf_pycommon:/home/taehwan/ros2_humble/install/domain_coordinator:/home/taehwan/ros2_humble/install/ament_xmllint:/home/taehwan/ros2_humble/install/ament_pyflakes:/home/taehwan/ros2_humble/install/ament_pycodestyle:/home/taehwan/ros2_humble/install/ament_pep257:/home/taehwan/ros2_humble/install/ament_pclint:/home/taehwan/ros2_humble/install/ament_package:/home/taehwan/ros2_humble/install/ament_mypy:/home/taehwan/ros2_humble/install/ament_lint_cmake:/home/taehwan/ros2_humble/install/ament_flake8:/home/taehwan/ros2_humble/install/ament_copyright:/home/taehwan/ros2_humble/install/ament_lint:/home/taehwan/ros2_humble/install/ament_index_python:/home/taehwan/ros2_humble/install/ament_cpplint:/home/taehwan/ros2_humble/install/ament_cppcheck:/home/taehwan/ros2_humble/install/ament_clang_tidy:/home/taehwan/ros2_humble/install/ament_clang_format /usr/bin/cmake --install /home/taehwan/ros2_ws/build/ros_controller_pkg
