[1.794s] Invoking command in '/home/taehwan/ros2_ws/src/stm_controller': PYTHONPATH=/home/taehwan/ros2_ws/build/stm_controller/prefix_override:/usr/lib/python3/dist-packages/colcon_core/task/python/colcon_distutils_commands:/home/taehwan/ros2_ws/install/stm_controller/lib/python3.10/site-packages:${PYTHONPATH} /usr/bin/python3 -W ignore:setup.py install is deprecated -W ignore:easy_install command is deprecated setup.py egg_info --egg-base ../../build/stm_controller build --build-base /home/taehwan/ros2_ws/build/stm_controller/build install --record /home/taehwan/ros2_ws/build/stm_controller/install.log --single-version-externally-managed install_data
[2.316s] running egg_info
[2.317s] writing ../../build/stm_controller/stm_controller.egg-info/PKG-INFO
[2.318s] writing dependency_links to ../../build/stm_controller/stm_controller.egg-info/dependency_links.txt
[2.318s] writing entry points to ../../build/stm_controller/stm_controller.egg-info/entry_points.txt
[2.318s] writing requirements to ../../build/stm_controller/stm_controller.egg-info/requires.txt
[2.318s] writing top-level names to ../../build/stm_controller/stm_controller.egg-info/top_level.txt
[2.326s] reading manifest file '../../build/stm_controller/stm_controller.egg-info/SOURCES.txt'
[2.327s] writing manifest file '../../build/stm_controller/stm_controller.egg-info/SOURCES.txt'
[2.327s] running build
[2.327s] running build_py
[2.328s] copying stm_controller/stm_node.py -> /home/taehwan/ros2_ws/build/stm_controller/build/lib/stm_controller
[2.328s] running install
[2.328s] running install_lib
[2.329s] copying /home/taehwan/ros2_ws/build/stm_controller/build/lib/stm_controller/stm_node.py -> /home/taehwan/ros2_ws/install/stm_controller/lib/python3.10/site-packages/stm_controller
[2.332s] byte-compiling /home/taehwan/ros2_ws/install/stm_controller/lib/python3.10/site-packages/stm_controller/stm_node.py to stm_node.cpython-310.pyc
[2.333s] running install_data
[2.333s] running install_egg_info
[2.337s] removing '/home/taehwan/ros2_ws/install/stm_controller/lib/python3.10/site-packages/stm_controller-0.1.0-py3.10.egg-info' (and everything under it)
[2.338s] Copying ../../build/stm_controller/stm_controller.egg-info to /home/taehwan/ros2_ws/install/stm_controller/lib/python3.10/site-packages/stm_controller-0.1.0-py3.10.egg-info
[2.339s] running install_scripts
[2.388s] Installing stm_node script to /home/taehwan/ros2_ws/install/stm_controller/lib/stm_controller
[2.389s] writing list of installed files to '/home/taehwan/ros2_ws/build/stm_controller/install.log'
[2.424s] Invoked command in '/home/taehwan/ros2_ws/src/stm_controller' returned '0': PYTHONPATH=/home/taehwan/ros2_ws/build/stm_controller/prefix_override:/usr/lib/python3/dist-packages/colcon_core/task/python/colcon_distutils_commands:/home/taehwan/ros2_ws/install/stm_controller/lib/python3.10/site-packages:${PYTHONPATH} /usr/bin/python3 -W ignore:setup.py install is deprecated -W ignore:easy_install command is deprecated setup.py egg_info --egg-base ../../build/stm_controller build --build-base /home/taehwan/ros2_ws/build/stm_controller/build install --record /home/taehwan/ros2_ws/build/stm_controller/install.log --single-version-externally-managed install_data
