[0.641s] Invoking command in '/home/taehwan/ros2_ws/build/ros_controller_pkg': PYTHONPATH=/home/taehwan/ros2_ws/build/ros_controller_pkg/prefix_override:/usr/lib/python3/dist-packages/colcon_core/task/python/colcon_distutils_commands:/home/taehwan/ros2_ws/install/ros_controller_pkg/lib/python3.10/site-packages:${PYTHONPATH} /usr/bin/python3 -W ignore:setup.py install is deprecated -W ignore:easy_install command is deprecated setup.py develop --uninstall --editable --build-directory /home/taehwan/ros2_ws/build/ros_controller_pkg/build
[0.901s] running develop
[1.011s] Removing /home/taehwan/ros2_ws/install/ros_controller_pkg/lib/python3.10/site-packages/ros-controller-pkg.egg-link (link to .)
[1.028s] Invoked command in '/home/taehwan/ros2_ws/build/ros_controller_pkg' returned '0': PYTHONPATH=/home/taehwan/ros2_ws/build/ros_controller_pkg/prefix_override:/usr/lib/python3/dist-packages/colcon_core/task/python/colcon_distutils_commands:/home/taehwan/ros2_ws/install/ros_controller_pkg/lib/python3.10/site-packages:${PYTHONPATH} /usr/bin/python3 -W ignore:setup.py install is deprecated -W ignore:easy_install command is deprecated setup.py develop --uninstall --editable --build-directory /home/taehwan/ros2_ws/build/ros_controller_pkg/build
[1.030s] Invoking command in '/home/taehwan/ros2_ws/src/ros_controller_pkg': PYTHONPATH=/home/taehwan/ros2_ws/build/ros_controller_pkg/prefix_override:/usr/lib/python3/dist-packages/colcon_core/task/python/colcon_distutils_commands:/home/taehwan/ros2_ws/install/ros_controller_pkg/lib/python3.10/site-packages:${PYTHONPATH} /usr/bin/python3 -W ignore:setup.py install is deprecated -W ignore:easy_install command is deprecated setup.py egg_info --egg-base ../../build/ros_controller_pkg build --build-base /home/taehwan/ros2_ws/build/ros_controller_pkg/build install --record /home/taehwan/ros2_ws/build/ros_controller_pkg/install.log --single-version-externally-managed install_data --force
[1.269s] running egg_info
[1.269s] writing ../../build/ros_controller_pkg/ros_controller_pkg.egg-info/PKG-INFO
[1.269s] writing dependency_links to ../../build/ros_controller_pkg/ros_controller_pkg.egg-info/dependency_links.txt
[1.270s] writing entry points to ../../build/ros_controller_pkg/ros_controller_pkg.egg-info/entry_points.txt
[1.270s] writing requirements to ../../build/ros_controller_pkg/ros_controller_pkg.egg-info/requires.txt
[1.270s] writing top-level names to ../../build/ros_controller_pkg/ros_controller_pkg.egg-info/top_level.txt
[1.273s] reading manifest file '../../build/ros_controller_pkg/ros_controller_pkg.egg-info/SOURCES.txt'
[1.273s] writing manifest file '../../build/ros_controller_pkg/ros_controller_pkg.egg-info/SOURCES.txt'
[1.273s] running build
[1.273s] running build_py
[1.273s] creating /home/taehwan/ros2_ws/build/ros_controller_pkg/build
[1.274s] creating /home/taehwan/ros2_ws/build/ros_controller_pkg/build/lib
[1.274s] creating /home/taehwan/ros2_ws/build/ros_controller_pkg/build/lib/ros_controller_pkg
[1.274s] copying ros_controller_pkg/ros_controller.py -> /home/taehwan/ros2_ws/build/ros_controller_pkg/build/lib/ros_controller_pkg
[1.274s] copying ros_controller_pkg/__init__.py -> /home/taehwan/ros2_ws/build/ros_controller_pkg/build/lib/ros_controller_pkg
[1.274s] running install
[1.274s] running install_lib
[1.274s] creating /home/taehwan/ros2_ws/install/ros_controller_pkg/lib/python3.10/site-packages/ros_controller_pkg
[1.274s] copying /home/taehwan/ros2_ws/build/ros_controller_pkg/build/lib/ros_controller_pkg/ros_controller.py -> /home/taehwan/ros2_ws/install/ros_controller_pkg/lib/python3.10/site-packages/ros_controller_pkg
[1.274s] copying /home/taehwan/ros2_ws/build/ros_controller_pkg/build/lib/ros_controller_pkg/__init__.py -> /home/taehwan/ros2_ws/install/ros_controller_pkg/lib/python3.10/site-packages/ros_controller_pkg
[1.275s] byte-compiling /home/taehwan/ros2_ws/install/ros_controller_pkg/lib/python3.10/site-packages/ros_controller_pkg/ros_controller.py to ros_controller.cpython-310.pyc
[1.276s] byte-compiling /home/taehwan/ros2_ws/install/ros_controller_pkg/lib/python3.10/site-packages/ros_controller_pkg/__init__.py to __init__.cpython-310.pyc
[1.276s] running install_data
[1.276s] copying resource/ros_controller_pkg -> /home/taehwan/ros2_ws/install/ros_controller_pkg/share/ament_index/resource_index/packages
[1.276s] copying package.xml -> /home/taehwan/ros2_ws/install/ros_controller_pkg/share/ros_controller_pkg
[1.276s] running install_egg_info
[1.278s] Copying ../../build/ros_controller_pkg/ros_controller_pkg.egg-info to /home/taehwan/ros2_ws/install/ros_controller_pkg/lib/python3.10/site-packages/ros_controller_pkg-0.0.0-py3.10.egg-info
[1.278s] running install_scripts
[1.299s] Installing ros_controller script to /home/taehwan/ros2_ws/install/ros_controller_pkg/lib/ros_controller_pkg
[1.299s] writing list of installed files to '/home/taehwan/ros2_ws/build/ros_controller_pkg/install.log'
[1.315s] Invoked command in '/home/taehwan/ros2_ws/src/ros_controller_pkg' returned '0': PYTHONPATH=/home/taehwan/ros2_ws/build/ros_controller_pkg/prefix_override:/usr/lib/python3/dist-packages/colcon_core/task/python/colcon_distutils_commands:/home/taehwan/ros2_ws/install/ros_controller_pkg/lib/python3.10/site-packages:${PYTHONPATH} /usr/bin/python3 -W ignore:setup.py install is deprecated -W ignore:easy_install command is deprecated setup.py egg_info --egg-base ../../build/ros_controller_pkg build --build-base /home/taehwan/ros2_ws/build/ros_controller_pkg/build install --record /home/taehwan/ros2_ws/build/ros_controller_pkg/install.log --single-version-externally-managed install_data --force
